#
# A fatal error has been detected by the Java Runtime Environment:
#
#  SIGSEGV (0xb) at pc=0x00007fff96147b22, pid=92125, tid=3335
#
# JRE version: Java(TM) SE Runtime Environment (8.0_05-b13) (build 1.8.0_05-b13)
# Java VM: Java HotSpot(TM) 64-Bit Server VM (25.5-b02 mixed mode bsd-amd64 compressed oops)
# Problematic frame:
# C  [libc++abi.dylib+0x25b22]  __dynamic_cast+0x138
#
# Failed to write core dump. Core dumps have been disabled. To enable core dumping, try "ulimit -c unlimited" before starting Java again
#
# If you would like to submit a bug report, please visit:
#   http://bugreport.sun.com/bugreport/crash.jsp
# The crash happened outside the Java Virtual Machine in native code.
# See problematic frame for where to report the bug.
#

---------------  T H R E A D  ---------------

Current thread (0x00007fe59b855800):  JavaThread "JavaFX Application Thread" [_thread_in_native, id=3335, stack(0x00007fff57fc3000,0x00007fff587c3000)]

siginfo:si_signo=SIGSEGV: si_errno=0, si_code=1 (SEGV_MAPERR), si_addr=0x0000002800000031

Registers:
RAX=0x0000002800000001, RBX=0x00007fff7a534c10, RCX=0x0000000000000001, RDX=0x00007fe59d84a9c0
RSP=0x00007fff587bbd20, RBP=0x00007fff587bbdc0, RSI=0x00007fff587bbd48, RDI=0x00007fff7a235168
R8 =0x0000000000000000, R9 =0x00007fff8e7ec788, R10=0x000000076c18fd80, R11=0x0000000000000000
R12=0x00007fff587bbd68, R13=0x00007fe59d84a9c0, R14=0x00007fff7a534c10, R15=0x00007fff7a235168
RIP=0x00007fff96147b22, EFLAGS=0x0000000000010283, ERR=0x0000000000000004
  TRAPNO=0x000000000000000e

Top of Stack: (sp=0x00007fff587bbd20)
0x00007fff587bbd20:   00007fff587bbee0 00007fe59d84a9c0
0x00007fff587bbd30:   00007fe59d84a9c0 00007fff7a539640
0x00007fff587bbd40:   ffffffffffffffff 00007fff7a534c10
0x00007fff587bbd50:   00007fe59d84a9c0 00007fff7a539640
0x00007fff587bbd60:   ffffffffffffffff 0000000000000000
0x00007fff587bbd70:   0000000000000000 0000000000000000
0x00007fff587bbd80:   0000000000000000 0000000000000000
0x00007fff587bbd90:   0000000000000000 00007fe59d84a9c0
0x00007fff587bbda0:   0000000000000000 000000076c18fd80
0x00007fff587bbdb0:   00007fe59d84a9c0 00007fff587bbe30
0x00007fff587bbdc0:   00007fff587bbde0 00007fff8e7e5388
0x00007fff587bbdd0:   0000000000000000 00007fe59d84a9c0
0x00007fff587bbde0:   00007fff587bbe10 00007fff8e7e65ca
0x00007fff587bbdf0:   00007fe59d84a9c0 0000000000000001
0x00007fff587bbe00:   0000000000000000 00000000000771c0
0x00007fff587bbe10:   00007fff587bbe60 00007fff8e7ec7b8
0x00007fff587bbe20:   00007fe50000000b 00007fff587bc008
0x00007fff587bbe30:   0000000000000001 00007fff587bc030
0x00007fff587bbe40:   0000000000000000 0000000122cb0668
0x00007fff587bbe50:   00007fff587bc001 0000000000000000
0x00007fff587bbe60:   00007fff587bbf20 000000012b11c121
0x00007fff587bbe70:   0000000022cb0668 00007fff8e7ec788
0x00007fff587bbe80:   000000076c18fd80 0000000122cb0668
0x00007fff587bbe90:   00007fff587bc080 000000076c18fd80
0x00007fff587bbea0:   0000000000000000 00007fff8e7ec788
0x00007fff587bbeb0:   00007fff8e7ec788 00000000007bc080
0x00007fff587bbec0:   00007fff587bc030 0000000001000001
0x00007fff587bbed0:   0000000000000000 00000000000771c0
0x00007fff587bbee0:   0000000000000001 00007fe59d84a9c0
0x00007fff587bbef0:   00007fff587bc080 00007fe59b8559e0
0x00007fff587bbf00:   0000000122cb0668 0000000000000000
0x00007fff587bbf10:   00007fff587bc080 00007fe59b855800 

Instructions: (pc=0x00007fff96147b22)
0x00007fff96147b02:   49 89 de 49 8b 07 45 0f b6 c5 48 8d 75 88 4c 89
0x00007fff96147b12:   ff 4c 8b ad 68 ff ff ff 4c 89 ea b9 01 00 00 00
0x00007fff96147b22:   ff 50 30 48 8b 45 b8 85 c0 0f 85 cd 00 00 00 48
0x00007fff96147b32:   c1 e8 20 48 85 c0 0f 85 c0 00 00 00 48 8b 05 53 

Register to memory mapping:

RAX=0x0000002800000001 is an unknown value
RBX=0x00007fff7a534c10: <offset 0xebd5bc10> in /System/Library/Frameworks/OpenCL.framework/Versions/A/OpenCL at 0x00007fff8e7d9000
RCX=0x0000000000000001 is an unknown value
RDX=0x00007fe59d84a9c0 is an unknown value
RSP=0x00007fff587bbd20 is pointing into the stack for thread: 0x00007fe59b855800
RBP=0x00007fff587bbdc0 is pointing into the stack for thread: 0x00007fe59b855800
RSI=0x00007fff587bbd48 is pointing into the stack for thread: 0x00007fe59b855800
RDI=0x00007fff7a235168: <offset 0xed724168> in /System/Library/Frameworks/AppKit.framework/Versions/C/AppKit at 0x00007fff8cb11000
R8 =0x0000000000000000 is an unknown value
R9 =0x00007fff8e7ec788: clCreateBuffer+0 in /System/Library/Frameworks/OpenCL.framework/Versions/A/OpenCL at 0x00007fff8e7d9000
R10=0x000000076c18fd80 is an oop

[error occurred during error reporting (printing register info), id 0xb]

Stack: [0x00007fff57fc3000,0x00007fff587c3000],  sp=0x00007fff587bbd20,  free space=8163k
Native frames: (J=compiled Java code, j=interpreted, Vv=VM code, C=native code)
C  [libc++abi.dylib+0x25b22]  __dynamic_cast+0x138
C  [OpenCL+0xc388]  clLogMessagesToStderrAPPLE+0x1ac
C  [OpenCL+0xd5ca]  clGetExtensionFunctionAddressForPlatform+0x866
C  [OpenCL+0x137b8]  clCreateBuffer+0x30
C  [libjocl.dylib+0x2121]  Java_com_jogamp_opencl_llb_impl_CLAbstractImpl_dispatch_1clCreateBuffer1__JJJLjava_lang_Object_2IZLjava_lang_Object_2IZJ+0x1b1
j  com.jogamp.opencl.llb.impl.CLAbstractImpl.dispatch_clCreateBuffer1(JJJLjava/lang/Object;IZLjava/lang/Object;IZJ)J+0
j  com.jogamp.opencl.llb.impl.CLAbstractImpl.clCreateBuffer(JJJLjava/nio/Buffer;[II)J+138
j  com.jogamp.opencl.CLBuffer.create(Lcom/jogamp/opencl/CLContext;Ljava/nio/Buffer;I)Lcom/jogamp/opencl/CLBuffer;+68
j  com.jogamp.opencl.CLContext.createBuffer(Ljava/nio/Buffer;I)Lcom/jogamp/opencl/CLBuffer;+3
j  com.jogamp.opencl.CLContext.createBuffer(Ljava/nio/Buffer;[Lcom/jogamp/opencl/CLMemory$Mem;)Lcom/jogamp/opencl/CLBuffer;+6
j  com.jogamp.opencl.CLContext.createFloatBuffer(I[Lcom/jogamp/opencl/CLMemory$Mem;)Lcom/jogamp/opencl/CLBuffer;+6
j  berlin.iconn.rbm.cl.CLFloatMatrix.<init>(II[F)V+69
j  berlin.iconn.rbm.cl.CLFloatMatrix.<init>([[F)V+11
j  berlin.iconn.rbm.rbm.RBMCL.<init>(IIFLberlin/iconn/rbm/logistic/ILogistic;ZI[[F)V+203
j  berlin.iconn.rbm.rbm.RBMTrainer.createRBMForTemporaryUse(Lberlin/iconn/rbm/settings/RBMSettingsController;)Lberlin/iconn/rbm/rbm/IRBM;+110
j  berlin.iconn.rbm.rbm.RBMTrainer.getHiddenSingleRBM(Lberlin/iconn/rbm/settings/RBMSettingsController;[[FZ)[[F+8
j  berlin.iconn.rbm.rbm.RBMTrainer.getHiddenSingleRBM(Lberlin/iconn/rbm/settings/RBMSettingsController;[[F)[[F+23
j  berlin.iconn.rbm.rbm.RBMTrainer.updateRBMs(Lberlin/iconn/rbm/main/BenchmarkModel;)V+155
j  berlin.iconn.rbm.rbm.RBMTrainer.trainAllRBMs(Lberlin/iconn/rbm/main/BenchmarkModel;)V+19
j  berlin.iconn.rbm.main.BenchmarkModel.trainRBMs()V+5
j  berlin.iconn.rbm.main.BenchmarkController.btn_trainAllAction(Ljavafx/event/ActionEvent;)V+4
v  ~StubRoutines::call_stub
V  [libjvm.dylib+0x2c5186]
V  [libjvm.dylib+0x489f3c]
V  [libjvm.dylib+0x48a454]
V  [libjvm.dylib+0x312600]
J 771  sun.reflect.NativeMethodAccessorImpl.invoke0(Ljava/lang/reflect/Method;Ljava/lang/Object;[Ljava/lang/Object;)Ljava/lang/Object; (0 bytes) @ 0x00000001098f8a2d [0x00000001098f8940+0xed]
J 770 C1 sun.reflect.NativeMethodAccessorImpl.invoke(Ljava/lang/Object;[Ljava/lang/Object;)Ljava/lang/Object; (104 bytes) @ 0x00000001098ea314 [0x00000001098e9180+0x1194]
J 721 C1 sun.reflect.DelegatingMethodAccessorImpl.invoke(Ljava/lang/Object;[Ljava/lang/Object;)Ljava/lang/Object; (10 bytes) @ 0x00000001098cc444 [0x00000001098cc340+0x104]
J 720 C1 java.lang.reflect.Method.invoke(Ljava/lang/Object;[Ljava/lang/Object;)Ljava/lang/Object; (62 bytes) @ 0x00000001098ccb74 [0x00000001098cc800+0x374]
J 783 C1 sun.reflect.GeneratedMethodAccessor1.invoke(Ljava/lang/Object;[Ljava/lang/Object;)Ljava/lang/Object; (65 bytes) @ 0x00000001099057b4 [0x0000000109905400+0x3b4]
J 721 C1 sun.reflect.DelegatingMethodAccessorImpl.invoke(Ljava/lang/Object;[Ljava/lang/Object;)Ljava/lang/Object; (10 bytes) @ 0x00000001098cc444 [0x00000001098cc340+0x104]
J 720 C1 java.lang.reflect.Method.invoke(Ljava/lang/Object;[Ljava/lang/Object;)Ljava/lang/Object; (62 bytes) @ 0x00000001098ccb74 [0x00000001098cc800+0x374]
J 777 C1 sun.reflect.misc.MethodUtil.invoke(Ljava/lang/reflect/Method;Ljava/lang/Object;[Ljava/lang/Object;)Ljava/lang/Object; (111 bytes) @ 0x00000001098f9294 [0x00000001098f8dc0+0x4d4]
j  javafx.fxml.FXMLLoader$MethodHandler.invoke([Ljava/lang/Object;)V+19
j  javafx.fxml.FXMLLoader$ControllerMethodEventHandler.handle(Ljavafx/event/Event;)V+12
j  com.sun.javafx.event.CompositeEventHandler.dispatchBubblingEvent(Ljavafx/event/Event;)V+51
J 2416 C1 com.sun.javafx.event.EventHandlerManager.dispatchBubblingEvent(Ljavafx/event/Event;)Ljavafx/event/Event; (23 bytes) @ 0x0000000109d5f2bc [0x0000000109d5eca0+0x61c]
j  com.sun.javafx.event.CompositeEventDispatcher.dispatchBubblingEvent(Ljavafx/event/Event;)Ljavafx/event/Event;+11
J 2258 C1 com.sun.javafx.event.BasicEventDispatcher.dispatchEvent(Ljavafx/event/Event;Ljavafx/event/EventDispatchChain;)Ljavafx/event/Event; (44 bytes) @ 0x0000000109cb2744 [0x0000000109cb2480+0x2c4]
J 2155 C1 com.sun.javafx.event.EventDispatchChainImpl.dispatchEvent(Ljavafx/event/Event;)Ljavafx/event/Event; (101 bytes) @ 0x0000000109c62c2c [0x0000000109c62a80+0x1ac]
J 2258 C1 com.sun.javafx.event.BasicEventDispatcher.dispatchEvent(Ljavafx/event/Event;Ljavafx/event/EventDispatchChain;)Ljavafx/event/Event; (44 bytes) @ 0x0000000109cb265c [0x0000000109cb2480+0x1dc]
J 2155 C1 com.sun.javafx.event.EventDispatchChainImpl.dispatchEvent(Ljavafx/event/Event;)Ljavafx/event/Event; (101 bytes) @ 0x0000000109c62c2c [0x0000000109c62a80+0x1ac]
J 2258 C1 com.sun.javafx.event.BasicEventDispatcher.dispatchEvent(Ljavafx/event/Event;Ljavafx/event/EventDispatchChain;)Ljavafx/event/Event; (44 bytes) @ 0x0000000109cb265c [0x0000000109cb2480+0x1dc]
J 2155 C1 com.sun.javafx.event.EventDispatchChainImpl.dispatchEvent(Ljavafx/event/Event;)Ljavafx/event/Event; (101 bytes) @ 0x0000000109c62c2c [0x0000000109c62a80+0x1ac]
J 2258 C1 com.sun.javafx.event.BasicEventDispatcher.dispatchEvent(Ljavafx/event/Event;Ljavafx/event/EventDispatchChain;)Ljavafx/event/Event; (44 bytes) @ 0x0000000109cb265c [0x0000000109cb2480+0x1dc]
J 2155 C1 com.sun.javafx.event.EventDispatchChainImpl.dispatchEvent(Ljavafx/event/Event;)Ljavafx/event/Event; (101 bytes) @ 0x0000000109c62c2c [0x0000000109c62a80+0x1ac]
J 2258 C1 com.sun.javafx.event.BasicEventDispatcher.dispatchEvent(Ljavafx/event/Event;Ljavafx/event/EventDispatchChain;)Ljavafx/event/Event; (44 bytes) @ 0x0000000109cb265c [0x0000000109cb2480+0x1dc]
J 2155 C1 com.sun.javafx.event.EventDispatchChainImpl.dispatchEvent(Ljavafx/event/Event;)Ljavafx/event/Event; (101 bytes) @ 0x0000000109c62c2c [0x0000000109c62a80+0x1ac]
J 2258 C1 com.sun.javafx.event.BasicEventDispatcher.dispatchEvent(Ljavafx/event/Event;Ljavafx/event/EventDispatchChain;)Ljavafx/event/Event; (44 bytes) @ 0x0000000109cb265c [0x0000000109cb2480+0x1dc]
J 2155 C1 com.sun.javafx.event.EventDispatchChainImpl.dispatchEvent(Ljavafx/event/Event;)Ljavafx/event/Event; (101 bytes) @ 0x0000000109c62c2c [0x0000000109c62a80+0x1ac]
j  com.sun.javafx.event.EventUtil.fireEventImpl(Ljavafx/event/EventDispatchChain;Ljavafx/event/EventTarget;Ljavafx/event/Event;)Ljavafx/event/Event;+10
j  com.sun.javafx.event.EventUtil.fireEvent(Ljavafx/event/EventTarget;Ljavafx/event/Event;)Ljavafx/event/Event;+37
j  javafx.event.Event.fireEvent(Ljavafx/event/EventTarget;Ljavafx/event/Event;)V+30
j  javafx.scene.Node.fireEvent(Ljavafx/event/Event;)V+86
j  javafx.scene.control.Button.fire()V+15
j  com.sun.javafx.scene.control.behavior.ButtonBehavior.mouseReleased(Ljavafx/scene/input/MouseEvent;)V+23
j  com.sun.javafx.scene.control.skin.BehaviorSkinBase$1.handle(Ljavafx/scene/input/MouseEvent;)V+83
j  com.sun.javafx.scene.control.skin.BehaviorSkinBase$1.handle(Ljavafx/event/Event;)V+5
j  com.sun.javafx.event.CompositeEventHandler$NormalEventHandlerRecord.handleBubblingEvent(Ljavafx/event/Event;)V+5
j  com.sun.javafx.event.CompositeEventHandler.dispatchBubblingEvent(Ljavafx/event/Event;)V+28
J 2416 C1 com.sun.javafx.event.EventHandlerManager.dispatchBubblingEvent(Ljavafx/event/Event;)Ljavafx/event/Event; (23 bytes) @ 0x0000000109d5f2bc [0x0000000109d5eca0+0x61c]
j  com.sun.javafx.event.CompositeEventDispatcher.dispatchBubblingEvent(Ljavafx/event/Event;)Ljavafx/event/Event;+11
J 2258 C1 com.sun.javafx.event.BasicEventDispatcher.dispatchEvent(Ljavafx/event/Event;Ljavafx/event/EventDispatchChain;)Ljavafx/event/Event; (44 bytes) @ 0x0000000109cb2744 [0x0000000109cb2480+0x2c4]
J 2155 C1 com.sun.javafx.event.EventDispatchChainImpl.dispatchEvent(Ljavafx/event/Event;)Ljavafx/event/Event; (101 bytes) @ 0x0000000109c62c2c [0x0000000109c62a80+0x1ac]
J 2258 C1 com.sun.javafx.event.BasicEventDispatcher.dispatchEvent(Ljavafx/event/Event;Ljavafx/event/EventDispatchChain;)Ljavafx/event/Event; (44 bytes) @ 0x0000000109cb265c [0x0000000109cb2480+0x1dc]
J 2155 C1 com.sun.javafx.event.EventDispatchChainImpl.dispatchEvent(Ljavafx/event/Event;)Ljavafx/event/Event; (101 bytes) @ 0x0000000109c62c2c [0x0000000109c62a80+0x1ac]
J 2258 C1 com.sun.javafx.event.BasicEventDispatcher.dispatchEvent(Ljavafx/event/Event;Ljavafx/event/EventDispatchChain;)Ljavafx/event/Event; (44 bytes) @ 0x0000000109cb265c [0x0000000109cb2480+0x1dc]
J 2155 C1 com.sun.javafx.event.EventDispatchChainImpl.dispatchEvent(Ljavafx/event/Event;)Ljavafx/event/Event; (101 bytes) @ 0x0000000109c62c2c [0x0000000109c62a80+0x1ac]
J 2258 C1 com.sun.javafx.event.BasicEventDispatcher.dispatchEvent(Ljavafx/event/Event;Ljavafx/event/EventDispatchChain;)Ljavafx/event/Event; (44 bytes) @ 0x0000000109cb265c [0x0000000109cb2480+0x1dc]
J 2155 C1 com.sun.javafx.event.EventDispatchChainImpl.dispatchEvent(Ljavafx/event/Event;)Ljavafx/event/Event; (101 bytes) @ 0x0000000109c62c2c [0x0000000109c62a80+0x1ac]
J 2258 C1 com.sun.javafx.event.BasicEventDispatcher.dispatchEvent(Ljavafx/event/Event;Ljavafx/event/EventDispatchChain;)Ljavafx/event/Event; (44 bytes) @ 0x0000000109cb265c [0x0000000109cb2480+0x1dc]
J 2155 C1 com.sun.javafx.event.EventDispatchChainImpl.dispatchEvent(Ljavafx/event/Event;)Ljavafx/event/Event; (101 bytes) @ 0x0000000109c62c2c [0x0000000109c62a80+0x1ac]
J 2258 C1 com.sun.javafx.event.BasicEventDispatcher.dispatchEvent(Ljavafx/event/Event;Ljavafx/event/EventDispatchChain;)Ljavafx/event/Event; (44 bytes) @ 0x0000000109cb265c [0x0000000109cb2480+0x1dc]
J 2155 C1 com.sun.javafx.event.EventDispatchChainImpl.dispatchEvent(Ljavafx/event/Event;)Ljavafx/event/Event; (101 bytes) @ 0x0000000109c62c2c [0x0000000109c62a80+0x1ac]
j  com.sun.javafx.event.EventUtil.fireEventImpl(Ljavafx/event/EventDispatchChain;Ljavafx/event/EventTarget;Ljavafx/event/Event;)Ljavafx/event/Event;+10
j  com.sun.javafx.event.EventUtil.fireEvent(Ljavafx/event/EventTarget;Ljavafx/event/Event;)Ljavafx/event/Event;+46
j  javafx.event.Event.fireEvent(Ljavafx/event/EventTarget;Ljavafx/event/Event;)V+30
j  javafx.scene.Scene$MouseHandler.process(Ljavafx/scene/input/MouseEvent;Z)V+498
j  javafx.scene.Scene$MouseHandler.access$1800(Ljavafx/scene/Scene$MouseHandler;Ljavafx/scene/input/MouseEvent;Z)V+3
j  javafx.scene.Scene.impl_processMouseEvent(Ljavafx/scene/input/MouseEvent;)V+6
j  javafx.scene.Scene$ScenePeerListener.mouseEvent(Ljavafx/event/EventType;DDDDLjavafx/scene/input/MouseButton;ZZZZZZZZZ)V+46
j  com.sun.javafx.tk.quantum.GlassViewEventHandler$MouseEventNotification.run()Ljava/lang/Void;+422
j  com.sun.javafx.tk.quantum.GlassViewEventHandler$MouseEventNotification.run()Ljava/lang/Object;+1
v  ~StubRoutines::call_stub
V  [libjvm.dylib+0x2c5186]
V  [libjvm.dylib+0x31a912]
J 2157  java.security.AccessController.doPrivileged(Ljava/security/PrivilegedAction;Ljava/security/AccessControlContext;)Ljava/lang/Object; (0 bytes) @ 0x0000000109c631d5 [0x0000000109c63100+0xd5]
j  com.sun.javafx.tk.quantum.GlassViewEventHandler.handleMouseEvent(Lcom/sun/glass/ui/View;JIIIIIIIZZ)V+108
j  com.sun.glass.ui.View.handleMouseEvent(JIIIIIIIZZ)V+30
j  com.sun.glass.ui.View.notifyMouse(IIIIIIIZZ)V+181
v  ~StubRoutines::call_stub
V  [libjvm.dylib+0x2c5186]
V  [libjvm.dylib+0x2f9ff0]
V  [libjvm.dylib+0x2ecc84]
C  [libglass.dylib+0x25644]  -[GlassViewDelegate sendJavaMouseEvent:]+0x794
C  [AppKit+0x226235]  -[NSWindow sendEvent:]+0x30d
C  [libglass.dylib+0x28340]  -[GlassWindow_Normal sendEvent:]+0x70
C  [AppKit+0x1c76e4]  -[NSApplication sendEvent:]+0x7e5
C  [AppKit+0x17b89]  -[NSApplication run]+0x286
...<more frames>...

Java frames: (J=compiled Java code, j=interpreted, Vv=VM code)
j  com.jogamp.opencl.llb.impl.CLAbstractImpl.dispatch_clCreateBuffer1(JJJLjava/lang/Object;IZLjava/lang/Object;IZJ)J+0
j  com.jogamp.opencl.llb.impl.CLAbstractImpl.clCreateBuffer(JJJLjava/nio/Buffer;[II)J+138
j  com.jogamp.opencl.CLBuffer.create(Lcom/jogamp/opencl/CLContext;Ljava/nio/Buffer;I)Lcom/jogamp/opencl/CLBuffer;+68
j  com.jogamp.opencl.CLContext.createBuffer(Ljava/nio/Buffer;I)Lcom/jogamp/opencl/CLBuffer;+3
j  com.jogamp.opencl.CLContext.createBuffer(Ljava/nio/Buffer;[Lcom/jogamp/opencl/CLMemory$Mem;)Lcom/jogamp/opencl/CLBuffer;+6
j  com.jogamp.opencl.CLContext.createFloatBuffer(I[Lcom/jogamp/opencl/CLMemory$Mem;)Lcom/jogamp/opencl/CLBuffer;+6
j  berlin.iconn.rbm.cl.CLFloatMatrix.<init>(II[F)V+69
j  berlin.iconn.rbm.cl.CLFloatMatrix.<init>([[F)V+11
j  berlin.iconn.rbm.rbm.RBMCL.<init>(IIFLberlin/iconn/rbm/logistic/ILogistic;ZI[[F)V+203
j  berlin.iconn.rbm.rbm.RBMTrainer.createRBMForTemporaryUse(Lberlin/iconn/rbm/settings/RBMSettingsController;)Lberlin/iconn/rbm/rbm/IRBM;+110
j  berlin.iconn.rbm.rbm.RBMTrainer.getHiddenSingleRBM(Lberlin/iconn/rbm/settings/RBMSettingsController;[[FZ)[[F+8
j  berlin.iconn.rbm.rbm.RBMTrainer.getHiddenSingleRBM(Lberlin/iconn/rbm/settings/RBMSettingsController;[[F)[[F+23
j  berlin.iconn.rbm.rbm.RBMTrainer.updateRBMs(Lberlin/iconn/rbm/main/BenchmarkModel;)V+155
j  berlin.iconn.rbm.rbm.RBMTrainer.trainAllRBMs(Lberlin/iconn/rbm/main/BenchmarkModel;)V+19
j  berlin.iconn.rbm.main.BenchmarkModel.trainRBMs()V+5
j  berlin.iconn.rbm.main.BenchmarkController.btn_trainAllAction(Ljavafx/event/ActionEvent;)V+4
v  ~StubRoutines::call_stub
J 771  sun.reflect.NativeMethodAccessorImpl.invoke0(Ljava/lang/reflect/Method;Ljava/lang/Object;[Ljava/lang/Object;)Ljava/lang/Object; (0 bytes) @ 0x00000001098f89b7 [0x00000001098f8940+0x77]
J 770 C1 sun.reflect.NativeMethodAccessorImpl.invoke(Ljava/lang/Object;[Ljava/lang/Object;)Ljava/lang/Object; (104 bytes) @ 0x00000001098ea314 [0x00000001098e9180+0x1194]
J 721 C1 sun.reflect.DelegatingMethodAccessorImpl.invoke(Ljava/lang/Object;[Ljava/lang/Object;)Ljava/lang/Object; (10 bytes) @ 0x00000001098cc444 [0x00000001098cc340+0x104]
J 720 C1 java.lang.reflect.Method.invoke(Ljava/lang/Object;[Ljava/lang/Object;)Ljava/lang/Object; (62 bytes) @ 0x00000001098ccb74 [0x00000001098cc800+0x374]
J 783 C1 sun.reflect.GeneratedMethodAccessor1.invoke(Ljava/lang/Object;[Ljava/lang/Object;)Ljava/lang/Object; (65 bytes) @ 0x00000001099057b4 [0x0000000109905400+0x3b4]
J 721 C1 sun.reflect.DelegatingMethodAccessorImpl.invoke(Ljava/lang/Object;[Ljava/lang/Object;)Ljava/lang/Object; (10 bytes) @ 0x00000001098cc444 [0x00000001098cc340+0x104]
J 720 C1 java.lang.reflect.Method.invoke(Ljava/lang/Object;[Ljava/lang/Object;)Ljava/lang/Object; (62 bytes) @ 0x00000001098ccb74 [0x00000001098cc800+0x374]
J 777 C1 sun.reflect.misc.MethodUtil.invoke(Ljava/lang/reflect/Method;Ljava/lang/Object;[Ljava/lang/Object;)Ljava/lang/Object; (111 bytes) @ 0x00000001098f9294 [0x00000001098f8dc0+0x4d4]
j  javafx.fxml.FXMLLoader$MethodHandler.invoke([Ljava/lang/Object;)V+19
j  javafx.fxml.FXMLLoader$ControllerMethodEventHandler.handle(Ljavafx/event/Event;)V+12
j  com.sun.javafx.event.CompositeEventHandler.dispatchBubblingEvent(Ljavafx/event/Event;)V+51
J 2416 C1 com.sun.javafx.event.EventHandlerManager.dispatchBubblingEvent(Ljavafx/event/Event;)Ljavafx/event/Event; (23 bytes) @ 0x0000000109d5f2bc [0x0000000109d5eca0+0x61c]
j  com.sun.javafx.event.CompositeEventDispatcher.dispatchBubblingEvent(Ljavafx/event/Event;)Ljavafx/event/Event;+11
J 2258 C1 com.sun.javafx.event.BasicEventDispatcher.dispatchEvent(Ljavafx/event/Event;Ljavafx/event/EventDispatchChain;)Ljavafx/event/Event; (44 bytes) @ 0x0000000109cb2744 [0x0000000109cb2480+0x2c4]
J 2155 C1 com.sun.javafx.event.EventDispatchChainImpl.dispatchEvent(Ljavafx/event/Event;)Ljavafx/event/Event; (101 bytes) @ 0x0000000109c62c2c [0x0000000109c62a80+0x1ac]
J 2258 C1 com.sun.javafx.event.BasicEventDispatcher.dispatchEvent(Ljavafx/event/Event;Ljavafx/event/EventDispatchChain;)Ljavafx/event/Event; (44 bytes) @ 0x0000000109cb265c [0x0000000109cb2480+0x1dc]
J 2155 C1 com.sun.javafx.event.EventDispatchChainImpl.dispatchEvent(Ljavafx/event/Event;)Ljavafx/event/Event; (101 bytes) @ 0x0000000109c62c2c [0x0000000109c62a80+0x1ac]
J 2258 C1 com.sun.javafx.event.BasicEventDispatcher.dispatchEvent(Ljavafx/event/Event;Ljavafx/event/EventDispatchChain;)Ljavafx/event/Event; (44 bytes) @ 0x0000000109cb265c [0x0000000109cb2480+0x1dc]
J 2155 C1 com.sun.javafx.event.EventDispatchChainImpl.dispatchEvent(Ljavafx/event/Event;)Ljavafx/event/Event; (101 bytes) @ 0x0000000109c62c2c [0x0000000109c62a80+0x1ac]
J 2258 C1 com.sun.javafx.event.BasicEventDispatcher.dispatchEvent(Ljavafx/event/Event;Ljavafx/event/EventDispatchChain;)Ljavafx/event/Event; (44 bytes) @ 0x0000000109cb265c [0x0000000109cb2480+0x1dc]
J 2155 C1 com.sun.javafx.event.EventDispatchChainImpl.dispatchEvent(Ljavafx/event/Event;)Ljavafx/event/Event; (101 bytes) @ 0x0000000109c62c2c [0x0000000109c62a80+0x1ac]
J 2258 C1 com.sun.javafx.event.BasicEventDispatcher.dispatchEvent(Ljavafx/event/Event;Ljavafx/event/EventDispatchChain;)Ljavafx/event/Event; (44 bytes) @ 0x0000000109cb265c [0x0000000109cb2480+0x1dc]
J 2155 C1 com.sun.javafx.event.EventDispatchChainImpl.dispatchEvent(Ljavafx/event/Event;)Ljavafx/event/Event; (101 bytes) @ 0x0000000109c62c2c [0x0000000109c62a80+0x1ac]
J 2258 C1 com.sun.javafx.event.BasicEventDispatcher.dispatchEvent(Ljavafx/event/Event;Ljavafx/event/EventDispatchChain;)Ljavafx/event/Event; (44 bytes) @ 0x0000000109cb265c [0x0000000109cb2480+0x1dc]
J 2155 C1 com.sun.javafx.event.EventDispatchChainImpl.dispatchEvent(Ljavafx/event/Event;)Ljavafx/event/Event; (101 bytes) @ 0x0000000109c62c2c [0x0000000109c62a80+0x1ac]
j  com.sun.javafx.event.EventUtil.fireEventImpl(Ljavafx/event/EventDispatchChain;Ljavafx/event/EventTarget;Ljavafx/event/Event;)Ljavafx/event/Event;+10
j  com.sun.javafx.event.EventUtil.fireEvent(Ljavafx/event/EventTarget;Ljavafx/event/Event;)Ljavafx/event/Event;+37
j  javafx.event.Event.fireEvent(Ljavafx/event/EventTarget;Ljavafx/event/Event;)V+30
j  javafx.scene.Node.fireEvent(Ljavafx/event/Event;)V+86
j  javafx.scene.control.Button.fire()V+15
j  com.sun.javafx.scene.control.behavior.ButtonBehavior.mouseReleased(Ljavafx/scene/input/MouseEvent;)V+23
j  com.sun.javafx.scene.control.skin.BehaviorSkinBase$1.handle(Ljavafx/scene/input/MouseEvent;)V+83
j  com.sun.javafx.scene.control.skin.BehaviorSkinBase$1.handle(Ljavafx/event/Event;)V+5
j  com.sun.javafx.event.CompositeEventHandler$NormalEventHandlerRecord.handleBubblingEvent(Ljavafx/event/Event;)V+5
j  com.sun.javafx.event.CompositeEventHandler.dispatchBubblingEvent(Ljavafx/event/Event;)V+28
J 2416 C1 com.sun.javafx.event.EventHandlerManager.dispatchBubblingEvent(Ljavafx/event/Event;)Ljavafx/event/Event; (23 bytes) @ 0x0000000109d5f2bc [0x0000000109d5eca0+0x61c]
j  com.sun.javafx.event.CompositeEventDispatcher.dispatchBubblingEvent(Ljavafx/event/Event;)Ljavafx/event/Event;+11
J 2258 C1 com.sun.javafx.event.BasicEventDispatcher.dispatchEvent(Ljavafx/event/Event;Ljavafx/event/EventDispatchChain;)Ljavafx/event/Event; (44 bytes) @ 0x0000000109cb2744 [0x0000000109cb2480+0x2c4]
J 2155 C1 com.sun.javafx.event.EventDispatchChainImpl.dispatchEvent(Ljavafx/event/Event;)Ljavafx/event/Event; (101 bytes) @ 0x0000000109c62c2c [0x0000000109c62a80+0x1ac]
J 2258 C1 com.sun.javafx.event.BasicEventDispatcher.dispatchEvent(Ljavafx/event/Event;Ljavafx/event/EventDispatchChain;)Ljavafx/event/Event; (44 bytes) @ 0x0000000109cb265c [0x0000000109cb2480+0x1dc]
J 2155 C1 com.sun.javafx.event.EventDispatchChainImpl.dispatchEvent(Ljavafx/event/Event;)Ljavafx/event/Event; (101 bytes) @ 0x0000000109c62c2c [0x0000000109c62a80+0x1ac]
J 2258 C1 com.sun.javafx.event.BasicEventDispatcher.dispatchEvent(Ljavafx/event/Event;Ljavafx/event/EventDispatchChain;)Ljavafx/event/Event; (44 bytes) @ 0x0000000109cb265c [0x0000000109cb2480+0x1dc]
J 2155 C1 com.sun.javafx.event.EventDispatchChainImpl.dispatchEvent(Ljavafx/event/Event;)Ljavafx/event/Event; (101 bytes) @ 0x0000000109c62c2c [0x0000000109c62a80+0x1ac]
J 2258 C1 com.sun.javafx.event.BasicEventDispatcher.dispatchEvent(Ljavafx/event/Event;Ljavafx/event/EventDispatchChain;)Ljavafx/event/Event; (44 bytes) @ 0x0000000109cb265c [0x0000000109cb2480+0x1dc]
J 2155 C1 com.sun.javafx.event.EventDispatchChainImpl.dispatchEvent(Ljavafx/event/Event;)Ljavafx/event/Event; (101 bytes) @ 0x0000000109c62c2c [0x0000000109c62a80+0x1ac]
J 2258 C1 com.sun.javafx.event.BasicEventDispatcher.dispatchEvent(Ljavafx/event/Event;Ljavafx/event/EventDispatchChain;)Ljavafx/event/Event; (44 bytes) @ 0x0000000109cb265c [0x0000000109cb2480+0x1dc]
J 2155 C1 com.sun.javafx.event.EventDispatchChainImpl.dispatchEvent(Ljavafx/event/Event;)Ljavafx/event/Event; (101 bytes) @ 0x0000000109c62c2c [0x0000000109c62a80+0x1ac]
J 2258 C1 com.sun.javafx.event.BasicEventDispatcher.dispatchEvent(Ljavafx/event/Event;Ljavafx/event/EventDispatchChain;)Ljavafx/event/Event; (44 bytes) @ 0x0000000109cb265c [0x0000000109cb2480+0x1dc]
J 2155 C1 com.sun.javafx.event.EventDispatchChainImpl.dispatchEvent(Ljavafx/event/Event;)Ljavafx/event/Event; (101 bytes) @ 0x0000000109c62c2c [0x0000000109c62a80+0x1ac]
j  com.sun.javafx.event.EventUtil.fireEventImpl(Ljavafx/event/EventDispatchChain;Ljavafx/event/EventTarget;Ljavafx/event/Event;)Ljavafx/event/Event;+10
j  com.sun.javafx.event.EventUtil.fireEvent(Ljavafx/event/EventTarget;Ljavafx/event/Event;)Ljavafx/event/Event;+46
j  javafx.event.Event.fireEvent(Ljavafx/event/EventTarget;Ljavafx/event/Event;)V+30
j  javafx.scene.Scene$MouseHandler.process(Ljavafx/scene/input/MouseEvent;Z)V+498
j  javafx.scene.Scene$MouseHandler.access$1800(Ljavafx/scene/Scene$MouseHandler;Ljavafx/scene/input/MouseEvent;Z)V+3
j  javafx.scene.Scene.impl_processMouseEvent(Ljavafx/scene/input/MouseEvent;)V+6
j  javafx.scene.Scene$ScenePeerListener.mouseEvent(Ljavafx/event/EventType;DDDDLjavafx/scene/input/MouseButton;ZZZZZZZZZ)V+46
j  com.sun.javafx.tk.quantum.GlassViewEventHandler$MouseEventNotification.run()Ljava/lang/Void;+422
j  com.sun.javafx.tk.quantum.GlassViewEventHandler$MouseEventNotification.run()Ljava/lang/Object;+1
v  ~StubRoutines::call_stub
J 2157  java.security.AccessController.doPrivileged(Ljava/security/PrivilegedAction;Ljava/security/AccessControlContext;)Ljava/lang/Object; (0 bytes) @ 0x0000000109c63163 [0x0000000109c63100+0x63]
j  com.sun.javafx.tk.quantum.GlassViewEventHandler.handleMouseEvent(Lcom/sun/glass/ui/View;JIIIIIIIZZ)V+108
j  com.sun.glass.ui.View.handleMouseEvent(JIIIIIIIZZ)V+30
j  com.sun.glass.ui.View.notifyMouse(IIIIIIIZZ)V+181
v  ~StubRoutines::call_stub

---------------  P R O C E S S  ---------------

Java Threads: ( => current thread )
  0x00007fe59b914000 JavaThread "Prism Font Disposer" daemon [_thread_blocked, id=54803, stack(0x000000012fbd8000,0x000000012fcd8000)]
  0x00007fe59baf1000 JavaThread "Java2D Queue Flusher" daemon [_thread_blocked, id=54027, stack(0x000000012e538000,0x000000012e638000)]
  0x00007fe59ba94800 JavaThread "Java2D Disposer" daemon [_thread_blocked, id=52779, stack(0x000000012e435000,0x000000012e535000)]
  0x00007fe59f065800 JavaThread "JavaFX-Launcher" [_thread_blocked, id=51203, stack(0x000000012af37000,0x000000012b037000)]
  0x00007fe59e069800 JavaThread "Thread-3" daemon [_thread_in_native, id=38403, stack(0x0000000129d54000,0x0000000129dd4000)]
=>0x00007fe59b855800 JavaThread "JavaFX Application Thread" [_thread_in_native, id=3335, stack(0x00007fff57fc3000,0x00007fff587c3000)]
  0x00007fe59f828000 JavaThread "Thread-1" daemon [_thread_blocked, id=28419, stack(0x00000001266d0000,0x00000001267d0000)]
  0x00007fe59f028800 JavaThread "QuantumRenderer-0" daemon [_thread_blocked, id=23299, stack(0x0000000125a92000,0x0000000125b92000)]
  0x00007fe59c80e000 JavaThread "Service Thread" daemon [_thread_blocked, id=22275, stack(0x00000001257a2000,0x00000001258a2000)]
  0x00007fe59c80d800 JavaThread "C1 CompilerThread3" daemon [_thread_blocked, id=21763, stack(0x000000012569f000,0x000000012579f000)]
  0x00007fe59e800000 JavaThread "C2 CompilerThread2" daemon [_thread_blocked, id=21251, stack(0x000000012559c000,0x000000012569c000)]
  0x00007fe59c80c800 JavaThread "C2 CompilerThread1" daemon [_thread_blocked, id=20739, stack(0x0000000125499000,0x0000000125599000)]
  0x00007fe59b83b000 JavaThread "C2 CompilerThread0" daemon [_thread_blocked, id=20227, stack(0x0000000125396000,0x0000000125496000)]
  0x00007fe59b83a800 JavaThread "Signal Dispatcher" daemon [_thread_blocked, id=19715, stack(0x0000000125293000,0x0000000125393000)]
  0x00007fe59b838800 JavaThread "Finalizer" daemon [_thread_blocked, id=14595, stack(0x0000000125044000,0x0000000125144000)]
  0x00007fe59b837800 JavaThread "Reference Handler" daemon [_thread_blocked, id=14083, stack(0x0000000124f41000,0x0000000125041000)]
  0x00007fe59c001000 JavaThread "main" [_thread_blocked, id=6403, stack(0x00000001094c1000,0x00000001095c1000)]

Other Threads:
  0x00007fe59c830800 VMThread [stack: 0x0000000124e3e000,0x0000000124f3e000] [id=13571]
  0x00007fe59c836800 WatcherThread [stack: 0x00000001258a5000,0x00000001259a5000] [id=22787]

VM state:not at safepoint (normal execution)

VM Mutex/Monitor currently owned by a thread: None

Heap:
 PSYoungGen      total 28160K, used 23990K [0x000000076ab00000, 0x000000076d200000, 0x00000007c0000000)
  eden space 25600K, 93% used [0x000000076ab00000,0x000000076c26db18,0x000000076c400000)
  from space 2560K, 0% used [0x000000076cf80000,0x000000076cf80000,0x000000076d200000)
  to   space 4096K, 0% used [0x000000076ca00000,0x000000076ca00000,0x000000076ce00000)
 ParOldGen       total 13824K, used 9637K [0x00000006c0000000, 0x00000006c0d80000, 0x000000076ab00000)
  object space 13824K, 69% used [0x00000006c0000000,0x00000006c0969440,0x00000006c0d80000)
 Metaspace       used 22736K, capacity 23022K, committed 23168K, reserved 1069056K
  class space    used 3321K, capacity 3418K, committed 3456K, reserved 1048576K

Card table byte_map: [0x0000000118983000,0x0000000119184000] byte_map_base: 0x0000000115383000

Marking Bits: (ParMarkBitMap*) 0x0000000108e660a0
 Begin Bits: [0x0000000119ef2000, 0x000000011def2000)
 End Bits:   [0x000000011def2000, 0x0000000121ef2000)

Polling page: 0x0000000107593000

CodeCache: size=245760Kb used=9347Kb max_used=9359Kb free=236412Kb
 bounds [0x00000001095c3000, 0x0000000109ef3000, 0x00000001185c3000]
 total_blobs=3813 nmethods=2920 adapters=808
 compilation: enabled

Compilation events (10 events):
Event: 5.115 Thread 0x00007fe59c80c800 nmethod 2917 0x0000000109ee8ed0 code [0x0000000109ee9020, 0x0000000109ee90d8]
Event: 5.116 Thread 0x00007fe59c80d800 2918 %     3       org.jblas.FloatMatrix::toArray2 @ 25 (58 bytes)
Event: 5.116 Thread 0x00007fe59c80d800 nmethod 2918% 0x0000000109ee84d0 code [0x0000000109ee8680, 0x0000000109ee8b10]
Event: 5.116 Thread 0x00007fe59c80d800 2919       3       org.jblas.FloatMatrix::toArray2 (58 bytes)
Event: 5.117 Thread 0x00007fe59c80d800 nmethod 2919 0x0000000109ee7c10 code [0x0000000109ee7da0, 0x0000000109ee81d0]
Event: 5.117 Thread 0x00007fe59e800000 2920 %     4       org.jblas.FloatMatrix::toArray2 @ 25 (58 bytes)
Event: 5.118 Thread 0x00007fe59c80d800 2921 %     3       berlin.iconn.rbm.cl.CLFloatMatrix::array2DTo1D @ 22 (55 bytes)
Event: 5.118 Thread 0x00007fe59c80d800 nmethod 2921% 0x0000000109ee72d0 code [0x0000000109ee7460, 0x0000000109ee7890]
Event: 5.118 Thread 0x00007fe59c80d800 2922       3       berlin.iconn.rbm.cl.CLFloatMatrix::array2DTo1D (55 bytes)
Event: 5.119 Thread 0x00007fe59c80d800 nmethod 2922 0x0000000109ee6b50 code [0x0000000109ee6ce0, 0x0000000109ee7070]

GC Heap History (10 events):
Event: 1.328 GC heap before
{Heap before GC invocations=12 (full 0):
 PSYoungGen      total 15360K, used 14361K [0x000000076ab00000, 0x000000076c400000, 0x00000007c0000000)
  eden space 13312K, 100% used [0x000000076ab00000,0x000000076b800000,0x000000076b800000)
  from space 2048K, 51% used [0x000000076b800000,0x000000076b906520,0x000000076ba00000)
  to   space 2048K, 0% used [0x000000076c200000,0x000000076c200000,0x000000076c400000)
 ParOldGen       total 260608K, used 4237K [0x00000006c0000000, 0x00000006cfe80000, 0x000000076ab00000)
  object space 260608K, 1% used [0x00000006c0000000,0x00000006c0423428,0x00000006cfe80000)
 Metaspace       used 16119K, capacity 16332K, committed 16640K, reserved 1062912K
  class space    used 2210K, capacity 2287K, committed 2304K, reserved 1048576K
Event: 1.330 GC heap after
Heap after GC invocations=12 (full 0):
 PSYoungGen      total 23552K, used 520K [0x000000076ab00000, 0x000000076c400000, 0x00000007c0000000)
  eden space 21504K, 0% used [0x000000076ab00000,0x000000076ab00000,0x000000076c000000)
  from space 2048K, 25% used [0x000000076c200000,0x000000076c282020,0x000000076c400000)
  to   space 2048K, 0% used [0x000000076c000000,0x000000076c000000,0x000000076c200000)
 ParOldGen       total 260608K, used 5025K [0x00000006c0000000, 0x00000006cfe80000, 0x000000076ab00000)
  object space 260608K, 1% used [0x00000006c0000000,0x00000006c04e8448,0x00000006cfe80000)
 Metaspace       used 16119K, capacity 16332K, committed 16640K, reserved 1062912K
  class space    used 2210K, capacity 2287K, committed 2304K, reserved 1048576K
}
Event: 2.144 GC heap before
{Heap before GC invocations=13 (full 0):
 PSYoungGen      total 23552K, used 21493K [0x000000076ab00000, 0x000000076c400000, 0x00000007c0000000)
  eden space 21504K, 97% used [0x000000076ab00000,0x000000076bf7b6b0,0x000000076c000000)
  from space 2048K, 25% used [0x000000076c200000,0x000000076c282020,0x000000076c400000)
  to   space 2048K, 0% used [0x000000076c000000,0x000000076c000000,0x000000076c200000)
 ParOldGen       total 260608K, used 5025K [0x00000006c0000000, 0x00000006cfe80000, 0x000000076ab00000)
  object space 260608K, 1% used [0x00000006c0000000,0x00000006c04e8448,0x00000006cfe80000)
 Metaspace       used 20874K, capacity 21068K, committed 21296K, reserved 1067008K
  class space    used 3109K, capacity 3183K, committed 3200K, reserved 1048576K
Event: 2.147 GC heap after
Heap after GC invocations=13 (full 0):
 PSYoungGen      total 23552K, used 2048K [0x000000076ab00000, 0x000000076d200000, 0x00000007c0000000)
  eden space 21504K, 0% used [0x000000076ab00000,0x000000076ab00000,0x000000076c000000)
  from space 2048K, 100% used [0x000000076c000000,0x000000076c200000,0x000000076c200000)
  to   space 2560K, 0% used [0x000000076cf80000,0x000000076cf80000,0x000000076d200000)
 ParOldGen       total 260608K, used 5793K [0x00000006c0000000, 0x00000006cfe80000, 0x000000076ab00000)
  object space 260608K, 2% used [0x00000006c0000000,0x00000006c05a8788,0x00000006cfe80000)
 Metaspace       used 20874K, capacity 21068K, committed 21296K, reserved 1067008K
  class space    used 3109K, capacity 3183K, committed 3200K, reserved 1048576K
}
Event: 2.147 GC heap before
{Heap before GC invocations=14 (full 1):
 PSYoungGen      total 23552K, used 2048K [0x000000076ab00000, 0x000000076d200000, 0x00000007c0000000)
  eden space 21504K, 0% used [0x000000076ab00000,0x000000076ab00000,0x000000076c000000)
  from space 2048K, 100% used [0x000000076c000000,0x000000076c200000,0x000000076c200000)
  to   space 2560K, 0% used [0x000000076cf80000,0x000000076cf80000,0x000000076d200000)
 ParOldGen       total 260608K, used 5793K [0x00000006c0000000, 0x00000006cfe80000, 0x000000076ab00000)
  object space 260608K, 2% used [0x00000006c0000000,0x00000006c05a8788,0x00000006cfe80000)
 Metaspace       used 20874K, capacity 21068K, committed 21296K, reserved 1067008K
  class space    used 3109K, capacity 3183K, committed 3200K, reserved 1048576K
Event: 2.198 GC heap after
Heap after GC invocations=14 (full 1):
 PSYoungGen      total 23552K, used 0K [0x000000076ab00000, 0x000000076d200000, 0x00000007c0000000)
  eden space 21504K, 0% used [0x000000076ab00000,0x000000076ab00000,0x000000076c000000)
  from space 2048K, 0% used [0x000000076c000000,0x000000076c000000,0x000000076c200000)
  to   space 2560K, 0% used [0x000000076cf80000,0x000000076cf80000,0x000000076d200000)
 ParOldGen       total 9728K, used 6972K [0x00000006c0000000, 0x00000006c0980000, 0x000000076ab00000)
  object space 9728K, 71% used [0x00000006c0000000,0x00000006c06cf270,0x00000006c0980000)
 Metaspace       used 20874K, capacity 21068K, committed 21296K, reserved 1067008K
  class space    used 3109K, capacity 3183K, committed 3200K, reserved 1048576K
}
Event: 3.809 GC heap before
{Heap before GC invocations=15 (full 1):
 PSYoungGen      total 23552K, used 21504K [0x000000076ab00000, 0x000000076d200000, 0x00000007c0000000)
  eden space 21504K, 100% used [0x000000076ab00000,0x000000076c000000,0x000000076c000000)
  from space 2048K, 0% used [0x000000076c000000,0x000000076c000000,0x000000076c200000)
  to   space 2560K, 0% used [0x000000076cf80000,0x000000076cf80000,0x000000076d200000)
 ParOldGen       total 9728K, used 6972K [0x00000006c0000000, 0x00000006c0980000, 0x000000076ab00000)
  object space 9728K, 71% used [0x00000006c0000000,0x00000006c06cf270,0x00000006c0980000)
 Metaspace       used 22070K, capacity 22352K, committed 22656K, reserved 1069056K
  class space    used 3263K, capacity 3349K, committed 3456K, reserved 1048576K
Event: 3.812 GC heap after
Heap after GC invocations=15 (full 1):
 PSYoungGen      total 28160K, used 2528K [0x000000076ab00000, 0x000000076d200000, 0x00000007c0000000)
  eden space 25600K, 0% used [0x000000076ab00000,0x000000076ab00000,0x000000076c400000)
  from space 2560K, 98% used [0x000000076cf80000,0x000000076d1f8010,0x000000076d200000)
  to   space 4096K, 0% used [0x000000076ca00000,0x000000076ca00000,0x000000076ce00000)
 ParOldGen       total 9728K, used 9268K [0x00000006c0000000, 0x00000006c0980000, 0x000000076ab00000)
  object space 9728K, 95% used [0x00000006c0000000,0x00000006c090d060,0x00000006c0980000)
 Metaspace       used 22070K, capacity 22352K, committed 22656K, reserved 1069056K
  class space    used 3263K, capacity 3349K, committed 3456K, reserved 1048576K
}
Event: 3.812 GC heap before
{Heap before GC invocations=16 (full 2):
 PSYoungGen      total 28160K, used 2528K [0x000000076ab00000, 0x000000076d200000, 0x00000007c0000000)
  eden space 25600K, 0% used [0x000000076ab00000,0x000000076ab00000,0x000000076c400000)
  from space 2560K, 98% used [0x000000076cf80000,0x000000076d1f8010,0x000000076d200000)
  to   space 4096K, 0% used [0x000000076ca00000,0x000000076ca00000,0x000000076ce00000)
 ParOldGen       total 9728K, used 9268K [0x00000006c0000000, 0x00000006c0980000, 0x000000076ab00000)
  object space 9728K, 95% used [0x00000006c0000000,0x00000006c090d060,0x00000006c0980000)
 Metaspace       used 22070K, capacity 22352K, committed 22656K, reserved 1069056K
  class space    used 3263K, capacity 3349K, committed 3456K, reserved 1048576K
Event: 3.838 GC heap after
Heap after GC invocations=16 (full 2):
 PSYoungGen      total 28160K, used 0K [0x000000076ab00000, 0x000000076d200000, 0x00000007c0000000)
  eden space 25600K, 0% used [0x000000076ab00000,0x000000076ab00000,0x000000076c400000)
  from space 2560K, 0% used [0x000000076cf80000,0x000000076cf80000,0x000000076d200000)
  to   space 4096K, 0% used [0x000000076ca00000,0x000000076ca00000,0x000000076ce00000)
 ParOldGen       total 13824K, used 9637K [0x00000006c0000000, 0x00000006c0d80000, 0x000000076ab00000)
  object space 13824K, 69% used [0x00000006c0000000,0x00000006c0969440,0x00000006c0d80000)
 Metaspace       used 22070K, capacity 22352K, committed 22656K, reserved 1069056K
  class space    used 3263K, capacity 3349K, committed 3456K, reserved 1048576K
}

Deoptimization events (10 events):
Event: 3.188 Thread 0x00007fe59b855800 Uncommon trap: reason=bimorphic action=maybe_recompile pc=0x0000000109c7c634 method=javafx.beans.property.BooleanPropertyBase.get()Z @ 23
Event: 3.188 Thread 0x00007fe59b855800 Uncommon trap: reason=bimorphic action=maybe_recompile pc=0x0000000109c7c634 method=javafx.beans.property.BooleanPropertyBase.get()Z @ 23
Event: 3.189 Thread 0x00007fe59b855800 Uncommon trap: reason=bimorphic action=maybe_recompile pc=0x0000000109c7c634 method=javafx.beans.property.BooleanPropertyBase.get()Z @ 23
Event: 3.916 Thread 0x00007fe59b855800 Uncommon trap: reason=array_check action=maybe_recompile pc=0x0000000109ca11a4 method=com.sun.javafx.css.SimpleSelector.applies(Ljavafx/css/Styleable;[Ljava/util/Set;I)Z @ 37
Event: 3.916 Thread 0x00007fe59b855800 Uncommon trap: reason=array_check action=maybe_recompile pc=0x0000000109cb6c3c method=com.sun.javafx.css.SimpleSelector.applies(Ljavafx/css/Styleable;[Ljava/util/Set;I)Z @ 37
Event: 3.916 Thread 0x00007fe59b855800 Uncommon trap: reason=array_check action=maybe_recompile pc=0x0000000109cb6c3c method=com.sun.javafx.css.SimpleSelector.applies(Ljavafx/css/Styleable;[Ljava/util/Set;I)Z @ 37
Event: 3.916 Thread 0x00007fe59b855800 Uncommon trap: reason=array_check action=maybe_recompile pc=0x0000000109cb6c3c method=com.sun.javafx.css.SimpleSelector.applies(Ljavafx/css/Styleable;[Ljava/util/Set;I)Z @ 37
Event: 3.916 Thread 0x00007fe59b855800 Uncommon trap: reason=array_check action=maybe_recompile pc=0x0000000109ca11a4 method=com.sun.javafx.css.SimpleSelector.applies(Ljavafx/css/Styleable;[Ljava/util/Set;I)Z @ 37
Event: 3.938 Thread 0x00007fe59b855800 Uncommon trap: reason=unreached action=reinterpret pc=0x0000000109b9db28 method=com.sun.javafx.css.ParsedValueImpl.containsFontRelativeSize(Ljavafx/css/ParsedValue;Z)Z @ 56
Event: 5.008 Thread 0x00007fe59b855800 Uncommon trap: reason=unreached action=reinterpret pc=0x0000000109dc7bc4 method=javafx.scene.Parent.setChildDirty(Ljavafx/scene/Node;Z)V @ 22

Internal exceptions (10 events):
Event: 5.086 Thread 0x00007fe59b855800 Exception <a 'java/security/PrivilegedActionException'> (0x000000076bee4620) thrown at [/HUDSON/workspace/8-2-build-macosx-x86_64/jdk8u5/2488/hotspot/src/share/vm/prims/jvm.cpp, line 1248]
Event: 5.088 Thread 0x00007fe59b855800 Exception <a 'java/security/PrivilegedActionException'> (0x000000076bee9568) thrown at [/HUDSON/workspace/8-2-build-macosx-x86_64/jdk8u5/2488/hotspot/src/share/vm/prims/jvm.cpp, line 1248]
Event: 5.091 Thread 0x00007fe59b855800 Exception <a 'java/security/PrivilegedActionException'> (0x000000076bf14d88) thrown at [/HUDSON/workspace/8-2-build-macosx-x86_64/jdk8u5/2488/hotspot/src/share/vm/prims/jvm.cpp, line 1248]
Event: 5.093 Thread 0x00007fe59b855800 Exception <a 'java/security/PrivilegedActionException'> (0x000000076bf18ef8) thrown at [/HUDSON/workspace/8-2-build-macosx-x86_64/jdk8u5/2488/hotspot/src/share/vm/prims/jvm.cpp, line 1248]
Event: 5.110 Thread 0x00007fe59b855800 Exception <a 'java/security/PrivilegedActionException'> (0x000000076bf1e7a0) thrown at [/HUDSON/workspace/8-2-build-macosx-x86_64/jdk8u5/2488/hotspot/src/share/vm/prims/jvm.cpp, line 1248]
Event: 5.111 Thread 0x00007fe59b855800 Exception <a 'java/security/PrivilegedActionException'> (0x000000076bf32c90) thrown at [/HUDSON/workspace/8-2-build-macosx-x86_64/jdk8u5/2488/hotspot/src/share/vm/prims/jvm.cpp, line 1248]
Event: 5.111 Thread 0x00007fe59b855800 Exception <a 'java/security/PrivilegedActionException'> (0x000000076bf37390) thrown at [/HUDSON/workspace/8-2-build-macosx-x86_64/jdk8u5/2488/hotspot/src/share/vm/prims/jvm.cpp, line 1248]
Event: 5.111 Thread 0x00007fe59b855800 Exception <a 'java/security/PrivilegedActionException'> (0x000000076bf3bc10) thrown at [/HUDSON/workspace/8-2-build-macosx-x86_64/jdk8u5/2488/hotspot/src/share/vm/prims/jvm.cpp, line 1248]
Event: 5.112 Thread 0x00007fe59b855800 Exception <a 'java/security/PrivilegedActionException'> (0x000000076bf404a8) thrown at [/HUDSON/workspace/8-2-build-macosx-x86_64/jdk8u5/2488/hotspot/src/share/vm/prims/jvm.cpp, line 1248]
Event: 5.112 Thread 0x00007fe59b855800 Exception <a 'java/security/PrivilegedActionException'> (0x000000076bf44400) thrown at [/HUDSON/workspace/8-2-build-macosx-x86_64/jdk8u5/2488/hotspot/src/share/vm/prims/jvm.cpp, line 1248]

Events (10 events):
Event: 5.111 loading class org/jblas/exceptions/LapackArgumentException
Event: 5.111 loading class org/jblas/exceptions/LapackArgumentException done
Event: 5.111 loading class org/jblas/exceptions/LapackException
Event: 5.111 loading class org/jblas/exceptions/LapackException done
Event: 5.111 loading class org/jblas/exceptions/LapackConvergenceException
Event: 5.111 loading class org/jblas/exceptions/LapackConvergenceException done
Event: 5.112 loading class org/jblas/exceptions/LapackSingularityException
Event: 5.112 loading class org/jblas/exceptions/LapackSingularityException done
Event: 5.112 loading class org/jblas/JavaBlas
Event: 5.112 loading class org/jblas/JavaBlas done


Dynamic libraries:
0x0000000009208000 	/System/Library/Frameworks/Cocoa.framework/Versions/A/Cocoa
0x0000000009208000 	/System/Library/Frameworks/Security.framework/Versions/A/Security
0x0000000009208000 	/System/Library/Frameworks/ApplicationServices.framework/Versions/A/ApplicationServices
0x0000000009208000 	/usr/lib/libz.1.dylib
0x0000000009208000 	/usr/lib/libSystem.B.dylib
0x0000000009208000 	/usr/lib/libobjc.A.dylib
0x0000000009208000 	/System/Library/Frameworks/CoreFoundation.framework/Versions/A/CoreFoundation
0x0000000009208000 	/System/Library/Frameworks/Foundation.framework/Versions/C/Foundation
0x0000000009208000 	/System/Library/Frameworks/AppKit.framework/Versions/C/AppKit
0x0000000009208000 	/System/Library/Frameworks/CoreData.framework/Versions/A/CoreData
0x0000000009208000 	/System/Library/PrivateFrameworks/RemoteViewServices.framework/Versions/A/RemoteViewServices
0x0000000009208000 	/System/Library/Frameworks/AudioToolbox.framework/Versions/A/AudioToolbox
0x0000000009208000 	/System/Library/Frameworks/AudioUnit.framework/Versions/A/AudioUnit
0x0000000009208000 	/System/Library/PrivateFrameworks/DataDetectorsCore.framework/Versions/A/DataDetectorsCore
0x0000000009208000 	/System/Library/PrivateFrameworks/DesktopServicesPriv.framework/Versions/A/DesktopServicesPriv
0x0000000009208000 	/System/Library/Frameworks/Carbon.framework/Versions/A/Frameworks/HIToolbox.framework/Versions/A/HIToolbox
0x0000000009208000 	/System/Library/Frameworks/QuartzCore.framework/Versions/A/QuartzCore
0x0000000009208000 	/System/Library/Frameworks/Carbon.framework/Versions/A/Frameworks/SpeechRecognition.framework/Versions/A/SpeechRecognition
0x0000000009208000 	/usr/lib/libauto.dylib
0x0000000009208000 	/usr/lib/libicucore.A.dylib
0x0000000009208000 	/usr/lib/libxml2.2.dylib
0x0000000009208000 	/System/Library/PrivateFrameworks/CoreUI.framework/Versions/A/CoreUI
0x0000000009208000 	/System/Library/Frameworks/CoreAudio.framework/Versions/A/CoreAudio
0x0000000009208000 	/System/Library/Frameworks/DiskArbitration.framework/Versions/A/DiskArbitration
0x0000000009208000 	/usr/lib/liblangid.dylib
0x0000000009208000 	/System/Library/PrivateFrameworks/MultitouchSupport.framework/Versions/A/MultitouchSupport
0x0000000009208000 	/System/Library/Frameworks/IOKit.framework/Versions/A/IOKit
0x0000000009208000 	/usr/lib/libDiagnosticMessagesClient.dylib
0x0000000009208000 	/System/Library/Frameworks/CoreServices.framework/Versions/A/CoreServices
0x0000000009208000 	/System/Library/PrivateFrameworks/PerformanceAnalysis.framework/Versions/A/PerformanceAnalysis
0x0000000009208000 	/System/Library/PrivateFrameworks/GenerationalStorage.framework/Versions/A/GenerationalStorage
0x0000000009208000 	/System/Library/Frameworks/OpenGL.framework/Versions/A/OpenGL
0x0000000009208000 	/System/Library/PrivateFrameworks/Sharing.framework/Versions/A/Sharing
0x0000000009208000 	/System/Library/Frameworks/ImageIO.framework/Versions/A/ImageIO
0x0000000009208000 	/System/Library/Frameworks/CoreText.framework/Versions/A/CoreText
0x0000000009208000 	/System/Library/Frameworks/CoreGraphics.framework/Versions/A/CoreGraphics
0x0000000009208000 	/System/Library/PrivateFrameworks/Backup.framework/Versions/A/Backup
0x0000000009208000 	/System/Library/Frameworks/CFNetwork.framework/Versions/A/CFNetwork
0x0000000009208000 	/System/Library/Frameworks/SystemConfiguration.framework/Versions/A/SystemConfiguration
0x0000000009208000 	/usr/lib/libCRFSuite.dylib
0x0000000009208000 	/usr/lib/libc++.1.dylib
0x0000000009208000 	/usr/lib/libc++abi.dylib
0x0000000009208000 	/usr/lib/system/libcache.dylib
0x0000000009208000 	/usr/lib/system/libcommonCrypto.dylib
0x0000000009208000 	/usr/lib/system/libcompiler_rt.dylib
0x0000000009208000 	/usr/lib/system/libcopyfile.dylib
0x0000000009208000 	/usr/lib/system/libcorecrypto.dylib
0x0000000009208000 	/usr/lib/system/libdispatch.dylib
0x0000000009208000 	/usr/lib/system/libdyld.dylib
0x0000000009208000 	/usr/lib/system/libkeymgr.dylib
0x0000000009208000 	/usr/lib/system/liblaunch.dylib
0x0000000009208000 	/usr/lib/system/libmacho.dylib
0x0000000009208000 	/usr/lib/system/libquarantine.dylib
0x0000000009208000 	/usr/lib/system/libremovefile.dylib
0x0000000009208000 	/usr/lib/system/libsystem_asl.dylib
0x0000000009208000 	/usr/lib/system/libsystem_blocks.dylib
0x0000000009208000 	/usr/lib/system/libsystem_c.dylib
0x0000000009208000 	/usr/lib/system/libsystem_configuration.dylib
0x0000000009208000 	/usr/lib/system/libsystem_dnssd.dylib
0x0000000009208000 	/usr/lib/system/libsystem_info.dylib
0x0000000009208000 	/usr/lib/system/libsystem_kernel.dylib
0x0000000009208000 	/usr/lib/system/libsystem_m.dylib
0x0000000009208000 	/usr/lib/system/libsystem_malloc.dylib
0x0000000009208000 	/usr/lib/system/libsystem_network.dylib
0x0000000009208000 	/usr/lib/system/libsystem_notify.dylib
0x0000000009208000 	/usr/lib/system/libsystem_platform.dylib
0x0000000009208000 	/usr/lib/system/libsystem_pthread.dylib
0x0000000009208000 	/usr/lib/system/libsystem_sandbox.dylib
0x0000000009208000 	/usr/lib/system/libsystem_stats.dylib
0x0000000009208000 	/usr/lib/system/libunc.dylib
0x0000000009208000 	/usr/lib/system/libunwind.dylib
0x0000000009208000 	/usr/lib/system/libxpc.dylib
0x0000000009208000 	/usr/lib/libbsm.0.dylib
0x0000000009208000 	/usr/lib/libsqlite3.dylib
0x0000000009208000 	/usr/lib/libxar.1.dylib
0x0000000009208000 	/usr/lib/libpam.2.dylib
0x0000000009208000 	/usr/lib/libOpenScriptingUtil.dylib
0x0000000009208000 	/usr/lib/libbz2.1.0.dylib
0x0000000009208000 	/System/Library/Frameworks/CoreServices.framework/Versions/A/Frameworks/CarbonCore.framework/Versions/A/CarbonCore
0x0000000009208000 	/System/Library/Frameworks/CoreServices.framework/Versions/A/Frameworks/Metadata.framework/Versions/A/Metadata
0x0000000009208000 	/System/Library/Frameworks/CoreServices.framework/Versions/A/Frameworks/OSServices.framework/Versions/A/OSServices
0x0000000009208000 	/System/Library/Frameworks/CoreServices.framework/Versions/A/Frameworks/SearchKit.framework/Versions/A/SearchKit
0x0000000009208000 	/System/Library/Frameworks/CoreServices.framework/Versions/A/Frameworks/AE.framework/Versions/A/AE
0x0000000009208000 	/System/Library/Frameworks/CoreServices.framework/Versions/A/Frameworks/LaunchServices.framework/Versions/A/LaunchServices
0x0000000009208000 	/System/Library/Frameworks/CoreServices.framework/Versions/A/Frameworks/DictionaryServices.framework/Versions/A/DictionaryServices
0x0000000009208000 	/System/Library/Frameworks/NetFS.framework/Versions/A/NetFS
0x0000000009208000 	/usr/lib/system/libkxld.dylib
0x0000000009208000 	/System/Library/PrivateFrameworks/NetAuth.framework/Versions/A/NetAuth
0x0000000009208000 	/System/Library/PrivateFrameworks/TCC.framework/Versions/A/TCC
0x0000000009208000 	/System/Library/Frameworks/OpenDirectory.framework/Versions/A/Frameworks/CFOpenDirectory.framework/Versions/A/CFOpenDirectory
0x0000000009208000 	/System/Library/Frameworks/ServiceManagement.framework/Versions/A/ServiceManagement
0x0000000009208000 	/usr/lib/libxslt.1.dylib
0x0000000009208000 	/System/Library/Frameworks/Carbon.framework/Versions/A/Frameworks/Ink.framework/Versions/A/Ink
0x0000000009208000 	/System/Library/Frameworks/ApplicationServices.framework/Versions/A/Frameworks/ATS.framework/Versions/A/ATS
0x0000000009208000 	/System/Library/Frameworks/ApplicationServices.framework/Versions/A/Frameworks/ColorSync.framework/Versions/A/ColorSync
0x0000000009208000 	/System/Library/Frameworks/ApplicationServices.framework/Versions/A/Frameworks/HIServices.framework/Versions/A/HIServices
0x0000000009208000 	/System/Library/Frameworks/ApplicationServices.framework/Versions/A/Frameworks/LangAnalysis.framework/Versions/A/LangAnalysis
0x0000000009208000 	/System/Library/Frameworks/ApplicationServices.framework/Versions/A/Frameworks/PrintCore.framework/Versions/A/PrintCore
0x0000000009208000 	/System/Library/Frameworks/ApplicationServices.framework/Versions/A/Frameworks/QD.framework/Versions/A/QD
0x0000000009208000 	/System/Library/Frameworks/ApplicationServices.framework/Versions/A/Frameworks/SpeechSynthesis.framework/Versions/A/SpeechSynthesis
0x0000000009208000 	/System/Library/Frameworks/IOSurface.framework/Versions/A/IOSurface
0x0000000009208000 	/System/Library/Frameworks/Accelerate.framework/Versions/A/Accelerate
0x0000000009208000 	/System/Library/Frameworks/Accelerate.framework/Versions/A/Frameworks/vImage.framework/Versions/A/vImage
0x0000000009208000 	/System/Library/Frameworks/Accelerate.framework/Versions/A/Frameworks/vecLib.framework/Versions/A/vecLib
0x0000000009208000 	/System/Library/Frameworks/Accelerate.framework/Versions/A/Frameworks/vecLib.framework/Versions/A/libvDSP.dylib
0x0000000009208000 	/System/Library/Frameworks/Accelerate.framework/Versions/A/Frameworks/vecLib.framework/Versions/A/libvMisc.dylib
0x0000000009208000 	/System/Library/Frameworks/Accelerate.framework/Versions/A/Frameworks/vecLib.framework/Versions/A/libLAPACK.dylib
0x0000000009208000 	/System/Library/Frameworks/Accelerate.framework/Versions/A/Frameworks/vecLib.framework/Versions/A/libBLAS.dylib
0x0000000009208000 	/System/Library/Frameworks/ApplicationServices.framework/Versions/A/Frameworks/ATS.framework/Versions/A/Resources/libFontParser.dylib
0x0000000009208000 	/System/Library/Frameworks/ApplicationServices.framework/Versions/A/Frameworks/ATS.framework/Versions/A/Resources/libFontRegistry.dylib
0x0000000009208000 	/System/Library/Frameworks/ImageIO.framework/Versions/A/Resources/libJPEG.dylib
0x0000000009208000 	/System/Library/Frameworks/ImageIO.framework/Versions/A/Resources/libTIFF.dylib
0x0000000009208000 	/System/Library/Frameworks/ImageIO.framework/Versions/A/Resources/libPng.dylib
0x0000000009208000 	/System/Library/Frameworks/ImageIO.framework/Versions/A/Resources/libGIF.dylib
0x0000000009208000 	/System/Library/Frameworks/ImageIO.framework/Versions/A/Resources/libJP2.dylib
0x0000000009208000 	/System/Library/Frameworks/ImageIO.framework/Versions/A/Resources/libRadiance.dylib
0x0000000009208000 	/usr/lib/libcups.2.dylib
0x0000000009208000 	/System/Library/Frameworks/Kerberos.framework/Versions/A/Kerberos
0x0000000009208000 	/System/Library/Frameworks/GSS.framework/Versions/A/GSS
0x0000000009208000 	/usr/lib/libresolv.9.dylib
0x0000000009208000 	/usr/lib/libiconv.2.dylib
0x0000000009208000 	/System/Library/PrivateFrameworks/Heimdal.framework/Versions/A/Heimdal
0x0000000009208000 	/System/Library/PrivateFrameworks/TrustEvaluationAgent.framework/Versions/A/TrustEvaluationAgent
0x0000000009208000 	/usr/lib/libheimdal-asn1.dylib
0x0000000009208000 	/System/Library/Frameworks/OpenDirectory.framework/Versions/A/OpenDirectory
0x0000000009208000 	/System/Library/PrivateFrameworks/CommonAuth.framework/Versions/A/CommonAuth
0x0000000009208000 	/System/Library/Frameworks/SecurityFoundation.framework/Versions/A/SecurityFoundation
0x0000000009208000 	/System/Library/PrivateFrameworks/Bom.framework/Versions/A/Bom
0x0000000009208000 	/System/Library/Frameworks/CoreVideo.framework/Versions/A/CoreVideo
0x0000000009208000 	/System/Library/Frameworks/QuartzCore.framework/Versions/A/Frameworks/CoreImage.framework/Versions/A/CoreImage
0x0000000009208000 	/System/Library/Frameworks/QuartzCore.framework/Versions/A/Frameworks/ScalableUserInterface.framework/Versions/A/ScalableUserInterface
0x0000000009208000 	/System/Library/Frameworks/OpenGL.framework/Versions/A/Libraries/libGLU.dylib
0x0000000009208000 	/System/Library/Frameworks/OpenGL.framework/Versions/A/Libraries/libGFXShared.dylib
0x0000000009208000 	/System/Library/Frameworks/OpenGL.framework/Versions/A/Libraries/libGL.dylib
0x0000000009208000 	/System/Library/Frameworks/OpenGL.framework/Versions/A/Libraries/libGLImage.dylib
0x0000000009208000 	/System/Library/Frameworks/OpenGL.framework/Versions/A/Libraries/libCVMSPluginSupport.dylib
0x0000000009208000 	/System/Library/Frameworks/OpenGL.framework/Versions/A/Libraries/libCoreVMClient.dylib
0x0000000009208000 	/System/Library/PrivateFrameworks/FaceCore.framework/Versions/A/FaceCore
0x0000000009208000 	/System/Library/PrivateFrameworks/CrashReporterSupport.framework/Versions/A/CrashReporterSupport
0x0000000009208000 	/System/Library/Frameworks/OpenCL.framework/Versions/A/OpenCL
0x0000000009208000 	/System/Library/PrivateFrameworks/AppleFSCompression.framework/Versions/A/AppleFSCompression
0x0000000009208000 	/System/Library/PrivateFrameworks/Ubiquity.framework/Versions/A/Ubiquity
0x0000000009208000 	/System/Library/PrivateFrameworks/IconServices.framework/Versions/A/IconServices
0x0000000009208000 	/System/Library/PrivateFrameworks/ChunkingLibrary.framework/Versions/A/ChunkingLibrary
0x0000000009208000 	/System/Library/PrivateFrameworks/CoreSymbolication.framework/Versions/A/CoreSymbolication
0x0000000009208000 	/System/Library/PrivateFrameworks/Symbolication.framework/Versions/A/Symbolication
0x0000000009208000 	/System/Library/PrivateFrameworks/DebugSymbols.framework/Versions/A/DebugSymbols
0x0000000108600000 	/Library/Java/JavaVirtualMachines/jdk1.8.0_05.jdk/Contents/Home/jre/lib/server/libjvm.dylib
0x0000000009208000 	/usr/lib/libstdc++.6.dylib
0x0000000107551000 	/Library/Java/JavaVirtualMachines/jdk1.8.0_05.jdk/Contents/Home/jre/lib/libverify.dylib
0x000000010755f000 	/Library/Java/JavaVirtualMachines/jdk1.8.0_05.jdk/Contents/Home/jre/lib/libjava.dylib
0x000000010759d000 	/Library/Java/JavaVirtualMachines/jdk1.8.0_05.jdk/Contents/Home/jre/lib/libzip.dylib
0x0000000125146000 	/System/Library/Frameworks/JavaVM.framework/Frameworks/JavaRuntimeSupport.framework/JavaRuntimeSupport
0x000000012515e000 	/System/Library/Frameworks/JavaVM.framework/Versions/A/Frameworks/JavaNativeFoundation.framework/Versions/A/JavaNativeFoundation
0x0000000125173000 	/System/Library/Frameworks/JavaVM.framework/Versions/A/JavaVM
0x0000000009208000 	/System/Library/Frameworks/Carbon.framework/Versions/A/Carbon
0x0000000125180000 	/System/Library/PrivateFrameworks/JavaLaunching.framework/Versions/A/JavaLaunching
0x0000000009208000 	/System/Library/Frameworks/Carbon.framework/Versions/A/Frameworks/CommonPanels.framework/Versions/A/CommonPanels
0x0000000009208000 	/System/Library/Frameworks/Carbon.framework/Versions/A/Frameworks/Help.framework/Versions/A/Help
0x0000000009208000 	/System/Library/Frameworks/Carbon.framework/Versions/A/Frameworks/ImageCapture.framework/Versions/A/ImageCapture
0x0000000009208000 	/System/Library/Frameworks/Carbon.framework/Versions/A/Frameworks/OpenScripting.framework/Versions/A/OpenScripting
0x0000000009208000 	/System/Library/Frameworks/Carbon.framework/Versions/A/Frameworks/Print.framework/Versions/A/Print
0x0000000009208000 	/System/Library/Frameworks/Carbon.framework/Versions/A/Frameworks/SecurityHI.framework/Versions/A/SecurityHI
0x0000000125b94000 	/Library/Java/JavaVirtualMachines/jdk1.8.0_05.jdk/Contents/Home/jre/lib/libprism_es2.dylib
0x0000000009208000 	/System/Library/Frameworks/OpenGL.framework/Versions/A/Resources/GLEngine.bundle/GLEngine
0x0000000009208000 	/System/Library/Frameworks/OpenGL.framework/Versions/A/Libraries/libGLProgrammability.dylib
0x0000000000000000 	/System/Library/Extensions/AppleIntelHD5000GraphicsGLDriver.bundle/Contents/MacOS/AppleIntelHD5000GraphicsGLDriver
0x0000000009208000 	/System/Library/PrivateFrameworks/IOAccelerator.framework/Versions/A/IOAccelerator
0x0000000009208000 	/System/Library/PrivateFrameworks/GPUSupport.framework/Versions/A/Libraries/libGPUSupportMercury.dylib
0x0000000000000000 	/System/Library/Extensions/GeForceGLDriver.bundle/Contents/MacOS/GeForceGLDriver
0x0000000009208000 	/System/Library/Extensions/GeForceGLDriver.bundle/Contents/MacOS/libclh.dylib
0x0000000009208000 	/System/Library/Frameworks/OpenGL.framework/Versions/A/Resources/GLRendererFloat.bundle/GLRendererFloat
0x0000000009208000 	/System/Library/Frameworks/OpenCL.framework/Versions/A/Libraries/libcldcpuengine.dylib
0x0000000009208000 	/System/Library/PrivateFrameworks/DiskImages.framework/Versions/A/DiskImages
0x0000000009208000 	/System/Library/Frameworks/DiscRecording.framework/Versions/A/DiscRecording
0x0000000009208000 	/usr/lib/libcsfde.dylib
0x0000000009208000 	/usr/lib/libcurl.4.dylib
0x0000000009208000 	/System/Library/PrivateFrameworks/MediaKit.framework/Versions/A/MediaKit
0x0000000009208000 	/usr/lib/libCoreStorage.dylib
0x0000000009208000 	/System/Library/PrivateFrameworks/EFILogin.framework/Versions/A/EFILogin
0x0000000009208000 	/usr/lib/libutil.dylib
0x0000000009208000 	/System/Library/PrivateFrameworks/AOSNotification.framework/Versions/A/AOSNotification
0x0000000009208000 	/System/Library/Frameworks/LDAP.framework/Versions/A/LDAP
0x0000000009208000 	/usr/lib/libsasl2.2.dylib
0x0000000009208000 	/usr/lib/libcrypto.0.9.8.dylib
0x0000000009208000 	/usr/lib/libssl.0.9.8.dylib
0x0000000126665000 	/Library/Java/JavaVirtualMachines/jdk1.8.0_05.jdk/Contents/Home/jre/lib/libglass.dylib
0x0000000009208000 	/System/Library/PrivateFrameworks/CoreServicesInternal.framework/Versions/A/CoreServicesInternal
0x0000000009208000 	/System/Library/PrivateFrameworks/Librarian.framework/Versions/A/Librarian
0x00000001282e6000 	/System/Library/CoreServices/RawCamera.bundle/Contents/MacOS/RawCamera
0x0000000009208000 	/System/Library/Frameworks/CoreGraphics.framework/Versions/A/Resources/libCGCMS.A.dylib
0x0000000009208000 	/System/Library/Frameworks/CoreGraphics.framework/Versions/A/Resources/libRIP.A.dylib
0x0000000009208000 	/System/Library/PrivateFrameworks/FamilyControls.framework/Versions/A/FamilyControls
0x0000000009208000 	/System/Library/PrivateFrameworks/CommerceKit.framework/Versions/A/Frameworks/CommerceCore.framework/Versions/A/CommerceCore
0x0000000009208000 	/System/Library/PrivateFrameworks/SystemAdministration.framework/Versions/A/SystemAdministration
0x0000000009208000 	/System/Library/Frameworks/DirectoryService.framework/Versions/A/DirectoryService
0x0000000009208000 	/System/Library/PrivateFrameworks/LoginUIKit.framework/Versions/A/Frameworks/LoginUICore.framework/Versions/A/LoginUICore
0x0000000009208000 	/usr/lib/libodfde.dylib
0x000000012b0a7000 	/Library/Java/JavaVirtualMachines/jdk1.8.0_05.jdk/Contents/Home/jre/lib/libnet.dylib
0x000000012b105000 	/Library/Java/JavaVirtualMachines/jdk1.8.0_05.jdk/Contents/Home/jre/lib/libnio.dylib
0x000000012b115000 	/private/var/folders/6_/dwl33j_96fx59rqzfyy775dm0000gn/T/jogamp_0000/file_cache/jln6150286555981838333/jln1737026865774581628/libgluegen-rt.jnilib
0x000000012b11a000 	/private/var/folders/6_/dwl33j_96fx59rqzfyy775dm0000gn/T/jogamp_0000/file_cache/jln6150286555981838333/jln1737026865774581628/libjocl.dylib
0x000000012d938000 	/Library/Java/JavaVirtualMachines/jdk1.8.0_05.jdk/Contents/Home/jre/lib/libjavafx_font.dylib
0x0000000009208000 	/System/Library/Frameworks/CoreGraphics.framework/Versions/A/Resources/libCGXType.A.dylib
0x0000000127e70000 	/Library/Java/JavaVirtualMachines/jdk1.8.0_05.jdk/Contents/Home/jre/lib/libawt.dylib
0x000000012e0b6000 	/Library/Java/JavaVirtualMachines/jdk1.8.0_05.jdk/Contents/Home/jre/lib/./libmlib_image.dylib
0x000000012e182000 	/Library/Java/JavaVirtualMachines/jdk1.8.0_05.jdk/Contents/Home/jre/lib/libawt_lwawt.dylib
0x0000000127f1f000 	/Library/Java/JavaVirtualMachines/jdk1.8.0_05.jdk/Contents/Home/jre/lib/./libosxapp.dylib
0x0000000009208000 	/System/Library/Frameworks/ExceptionHandling.framework/Versions/A/ExceptionHandling
0x0000000127f3b000 	/Library/Java/JavaVirtualMachines/jdk1.8.0_05.jdk/Contents/Home/jre/lib/libjpeg.dylib
0x000000012db1a000 	/Library/Java/JavaVirtualMachines/jdk1.8.0_05.jdk/Contents/Home/jre/lib/libfontmanager.dylib
0x00000001321f2000 	cl_kernels
0x00000001321f5000 	/System/Library/Frameworks/OpenCL.framework/Versions/A/Libraries/ImageFormats/unorm8_bgra.dylib
0x00000001321e3000 	cl_kernels
0x00000001321e9000 	cl_kernels
0x00000001325bc000 	cl_kernels
0x00000001325bf000 	/System/Library/Frameworks/OpenCL.framework/Versions/A/Libraries/ImageFormats/unorm8_argb.dylib
0x000000012b54c000 	/Library/Java/JavaVirtualMachines/jdk1.8.0_05.jdk/Contents/Home/jre/lib/libprism_common.dylib

VM Arguments:
java_command: berlin.iconn.rbm.main.FXMain
java_class_path (initial): /Users/Radek/git/rbmtools/target/classes:/Users/Radek/.m2/repository/junit/junit/3.8.1/junit-3.8.1.jar:/Users/Radek/.m2/repository/org/apache/commons/commons-lang3/3.3.1/commons-lang3-3.3.1.jar:/Users/Radek/.m2/repository/org/jblas/WorkingJBlas/1.2.3/WorkingJBlas-1.2.3.jar:/Users/Radek/.m2/repository/net/sf/trove4j/trove4j/3.0.3/trove4j-3.0.3.jar:/Users/Radek/.m2/repository/gluegen/gluegen-rt/1.0/gluegen-rt-1.0.jar:/Users/Radek/.m2/repository/gluegen/gluegen-rt-natives-linux-amd64/1.0/gluegen-rt-natives-linux-amd64-1.0.jar:/Users/Radek/.m2/repository/gluegen/gluegen-rt-natives-macosx-universal/1.0/gluegen-rt-natives-macosx-universal-1.0.jar:/Users/Radek/.m2/repository/gluegen/gluegen-rt-natives-windows-amd64/1.0/gluegen-rt-natives-windows-amd64-1.0.jar:/Users/Radek/.m2/repository/jocl/jocl/1.0/jocl-1.0.jar:/Users/Radek/.m2/repository/jocl/jocl-natives-linux-amd64/1.0/jocl-natives-linux-amd64-1.0.jar:/Users/Radek/.m2/repository/jocl/jocl-natives-macosx-universal/1.0/jocl-natives-macosx-universal-1.0.jar:/Users/Radek/.m2/repository/jocl/jocl-natives-windows-amd64/1.0/jocl-natives-windows-amd64-1.0.jar
Launcher Type: SUN_STANDARD

Environment Variables:
JAVA_HOME=/Library/Java/JavaVirtualMachines/jdk1.8.0_05.jdk/Contents/Home
PATH=/usr/bin:/bin:/usr/sbin:/sbin
LD_LIBRARY_PATH=/Library/Java/JavaVirtualMachines/jdk1.8.0_05.jdk/Contents/Home/jre/lib/amd64:/Library/Java/JavaVirtualMachines/jdk1.8.0_05.jdk/Contents/Home/jre/lib/i386:
SHELL=/bin/bash
DISPLAY=/tmp/launch-nJukxd/org.macosforge.xquartz:0
DYLD_LIBRARY_PATH=/Applications/NetBeans/NetBeans 8.0.app/Contents/Resources/NetBeans/webcommon/bin:

Signal Handlers:
SIGSEGV: [libjvm.dylib+0x55f7df], sa_mask[0]=0xfffefeff, sa_flags=0x00000043
SIGBUS: [libjvm.dylib+0x55f7df], sa_mask[0]=0xfffefeff, sa_flags=0x00000042
SIGFPE: [libjvm.dylib+0x442cfa], sa_mask[0]=0xfffefeff, sa_flags=0x00000042
SIGPIPE: [libjvm.dylib+0x442cfa], sa_mask[0]=0xfffefeff, sa_flags=0x00000042
SIGXFSZ: [libjvm.dylib+0x442cfa], sa_mask[0]=0xfffefeff, sa_flags=0x00000042
SIGILL: [libjvm.dylib+0x442cfa], sa_mask[0]=0xfffefeff, sa_flags=0x00000042
SIGUSR1: SIG_DFL, sa_mask[0]=0x00000000, sa_flags=0x00000002
SIGUSR2: [libjvm.dylib+0x442818], sa_mask[0]=0x00000004, sa_flags=0x00000042
SIGHUP: [libjvm.dylib+0x440ba5], sa_mask[0]=0xfffefeff, sa_flags=0x00000042
SIGINT: SIG_IGN, sa_mask[0]=0x00000000, sa_flags=0x00000000
SIGTERM: [libjvm.dylib+0x440ba5], sa_mask[0]=0xfffefeff, sa_flags=0x00000042
SIGQUIT: [libjvm.dylib+0x440ba5], sa_mask[0]=0xfffefeff, sa_flags=0x00000042


---------------  S Y S T E M  ---------------

OS:Bsduname:Darwin 13.1.0 Darwin Kernel Version 13.1.0: Wed Apr  2 23:52:02 PDT 2014; root:xnu-2422.92.1~2/RELEASE_X86_64 x86_64
rlimit: STACK 8192k, CORE 0k, NPROC 709, NOFILE 10240, AS infinity
load average:1.41 1.53 2.06

CPU:total 8 (4 cores per cpu, 2 threads per core) family 6 model 70 stepping 1, cmov, cx8, fxsr, mmx, sse, sse2, sse3, ssse3, sse4.1, sse4.2, popcnt, avx, avx2, aes, clmul, erms, ht, tsc, tscinvbit

Memory: 4k page, physical 16777216k(1457220k free)

/proc/meminfo:


vm_info: Java HotSpot(TM) 64-Bit Server VM (25.5-b02) for bsd-amd64 JRE (1.8.0_05-b13), built on Mar 18 2014 00:36:13 by "java_re" with gcc 4.2.1 (Based on Apple Inc. build 5658) (LLVM build 2336.11.00)

time: Wed May 21 23:21:38 2014
elapsed time: 5 seconds

