#
# A fatal error has been detected by the Java Runtime Environment:
#
#  SIGSEGV (0xb) at pc=0x00007fff96147a13, pid=90802, tid=3335
#
# JRE version: Java(TM) SE Runtime Environment (8.0_05-b13) (build 1.8.0_05-b13)
# Java VM: Java HotSpot(TM) 64-Bit Server VM (25.5-b02 mixed mode bsd-amd64 compressed oops)
# Problematic frame:
# C  [libc++abi.dylib+0x25a13]  __dynamic_cast+0x29
#
# Failed to write core dump. Core dumps have been disabled. To enable core dumping, try "ulimit -c unlimited" before starting Java again
#
# If you would like to submit a bug report, please visit:
#   http://bugreport.sun.com/bugreport/crash.jsp
# The crash happened outside the Java Virtual Machine in native code.
# See problematic frame for where to report the bug.
#

---------------  T H R E A D  ---------------

Current thread (0x00007f9b9c88a800):  JavaThread "JavaFX Application Thread" [_thread_in_native, id=3335, stack(0x00007fff5bb0f000,0x00007fff5c30f000)]

siginfo:si_signo=SIGSEGV: si_errno=0, si_code=0 (SEGV0), si_addr=0x0000000000000000

Registers:
RAX=0x5000000000000000, RBX=0x00007fff7a534c10, RCX=0xffffffffffffffff, RDX=0x00007fff7a534c10
RSP=0x00007fff5c307a40, RBP=0x00007fff5c307ae0, RSI=0x00007fff7a539640, RDI=0x00007f9ba1c558b0
R8 =0x000000076b9d4e40, R9 =0x00007fff8e7ec788, R10=0x000000076b9d4e40, R11=0x0000000000000000
R12=0x0000000000000000, R13=0x000000076b9d4e40, R14=0x00007f9ba1c558b0, R15=0x00007fff5c307b50
RIP=0x00007fff96147a13, EFLAGS=0x0000000000010202, ERR=0x0000000000000000
  TRAPNO=0x000000000000000d

Top of Stack: (sp=0x00007fff5c307a40)
0x00007fff5c307a40:   00007fff5c307d30 00000001329c87c8
0x00007fff5c307a50:   00007f9ba1c558b0 00007fff7a539640
0x00007fff5c307a60:   ffffffffffffffff 00007fff5c307ab0
0x00007fff5c307a70:   00007fff5c307ab0 00007fff5c307d98
0x00007fff5c307a80:   00007fff5c307aa0 0000000104ec8c63
0x00007fff5c307a90:   00007fff5c307ac0 00007fff5c307ab0
0x00007fff5c307aa0:   00007fff5c307ae0 0000000104e1eab5
0x00007fff5c307ab0:   00007fff5c307b00 00007f9ba1c558b0
0x00007fff5c307ac0:   0000000000000000 000000076b9d4e40
0x00007fff5c307ad0:   00007f9ba1c558b0 00007fff5c307b50
0x00007fff5c307ae0:   00007fff5c307b00 00007fff8e7e5388
0x00007fff5c307af0:   0000000000000000 00007f9ba1c558b0
0x00007fff5c307b00:   00007fff5c307b30 00007fff8e7e65ca
0x00007fff5c307b10:   00007f9ba1c558b0 0000000000000001
0x00007fff5c307b20:   0000000000000000 0000000000000000
0x00007fff5c307b30:   00007fff5c307b80 00007fff8e7ec7b8
0x00007fff5c307b40:   00007f9b0000000b 00007fff5c307d20
0x00007fff5c307b50:   0000000000000001 00007fff5c307d48
0x00007fff5c307b60:   0000000000000000 00000001329c87c8
0x00007fff5c307b70:   00007fff5c307d01 0000000000000000
0x00007fff5c307b80:   00007fff5c307c40 0000000125236121
0x00007fff5c307b90:   00000000329c87c8 00007fff8e7ec788
0x00007fff5c307ba0:   000000076b9d4e40 00000001329c87c8
0x00007fff5c307bb0:   00007fff5c307d98 000000076b9d4e40
0x00007fff5c307bc0:   0000000000000000 00007fff8e7ec788
0x00007fff5c307bd0:   00007fff8e7ec788 0000000000307d98
0x00007fff5c307be0:   00007fff5c307d48 0000000001000001
0x00007fff5c307bf0:   0000000000000000 0000000000000000
0x00007fff5c307c00:   0000000000000001 00007f9ba1c558b0
0x00007fff5c307c10:   00007fff5c307d98 00007f9b9c88a9e0
0x00007fff5c307c20:   00000001329c87c8 0000000000000000
0x00007fff5c307c30:   00007fff5c307d98 00007f9b9c88a800 

Instructions: (pc=0x00007fff96147a13)
0x00007fff961479f3:   55 41 54 53 48 83 ec 78 48 89 4d 80 48 89 d3 48
0x00007fff96147a03:   89 b5 78 ff ff ff 48 89 bd 70 ff ff ff 48 8b 07
0x00007fff96147a13:   48 8b 50 f0 48 01 fa 48 89 95 68 ff ff ff 4c 8b
0x00007fff96147a23:   78 f8 48 89 5d 88 48 89 7d 90 48 89 75 98 48 89 

Register to memory mapping:

RAX=0x5000000000000000 is an unknown value
RBX=0x00007fff7a534c10: <offset 0xebd5bc10> in /System/Library/Frameworks/OpenCL.framework/Versions/A/OpenCL at 0x00007fff8e7d9000
RCX=0xffffffffffffffff is an unknown value
RDX=0x00007fff7a534c10: <offset 0xebd5bc10> in /System/Library/Frameworks/OpenCL.framework/Versions/A/OpenCL at 0x00007fff8e7d9000
RSP=0x00007fff5c307a40 is pointing into the stack for thread: 0x00007f9b9c88a800
RBP=0x00007fff5c307ae0 is pointing into the stack for thread: 0x00007f9b9c88a800
RSI=0x00007fff7a539640: <offset 0xebd60640> in /System/Library/Frameworks/OpenCL.framework/Versions/A/OpenCL at 0x00007fff8e7d9000
RDI=0x00007f9ba1c558b0 is an unknown value
R8 =0x000000076b9d4e40 is an oop

[error occurred during error reporting (printing register info), id 0xb]

Stack: [0x00007fff5bb0f000,0x00007fff5c30f000],  sp=0x00007fff5c307a40,  free space=8162k
Native frames: (J=compiled Java code, j=interpreted, Vv=VM code, C=native code)
C  [libc++abi.dylib+0x25a13]  __dynamic_cast+0x29
C  [OpenCL+0xc388]  clLogMessagesToStderrAPPLE+0x1ac
C  [OpenCL+0xd5ca]  clGetExtensionFunctionAddressForPlatform+0x866
C  [OpenCL+0x137b8]  clCreateBuffer+0x30
C  [libjocl.dylib+0x2121]  Java_com_jogamp_opencl_llb_impl_CLAbstractImpl_dispatch_1clCreateBuffer1__JJJLjava_lang_Object_2IZLjava_lang_Object_2IZJ+0x1b1
j  com.jogamp.opencl.llb.impl.CLAbstractImpl.dispatch_clCreateBuffer1(JJJLjava/lang/Object;IZLjava/lang/Object;IZJ)J+0
j  com.jogamp.opencl.llb.impl.CLAbstractImpl.clCreateBuffer(JJJLjava/nio/Buffer;[II)J+138
j  com.jogamp.opencl.CLBuffer.create(Lcom/jogamp/opencl/CLContext;Ljava/nio/Buffer;I)Lcom/jogamp/opencl/CLBuffer;+68
j  com.jogamp.opencl.CLContext.createBuffer(Ljava/nio/Buffer;I)Lcom/jogamp/opencl/CLBuffer;+3
j  com.jogamp.opencl.CLContext.createBuffer(Ljava/nio/Buffer;[Lcom/jogamp/opencl/CLMemory$Mem;)Lcom/jogamp/opencl/CLBuffer;+6
j  com.jogamp.opencl.CLContext.createFloatBuffer(I[Lcom/jogamp/opencl/CLMemory$Mem;)Lcom/jogamp/opencl/CLBuffer;+6
j  berlin.iconn.rbm.cl.CLFloatMatrix.<init>(II[F)V+69
j  berlin.iconn.rbm.cl.CLFloatMatrix.<init>(II)V+8
j  berlin.iconn.rbm.rbm.RBMCL.getHidden([[FZ)[[F+12
j  berlin.iconn.rbm.rbm.RBMTrainer.getHiddenSingleRBM(Lberlin/iconn/rbm/settings/RBMSettingsController;[[FZ)[[F+21
j  berlin.iconn.rbm.rbm.RBMTrainer.getHiddenSingleRBM(Lberlin/iconn/rbm/settings/RBMSettingsController;[[F)[[F+23
j  berlin.iconn.rbm.rbm.RBMTrainer.updateRBMs(Lberlin/iconn/rbm/main/BenchmarkModel;)V+155
j  berlin.iconn.rbm.rbm.RBMTrainer.trainAllRBMs(Lberlin/iconn/rbm/main/BenchmarkModel;)V+19
j  berlin.iconn.rbm.main.BenchmarkModel.trainRBMs()V+5
j  berlin.iconn.rbm.main.BenchmarkController.btn_trainAllAction(Ljavafx/event/ActionEvent;)V+4
v  ~StubRoutines::call_stub
V  [libjvm.dylib+0x2c5186]  JavaCalls::call_helper(JavaValue*, methodHandle*, JavaCallArguments*, Thread*)+0x6ae
V  [libjvm.dylib+0x489f3c]  Reflection::invoke(instanceKlassHandle, methodHandle, Handle, bool, objArrayHandle, BasicType, objArrayHandle, bool, Thread*)+0xdf8
V  [libjvm.dylib+0x48a454]  Reflection::invoke_method(oopDesc*, Handle, objArrayHandle, Thread*)+0x16c
V  [libjvm.dylib+0x312600]  JVM_InvokeMethod+0x166
J 712  sun.reflect.NativeMethodAccessorImpl.invoke0(Ljava/lang/reflect/Method;Ljava/lang/Object;[Ljava/lang/Object;)Ljava/lang/Object; (0 bytes) @ 0x0000000105d5596d [0x0000000105d55880+0xed]
J 711 C1 sun.reflect.NativeMethodAccessorImpl.invoke(Ljava/lang/Object;[Ljava/lang/Object;)Ljava/lang/Object; (104 bytes) @ 0x0000000105d5a38c [0x0000000105d591c0+0x11cc]
J 645 C1 sun.reflect.DelegatingMethodAccessorImpl.invoke(Ljava/lang/Object;[Ljava/lang/Object;)Ljava/lang/Object; (10 bytes) @ 0x0000000105d210a4 [0x0000000105d20f80+0x124]
J 644 C1 java.lang.reflect.Method.invoke(Ljava/lang/Object;[Ljava/lang/Object;)Ljava/lang/Object; (62 bytes) @ 0x0000000105d217e4 [0x0000000105d21440+0x3a4]
J 720 C1 sun.reflect.GeneratedMethodAccessor1.invoke(Ljava/lang/Object;[Ljava/lang/Object;)Ljava/lang/Object; (65 bytes) @ 0x0000000105d5c8a4 [0x0000000105d5c4e0+0x3c4]
J 645 C1 sun.reflect.DelegatingMethodAccessorImpl.invoke(Ljava/lang/Object;[Ljava/lang/Object;)Ljava/lang/Object; (10 bytes) @ 0x0000000105d210a4 [0x0000000105d20f80+0x124]
J 644 C1 java.lang.reflect.Method.invoke(Ljava/lang/Object;[Ljava/lang/Object;)Ljava/lang/Object; (62 bytes) @ 0x0000000105d217e4 [0x0000000105d21440+0x3a4]
J 714 C1 sun.reflect.misc.MethodUtil.invoke(Ljava/lang/reflect/Method;Ljava/lang/Object;[Ljava/lang/Object;)Ljava/lang/Object; (111 bytes) @ 0x0000000105d5fcc4 [0x0000000105d5f7e0+0x4e4]
j  javafx.fxml.FXMLLoader$MethodHandler.invoke([Ljava/lang/Object;)V+19
j  javafx.fxml.FXMLLoader$ControllerMethodEventHandler.handle(Ljavafx/event/Event;)V+12
j  com.sun.javafx.event.CompositeEventHandler.dispatchBubblingEvent(Ljavafx/event/Event;)V+51
J 2121 C1 com.sun.javafx.event.EventHandlerManager.dispatchBubblingEvent(Ljavafx/event/EventType;Ljavafx/event/Event;)Ljavafx/event/Event; (34 bytes) @ 0x000000010612cc8c [0x000000010612c780+0x50c]
j  com.sun.javafx.event.EventHandlerManager.dispatchBubblingEvent(Ljavafx/event/Event;)Ljavafx/event/Event;+8
j  com.sun.javafx.event.CompositeEventDispatcher.dispatchBubblingEvent(Ljavafx/event/Event;)Ljavafx/event/Event;+11
J 2197 C1 com.sun.javafx.event.BasicEventDispatcher.dispatchEvent(Ljavafx/event/Event;Ljavafx/event/EventDispatchChain;)Ljavafx/event/Event; (44 bytes) @ 0x0000000106166d5c [0x0000000106166a80+0x2dc]
J 2301 C1 com.sun.javafx.event.EventDispatchChainImpl.dispatchEvent(Ljavafx/event/Event;)Ljavafx/event/Event; (101 bytes) @ 0x00000001061aa3fc [0x00000001061aa240+0x1bc]
J 2197 C1 com.sun.javafx.event.BasicEventDispatcher.dispatchEvent(Ljavafx/event/Event;Ljavafx/event/EventDispatchChain;)Ljavafx/event/Event; (44 bytes) @ 0x0000000106166c6c [0x0000000106166a80+0x1ec]
J 2301 C1 com.sun.javafx.event.EventDispatchChainImpl.dispatchEvent(Ljavafx/event/Event;)Ljavafx/event/Event; (101 bytes) @ 0x00000001061aa3fc [0x00000001061aa240+0x1bc]
J 2197 C1 com.sun.javafx.event.BasicEventDispatcher.dispatchEvent(Ljavafx/event/Event;Ljavafx/event/EventDispatchChain;)Ljavafx/event/Event; (44 bytes) @ 0x0000000106166c6c [0x0000000106166a80+0x1ec]
J 2301 C1 com.sun.javafx.event.EventDispatchChainImpl.dispatchEvent(Ljavafx/event/Event;)Ljavafx/event/Event; (101 bytes) @ 0x00000001061aa3fc [0x00000001061aa240+0x1bc]
J 2197 C1 com.sun.javafx.event.BasicEventDispatcher.dispatchEvent(Ljavafx/event/Event;Ljavafx/event/EventDispatchChain;)Ljavafx/event/Event; (44 bytes) @ 0x0000000106166c6c [0x0000000106166a80+0x1ec]
J 2301 C1 com.sun.javafx.event.EventDispatchChainImpl.dispatchEvent(Ljavafx/event/Event;)Ljavafx/event/Event; (101 bytes) @ 0x00000001061aa3fc [0x00000001061aa240+0x1bc]
J 2197 C1 com.sun.javafx.event.BasicEventDispatcher.dispatchEvent(Ljavafx/event/Event;Ljavafx/event/EventDispatchChain;)Ljavafx/event/Event; (44 bytes) @ 0x0000000106166c6c [0x0000000106166a80+0x1ec]
J 2301 C1 com.sun.javafx.event.EventDispatchChainImpl.dispatchEvent(Ljavafx/event/Event;)Ljavafx/event/Event; (101 bytes) @ 0x00000001061aa3fc [0x00000001061aa240+0x1bc]
J 2197 C1 com.sun.javafx.event.BasicEventDispatcher.dispatchEvent(Ljavafx/event/Event;Ljavafx/event/EventDispatchChain;)Ljavafx/event/Event; (44 bytes) @ 0x0000000106166c6c [0x0000000106166a80+0x1ec]
J 2301 C1 com.sun.javafx.event.EventDispatchChainImpl.dispatchEvent(Ljavafx/event/Event;)Ljavafx/event/Event; (101 bytes) @ 0x00000001061aa3fc [0x00000001061aa240+0x1bc]
j  com.sun.javafx.event.EventUtil.fireEventImpl(Ljavafx/event/EventDispatchChain;Ljavafx/event/EventTarget;Ljavafx/event/Event;)Ljavafx/event/Event;+10
j  com.sun.javafx.event.EventUtil.fireEvent(Ljavafx/event/EventTarget;Ljavafx/event/Event;)Ljavafx/event/Event;+37
j  javafx.event.Event.fireEvent(Ljavafx/event/EventTarget;Ljavafx/event/Event;)V+30
j  javafx.scene.Node.fireEvent(Ljavafx/event/Event;)V+86
j  javafx.scene.control.Button.fire()V+15
j  com.sun.javafx.scene.control.behavior.ButtonBehavior.mouseReleased(Ljavafx/scene/input/MouseEvent;)V+23
j  com.sun.javafx.scene.control.skin.BehaviorSkinBase$1.handle(Ljavafx/scene/input/MouseEvent;)V+83
j  com.sun.javafx.scene.control.skin.BehaviorSkinBase$1.handle(Ljavafx/event/Event;)V+5
j  com.sun.javafx.event.CompositeEventHandler$NormalEventHandlerRecord.handleBubblingEvent(Ljavafx/event/Event;)V+5
j  com.sun.javafx.event.CompositeEventHandler.dispatchBubblingEvent(Ljavafx/event/Event;)V+28
J 2121 C1 com.sun.javafx.event.EventHandlerManager.dispatchBubblingEvent(Ljavafx/event/EventType;Ljavafx/event/Event;)Ljavafx/event/Event; (34 bytes) @ 0x000000010612cc8c [0x000000010612c780+0x50c]
j  com.sun.javafx.event.EventHandlerManager.dispatchBubblingEvent(Ljavafx/event/Event;)Ljavafx/event/Event;+8
j  com.sun.javafx.event.CompositeEventDispatcher.dispatchBubblingEvent(Ljavafx/event/Event;)Ljavafx/event/Event;+11
J 2197 C1 com.sun.javafx.event.BasicEventDispatcher.dispatchEvent(Ljavafx/event/Event;Ljavafx/event/EventDispatchChain;)Ljavafx/event/Event; (44 bytes) @ 0x0000000106166d5c [0x0000000106166a80+0x2dc]
J 2301 C1 com.sun.javafx.event.EventDispatchChainImpl.dispatchEvent(Ljavafx/event/Event;)Ljavafx/event/Event; (101 bytes) @ 0x00000001061aa3fc [0x00000001061aa240+0x1bc]
J 2197 C1 com.sun.javafx.event.BasicEventDispatcher.dispatchEvent(Ljavafx/event/Event;Ljavafx/event/EventDispatchChain;)Ljavafx/event/Event; (44 bytes) @ 0x0000000106166c6c [0x0000000106166a80+0x1ec]
J 2301 C1 com.sun.javafx.event.EventDispatchChainImpl.dispatchEvent(Ljavafx/event/Event;)Ljavafx/event/Event; (101 bytes) @ 0x00000001061aa3fc [0x00000001061aa240+0x1bc]
J 2197 C1 com.sun.javafx.event.BasicEventDispatcher.dispatchEvent(Ljavafx/event/Event;Ljavafx/event/EventDispatchChain;)Ljavafx/event/Event; (44 bytes) @ 0x0000000106166c6c [0x0000000106166a80+0x1ec]
J 2301 C1 com.sun.javafx.event.EventDispatchChainImpl.dispatchEvent(Ljavafx/event/Event;)Ljavafx/event/Event; (101 bytes) @ 0x00000001061aa3fc [0x00000001061aa240+0x1bc]
J 2197 C1 com.sun.javafx.event.BasicEventDispatcher.dispatchEvent(Ljavafx/event/Event;Ljavafx/event/EventDispatchChain;)Ljavafx/event/Event; (44 bytes) @ 0x0000000106166c6c [0x0000000106166a80+0x1ec]
J 2301 C1 com.sun.javafx.event.EventDispatchChainImpl.dispatchEvent(Ljavafx/event/Event;)Ljavafx/event/Event; (101 bytes) @ 0x00000001061aa3fc [0x00000001061aa240+0x1bc]
J 2197 C1 com.sun.javafx.event.BasicEventDispatcher.dispatchEvent(Ljavafx/event/Event;Ljavafx/event/EventDispatchChain;)Ljavafx/event/Event; (44 bytes) @ 0x0000000106166c6c [0x0000000106166a80+0x1ec]
J 2301 C1 com.sun.javafx.event.EventDispatchChainImpl.dispatchEvent(Ljavafx/event/Event;)Ljavafx/event/Event; (101 bytes) @ 0x00000001061aa3fc [0x00000001061aa240+0x1bc]
J 2197 C1 com.sun.javafx.event.BasicEventDispatcher.dispatchEvent(Ljavafx/event/Event;Ljavafx/event/EventDispatchChain;)Ljavafx/event/Event; (44 bytes) @ 0x0000000106166c6c [0x0000000106166a80+0x1ec]
J 2301 C1 com.sun.javafx.event.EventDispatchChainImpl.dispatchEvent(Ljavafx/event/Event;)Ljavafx/event/Event; (101 bytes) @ 0x00000001061aa3fc [0x00000001061aa240+0x1bc]
j  com.sun.javafx.event.EventUtil.fireEventImpl(Ljavafx/event/EventDispatchChain;Ljavafx/event/EventTarget;Ljavafx/event/Event;)Ljavafx/event/Event;+10
j  com.sun.javafx.event.EventUtil.fireEvent(Ljavafx/event/EventTarget;Ljavafx/event/Event;)Ljavafx/event/Event;+46
j  javafx.event.Event.fireEvent(Ljavafx/event/EventTarget;Ljavafx/event/Event;)V+30
j  javafx.scene.Scene$MouseHandler.process(Ljavafx/scene/input/MouseEvent;Z)V+498
j  javafx.scene.Scene$MouseHandler.access$1800(Ljavafx/scene/Scene$MouseHandler;Ljavafx/scene/input/MouseEvent;Z)V+3
j  javafx.scene.Scene.impl_processMouseEvent(Ljavafx/scene/input/MouseEvent;)V+6
j  javafx.scene.Scene$ScenePeerListener.mouseEvent(Ljavafx/event/EventType;DDDDLjavafx/scene/input/MouseButton;ZZZZZZZZZ)V+46
j  com.sun.javafx.tk.quantum.GlassViewEventHandler$MouseEventNotification.run()Ljava/lang/Void;+422
j  com.sun.javafx.tk.quantum.GlassViewEventHandler$MouseEventNotification.run()Ljava/lang/Object;+1
v  ~StubRoutines::call_stub
V  [libjvm.dylib+0x2c5186]  JavaCalls::call_helper(JavaValue*, methodHandle*, JavaCallArguments*, Thread*)+0x6ae
V  [libjvm.dylib+0x31a912]  JVM_DoPrivileged+0x4b6
J 2185  java.security.AccessController.doPrivileged(Ljava/security/PrivilegedAction;Ljava/security/AccessControlContext;)Ljava/lang/Object; (0 bytes) @ 0x000000010615c195 [0x000000010615c0c0+0xd5]
j  com.sun.javafx.tk.quantum.GlassViewEventHandler.handleMouseEvent(Lcom/sun/glass/ui/View;JIIIIIIIZZ)V+108
j  com.sun.glass.ui.View.handleMouseEvent(JIIIIIIIZZ)V+30
j  com.sun.glass.ui.View.notifyMouse(IIIIIIIZZ)V+181
v  ~StubRoutines::call_stub
V  [libjvm.dylib+0x2c5186]  JavaCalls::call_helper(JavaValue*, methodHandle*, JavaCallArguments*, Thread*)+0x6ae
V  [libjvm.dylib+0x2f9ff0]  jni_invoke_nonstatic(JNIEnv_*, JavaValue*, _jobject*, JNICallType, _jmethodID*, JNI_ArgumentPusher*, Thread*)+0x2fb
V  [libjvm.dylib+0x2ecc84]  jni_CallVoidMethod+0x16b
C  [libglass.dylib+0x25644]  -[GlassViewDelegate sendJavaMouseEvent:]+0x794
C  [AppKit+0x226235]  -[NSWindow sendEvent:]+0x30d
C  [libglass.dylib+0x28340]  -[GlassWindow_Normal sendEvent:]+0x70
C  [AppKit+0x1c76e4]  -[NSApplication sendEvent:]+0x7e5
...<more frames>...

Java frames: (J=compiled Java code, j=interpreted, Vv=VM code)
j  com.jogamp.opencl.llb.impl.CLAbstractImpl.dispatch_clCreateBuffer1(JJJLjava/lang/Object;IZLjava/lang/Object;IZJ)J+0
j  com.jogamp.opencl.llb.impl.CLAbstractImpl.clCreateBuffer(JJJLjava/nio/Buffer;[II)J+138
j  com.jogamp.opencl.CLBuffer.create(Lcom/jogamp/opencl/CLContext;Ljava/nio/Buffer;I)Lcom/jogamp/opencl/CLBuffer;+68
j  com.jogamp.opencl.CLContext.createBuffer(Ljava/nio/Buffer;I)Lcom/jogamp/opencl/CLBuffer;+3
j  com.jogamp.opencl.CLContext.createBuffer(Ljava/nio/Buffer;[Lcom/jogamp/opencl/CLMemory$Mem;)Lcom/jogamp/opencl/CLBuffer;+6
j  com.jogamp.opencl.CLContext.createFloatBuffer(I[Lcom/jogamp/opencl/CLMemory$Mem;)Lcom/jogamp/opencl/CLBuffer;+6
j  berlin.iconn.rbm.cl.CLFloatMatrix.<init>(II[F)V+69
j  berlin.iconn.rbm.cl.CLFloatMatrix.<init>(II)V+8
j  berlin.iconn.rbm.rbm.RBMCL.getHidden([[FZ)[[F+12
j  berlin.iconn.rbm.rbm.RBMTrainer.getHiddenSingleRBM(Lberlin/iconn/rbm/settings/RBMSettingsController;[[FZ)[[F+21
j  berlin.iconn.rbm.rbm.RBMTrainer.getHiddenSingleRBM(Lberlin/iconn/rbm/settings/RBMSettingsController;[[F)[[F+23
j  berlin.iconn.rbm.rbm.RBMTrainer.updateRBMs(Lberlin/iconn/rbm/main/BenchmarkModel;)V+155
j  berlin.iconn.rbm.rbm.RBMTrainer.trainAllRBMs(Lberlin/iconn/rbm/main/BenchmarkModel;)V+19
j  berlin.iconn.rbm.main.BenchmarkModel.trainRBMs()V+5
j  berlin.iconn.rbm.main.BenchmarkController.btn_trainAllAction(Ljavafx/event/ActionEvent;)V+4
v  ~StubRoutines::call_stub
J 712  sun.reflect.NativeMethodAccessorImpl.invoke0(Ljava/lang/reflect/Method;Ljava/lang/Object;[Ljava/lang/Object;)Ljava/lang/Object; (0 bytes) @ 0x0000000105d558f7 [0x0000000105d55880+0x77]
J 711 C1 sun.reflect.NativeMethodAccessorImpl.invoke(Ljava/lang/Object;[Ljava/lang/Object;)Ljava/lang/Object; (104 bytes) @ 0x0000000105d5a38c [0x0000000105d591c0+0x11cc]
J 645 C1 sun.reflect.DelegatingMethodAccessorImpl.invoke(Ljava/lang/Object;[Ljava/lang/Object;)Ljava/lang/Object; (10 bytes) @ 0x0000000105d210a4 [0x0000000105d20f80+0x124]
J 644 C1 java.lang.reflect.Method.invoke(Ljava/lang/Object;[Ljava/lang/Object;)Ljava/lang/Object; (62 bytes) @ 0x0000000105d217e4 [0x0000000105d21440+0x3a4]
J 720 C1 sun.reflect.GeneratedMethodAccessor1.invoke(Ljava/lang/Object;[Ljava/lang/Object;)Ljava/lang/Object; (65 bytes) @ 0x0000000105d5c8a4 [0x0000000105d5c4e0+0x3c4]
J 645 C1 sun.reflect.DelegatingMethodAccessorImpl.invoke(Ljava/lang/Object;[Ljava/lang/Object;)Ljava/lang/Object; (10 bytes) @ 0x0000000105d210a4 [0x0000000105d20f80+0x124]
J 644 C1 java.lang.reflect.Method.invoke(Ljava/lang/Object;[Ljava/lang/Object;)Ljava/lang/Object; (62 bytes) @ 0x0000000105d217e4 [0x0000000105d21440+0x3a4]
J 714 C1 sun.reflect.misc.MethodUtil.invoke(Ljava/lang/reflect/Method;Ljava/lang/Object;[Ljava/lang/Object;)Ljava/lang/Object; (111 bytes) @ 0x0000000105d5fcc4 [0x0000000105d5f7e0+0x4e4]
j  javafx.fxml.FXMLLoader$MethodHandler.invoke([Ljava/lang/Object;)V+19
j  javafx.fxml.FXMLLoader$ControllerMethodEventHandler.handle(Ljavafx/event/Event;)V+12
j  com.sun.javafx.event.CompositeEventHandler.dispatchBubblingEvent(Ljavafx/event/Event;)V+51
J 2121 C1 com.sun.javafx.event.EventHandlerManager.dispatchBubblingEvent(Ljavafx/event/EventType;Ljavafx/event/Event;)Ljavafx/event/Event; (34 bytes) @ 0x000000010612cc8c [0x000000010612c780+0x50c]
j  com.sun.javafx.event.EventHandlerManager.dispatchBubblingEvent(Ljavafx/event/Event;)Ljavafx/event/Event;+8
j  com.sun.javafx.event.CompositeEventDispatcher.dispatchBubblingEvent(Ljavafx/event/Event;)Ljavafx/event/Event;+11
J 2197 C1 com.sun.javafx.event.BasicEventDispatcher.dispatchEvent(Ljavafx/event/Event;Ljavafx/event/EventDispatchChain;)Ljavafx/event/Event; (44 bytes) @ 0x0000000106166d5c [0x0000000106166a80+0x2dc]
J 2301 C1 com.sun.javafx.event.EventDispatchChainImpl.dispatchEvent(Ljavafx/event/Event;)Ljavafx/event/Event; (101 bytes) @ 0x00000001061aa3fc [0x00000001061aa240+0x1bc]
J 2197 C1 com.sun.javafx.event.BasicEventDispatcher.dispatchEvent(Ljavafx/event/Event;Ljavafx/event/EventDispatchChain;)Ljavafx/event/Event; (44 bytes) @ 0x0000000106166c6c [0x0000000106166a80+0x1ec]
J 2301 C1 com.sun.javafx.event.EventDispatchChainImpl.dispatchEvent(Ljavafx/event/Event;)Ljavafx/event/Event; (101 bytes) @ 0x00000001061aa3fc [0x00000001061aa240+0x1bc]
J 2197 C1 com.sun.javafx.event.BasicEventDispatcher.dispatchEvent(Ljavafx/event/Event;Ljavafx/event/EventDispatchChain;)Ljavafx/event/Event; (44 bytes) @ 0x0000000106166c6c [0x0000000106166a80+0x1ec]
J 2301 C1 com.sun.javafx.event.EventDispatchChainImpl.dispatchEvent(Ljavafx/event/Event;)Ljavafx/event/Event; (101 bytes) @ 0x00000001061aa3fc [0x00000001061aa240+0x1bc]
J 2197 C1 com.sun.javafx.event.BasicEventDispatcher.dispatchEvent(Ljavafx/event/Event;Ljavafx/event/EventDispatchChain;)Ljavafx/event/Event; (44 bytes) @ 0x0000000106166c6c [0x0000000106166a80+0x1ec]
J 2301 C1 com.sun.javafx.event.EventDispatchChainImpl.dispatchEvent(Ljavafx/event/Event;)Ljavafx/event/Event; (101 bytes) @ 0x00000001061aa3fc [0x00000001061aa240+0x1bc]
J 2197 C1 com.sun.javafx.event.BasicEventDispatcher.dispatchEvent(Ljavafx/event/Event;Ljavafx/event/EventDispatchChain;)Ljavafx/event/Event; (44 bytes) @ 0x0000000106166c6c [0x0000000106166a80+0x1ec]
J 2301 C1 com.sun.javafx.event.EventDispatchChainImpl.dispatchEvent(Ljavafx/event/Event;)Ljavafx/event/Event; (101 bytes) @ 0x00000001061aa3fc [0x00000001061aa240+0x1bc]
J 2197 C1 com.sun.javafx.event.BasicEventDispatcher.dispatchEvent(Ljavafx/event/Event;Ljavafx/event/EventDispatchChain;)Ljavafx/event/Event; (44 bytes) @ 0x0000000106166c6c [0x0000000106166a80+0x1ec]
J 2301 C1 com.sun.javafx.event.EventDispatchChainImpl.dispatchEvent(Ljavafx/event/Event;)Ljavafx/event/Event; (101 bytes) @ 0x00000001061aa3fc [0x00000001061aa240+0x1bc]
j  com.sun.javafx.event.EventUtil.fireEventImpl(Ljavafx/event/EventDispatchChain;Ljavafx/event/EventTarget;Ljavafx/event/Event;)Ljavafx/event/Event;+10
j  com.sun.javafx.event.EventUtil.fireEvent(Ljavafx/event/EventTarget;Ljavafx/event/Event;)Ljavafx/event/Event;+37
j  javafx.event.Event.fireEvent(Ljavafx/event/EventTarget;Ljavafx/event/Event;)V+30
j  javafx.scene.Node.fireEvent(Ljavafx/event/Event;)V+86
j  javafx.scene.control.Button.fire()V+15
j  com.sun.javafx.scene.control.behavior.ButtonBehavior.mouseReleased(Ljavafx/scene/input/MouseEvent;)V+23
j  com.sun.javafx.scene.control.skin.BehaviorSkinBase$1.handle(Ljavafx/scene/input/MouseEvent;)V+83
j  com.sun.javafx.scene.control.skin.BehaviorSkinBase$1.handle(Ljavafx/event/Event;)V+5
j  com.sun.javafx.event.CompositeEventHandler$NormalEventHandlerRecord.handleBubblingEvent(Ljavafx/event/Event;)V+5
j  com.sun.javafx.event.CompositeEventHandler.dispatchBubblingEvent(Ljavafx/event/Event;)V+28
J 2121 C1 com.sun.javafx.event.EventHandlerManager.dispatchBubblingEvent(Ljavafx/event/EventType;Ljavafx/event/Event;)Ljavafx/event/Event; (34 bytes) @ 0x000000010612cc8c [0x000000010612c780+0x50c]
j  com.sun.javafx.event.EventHandlerManager.dispatchBubblingEvent(Ljavafx/event/Event;)Ljavafx/event/Event;+8
j  com.sun.javafx.event.CompositeEventDispatcher.dispatchBubblingEvent(Ljavafx/event/Event;)Ljavafx/event/Event;+11
J 2197 C1 com.sun.javafx.event.BasicEventDispatcher.dispatchEvent(Ljavafx/event/Event;Ljavafx/event/EventDispatchChain;)Ljavafx/event/Event; (44 bytes) @ 0x0000000106166d5c [0x0000000106166a80+0x2dc]
J 2301 C1 com.sun.javafx.event.EventDispatchChainImpl.dispatchEvent(Ljavafx/event/Event;)Ljavafx/event/Event; (101 bytes) @ 0x00000001061aa3fc [0x00000001061aa240+0x1bc]
J 2197 C1 com.sun.javafx.event.BasicEventDispatcher.dispatchEvent(Ljavafx/event/Event;Ljavafx/event/EventDispatchChain;)Ljavafx/event/Event; (44 bytes) @ 0x0000000106166c6c [0x0000000106166a80+0x1ec]
J 2301 C1 com.sun.javafx.event.EventDispatchChainImpl.dispatchEvent(Ljavafx/event/Event;)Ljavafx/event/Event; (101 bytes) @ 0x00000001061aa3fc [0x00000001061aa240+0x1bc]
J 2197 C1 com.sun.javafx.event.BasicEventDispatcher.dispatchEvent(Ljavafx/event/Event;Ljavafx/event/EventDispatchChain;)Ljavafx/event/Event; (44 bytes) @ 0x0000000106166c6c [0x0000000106166a80+0x1ec]
J 2301 C1 com.sun.javafx.event.EventDispatchChainImpl.dispatchEvent(Ljavafx/event/Event;)Ljavafx/event/Event; (101 bytes) @ 0x00000001061aa3fc [0x00000001061aa240+0x1bc]
J 2197 C1 com.sun.javafx.event.BasicEventDispatcher.dispatchEvent(Ljavafx/event/Event;Ljavafx/event/EventDispatchChain;)Ljavafx/event/Event; (44 bytes) @ 0x0000000106166c6c [0x0000000106166a80+0x1ec]
J 2301 C1 com.sun.javafx.event.EventDispatchChainImpl.dispatchEvent(Ljavafx/event/Event;)Ljavafx/event/Event; (101 bytes) @ 0x00000001061aa3fc [0x00000001061aa240+0x1bc]
J 2197 C1 com.sun.javafx.event.BasicEventDispatcher.dispatchEvent(Ljavafx/event/Event;Ljavafx/event/EventDispatchChain;)Ljavafx/event/Event; (44 bytes) @ 0x0000000106166c6c [0x0000000106166a80+0x1ec]
J 2301 C1 com.sun.javafx.event.EventDispatchChainImpl.dispatchEvent(Ljavafx/event/Event;)Ljavafx/event/Event; (101 bytes) @ 0x00000001061aa3fc [0x00000001061aa240+0x1bc]
J 2197 C1 com.sun.javafx.event.BasicEventDispatcher.dispatchEvent(Ljavafx/event/Event;Ljavafx/event/EventDispatchChain;)Ljavafx/event/Event; (44 bytes) @ 0x0000000106166c6c [0x0000000106166a80+0x1ec]
J 2301 C1 com.sun.javafx.event.EventDispatchChainImpl.dispatchEvent(Ljavafx/event/Event;)Ljavafx/event/Event; (101 bytes) @ 0x00000001061aa3fc [0x00000001061aa240+0x1bc]
j  com.sun.javafx.event.EventUtil.fireEventImpl(Ljavafx/event/EventDispatchChain;Ljavafx/event/EventTarget;Ljavafx/event/Event;)Ljavafx/event/Event;+10
j  com.sun.javafx.event.EventUtil.fireEvent(Ljavafx/event/EventTarget;Ljavafx/event/Event;)Ljavafx/event/Event;+46
j  javafx.event.Event.fireEvent(Ljavafx/event/EventTarget;Ljavafx/event/Event;)V+30
j  javafx.scene.Scene$MouseHandler.process(Ljavafx/scene/input/MouseEvent;Z)V+498
j  javafx.scene.Scene$MouseHandler.access$1800(Ljavafx/scene/Scene$MouseHandler;Ljavafx/scene/input/MouseEvent;Z)V+3
j  javafx.scene.Scene.impl_processMouseEvent(Ljavafx/scene/input/MouseEvent;)V+6
j  javafx.scene.Scene$ScenePeerListener.mouseEvent(Ljavafx/event/EventType;DDDDLjavafx/scene/input/MouseButton;ZZZZZZZZZ)V+46
j  com.sun.javafx.tk.quantum.GlassViewEventHandler$MouseEventNotification.run()Ljava/lang/Void;+422
j  com.sun.javafx.tk.quantum.GlassViewEventHandler$MouseEventNotification.run()Ljava/lang/Object;+1
v  ~StubRoutines::call_stub
J 2185  java.security.AccessController.doPrivileged(Ljava/security/PrivilegedAction;Ljava/security/AccessControlContext;)Ljava/lang/Object; (0 bytes) @ 0x000000010615c123 [0x000000010615c0c0+0x63]
j  com.sun.javafx.tk.quantum.GlassViewEventHandler.handleMouseEvent(Lcom/sun/glass/ui/View;JIIIIIIIZZ)V+108
j  com.sun.glass.ui.View.handleMouseEvent(JIIIIIIIZZ)V+30
j  com.sun.glass.ui.View.notifyMouse(IIIIIIIZZ)V+181
v  ~StubRoutines::call_stub

---------------  P R O C E S S  ---------------

Java Threads: ( => current thread )
  0x00007f9b9cadc000 JavaThread "FX Access Thread (Visual Debugger)" daemon [_thread_blocked, id=61699, stack(0x000000012cdee000,0x000000012ceee000)]
  0x00007f9b9f0de000 JavaThread "Prism Font Disposer" daemon [_thread_blocked, id=55059, stack(0x000000012a210000,0x000000012a310000)]
  0x00007f9b9d30b800 JavaThread "Java2D Queue Flusher" daemon [_thread_blocked, id=55303, stack(0x0000000128724000,0x0000000128824000)]
  0x00007f9b9d16c000 JavaThread "Java2D Disposer" daemon [_thread_blocked, id=54023, stack(0x0000000128621000,0x0000000128721000)]
  0x00007f9b9e848800 JavaThread "JavaFX-Launcher" [_thread_blocked, id=52995, stack(0x000000012774a000,0x000000012784a000)]
  0x00007f9b9e00b800 JavaThread "Thread-3" daemon [_thread_in_native, id=40195, stack(0x0000000126567000,0x00000001265e7000)]
=>0x00007f9b9c88a800 JavaThread "JavaFX Application Thread" [_thread_in_native, id=3335, stack(0x00007fff5bb0f000,0x00007fff5c30f000)]
  0x00007f9b9c08c000 JavaThread "Thread-1" daemon [_thread_blocked, id=29955, stack(0x0000000122ee3000,0x0000000122fe3000)]
  0x00007f9b9e837800 JavaThread "QuantumRenderer-0" daemon [_thread_blocked, id=24835, stack(0x00000001222a4000,0x00000001223a4000)]
  0x00007f9b9d050000 JavaThread "Service Thread" daemon [_thread_blocked, id=23811, stack(0x0000000121fae000,0x00000001220ae000)]
  0x00007f9b9e800000 JavaThread "C1 CompilerThread3" daemon [_thread_blocked, id=23299, stack(0x0000000121eab000,0x0000000121fab000)]
  0x00007f9b9c00c800 JavaThread "C2 CompilerThread2" daemon [_thread_blocked, id=22787, stack(0x0000000121da8000,0x0000000121ea8000)]
  0x00007f9b9f001000 JavaThread "C2 CompilerThread1" daemon [_thread_blocked, id=22275, stack(0x0000000121ca5000,0x0000000121da5000)]
  0x00007f9b9e801000 JavaThread "C2 CompilerThread0" daemon [_thread_blocked, id=21763, stack(0x0000000121ba2000,0x0000000121ca2000)]
  0x00007f9b9d045000 JavaThread "JDWP Command Reader" daemon [_thread_in_native, id=21251, stack(0x0000000121a9f000,0x0000000121b9f000)]
  0x00007f9b9d044000 JavaThread "JDWP Event Helper Thread" daemon [_thread_blocked, id=20739, stack(0x000000012199c000,0x0000000121a9c000)]
  0x00007f9b9d04e800 JavaThread "JDWP Transport Listener: dt_socket" daemon [_thread_blocked, id=20227, stack(0x0000000121899000,0x0000000121999000)]
  0x00007f9b9d027000 JavaThread "Signal Dispatcher" daemon [_thread_blocked, id=19715, stack(0x000000012178f000,0x000000012188f000)]
  0x00007f9b9c034800 JavaThread "Finalizer" daemon [_thread_blocked, id=14595, stack(0x000000012153e000,0x000000012163e000)]
  0x00007f9b9d01e800 JavaThread "Reference Handler" daemon [_thread_blocked, id=14083, stack(0x000000012143b000,0x000000012153b000)]
  0x00007f9b9c000800 JavaThread "main" [_thread_blocked, id=6403, stack(0x00000001058d4000,0x00000001059d4000)]

Other Threads:
  0x00007f9b9c830800 VMThread [stack: 0x0000000121338000,0x0000000121438000] [id=13571]
  0x00007f9b9d04f000 WatcherThread [stack: 0x00000001220b1000,0x00000001221b1000] [id=24323]

VM state:not at safepoint (normal execution)

VM Mutex/Monitor currently owned by a thread: None

Heap:
 PSYoungGen      total 34816K, used 20129K [0x000000076ab00000, 0x000000076e380000, 0x00000007c0000000)
  eden space 30208K, 66% used [0x000000076ab00000,0x000000076bea85b8,0x000000076c880000)
  from space 4608K, 0% used [0x000000076c880000,0x000000076c880000,0x000000076cd00000)
  to   space 4608K, 0% used [0x000000076df00000,0x000000076df00000,0x000000076e380000)
 ParOldGen       total 14336K, used 9505K [0x00000006c0000000, 0x00000006c0e00000, 0x000000076ab00000)
  object space 14336K, 66% used [0x00000006c0000000,0x00000006c0948670,0x00000006c0e00000)
 Metaspace       used 23006K, capacity 23202K, committed 23424K, reserved 1069056K
  class space    used 3326K, capacity 3418K, committed 3456K, reserved 1048576K

Card table byte_map: [0x0000000114e2c000,0x000000011562d000] byte_map_base: 0x000000011182c000

Marking Bits: (ParMarkBitMap*) 0x00000001052790a0
 Begin Bits: [0x000000011639b000, 0x000000011a39b000)
 End Bits:   [0x000000011a39b000, 0x000000011e39b000)

Polling page: 0x0000000105a0a000

CodeCache: size=245760Kb used=9926Kb max_used=9930Kb free=235833Kb
 bounds [0x0000000105a6c000, 0x000000010642c000, 0x0000000114a6c000]
 total_blobs=3879 nmethods=2994 adapters=808
 compilation: enabled

Compilation events (10 events):
Event: 26.704 Thread 0x00007f9b9e800000 2991       3       sun.awt.SunToolkit::awtUnlock (7 bytes)
Event: 26.704 Thread 0x00007f9b9e800000 nmethod 2991 0x0000000106424510 code [0x0000000106424680, 0x00000001064248e8]
Event: 26.804 Thread 0x00007f9b9e800000 2992       3       sun.java2d.pipe.RenderQueue::tryLock (4 bytes)
Event: 26.805 Thread 0x00007f9b9e800000 nmethod 2992 0x0000000106423f50 code [0x00000001064240c0, 0x00000001064243a8]
Event: 26.805 Thread 0x00007f9b9e800000 2993       3       sun.awt.SunToolkit::awtTryLock (7 bytes)
Event: 26.805 Thread 0x00007f9b9e800000 nmethod 2993 0x0000000106423a50 code [0x0000000106423bc0, 0x0000000106423e28]
Event: 27.566 Thread 0x00007f9b9e800000 2994       3       org.netbeans.modules.debugger.jpda.visual.remote.RemoteFXService::access$400 (4 bytes)
Event: 27.566 Thread 0x00007f9b9e800000 nmethod 2994 0x0000000106423750 code [0x00000001064238a0, 0x00000001064239d0]
Event: 29.540 Thread 0x00007f9b9e800000 2996       1       java.util.HashMap::afterNodeRemoval (1 bytes)
Event: 29.540 Thread 0x00007f9b9e800000 nmethod 2996 0x000000010641db90 code [0x000000010641dce0, 0x000000010641ddf0]

GC Heap History (10 events):
Event: 1.148 GC heap before
{Heap before GC invocations=12 (full 0):
 PSYoungGen      total 14336K, used 13280K [0x000000076ab00000, 0x000000076c280000, 0x00000007c0000000)
  eden space 12288K, 100% used [0x000000076ab00000,0x000000076b700000,0x000000076b700000)
  from space 2048K, 48% used [0x000000076b700000,0x000000076b7f8000,0x000000076b900000)
  to   space 2048K, 0% used [0x000000076c080000,0x000000076c080000,0x000000076c280000)
 ParOldGen       total 260608K, used 3709K [0x00000006c0000000, 0x00000006cfe80000, 0x000000076ab00000)
  object space 260608K, 1% used [0x00000006c0000000,0x00000006c039f4d0,0x00000006cfe80000)
 Metaspace       used 14804K, capacity 14976K, committed 15232K, reserved 1062912K
  class space    used 2026K, capacity 2095K, committed 2176K, reserved 1048576K
Event: 1.150 GC heap after
Heap after GC invocations=12 (full 0):
 PSYoungGen      total 22016K, used 480K [0x000000076ab00000, 0x000000076c280000, 0x00000007c0000000)
  eden space 19968K, 0% used [0x000000076ab00000,0x000000076ab00000,0x000000076be80000)
  from space 2048K, 23% used [0x000000076c080000,0x000000076c0f8000,0x000000076c280000)
  to   space 2048K, 0% used [0x000000076be80000,0x000000076be80000,0x000000076c080000)
 ParOldGen       total 260608K, used 4569K [0x00000006c0000000, 0x00000006cfe80000, 0x000000076ab00000)
  object space 260608K, 1% used [0x00000006c0000000,0x00000006c04764e0,0x00000006cfe80000)
 Metaspace       used 14804K, capacity 14976K, committed 15232K, reserved 1062912K
  class space    used 2026K, capacity 2095K, committed 2176K, reserved 1048576K
}
Event: 1.908 GC heap before
{Heap before GC invocations=13 (full 0):
 PSYoungGen      total 22016K, used 20448K [0x000000076ab00000, 0x000000076c280000, 0x00000007c0000000)
  eden space 19968K, 100% used [0x000000076ab00000,0x000000076be80000,0x000000076be80000)
  from space 2048K, 23% used [0x000000076c080000,0x000000076c0f8000,0x000000076c280000)
  to   space 2048K, 0% used [0x000000076be80000,0x000000076be80000,0x000000076c080000)
 ParOldGen       total 260608K, used 4725K [0x00000006c0000000, 0x00000006cfe80000, 0x000000076ab00000)
  object space 260608K, 1% used [0x00000006c0000000,0x00000006c049d670,0x00000006cfe80000)
 Metaspace       used 19933K, capacity 20160K, committed 20224K, reserved 1067008K
  class space    used 2962K, capacity 3055K, committed 3072K, reserved 1048576K
Event: 1.912 GC heap after
Heap after GC invocations=13 (full 0):
 PSYoungGen      total 22016K, used 2032K [0x000000076ab00000, 0x000000076cf80000, 0x00000007c0000000)
  eden space 19968K, 0% used [0x000000076ab00000,0x000000076ab00000,0x000000076be80000)
  from space 2048K, 99% used [0x000000076be80000,0x000000076c07c010,0x000000076c080000)
  to   space 2560K, 0% used [0x000000076cd00000,0x000000076cd00000,0x000000076cf80000)
 ParOldGen       total 260608K, used 5657K [0x00000006c0000000, 0x00000006cfe80000, 0x000000076ab00000)
  object space 260608K, 2% used [0x00000006c0000000,0x00000006c0586430,0x00000006cfe80000)
 Metaspace       used 19933K, capacity 20160K, committed 20224K, reserved 1067008K
  class space    used 2962K, capacity 3055K, committed 3072K, reserved 1048576K
}
Event: 3.556 GC heap before
{Heap before GC invocations=14 (full 0):
 PSYoungGen      total 22016K, used 22000K [0x000000076ab00000, 0x000000076cf80000, 0x00000007c0000000)
  eden space 19968K, 100% used [0x000000076ab00000,0x000000076be80000,0x000000076be80000)
  from space 2048K, 99% used [0x000000076be80000,0x000000076c07c010,0x000000076c080000)
  to   space 2560K, 0% used [0x000000076cd00000,0x000000076cd00000,0x000000076cf80000)
 ParOldGen       total 260608K, used 5659K [0x00000006c0000000, 0x00000006cfe80000, 0x000000076ab00000)
  object space 260608K, 2% used [0x00000006c0000000,0x00000006c0586de0,0x00000006cfe80000)
 Metaspace       used 20942K, capacity 21188K, committed 21296K, reserved 1067008K
  class space    used 3085K, capacity 3157K, committed 3200K, reserved 1048576K
Event: 3.561 GC heap after
Heap after GC invocations=14 (full 0):
 PSYoungGen      total 32768K, used 2528K [0x000000076ab00000, 0x000000076d380000, 0x00000007c0000000)
  eden space 30208K, 0% used [0x000000076ab00000,0x000000076ab00000,0x000000076c880000)
  from space 2560K, 98% used [0x000000076cd00000,0x000000076cf78010,0x000000076cf80000)
  to   space 4608K, 0% used [0x000000076c880000,0x000000076c880000,0x000000076cd00000)
 ParOldGen       total 260608K, used 9816K [0x00000006c0000000, 0x00000006cfe80000, 0x000000076ab00000)
  object space 260608K, 3% used [0x00000006c0000000,0x00000006c09963d0,0x00000006cfe80000)
 Metaspace       used 20942K, capacity 21188K, committed 21296K, reserved 1067008K
  class space    used 3085K, capacity 3157K, committed 3200K, reserved 1048576K
}
Event: 3.741 GC heap before
{Heap before GC invocations=15 (full 0):
 PSYoungGen      total 32768K, used 19572K [0x000000076ab00000, 0x000000076d380000, 0x00000007c0000000)
  eden space 30208K, 56% used [0x000000076ab00000,0x000000076bba5320,0x000000076c880000)
  from space 2560K, 98% used [0x000000076cd00000,0x000000076cf78010,0x000000076cf80000)
  to   space 4608K, 0% used [0x000000076c880000,0x000000076c880000,0x000000076cd00000)
 ParOldGen       total 260608K, used 9816K [0x00000006c0000000, 0x00000006cfe80000, 0x000000076ab00000)
  object space 260608K, 3% used [0x00000006c0000000,0x00000006c09963d0,0x00000006cfe80000)
 Metaspace       used 21048K, capacity 21250K, committed 21296K, reserved 1067008K
  class space    used 3093K, capacity 3194K, committed 3200K, reserved 1048576K
Event: 3.744 GC heap after
Heap after GC invocations=15 (full 0):
 PSYoungGen      total 34816K, used 512K [0x000000076ab00000, 0x000000076e380000, 0x00000007c0000000)
  eden space 30208K, 0% used [0x000000076ab00000,0x000000076ab00000,0x000000076c880000)
  from space 4608K, 11% used [0x000000076c880000,0x000000076c900000,0x000000076cd00000)
  to   space 4608K, 0% used [0x000000076df00000,0x000000076df00000,0x000000076e380000)
 ParOldGen       total 260608K, used 14353K [0x00000006c0000000, 0x00000006cfe80000, 0x000000076ab00000)
  object space 260608K, 5% used [0x00000006c0000000,0x00000006c0e04400,0x00000006cfe80000)
 Metaspace       used 21048K, capacity 21250K, committed 21296K, reserved 1067008K
  class space    used 3093K, capacity 3194K, committed 3200K, reserved 1048576K
}
Event: 3.744 GC heap before
{Heap before GC invocations=16 (full 1):
 PSYoungGen      total 34816K, used 512K [0x000000076ab00000, 0x000000076e380000, 0x00000007c0000000)
  eden space 30208K, 0% used [0x000000076ab00000,0x000000076ab00000,0x000000076c880000)
  from space 4608K, 11% used [0x000000076c880000,0x000000076c900000,0x000000076cd00000)
  to   space 4608K, 0% used [0x000000076df00000,0x000000076df00000,0x000000076e380000)
 ParOldGen       total 260608K, used 14353K [0x00000006c0000000, 0x00000006cfe80000, 0x000000076ab00000)
  object space 260608K, 5% used [0x00000006c0000000,0x00000006c0e04400,0x00000006cfe80000)
 Metaspace       used 21048K, capacity 21250K, committed 21296K, reserved 1067008K
  class space    used 3093K, capacity 3194K, committed 3200K, reserved 1048576K
Event: 3.809 GC heap after
Heap after GC invocations=16 (full 1):
 PSYoungGen      total 34816K, used 0K [0x000000076ab00000, 0x000000076e380000, 0x00000007c0000000)
  eden space 30208K, 0% used [0x000000076ab00000,0x000000076ab00000,0x000000076c880000)
  from space 4608K, 0% used [0x000000076c880000,0x000000076c880000,0x000000076cd00000)
  to   space 4608K, 0% used [0x000000076df00000,0x000000076df00000,0x000000076e380000)
 ParOldGen       total 14336K, used 9505K [0x00000006c0000000, 0x00000006c0e00000, 0x000000076ab00000)
  object space 14336K, 66% used [0x00000006c0000000,0x00000006c0948670,0x00000006c0e00000)
 Metaspace       used 21048K, capacity 21250K, committed 21296K, reserved 1067008K
  class space    used 3093K, capacity 3194K, committed 3200K, reserved 1048576K
}

Deoptimization events (10 events):
Event: 3.846 Thread 0x00007f9b9c88a800 Uncommon trap: reason=array_check action=maybe_recompile pc=0x00000001061a79fc method=com.sun.javafx.css.SimpleSelector.applies(Ljavafx/css/Styleable;[Ljava/util/Set;I)Z @ 37
Event: 3.919 Thread 0x00007f9b9c88a800 Uncommon trap: reason=unreached action=reinterpret pc=0x00000001060161c4 method=com.sun.javafx.css.ParsedValueImpl.containsFontRelativeSize(Ljavafx/css/ParsedValue;Z)Z @ 56
Event: 3.983 Thread 0x00007f9b9c88a800 Uncommon trap: reason=class_check action=maybe_recompile pc=0x0000000106183474 method=javafx.scene.Node.updateLocalToParentTransform()V @ 11
Event: 4.957 Thread 0x00007f9b9c88a800 Uncommon trap: reason=unreached action=reinterpret pc=0x00000001062d9934 method=javafx.scene.Parent.setChildDirty(Ljavafx/scene/Node;Z)V @ 22
Event: 5.053 Thread 0x00007f9b9c88a800 Uncommon trap: reason=class_check action=maybe_recompile pc=0x0000000105dc5748 method=java.util.HashMap.putVal(ILjava/lang/Object;Ljava/lang/Object;ZZ)Ljava/lang/Object; @ 253
Event: 5.053 Thread 0x00007f9b9c88a800 Uncommon trap: reason=class_check action=maybe_recompile pc=0x0000000105dc5748 method=java.util.HashMap.putVal(ILjava/lang/Object;Ljava/lang/Object;ZZ)Ljava/lang/Object; @ 253
Event: 5.053 Thread 0x00007f9b9c88a800 Uncommon trap: reason=class_check action=maybe_recompile pc=0x0000000105dc5748 method=java.util.HashMap.putVal(ILjava/lang/Object;Ljava/lang/Object;ZZ)Ljava/lang/Object; @ 253
Event: 5.053 Thread 0x00007f9b9c88a800 Uncommon trap: reason=class_check action=maybe_recompile pc=0x0000000105dc5748 method=java.util.HashMap.putVal(ILjava/lang/Object;Ljava/lang/Object;ZZ)Ljava/lang/Object; @ 253
Event: 5.069 Thread 0x00007f9b9c88a800 Uncommon trap: reason=unreached action=reinterpret pc=0x0000000105f57f0c method=java.util.zip.ZipCoder.decoder()Ljava/nio/charset/CharsetDecoder; @ 4
Event: 5.081 Thread 0x00007f9b9c88a800 Uncommon trap: reason=unreached action=reinterpret pc=0x0000000105f541c4 method=java.util.zip.ZipCoder.decoder()Ljava/nio/charset/CharsetDecoder; @ 4

Internal exceptions (10 events):
Event: 15.587 Thread 0x00007f9b9c88a800 Exception <a 'java/security/PrivilegedActionException'> (0x000000076b682030) thrown at [/HUDSON/workspace/8-2-build-macosx-x86_64/jdk8u5/2488/hotspot/src/share/vm/prims/jvm.cpp, line 1248]
Event: 15.590 Thread 0x00007f9b9c88a800 Exception <a 'java/security/PrivilegedActionException'> (0x000000076b686f78) thrown at [/HUDSON/workspace/8-2-build-macosx-x86_64/jdk8u5/2488/hotspot/src/share/vm/prims/jvm.cpp, line 1248]
Event: 15.592 Thread 0x00007f9b9c88a800 Exception <a 'java/security/PrivilegedActionException'> (0x000000076b6b24b8) thrown at [/HUDSON/workspace/8-2-build-macosx-x86_64/jdk8u5/2488/hotspot/src/share/vm/prims/jvm.cpp, line 1248]
Event: 15.595 Thread 0x00007f9b9c88a800 Exception <a 'java/security/PrivilegedActionException'> (0x000000076b6b6988) thrown at [/HUDSON/workspace/8-2-build-macosx-x86_64/jdk8u5/2488/hotspot/src/share/vm/prims/jvm.cpp, line 1248]
Event: 15.611 Thread 0x00007f9b9c88a800 Exception <a 'java/security/PrivilegedActionException'> (0x000000076b6bc270) thrown at [/HUDSON/workspace/8-2-build-macosx-x86_64/jdk8u5/2488/hotspot/src/share/vm/prims/jvm.cpp, line 1248]
Event: 15.612 Thread 0x00007f9b9c88a800 Exception <a 'java/security/PrivilegedActionException'> (0x000000076b6d07a0) thrown at [/HUDSON/workspace/8-2-build-macosx-x86_64/jdk8u5/2488/hotspot/src/share/vm/prims/jvm.cpp, line 1248]
Event: 15.612 Thread 0x00007f9b9c88a800 Exception <a 'java/security/PrivilegedActionException'> (0x000000076b6d4ee0) thrown at [/HUDSON/workspace/8-2-build-macosx-x86_64/jdk8u5/2488/hotspot/src/share/vm/prims/jvm.cpp, line 1248]
Event: 15.612 Thread 0x00007f9b9c88a800 Exception <a 'java/security/PrivilegedActionException'> (0x000000076b6d97a0) thrown at [/HUDSON/workspace/8-2-build-macosx-x86_64/jdk8u5/2488/hotspot/src/share/vm/prims/jvm.cpp, line 1248]
Event: 15.612 Thread 0x00007f9b9c88a800 Exception <a 'java/security/PrivilegedActionException'> (0x000000076b6de078) thrown at [/HUDSON/workspace/8-2-build-macosx-x86_64/jdk8u5/2488/hotspot/src/share/vm/prims/jvm.cpp, line 1248]
Event: 15.613 Thread 0x00007f9b9c88a800 Exception <a 'java/security/PrivilegedActionException'> (0x000000076b6e2010) thrown at [/HUDSON/workspace/8-2-build-macosx-x86_64/jdk8u5/2488/hotspot/src/share/vm/prims/jvm.cpp, line 1248]

Events (10 events):
Event: 29.806 Executing VM operation: GetOrSetLocal
Event: 29.806 Executing VM operation: GetOrSetLocal done
Event: 29.806 Executing VM operation: GetOrSetLocal
Event: 29.806 Executing VM operation: GetOrSetLocal done
Event: 29.806 Executing VM operation: GetOrSetLocal
Event: 29.806 Executing VM operation: GetOrSetLocal done
Event: 29.806 Executing VM operation: GetOrSetLocal
Event: 29.806 Executing VM operation: GetOrSetLocal done
Event: 31.503 Executing VM operation: ChangeBreakpoints
Event: 31.503 Executing VM operation: ChangeBreakpoints done


Dynamic libraries:
0x0000000009208000 	/System/Library/Frameworks/Cocoa.framework/Versions/A/Cocoa
0x0000000009208000 	/System/Library/Frameworks/Security.framework/Versions/A/Security
0x0000000009208000 	/System/Library/Frameworks/ApplicationServices.framework/Versions/A/ApplicationServices
0x0000000009208000 	/usr/lib/libz.1.dylib
0x0000000009208000 	/usr/lib/libSystem.B.dylib
0x0000000009208000 	/usr/lib/libobjc.A.dylib
0x0000000009208000 	/System/Library/Frameworks/CoreFoundation.framework/Versions/A/CoreFoundation
0x0000000009208000 	/System/Library/Frameworks/Foundation.framework/Versions/C/Foundation
0x0000000009208000 	/System/Library/Frameworks/AppKit.framework/Versions/C/AppKit
0x0000000009208000 	/System/Library/Frameworks/CoreData.framework/Versions/A/CoreData
0x0000000009208000 	/System/Library/PrivateFrameworks/RemoteViewServices.framework/Versions/A/RemoteViewServices
0x0000000009208000 	/System/Library/Frameworks/AudioToolbox.framework/Versions/A/AudioToolbox
0x0000000009208000 	/System/Library/Frameworks/AudioUnit.framework/Versions/A/AudioUnit
0x0000000009208000 	/System/Library/PrivateFrameworks/DataDetectorsCore.framework/Versions/A/DataDetectorsCore
0x0000000009208000 	/System/Library/PrivateFrameworks/DesktopServicesPriv.framework/Versions/A/DesktopServicesPriv
0x0000000009208000 	/System/Library/Frameworks/Carbon.framework/Versions/A/Frameworks/HIToolbox.framework/Versions/A/HIToolbox
0x0000000009208000 	/System/Library/Frameworks/QuartzCore.framework/Versions/A/QuartzCore
0x0000000009208000 	/System/Library/Frameworks/Carbon.framework/Versions/A/Frameworks/SpeechRecognition.framework/Versions/A/SpeechRecognition
0x0000000009208000 	/usr/lib/libauto.dylib
0x0000000009208000 	/usr/lib/libicucore.A.dylib
0x0000000009208000 	/usr/lib/libxml2.2.dylib
0x0000000009208000 	/System/Library/PrivateFrameworks/CoreUI.framework/Versions/A/CoreUI
0x0000000009208000 	/System/Library/Frameworks/CoreAudio.framework/Versions/A/CoreAudio
0x0000000009208000 	/System/Library/Frameworks/DiskArbitration.framework/Versions/A/DiskArbitration
0x0000000009208000 	/usr/lib/liblangid.dylib
0x0000000009208000 	/System/Library/PrivateFrameworks/MultitouchSupport.framework/Versions/A/MultitouchSupport
0x0000000009208000 	/System/Library/Frameworks/IOKit.framework/Versions/A/IOKit
0x0000000009208000 	/usr/lib/libDiagnosticMessagesClient.dylib
0x0000000009208000 	/System/Library/Frameworks/CoreServices.framework/Versions/A/CoreServices
0x0000000009208000 	/System/Library/PrivateFrameworks/PerformanceAnalysis.framework/Versions/A/PerformanceAnalysis
0x0000000009208000 	/System/Library/PrivateFrameworks/GenerationalStorage.framework/Versions/A/GenerationalStorage
0x0000000009208000 	/System/Library/Frameworks/OpenGL.framework/Versions/A/OpenGL
0x0000000009208000 	/System/Library/PrivateFrameworks/Sharing.framework/Versions/A/Sharing
0x0000000009208000 	/System/Library/Frameworks/ImageIO.framework/Versions/A/ImageIO
0x0000000009208000 	/System/Library/Frameworks/CoreText.framework/Versions/A/CoreText
0x0000000009208000 	/System/Library/Frameworks/CoreGraphics.framework/Versions/A/CoreGraphics
0x0000000009208000 	/System/Library/PrivateFrameworks/Backup.framework/Versions/A/Backup
0x0000000009208000 	/System/Library/Frameworks/CFNetwork.framework/Versions/A/CFNetwork
0x0000000009208000 	/System/Library/Frameworks/SystemConfiguration.framework/Versions/A/SystemConfiguration
0x0000000009208000 	/usr/lib/libCRFSuite.dylib
0x0000000009208000 	/usr/lib/libc++.1.dylib
0x0000000009208000 	/usr/lib/libc++abi.dylib
0x0000000009208000 	/usr/lib/system/libcache.dylib
0x0000000009208000 	/usr/lib/system/libcommonCrypto.dylib
0x0000000009208000 	/usr/lib/system/libcompiler_rt.dylib
0x0000000009208000 	/usr/lib/system/libcopyfile.dylib
0x0000000009208000 	/usr/lib/system/libcorecrypto.dylib
0x0000000009208000 	/usr/lib/system/libdispatch.dylib
0x0000000009208000 	/usr/lib/system/libdyld.dylib
0x0000000009208000 	/usr/lib/system/libkeymgr.dylib
0x0000000009208000 	/usr/lib/system/liblaunch.dylib
0x0000000009208000 	/usr/lib/system/libmacho.dylib
0x0000000009208000 	/usr/lib/system/libquarantine.dylib
0x0000000009208000 	/usr/lib/system/libremovefile.dylib
0x0000000009208000 	/usr/lib/system/libsystem_asl.dylib
0x0000000009208000 	/usr/lib/system/libsystem_blocks.dylib
0x0000000009208000 	/usr/lib/system/libsystem_c.dylib
0x0000000009208000 	/usr/lib/system/libsystem_configuration.dylib
0x0000000009208000 	/usr/lib/system/libsystem_dnssd.dylib
0x0000000009208000 	/usr/lib/system/libsystem_info.dylib
0x0000000009208000 	/usr/lib/system/libsystem_kernel.dylib
0x0000000009208000 	/usr/lib/system/libsystem_m.dylib
0x0000000009208000 	/usr/lib/system/libsystem_malloc.dylib
0x0000000009208000 	/usr/lib/system/libsystem_network.dylib
0x0000000009208000 	/usr/lib/system/libsystem_notify.dylib
0x0000000009208000 	/usr/lib/system/libsystem_platform.dylib
0x0000000009208000 	/usr/lib/system/libsystem_pthread.dylib
0x0000000009208000 	/usr/lib/system/libsystem_sandbox.dylib
0x0000000009208000 	/usr/lib/system/libsystem_stats.dylib
0x0000000009208000 	/usr/lib/system/libunc.dylib
0x0000000009208000 	/usr/lib/system/libunwind.dylib
0x0000000009208000 	/usr/lib/system/libxpc.dylib
0x0000000009208000 	/usr/lib/libbsm.0.dylib
0x0000000009208000 	/usr/lib/libsqlite3.dylib
0x0000000009208000 	/usr/lib/libxar.1.dylib
0x0000000009208000 	/usr/lib/libpam.2.dylib
0x0000000009208000 	/usr/lib/libOpenScriptingUtil.dylib
0x0000000009208000 	/usr/lib/libbz2.1.0.dylib
0x0000000009208000 	/System/Library/Frameworks/CoreServices.framework/Versions/A/Frameworks/CarbonCore.framework/Versions/A/CarbonCore
0x0000000009208000 	/System/Library/Frameworks/CoreServices.framework/Versions/A/Frameworks/Metadata.framework/Versions/A/Metadata
0x0000000009208000 	/System/Library/Frameworks/CoreServices.framework/Versions/A/Frameworks/OSServices.framework/Versions/A/OSServices
0x0000000009208000 	/System/Library/Frameworks/CoreServices.framework/Versions/A/Frameworks/SearchKit.framework/Versions/A/SearchKit
0x0000000009208000 	/System/Library/Frameworks/CoreServices.framework/Versions/A/Frameworks/AE.framework/Versions/A/AE
0x0000000009208000 	/System/Library/Frameworks/CoreServices.framework/Versions/A/Frameworks/LaunchServices.framework/Versions/A/LaunchServices
0x0000000009208000 	/System/Library/Frameworks/CoreServices.framework/Versions/A/Frameworks/DictionaryServices.framework/Versions/A/DictionaryServices
0x0000000009208000 	/System/Library/Frameworks/NetFS.framework/Versions/A/NetFS
0x0000000009208000 	/usr/lib/system/libkxld.dylib
0x0000000009208000 	/System/Library/PrivateFrameworks/NetAuth.framework/Versions/A/NetAuth
0x0000000009208000 	/System/Library/PrivateFrameworks/TCC.framework/Versions/A/TCC
0x0000000009208000 	/System/Library/Frameworks/OpenDirectory.framework/Versions/A/Frameworks/CFOpenDirectory.framework/Versions/A/CFOpenDirectory
0x0000000009208000 	/System/Library/Frameworks/ServiceManagement.framework/Versions/A/ServiceManagement
0x0000000009208000 	/usr/lib/libxslt.1.dylib
0x0000000009208000 	/System/Library/Frameworks/Carbon.framework/Versions/A/Frameworks/Ink.framework/Versions/A/Ink
0x0000000009208000 	/System/Library/Frameworks/ApplicationServices.framework/Versions/A/Frameworks/ATS.framework/Versions/A/ATS
0x0000000009208000 	/System/Library/Frameworks/ApplicationServices.framework/Versions/A/Frameworks/ColorSync.framework/Versions/A/ColorSync
0x0000000009208000 	/System/Library/Frameworks/ApplicationServices.framework/Versions/A/Frameworks/HIServices.framework/Versions/A/HIServices
0x0000000009208000 	/System/Library/Frameworks/ApplicationServices.framework/Versions/A/Frameworks/LangAnalysis.framework/Versions/A/LangAnalysis
0x0000000009208000 	/System/Library/Frameworks/ApplicationServices.framework/Versions/A/Frameworks/PrintCore.framework/Versions/A/PrintCore
0x0000000009208000 	/System/Library/Frameworks/ApplicationServices.framework/Versions/A/Frameworks/QD.framework/Versions/A/QD
0x0000000009208000 	/System/Library/Frameworks/ApplicationServices.framework/Versions/A/Frameworks/SpeechSynthesis.framework/Versions/A/SpeechSynthesis
0x0000000009208000 	/System/Library/Frameworks/IOSurface.framework/Versions/A/IOSurface
0x0000000009208000 	/System/Library/Frameworks/Accelerate.framework/Versions/A/Accelerate
0x0000000009208000 	/System/Library/Frameworks/Accelerate.framework/Versions/A/Frameworks/vImage.framework/Versions/A/vImage
0x0000000009208000 	/System/Library/Frameworks/Accelerate.framework/Versions/A/Frameworks/vecLib.framework/Versions/A/vecLib
0x0000000009208000 	/System/Library/Frameworks/Accelerate.framework/Versions/A/Frameworks/vecLib.framework/Versions/A/libvDSP.dylib
0x0000000009208000 	/System/Library/Frameworks/Accelerate.framework/Versions/A/Frameworks/vecLib.framework/Versions/A/libvMisc.dylib
0x0000000009208000 	/System/Library/Frameworks/Accelerate.framework/Versions/A/Frameworks/vecLib.framework/Versions/A/libLAPACK.dylib
0x0000000009208000 	/System/Library/Frameworks/Accelerate.framework/Versions/A/Frameworks/vecLib.framework/Versions/A/libBLAS.dylib
0x0000000009208000 	/System/Library/Frameworks/ApplicationServices.framework/Versions/A/Frameworks/ATS.framework/Versions/A/Resources/libFontParser.dylib
0x0000000009208000 	/System/Library/Frameworks/ApplicationServices.framework/Versions/A/Frameworks/ATS.framework/Versions/A/Resources/libFontRegistry.dylib
0x0000000009208000 	/System/Library/Frameworks/ImageIO.framework/Versions/A/Resources/libJPEG.dylib
0x0000000009208000 	/System/Library/Frameworks/ImageIO.framework/Versions/A/Resources/libTIFF.dylib
0x0000000009208000 	/System/Library/Frameworks/ImageIO.framework/Versions/A/Resources/libPng.dylib
0x0000000009208000 	/System/Library/Frameworks/ImageIO.framework/Versions/A/Resources/libGIF.dylib
0x0000000009208000 	/System/Library/Frameworks/ImageIO.framework/Versions/A/Resources/libJP2.dylib
0x0000000009208000 	/System/Library/Frameworks/ImageIO.framework/Versions/A/Resources/libRadiance.dylib
0x0000000009208000 	/usr/lib/libcups.2.dylib
0x0000000009208000 	/System/Library/Frameworks/Kerberos.framework/Versions/A/Kerberos
0x0000000009208000 	/System/Library/Frameworks/GSS.framework/Versions/A/GSS
0x0000000009208000 	/usr/lib/libresolv.9.dylib
0x0000000009208000 	/usr/lib/libiconv.2.dylib
0x0000000009208000 	/System/Library/PrivateFrameworks/Heimdal.framework/Versions/A/Heimdal
0x0000000009208000 	/System/Library/PrivateFrameworks/TrustEvaluationAgent.framework/Versions/A/TrustEvaluationAgent
0x0000000009208000 	/usr/lib/libheimdal-asn1.dylib
0x0000000009208000 	/System/Library/Frameworks/OpenDirectory.framework/Versions/A/OpenDirectory
0x0000000009208000 	/System/Library/PrivateFrameworks/CommonAuth.framework/Versions/A/CommonAuth
0x0000000009208000 	/System/Library/Frameworks/SecurityFoundation.framework/Versions/A/SecurityFoundation
0x0000000009208000 	/System/Library/PrivateFrameworks/Bom.framework/Versions/A/Bom
0x0000000009208000 	/System/Library/Frameworks/CoreVideo.framework/Versions/A/CoreVideo
0x0000000009208000 	/System/Library/Frameworks/QuartzCore.framework/Versions/A/Frameworks/CoreImage.framework/Versions/A/CoreImage
0x0000000009208000 	/System/Library/Frameworks/QuartzCore.framework/Versions/A/Frameworks/ScalableUserInterface.framework/Versions/A/ScalableUserInterface
0x0000000009208000 	/System/Library/Frameworks/OpenGL.framework/Versions/A/Libraries/libGLU.dylib
0x0000000009208000 	/System/Library/Frameworks/OpenGL.framework/Versions/A/Libraries/libGFXShared.dylib
0x0000000009208000 	/System/Library/Frameworks/OpenGL.framework/Versions/A/Libraries/libGL.dylib
0x0000000009208000 	/System/Library/Frameworks/OpenGL.framework/Versions/A/Libraries/libGLImage.dylib
0x0000000009208000 	/System/Library/Frameworks/OpenGL.framework/Versions/A/Libraries/libCVMSPluginSupport.dylib
0x0000000009208000 	/System/Library/Frameworks/OpenGL.framework/Versions/A/Libraries/libCoreVMClient.dylib
0x0000000009208000 	/System/Library/PrivateFrameworks/FaceCore.framework/Versions/A/FaceCore
0x0000000009208000 	/System/Library/PrivateFrameworks/CrashReporterSupport.framework/Versions/A/CrashReporterSupport
0x0000000009208000 	/System/Library/Frameworks/OpenCL.framework/Versions/A/OpenCL
0x0000000009208000 	/System/Library/PrivateFrameworks/AppleFSCompression.framework/Versions/A/AppleFSCompression
0x0000000009208000 	/System/Library/PrivateFrameworks/Ubiquity.framework/Versions/A/Ubiquity
0x0000000009208000 	/System/Library/PrivateFrameworks/IconServices.framework/Versions/A/IconServices
0x0000000009208000 	/System/Library/PrivateFrameworks/ChunkingLibrary.framework/Versions/A/ChunkingLibrary
0x0000000009208000 	/System/Library/PrivateFrameworks/CoreSymbolication.framework/Versions/A/CoreSymbolication
0x0000000009208000 	/System/Library/PrivateFrameworks/Symbolication.framework/Versions/A/Symbolication
0x0000000009208000 	/System/Library/PrivateFrameworks/DebugSymbols.framework/Versions/A/DebugSymbols
0x0000000104a13000 	/Library/Java/JavaVirtualMachines/jdk1.8.0_05.jdk/Contents/Home/jre/lib/server/libjvm.dylib
0x0000000009208000 	/usr/lib/libstdc++.6.dylib
0x00000001039f2000 	/Library/Java/JavaVirtualMachines/jdk1.8.0_05.jdk/Contents/Home/jre/lib/libverify.dylib
0x00000001059d6000 	/Library/Java/JavaVirtualMachines/jdk1.8.0_05.jdk/Contents/Home/jre/lib/libjava.dylib
0x0000000105a0b000 	/Library/Java/JavaVirtualMachines/jdk1.8.0_05.jdk/Contents/Home/jre/lib/libjdwp.dylib
0x0000000105a56000 	/Library/Java/JavaVirtualMachines/jdk1.8.0_05.jdk/Contents/Home/jre/lib/libnpt.dylib
0x0000000105a63000 	/Library/Java/JavaVirtualMachines/jdk1.8.0_05.jdk/Contents/Home/jre/lib/libzip.dylib
0x0000000121640000 	/System/Library/Frameworks/JavaVM.framework/Frameworks/JavaRuntimeSupport.framework/JavaRuntimeSupport
0x0000000121658000 	/System/Library/Frameworks/JavaVM.framework/Versions/A/Frameworks/JavaNativeFoundation.framework/Versions/A/JavaNativeFoundation
0x000000012166d000 	/System/Library/Frameworks/JavaVM.framework/Versions/A/JavaVM
0x0000000009208000 	/System/Library/Frameworks/Carbon.framework/Versions/A/Carbon
0x000000012167a000 	/System/Library/PrivateFrameworks/JavaLaunching.framework/Versions/A/JavaLaunching
0x0000000009208000 	/System/Library/Frameworks/Carbon.framework/Versions/A/Frameworks/CommonPanels.framework/Versions/A/CommonPanels
0x0000000009208000 	/System/Library/Frameworks/Carbon.framework/Versions/A/Frameworks/Help.framework/Versions/A/Help
0x0000000009208000 	/System/Library/Frameworks/Carbon.framework/Versions/A/Frameworks/ImageCapture.framework/Versions/A/ImageCapture
0x0000000009208000 	/System/Library/Frameworks/Carbon.framework/Versions/A/Frameworks/OpenScripting.framework/Versions/A/OpenScripting
0x0000000009208000 	/System/Library/Frameworks/Carbon.framework/Versions/A/Frameworks/Print.framework/Versions/A/Print
0x0000000009208000 	/System/Library/Frameworks/Carbon.framework/Versions/A/Frameworks/SecurityHI.framework/Versions/A/SecurityHI
0x0000000121891000 	/Library/Java/JavaVirtualMachines/jdk1.8.0_05.jdk/Contents/Home/jre/lib/libdt_socket.dylib
0x00000001223a6000 	/Library/Java/JavaVirtualMachines/jdk1.8.0_05.jdk/Contents/Home/jre/lib/libprism_es2.dylib
0x0000000009208000 	/System/Library/Frameworks/OpenGL.framework/Versions/A/Resources/GLEngine.bundle/GLEngine
0x0000000009208000 	/System/Library/Frameworks/OpenGL.framework/Versions/A/Libraries/libGLProgrammability.dylib
0x0000000000000000 	/System/Library/Extensions/AppleIntelHD5000GraphicsGLDriver.bundle/Contents/MacOS/AppleIntelHD5000GraphicsGLDriver
0x0000000009208000 	/System/Library/PrivateFrameworks/IOAccelerator.framework/Versions/A/IOAccelerator
0x0000000009208000 	/System/Library/PrivateFrameworks/GPUSupport.framework/Versions/A/Libraries/libGPUSupportMercury.dylib
0x0000000000000000 	/System/Library/Extensions/GeForceGLDriver.bundle/Contents/MacOS/GeForceGLDriver
0x0000000009208000 	/System/Library/Extensions/GeForceGLDriver.bundle/Contents/MacOS/libclh.dylib
0x0000000009208000 	/System/Library/Frameworks/OpenGL.framework/Versions/A/Resources/GLRendererFloat.bundle/GLRendererFloat
0x0000000009208000 	/System/Library/Frameworks/OpenCL.framework/Versions/A/Libraries/libcldcpuengine.dylib
0x0000000009208000 	/System/Library/PrivateFrameworks/DiskImages.framework/Versions/A/DiskImages
0x0000000009208000 	/System/Library/Frameworks/DiscRecording.framework/Versions/A/DiscRecording
0x0000000009208000 	/usr/lib/libcsfde.dylib
0x0000000009208000 	/usr/lib/libcurl.4.dylib
0x0000000009208000 	/System/Library/PrivateFrameworks/MediaKit.framework/Versions/A/MediaKit
0x0000000009208000 	/usr/lib/libCoreStorage.dylib
0x0000000009208000 	/System/Library/PrivateFrameworks/EFILogin.framework/Versions/A/EFILogin
0x0000000009208000 	/usr/lib/libutil.dylib
0x0000000009208000 	/System/Library/PrivateFrameworks/AOSNotification.framework/Versions/A/AOSNotification
0x0000000009208000 	/System/Library/Frameworks/LDAP.framework/Versions/A/LDAP
0x0000000009208000 	/usr/lib/libsasl2.2.dylib
0x0000000009208000 	/usr/lib/libcrypto.0.9.8.dylib
0x0000000009208000 	/usr/lib/libssl.0.9.8.dylib
0x0000000122e78000 	/Library/Java/JavaVirtualMachines/jdk1.8.0_05.jdk/Contents/Home/jre/lib/libglass.dylib
0x0000000009208000 	/System/Library/PrivateFrameworks/CoreServicesInternal.framework/Versions/A/CoreServicesInternal
0x0000000009208000 	/System/Library/PrivateFrameworks/Librarian.framework/Versions/A/Librarian
0x0000000124af9000 	/System/Library/CoreServices/RawCamera.bundle/Contents/MacOS/RawCamera
0x0000000009208000 	/System/Library/Frameworks/CoreGraphics.framework/Versions/A/Resources/libCGCMS.A.dylib
0x0000000009208000 	/System/Library/Frameworks/CoreGraphics.framework/Versions/A/Resources/libRIP.A.dylib
0x0000000009208000 	/System/Library/PrivateFrameworks/FamilyControls.framework/Versions/A/FamilyControls
0x0000000009208000 	/System/Library/PrivateFrameworks/CommerceKit.framework/Versions/A/Frameworks/CommerceCore.framework/Versions/A/CommerceCore
0x0000000009208000 	/System/Library/PrivateFrameworks/SystemAdministration.framework/Versions/A/SystemAdministration
0x0000000009208000 	/System/Library/Frameworks/DirectoryService.framework/Versions/A/DirectoryService
0x0000000009208000 	/System/Library/PrivateFrameworks/LoginUIKit.framework/Versions/A/Frameworks/LoginUICore.framework/Versions/A/LoginUICore
0x0000000009208000 	/usr/lib/libodfde.dylib
0x0000000127c03000 	/Library/Java/JavaVirtualMachines/jdk1.8.0_05.jdk/Contents/Home/jre/lib/libjavafx_font.dylib
0x0000000009208000 	/System/Library/Frameworks/CoreGraphics.framework/Versions/A/Resources/libCGXType.A.dylib
0x00000001246a9000 	/Library/Java/JavaVirtualMachines/jdk1.8.0_05.jdk/Contents/Home/jre/lib/libawt.dylib
0x00000001284a2000 	/Library/Java/JavaVirtualMachines/jdk1.8.0_05.jdk/Contents/Home/jre/lib/./libmlib_image.dylib
0x000000012856e000 	/Library/Java/JavaVirtualMachines/jdk1.8.0_05.jdk/Contents/Home/jre/lib/libawt_lwawt.dylib
0x0000000124758000 	/Library/Java/JavaVirtualMachines/jdk1.8.0_05.jdk/Contents/Home/jre/lib/./libosxapp.dylib
0x0000000009208000 	/System/Library/Frameworks/ExceptionHandling.framework/Versions/A/ExceptionHandling
0x000000012813d000 	/Library/Java/JavaVirtualMachines/jdk1.8.0_05.jdk/Contents/Home/jre/lib/libjpeg.dylib
0x000000012816a000 	/Library/Java/JavaVirtualMachines/jdk1.8.0_05.jdk/Contents/Home/jre/lib/libfontmanager.dylib
0x0000000127fe2000 	/Library/Java/JavaVirtualMachines/jdk1.8.0_05.jdk/Contents/Home/jre/lib/libnio.dylib
0x0000000127ff1000 	/Library/Java/JavaVirtualMachines/jdk1.8.0_05.jdk/Contents/Home/jre/lib/./libnet.dylib
0x0000000129392000 	cl_kernels
0x000000012c46f000 	/System/Library/Frameworks/OpenCL.framework/Versions/A/Libraries/ImageFormats/unorm8_bgra.dylib
0x000000012c8d2000 	cl_kernels
0x000000012c8d7000 	cl_kernels
0x000000012c8c3000 	cl_kernels
0x000000012c8d9000 	/System/Library/Frameworks/OpenCL.framework/Versions/A/Libraries/ImageFormats/unorm8_argb.dylib
0x000000012daf5000 	/Library/Java/JavaVirtualMachines/jdk1.8.0_05.jdk/Contents/Home/jre/lib/libprism_common.dylib
0x000000012522f000 	/private/var/folders/6_/dwl33j_96fx59rqzfyy775dm0000gn/T/jogamp_0000/file_cache/jln1120595134262751694/jln4192303608734805901/libgluegen-rt.jnilib
0x0000000125234000 	/private/var/folders/6_/dwl33j_96fx59rqzfyy775dm0000gn/T/jogamp_0000/file_cache/jln1120595134262751694/jln4192303608734805901/libjocl.dylib

VM Arguments:
jvm_args: -Xdebug -Xrunjdwp:transport=dt_socket,server=n,address=50579 
java_command: berlin.iconn.rbm.main.FXMain
java_class_path (initial): /Users/Radek/git/rbmtools/target/classes:/Users/Radek/.m2/repository/junit/junit/3.8.1/junit-3.8.1.jar:/Users/Radek/.m2/repository/org/apache/commons/commons-lang3/3.3.1/commons-lang3-3.3.1.jar:/Users/Radek/.m2/repository/org/jblas/WorkingJBlas/1.2.3/WorkingJBlas-1.2.3.jar:/Users/Radek/.m2/repository/net/sf/trove4j/trove4j/3.0.3/trove4j-3.0.3.jar:/Users/Radek/.m2/repository/gluegen/gluegen-rt/1.0/gluegen-rt-1.0.jar:/Users/Radek/.m2/repository/gluegen/gluegen-rt-natives-linux-amd64/1.0/gluegen-rt-natives-linux-amd64-1.0.jar:/Users/Radek/.m2/repository/gluegen/gluegen-rt-natives-macosx-universal/1.0/gluegen-rt-natives-macosx-universal-1.0.jar:/Users/Radek/.m2/repository/gluegen/gluegen-rt-natives-windows-amd64/1.0/gluegen-rt-natives-windows-amd64-1.0.jar:/Users/Radek/.m2/repository/jocl/jocl/1.0/jocl-1.0.jar:/Users/Radek/.m2/repository/jocl/jocl-natives-linux-amd64/1.0/jocl-natives-linux-amd64-1.0.jar:/Users/Radek/.m2/repository/jocl/jocl-natives-macosx-universal/1.0/jocl-natives-macosx-universal-1.0.jar:/Users/Radek/.m2/repository/jocl/jocl-natives-windows-amd64/1.0/jocl-natives-windows-amd64-1.0.jar
Launcher Type: SUN_STANDARD

Environment Variables:
JAVA_HOME=/Library/Java/JavaVirtualMachines/jdk1.8.0_05.jdk/Contents/Home
PATH=/usr/bin:/bin:/usr/sbin:/sbin
LD_LIBRARY_PATH=/Library/Java/JavaVirtualMachines/jdk1.8.0_05.jdk/Contents/Home/jre/lib/amd64:/Library/Java/JavaVirtualMachines/jdk1.8.0_05.jdk/Contents/Home/jre/lib/i386:
SHELL=/bin/bash
DISPLAY=/tmp/launch-nJukxd/org.macosforge.xquartz:0
DYLD_LIBRARY_PATH=/Applications/NetBeans/NetBeans 8.0.app/Contents/Resources/NetBeans/webcommon/bin:

Signal Handlers:
SIGSEGV: [libjvm.dylib+0x55f7df], sa_mask[0]=0xfffefeff, sa_flags=0x00000043
SIGBUS: [libjvm.dylib+0x55f7df], sa_mask[0]=0xfffefeff, sa_flags=0x00000042
SIGFPE: [libjvm.dylib+0x442cfa], sa_mask[0]=0xfffefeff, sa_flags=0x00000042
SIGPIPE: [libjvm.dylib+0x442cfa], sa_mask[0]=0xfffefeff, sa_flags=0x00000042
SIGXFSZ: [libjvm.dylib+0x442cfa], sa_mask[0]=0xfffefeff, sa_flags=0x00000042
SIGILL: [libjvm.dylib+0x442cfa], sa_mask[0]=0xfffefeff, sa_flags=0x00000042
SIGUSR1: SIG_DFL, sa_mask[0]=0x00000000, sa_flags=0x00000002
SIGUSR2: [libjvm.dylib+0x442818], sa_mask[0]=0x00000004, sa_flags=0x00000042
SIGHUP: [libjvm.dylib+0x440ba5], sa_mask[0]=0xfffefeff, sa_flags=0x00000042
SIGINT: SIG_IGN, sa_mask[0]=0x00000000, sa_flags=0x00000000
SIGTERM: [libjvm.dylib+0x440ba5], sa_mask[0]=0xfffefeff, sa_flags=0x00000042
SIGQUIT: [libjvm.dylib+0x440ba5], sa_mask[0]=0xfffefeff, sa_flags=0x00000042


---------------  S Y S T E M  ---------------

OS:Bsduname:Darwin 13.1.0 Darwin Kernel Version 13.1.0: Wed Apr  2 23:52:02 PDT 2014; root:xnu-2422.92.1~2/RELEASE_X86_64 x86_64
rlimit: STACK 8192k, CORE 0k, NPROC 709, NOFILE 10240, AS infinity
load average:2.40 2.78 2.87

CPU:total 8 (4 cores per cpu, 2 threads per core) family 6 model 70 stepping 1, cmov, cx8, fxsr, mmx, sse, sse2, sse3, ssse3, sse4.1, sse4.2, popcnt, avx, avx2, aes, clmul, erms, ht, tsc, tscinvbit

Memory: 4k page, physical 16777216k(38356k free)

/proc/meminfo:


vm_info: Java HotSpot(TM) 64-Bit Server VM (25.5-b02) for bsd-amd64 JRE (1.8.0_05-b13), built on Mar 18 2014 00:36:13 by "java_re" with gcc 4.2.1 (Based on Apple Inc. build 5658) (LLVM build 2336.11.00)

time: Wed May 21 21:56:17 2014
elapsed time: 32 seconds

