#
# A fatal error has been detected by the Java Runtime Environment:
#
#  SIGSEGV (0xb) at pc=0x00007fff96147a13, pid=91681, tid=3335
#
# JRE version: Java(TM) SE Runtime Environment (8.0_05-b13) (build 1.8.0_05-b13)
# Java VM: Java HotSpot(TM) 64-Bit Server VM (25.5-b02 mixed mode bsd-amd64 compressed oops)
# Problematic frame:
# C  [libc++abi.dylib+0x25a13]  __dynamic_cast+0x29
#
# Failed to write core dump. Core dumps have been disabled. To enable core dumping, try "ulimit -c unlimited" before starting Java again
#
# If you would like to submit a bug report, please visit:
#   http://bugreport.sun.com/bugreport/crash.jsp
# The crash happened outside the Java Virtual Machine in native code.
# See problematic frame for where to report the bug.
#

---------------  T H R E A D  ---------------

Current thread (0x00007fa1c509f800):  JavaThread "JavaFX Application Thread" [_thread_in_native, id=3335, stack(0x00007fff50793000,0x00007fff50f93000)]

siginfo:si_signo=SIGSEGV: si_errno=0, si_code=0 (SEGV0), si_addr=0x0000000000000000

Registers:
RAX=0x70730f1200010048, RBX=0x00007fff7a534c10, RCX=0xffffffffffffffff, RDX=0x00007fff7a534c10
RSP=0x00007fff50f8bda0, RBP=0x00007fff50f8be40, RSI=0x00007fff7a539640, RDI=0x00007fa1c273eb60
R8 =0x000000076c19c000, R9 =0x00007fff8e7ec788, R10=0x000000076c19c000, R11=0x0000000000000000
R12=0x0000000000000000, R13=0x000000076c19c000, R14=0x00007fa1c273eb60, R15=0x00007fff50f8beb0
RIP=0x00007fff96147a13, EFLAGS=0x0000000000010206, ERR=0x0000000000000000
  TRAPNO=0x000000000000000d

Top of Stack: (sp=0x00007fff50f8bda0)
0x00007fff50f8bda0:   00007fff50f8bf60 000000012a500668
0x00007fff50f8bdb0:   00007fa1c273eb60 00007fff7a539640
0x00007fff50f8bdc0:   ffffffffffffffff 00007fff50f8be10
0x00007fff50f8bdd0:   00007fff50f8be10 00007fff50f8c100
0x00007fff50f8bde0:   00007fff50f8be00 00000001102b5c63
0x00007fff50f8bdf0:   00007fff50f8be20 00007fff50f8be10
0x00007fff50f8be00:   00007fff50f8be40 000000011020bab5
0x00007fff50f8be10:   00007fff50f8be60 00007fa1c273eb60
0x00007fff50f8be20:   0000000000000000 000000076c19c000
0x00007fff50f8be30:   00007fa1c273eb60 00007fff50f8beb0
0x00007fff50f8be40:   00007fff50f8be60 00007fff8e7e5388
0x00007fff50f8be50:   0000000000000000 00007fa1c273eb60
0x00007fff50f8be60:   00007fff50f8be90 00007fff8e7e65ca
0x00007fff50f8be70:   00007fa1c273eb60 0000000000000001
0x00007fff50f8be80:   0000000000000000 00000000000771c0
0x00007fff50f8be90:   00007fff50f8bee0 00007fff8e7ec7b8
0x00007fff50f8bea0:   00007fa10000000b 00007fff50f8c088
0x00007fff50f8beb0:   0000000000000001 00007fff50f8c0b0
0x00007fff50f8bec0:   0000000000000000 000000012a500668
0x00007fff50f8bed0:   00007fff50f8c101 0000000000000000
0x00007fff50f8bee0:   00007fff50f8bfa0 0000000132957121
0x00007fff50f8bef0:   000000002a500668 00007fff8e7ec788
0x00007fff50f8bf00:   000000076c19c000 000000012a500668
0x00007fff50f8bf10:   00007fff50f8c100 000000076c19c000
0x00007fff50f8bf20:   0000000000000000 00007fff8e7ec788
0x00007fff50f8bf30:   00007fff8e7ec788 0000000000f8c100
0x00007fff50f8bf40:   00007fff50f8c0b0 0000000001000001
0x00007fff50f8bf50:   0000000000000000 00000000000771c0
0x00007fff50f8bf60:   0000000000000001 00007fa1c273eb60
0x00007fff50f8bf70:   00007fff50f8c100 00007fa1c509f9e0
0x00007fff50f8bf80:   000000012a500668 0000000000000000
0x00007fff50f8bf90:   00007fff50f8c100 00007fa1c509f800 

Instructions: (pc=0x00007fff96147a13)
0x00007fff961479f3:   55 41 54 53 48 83 ec 78 48 89 4d 80 48 89 d3 48
0x00007fff96147a03:   89 b5 78 ff ff ff 48 89 bd 70 ff ff ff 48 8b 07
0x00007fff96147a13:   48 8b 50 f0 48 01 fa 48 89 95 68 ff ff ff 4c 8b
0x00007fff96147a23:   78 f8 48 89 5d 88 48 89 7d 90 48 89 75 98 48 89 

Register to memory mapping:

RAX=0x70730f1200010048 is an unknown value
RBX=0x00007fff7a534c10: <offset 0xebd5bc10> in /System/Library/Frameworks/OpenCL.framework/Versions/A/OpenCL at 0x00007fff8e7d9000
RCX=0xffffffffffffffff is an unknown value
RDX=0x00007fff7a534c10: <offset 0xebd5bc10> in /System/Library/Frameworks/OpenCL.framework/Versions/A/OpenCL at 0x00007fff8e7d9000
RSP=0x00007fff50f8bda0 is pointing into the stack for thread: 0x00007fa1c509f800
RBP=0x00007fff50f8be40 is pointing into the stack for thread: 0x00007fa1c509f800
RSI=0x00007fff7a539640: <offset 0xebd60640> in /System/Library/Frameworks/OpenCL.framework/Versions/A/OpenCL at 0x00007fff8e7d9000
RDI=0x00007fa1c273eb60 is an unknown value
R8 =0x000000076c19c000 is an oop

[error occurred during error reporting (printing register info), id 0xb]

Stack: [0x00007fff50793000,0x00007fff50f93000],  sp=0x00007fff50f8bda0,  free space=8163k
Native frames: (J=compiled Java code, j=interpreted, Vv=VM code, C=native code)
C  [libc++abi.dylib+0x25a13]  __dynamic_cast+0x29
C  [OpenCL+0xc388]  clLogMessagesToStderrAPPLE+0x1ac
C  [OpenCL+0xd5ca]  clGetExtensionFunctionAddressForPlatform+0x866
C  [OpenCL+0x137b8]  clCreateBuffer+0x30
C  [libjocl.dylib+0x2121]  Java_com_jogamp_opencl_llb_impl_CLAbstractImpl_dispatch_1clCreateBuffer1__JJJLjava_lang_Object_2IZLjava_lang_Object_2IZJ+0x1b1
j  com.jogamp.opencl.llb.impl.CLAbstractImpl.dispatch_clCreateBuffer1(JJJLjava/lang/Object;IZLjava/lang/Object;IZJ)J+0
j  com.jogamp.opencl.llb.impl.CLAbstractImpl.clCreateBuffer(JJJLjava/nio/Buffer;[II)J+138
j  com.jogamp.opencl.CLBuffer.create(Lcom/jogamp/opencl/CLContext;Ljava/nio/Buffer;I)Lcom/jogamp/opencl/CLBuffer;+68
j  com.jogamp.opencl.CLContext.createBuffer(Ljava/nio/Buffer;I)Lcom/jogamp/opencl/CLBuffer;+3
j  com.jogamp.opencl.CLContext.createBuffer(Ljava/nio/Buffer;[Lcom/jogamp/opencl/CLMemory$Mem;)Lcom/jogamp/opencl/CLBuffer;+6
j  com.jogamp.opencl.CLContext.createFloatBuffer(I[Lcom/jogamp/opencl/CLMemory$Mem;)Lcom/jogamp/opencl/CLBuffer;+6
j  berlin.iconn.rbm.cl.CLFloatMatrix.<init>(II[F)V+69
j  berlin.iconn.rbm.cl.CLFloatMatrix.<init>([[F)V+11
j  berlin.iconn.rbm.rbm.RBMCL.<init>(IIFLberlin/iconn/rbm/logistic/ILogistic;ZI[[F)V+203
j  berlin.iconn.rbm.rbm.RBMTrainer.createRBMForTemporaryUse(Lberlin/iconn/rbm/settings/RBMSettingsController;)Lberlin/iconn/rbm/rbm/IRBM;+110
j  berlin.iconn.rbm.rbm.RBMTrainer.getHiddenSingleRBM(Lberlin/iconn/rbm/settings/RBMSettingsController;[[FZ)[[F+8
j  berlin.iconn.rbm.rbm.RBMTrainer.getHiddenSingleRBM(Lberlin/iconn/rbm/settings/RBMSettingsController;[[F)[[F+23
j  berlin.iconn.rbm.rbm.RBMTrainer.updateRBMs(Lberlin/iconn/rbm/main/BenchmarkModel;)V+155
j  berlin.iconn.rbm.rbm.RBMTrainer.trainAllRBMs(Lberlin/iconn/rbm/main/BenchmarkModel;)V+19
j  berlin.iconn.rbm.main.BenchmarkModel.trainRBMs()V+5
j  berlin.iconn.rbm.main.BenchmarkController.btn_trainAllAction(Ljavafx/event/ActionEvent;)V+4
v  ~StubRoutines::call_stub
V  [libjvm.dylib+0x2c5186]
V  [libjvm.dylib+0x489f3c]
V  [libjvm.dylib+0x48a454]
V  [libjvm.dylib+0x312600]
J 777  sun.reflect.NativeMethodAccessorImpl.invoke0(Ljava/lang/reflect/Method;Ljava/lang/Object;[Ljava/lang/Object;)Ljava/lang/Object; (0 bytes) @ 0x00000001110ec86d [0x00000001110ec780+0xed]
J 776 C1 sun.reflect.NativeMethodAccessorImpl.invoke(Ljava/lang/Object;[Ljava/lang/Object;)Ljava/lang/Object; (104 bytes) @ 0x00000001110f0654 [0x00000001110ef4c0+0x1194]
J 753 C1 sun.reflect.DelegatingMethodAccessorImpl.invoke(Ljava/lang/Object;[Ljava/lang/Object;)Ljava/lang/Object; (10 bytes) @ 0x00000001110e5184 [0x00000001110e5080+0x104]
J 725 C1 java.lang.reflect.Method.invoke(Ljava/lang/Object;[Ljava/lang/Object;)Ljava/lang/Object; (62 bytes) @ 0x00000001110bf7b4 [0x00000001110bf440+0x374]
J 822 C1 sun.reflect.GeneratedMethodAccessor1.invoke(Ljava/lang/Object;[Ljava/lang/Object;)Ljava/lang/Object; (65 bytes) @ 0x0000000111118774 [0x00000001111183c0+0x3b4]
J 753 C1 sun.reflect.DelegatingMethodAccessorImpl.invoke(Ljava/lang/Object;[Ljava/lang/Object;)Ljava/lang/Object; (10 bytes) @ 0x00000001110e5184 [0x00000001110e5080+0x104]
J 725 C1 java.lang.reflect.Method.invoke(Ljava/lang/Object;[Ljava/lang/Object;)Ljava/lang/Object; (62 bytes) @ 0x00000001110bf7b4 [0x00000001110bf440+0x374]
J 782 C1 sun.reflect.misc.MethodUtil.invoke(Ljava/lang/reflect/Method;Ljava/lang/Object;[Ljava/lang/Object;)Ljava/lang/Object; (111 bytes) @ 0x00000001110f2394 [0x00000001110f1ec0+0x4d4]
j  javafx.fxml.FXMLLoader$MethodHandler.invoke([Ljava/lang/Object;)V+19
j  javafx.fxml.FXMLLoader$ControllerMethodEventHandler.handle(Ljavafx/event/Event;)V+12
j  com.sun.javafx.event.CompositeEventHandler.dispatchBubblingEvent(Ljavafx/event/Event;)V+51
J 2373 C1 com.sun.javafx.event.EventHandlerManager.dispatchBubblingEvent(Ljavafx/event/Event;)Ljavafx/event/Event; (23 bytes) @ 0x00000001114ebe3c [0x00000001114eb820+0x61c]
J 2374 C1 com.sun.javafx.event.CompositeEventDispatcher.dispatchBubblingEvent(Ljavafx/event/Event;)Ljavafx/event/Event; (35 bytes) @ 0x00000001114eded4 [0x00000001114edd20+0x1b4]
J 2187 C1 com.sun.javafx.event.BasicEventDispatcher.dispatchEvent(Ljavafx/event/Event;Ljavafx/event/EventDispatchChain;)Ljavafx/event/Event; (44 bytes) @ 0x000000011147b304 [0x000000011147b040+0x2c4]
J 2342 C1 com.sun.javafx.event.EventDispatchChainImpl.dispatchEvent(Ljavafx/event/Event;)Ljavafx/event/Event; (101 bytes) @ 0x00000001114e17ac [0x00000001114e1600+0x1ac]
J 2187 C1 com.sun.javafx.event.BasicEventDispatcher.dispatchEvent(Ljavafx/event/Event;Ljavafx/event/EventDispatchChain;)Ljavafx/event/Event; (44 bytes) @ 0x000000011147b21c [0x000000011147b040+0x1dc]
J 2342 C1 com.sun.javafx.event.EventDispatchChainImpl.dispatchEvent(Ljavafx/event/Event;)Ljavafx/event/Event; (101 bytes) @ 0x00000001114e17ac [0x00000001114e1600+0x1ac]
J 2187 C1 com.sun.javafx.event.BasicEventDispatcher.dispatchEvent(Ljavafx/event/Event;Ljavafx/event/EventDispatchChain;)Ljavafx/event/Event; (44 bytes) @ 0x000000011147b21c [0x000000011147b040+0x1dc]
J 2342 C1 com.sun.javafx.event.EventDispatchChainImpl.dispatchEvent(Ljavafx/event/Event;)Ljavafx/event/Event; (101 bytes) @ 0x00000001114e17ac [0x00000001114e1600+0x1ac]
J 2187 C1 com.sun.javafx.event.BasicEventDispatcher.dispatchEvent(Ljavafx/event/Event;Ljavafx/event/EventDispatchChain;)Ljavafx/event/Event; (44 bytes) @ 0x000000011147b21c [0x000000011147b040+0x1dc]
J 2342 C1 com.sun.javafx.event.EventDispatchChainImpl.dispatchEvent(Ljavafx/event/Event;)Ljavafx/event/Event; (101 bytes) @ 0x00000001114e17ac [0x00000001114e1600+0x1ac]
J 2187 C1 com.sun.javafx.event.BasicEventDispatcher.dispatchEvent(Ljavafx/event/Event;Ljavafx/event/EventDispatchChain;)Ljavafx/event/Event; (44 bytes) @ 0x000000011147b21c [0x000000011147b040+0x1dc]
J 2342 C1 com.sun.javafx.event.EventDispatchChainImpl.dispatchEvent(Ljavafx/event/Event;)Ljavafx/event/Event; (101 bytes) @ 0x00000001114e17ac [0x00000001114e1600+0x1ac]
J 2187 C1 com.sun.javafx.event.BasicEventDispatcher.dispatchEvent(Ljavafx/event/Event;Ljavafx/event/EventDispatchChain;)Ljavafx/event/Event; (44 bytes) @ 0x000000011147b21c [0x000000011147b040+0x1dc]
J 2342 C1 com.sun.javafx.event.EventDispatchChainImpl.dispatchEvent(Ljavafx/event/Event;)Ljavafx/event/Event; (101 bytes) @ 0x00000001114e17ac [0x00000001114e1600+0x1ac]
j  com.sun.javafx.event.EventUtil.fireEventImpl(Ljavafx/event/EventDispatchChain;Ljavafx/event/EventTarget;Ljavafx/event/Event;)Ljavafx/event/Event;+10
j  com.sun.javafx.event.EventUtil.fireEvent(Ljavafx/event/EventTarget;Ljavafx/event/Event;)Ljavafx/event/Event;+37
j  javafx.event.Event.fireEvent(Ljavafx/event/EventTarget;Ljavafx/event/Event;)V+30
j  javafx.scene.Node.fireEvent(Ljavafx/event/Event;)V+86
j  javafx.scene.control.Button.fire()V+15
j  com.sun.javafx.scene.control.behavior.ButtonBehavior.mouseReleased(Ljavafx/scene/input/MouseEvent;)V+23
j  com.sun.javafx.scene.control.skin.BehaviorSkinBase$1.handle(Ljavafx/scene/input/MouseEvent;)V+83
j  com.sun.javafx.scene.control.skin.BehaviorSkinBase$1.handle(Ljavafx/event/Event;)V+5
j  com.sun.javafx.event.CompositeEventHandler$NormalEventHandlerRecord.handleBubblingEvent(Ljavafx/event/Event;)V+5
j  com.sun.javafx.event.CompositeEventHandler.dispatchBubblingEvent(Ljavafx/event/Event;)V+28
J 2373 C1 com.sun.javafx.event.EventHandlerManager.dispatchBubblingEvent(Ljavafx/event/Event;)Ljavafx/event/Event; (23 bytes) @ 0x00000001114ebe3c [0x00000001114eb820+0x61c]
J 2374 C1 com.sun.javafx.event.CompositeEventDispatcher.dispatchBubblingEvent(Ljavafx/event/Event;)Ljavafx/event/Event; (35 bytes) @ 0x00000001114eded4 [0x00000001114edd20+0x1b4]
J 2187 C1 com.sun.javafx.event.BasicEventDispatcher.dispatchEvent(Ljavafx/event/Event;Ljavafx/event/EventDispatchChain;)Ljavafx/event/Event; (44 bytes) @ 0x000000011147b304 [0x000000011147b040+0x2c4]
J 2342 C1 com.sun.javafx.event.EventDispatchChainImpl.dispatchEvent(Ljavafx/event/Event;)Ljavafx/event/Event; (101 bytes) @ 0x00000001114e17ac [0x00000001114e1600+0x1ac]
J 2187 C1 com.sun.javafx.event.BasicEventDispatcher.dispatchEvent(Ljavafx/event/Event;Ljavafx/event/EventDispatchChain;)Ljavafx/event/Event; (44 bytes) @ 0x000000011147b21c [0x000000011147b040+0x1dc]
J 2342 C1 com.sun.javafx.event.EventDispatchChainImpl.dispatchEvent(Ljavafx/event/Event;)Ljavafx/event/Event; (101 bytes) @ 0x00000001114e17ac [0x00000001114e1600+0x1ac]
J 2187 C1 com.sun.javafx.event.BasicEventDispatcher.dispatchEvent(Ljavafx/event/Event;Ljavafx/event/EventDispatchChain;)Ljavafx/event/Event; (44 bytes) @ 0x000000011147b21c [0x000000011147b040+0x1dc]
J 2342 C1 com.sun.javafx.event.EventDispatchChainImpl.dispatchEvent(Ljavafx/event/Event;)Ljavafx/event/Event; (101 bytes) @ 0x00000001114e17ac [0x00000001114e1600+0x1ac]
J 2187 C1 com.sun.javafx.event.BasicEventDispatcher.dispatchEvent(Ljavafx/event/Event;Ljavafx/event/EventDispatchChain;)Ljavafx/event/Event; (44 bytes) @ 0x000000011147b21c [0x000000011147b040+0x1dc]
J 2342 C1 com.sun.javafx.event.EventDispatchChainImpl.dispatchEvent(Ljavafx/event/Event;)Ljavafx/event/Event; (101 bytes) @ 0x00000001114e17ac [0x00000001114e1600+0x1ac]
J 2187 C1 com.sun.javafx.event.BasicEventDispatcher.dispatchEvent(Ljavafx/event/Event;Ljavafx/event/EventDispatchChain;)Ljavafx/event/Event; (44 bytes) @ 0x000000011147b21c [0x000000011147b040+0x1dc]
J 2342 C1 com.sun.javafx.event.EventDispatchChainImpl.dispatchEvent(Ljavafx/event/Event;)Ljavafx/event/Event; (101 bytes) @ 0x00000001114e17ac [0x00000001114e1600+0x1ac]
J 2187 C1 com.sun.javafx.event.BasicEventDispatcher.dispatchEvent(Ljavafx/event/Event;Ljavafx/event/EventDispatchChain;)Ljavafx/event/Event; (44 bytes) @ 0x000000011147b21c [0x000000011147b040+0x1dc]
J 2342 C1 com.sun.javafx.event.EventDispatchChainImpl.dispatchEvent(Ljavafx/event/Event;)Ljavafx/event/Event; (101 bytes) @ 0x00000001114e17ac [0x00000001114e1600+0x1ac]
j  com.sun.javafx.event.EventUtil.fireEventImpl(Ljavafx/event/EventDispatchChain;Ljavafx/event/EventTarget;Ljavafx/event/Event;)Ljavafx/event/Event;+10
j  com.sun.javafx.event.EventUtil.fireEvent(Ljavafx/event/EventTarget;Ljavafx/event/Event;)Ljavafx/event/Event;+46
j  javafx.event.Event.fireEvent(Ljavafx/event/EventTarget;Ljavafx/event/Event;)V+30
j  javafx.scene.Scene$MouseHandler.process(Ljavafx/scene/input/MouseEvent;Z)V+498
j  javafx.scene.Scene$MouseHandler.access$1800(Ljavafx/scene/Scene$MouseHandler;Ljavafx/scene/input/MouseEvent;Z)V+3
j  javafx.scene.Scene.impl_processMouseEvent(Ljavafx/scene/input/MouseEvent;)V+6
j  javafx.scene.Scene$ScenePeerListener.mouseEvent(Ljavafx/event/EventType;DDDDLjavafx/scene/input/MouseButton;ZZZZZZZZZ)V+46
j  com.sun.javafx.tk.quantum.GlassViewEventHandler$MouseEventNotification.run()Ljava/lang/Void;+422
j  com.sun.javafx.tk.quantum.GlassViewEventHandler$MouseEventNotification.run()Ljava/lang/Object;+1
v  ~StubRoutines::call_stub
V  [libjvm.dylib+0x2c5186]
V  [libjvm.dylib+0x31a912]
J 2361  java.security.AccessController.doPrivileged(Ljava/security/PrivilegedAction;Ljava/security/AccessControlContext;)Ljava/lang/Object; (0 bytes) @ 0x00000001114e8f55 [0x00000001114e8e80+0xd5]
j  com.sun.javafx.tk.quantum.GlassViewEventHandler.handleMouseEvent(Lcom/sun/glass/ui/View;JIIIIIIIZZ)V+108
j  com.sun.glass.ui.View.handleMouseEvent(JIIIIIIIZZ)V+30
j  com.sun.glass.ui.View.notifyMouse(IIIIIIIZZ)V+181
v  ~StubRoutines::call_stub
V  [libjvm.dylib+0x2c5186]
V  [libjvm.dylib+0x2f9ff0]
V  [libjvm.dylib+0x2ecc84]
C  [libglass.dylib+0x25644]  -[GlassViewDelegate sendJavaMouseEvent:]+0x794
C  [AppKit+0x226235]  -[NSWindow sendEvent:]+0x30d
C  [libglass.dylib+0x28340]  -[GlassWindow_Normal sendEvent:]+0x70
C  [AppKit+0x1c76e4]  -[NSApplication sendEvent:]+0x7e5
C  [AppKit+0x17b89]  -[NSApplication run]+0x286
...<more frames>...

Java frames: (J=compiled Java code, j=interpreted, Vv=VM code)
j  com.jogamp.opencl.llb.impl.CLAbstractImpl.dispatch_clCreateBuffer1(JJJLjava/lang/Object;IZLjava/lang/Object;IZJ)J+0
j  com.jogamp.opencl.llb.impl.CLAbstractImpl.clCreateBuffer(JJJLjava/nio/Buffer;[II)J+138
j  com.jogamp.opencl.CLBuffer.create(Lcom/jogamp/opencl/CLContext;Ljava/nio/Buffer;I)Lcom/jogamp/opencl/CLBuffer;+68
j  com.jogamp.opencl.CLContext.createBuffer(Ljava/nio/Buffer;I)Lcom/jogamp/opencl/CLBuffer;+3
j  com.jogamp.opencl.CLContext.createBuffer(Ljava/nio/Buffer;[Lcom/jogamp/opencl/CLMemory$Mem;)Lcom/jogamp/opencl/CLBuffer;+6
j  com.jogamp.opencl.CLContext.createFloatBuffer(I[Lcom/jogamp/opencl/CLMemory$Mem;)Lcom/jogamp/opencl/CLBuffer;+6
j  berlin.iconn.rbm.cl.CLFloatMatrix.<init>(II[F)V+69
j  berlin.iconn.rbm.cl.CLFloatMatrix.<init>([[F)V+11
j  berlin.iconn.rbm.rbm.RBMCL.<init>(IIFLberlin/iconn/rbm/logistic/ILogistic;ZI[[F)V+203
j  berlin.iconn.rbm.rbm.RBMTrainer.createRBMForTemporaryUse(Lberlin/iconn/rbm/settings/RBMSettingsController;)Lberlin/iconn/rbm/rbm/IRBM;+110
j  berlin.iconn.rbm.rbm.RBMTrainer.getHiddenSingleRBM(Lberlin/iconn/rbm/settings/RBMSettingsController;[[FZ)[[F+8
j  berlin.iconn.rbm.rbm.RBMTrainer.getHiddenSingleRBM(Lberlin/iconn/rbm/settings/RBMSettingsController;[[F)[[F+23
j  berlin.iconn.rbm.rbm.RBMTrainer.updateRBMs(Lberlin/iconn/rbm/main/BenchmarkModel;)V+155
j  berlin.iconn.rbm.rbm.RBMTrainer.trainAllRBMs(Lberlin/iconn/rbm/main/BenchmarkModel;)V+19
j  berlin.iconn.rbm.main.BenchmarkModel.trainRBMs()V+5
j  berlin.iconn.rbm.main.BenchmarkController.btn_trainAllAction(Ljavafx/event/ActionEvent;)V+4
v  ~StubRoutines::call_stub
J 777  sun.reflect.NativeMethodAccessorImpl.invoke0(Ljava/lang/reflect/Method;Ljava/lang/Object;[Ljava/lang/Object;)Ljava/lang/Object; (0 bytes) @ 0x00000001110ec7f7 [0x00000001110ec780+0x77]
J 776 C1 sun.reflect.NativeMethodAccessorImpl.invoke(Ljava/lang/Object;[Ljava/lang/Object;)Ljava/lang/Object; (104 bytes) @ 0x00000001110f0654 [0x00000001110ef4c0+0x1194]
J 753 C1 sun.reflect.DelegatingMethodAccessorImpl.invoke(Ljava/lang/Object;[Ljava/lang/Object;)Ljava/lang/Object; (10 bytes) @ 0x00000001110e5184 [0x00000001110e5080+0x104]
J 725 C1 java.lang.reflect.Method.invoke(Ljava/lang/Object;[Ljava/lang/Object;)Ljava/lang/Object; (62 bytes) @ 0x00000001110bf7b4 [0x00000001110bf440+0x374]
J 822 C1 sun.reflect.GeneratedMethodAccessor1.invoke(Ljava/lang/Object;[Ljava/lang/Object;)Ljava/lang/Object; (65 bytes) @ 0x0000000111118774 [0x00000001111183c0+0x3b4]
J 753 C1 sun.reflect.DelegatingMethodAccessorImpl.invoke(Ljava/lang/Object;[Ljava/lang/Object;)Ljava/lang/Object; (10 bytes) @ 0x00000001110e5184 [0x00000001110e5080+0x104]
J 725 C1 java.lang.reflect.Method.invoke(Ljava/lang/Object;[Ljava/lang/Object;)Ljava/lang/Object; (62 bytes) @ 0x00000001110bf7b4 [0x00000001110bf440+0x374]
J 782 C1 sun.reflect.misc.MethodUtil.invoke(Ljava/lang/reflect/Method;Ljava/lang/Object;[Ljava/lang/Object;)Ljava/lang/Object; (111 bytes) @ 0x00000001110f2394 [0x00000001110f1ec0+0x4d4]
j  javafx.fxml.FXMLLoader$MethodHandler.invoke([Ljava/lang/Object;)V+19
j  javafx.fxml.FXMLLoader$ControllerMethodEventHandler.handle(Ljavafx/event/Event;)V+12
j  com.sun.javafx.event.CompositeEventHandler.dispatchBubblingEvent(Ljavafx/event/Event;)V+51
J 2373 C1 com.sun.javafx.event.EventHandlerManager.dispatchBubblingEvent(Ljavafx/event/Event;)Ljavafx/event/Event; (23 bytes) @ 0x00000001114ebe3c [0x00000001114eb820+0x61c]
J 2374 C1 com.sun.javafx.event.CompositeEventDispatcher.dispatchBubblingEvent(Ljavafx/event/Event;)Ljavafx/event/Event; (35 bytes) @ 0x00000001114eded4 [0x00000001114edd20+0x1b4]
J 2187 C1 com.sun.javafx.event.BasicEventDispatcher.dispatchEvent(Ljavafx/event/Event;Ljavafx/event/EventDispatchChain;)Ljavafx/event/Event; (44 bytes) @ 0x000000011147b304 [0x000000011147b040+0x2c4]
J 2342 C1 com.sun.javafx.event.EventDispatchChainImpl.dispatchEvent(Ljavafx/event/Event;)Ljavafx/event/Event; (101 bytes) @ 0x00000001114e17ac [0x00000001114e1600+0x1ac]
J 2187 C1 com.sun.javafx.event.BasicEventDispatcher.dispatchEvent(Ljavafx/event/Event;Ljavafx/event/EventDispatchChain;)Ljavafx/event/Event; (44 bytes) @ 0x000000011147b21c [0x000000011147b040+0x1dc]
J 2342 C1 com.sun.javafx.event.EventDispatchChainImpl.dispatchEvent(Ljavafx/event/Event;)Ljavafx/event/Event; (101 bytes) @ 0x00000001114e17ac [0x00000001114e1600+0x1ac]
J 2187 C1 com.sun.javafx.event.BasicEventDispatcher.dispatchEvent(Ljavafx/event/Event;Ljavafx/event/EventDispatchChain;)Ljavafx/event/Event; (44 bytes) @ 0x000000011147b21c [0x000000011147b040+0x1dc]
J 2342 C1 com.sun.javafx.event.EventDispatchChainImpl.dispatchEvent(Ljavafx/event/Event;)Ljavafx/event/Event; (101 bytes) @ 0x00000001114e17ac [0x00000001114e1600+0x1ac]
J 2187 C1 com.sun.javafx.event.BasicEventDispatcher.dispatchEvent(Ljavafx/event/Event;Ljavafx/event/EventDispatchChain;)Ljavafx/event/Event; (44 bytes) @ 0x000000011147b21c [0x000000011147b040+0x1dc]
J 2342 C1 com.sun.javafx.event.EventDispatchChainImpl.dispatchEvent(Ljavafx/event/Event;)Ljavafx/event/Event; (101 bytes) @ 0x00000001114e17ac [0x00000001114e1600+0x1ac]
J 2187 C1 com.sun.javafx.event.BasicEventDispatcher.dispatchEvent(Ljavafx/event/Event;Ljavafx/event/EventDispatchChain;)Ljavafx/event/Event; (44 bytes) @ 0x000000011147b21c [0x000000011147b040+0x1dc]
J 2342 C1 com.sun.javafx.event.EventDispatchChainImpl.dispatchEvent(Ljavafx/event/Event;)Ljavafx/event/Event; (101 bytes) @ 0x00000001114e17ac [0x00000001114e1600+0x1ac]
J 2187 C1 com.sun.javafx.event.BasicEventDispatcher.dispatchEvent(Ljavafx/event/Event;Ljavafx/event/EventDispatchChain;)Ljavafx/event/Event; (44 bytes) @ 0x000000011147b21c [0x000000011147b040+0x1dc]
J 2342 C1 com.sun.javafx.event.EventDispatchChainImpl.dispatchEvent(Ljavafx/event/Event;)Ljavafx/event/Event; (101 bytes) @ 0x00000001114e17ac [0x00000001114e1600+0x1ac]
j  com.sun.javafx.event.EventUtil.fireEventImpl(Ljavafx/event/EventDispatchChain;Ljavafx/event/EventTarget;Ljavafx/event/Event;)Ljavafx/event/Event;+10
j  com.sun.javafx.event.EventUtil.fireEvent(Ljavafx/event/EventTarget;Ljavafx/event/Event;)Ljavafx/event/Event;+37
j  javafx.event.Event.fireEvent(Ljavafx/event/EventTarget;Ljavafx/event/Event;)V+30
j  javafx.scene.Node.fireEvent(Ljavafx/event/Event;)V+86
j  javafx.scene.control.Button.fire()V+15
j  com.sun.javafx.scene.control.behavior.ButtonBehavior.mouseReleased(Ljavafx/scene/input/MouseEvent;)V+23
j  com.sun.javafx.scene.control.skin.BehaviorSkinBase$1.handle(Ljavafx/scene/input/MouseEvent;)V+83
j  com.sun.javafx.scene.control.skin.BehaviorSkinBase$1.handle(Ljavafx/event/Event;)V+5
j  com.sun.javafx.event.CompositeEventHandler$NormalEventHandlerRecord.handleBubblingEvent(Ljavafx/event/Event;)V+5
j  com.sun.javafx.event.CompositeEventHandler.dispatchBubblingEvent(Ljavafx/event/Event;)V+28
J 2373 C1 com.sun.javafx.event.EventHandlerManager.dispatchBubblingEvent(Ljavafx/event/Event;)Ljavafx/event/Event; (23 bytes) @ 0x00000001114ebe3c [0x00000001114eb820+0x61c]
J 2374 C1 com.sun.javafx.event.CompositeEventDispatcher.dispatchBubblingEvent(Ljavafx/event/Event;)Ljavafx/event/Event; (35 bytes) @ 0x00000001114eded4 [0x00000001114edd20+0x1b4]
J 2187 C1 com.sun.javafx.event.BasicEventDispatcher.dispatchEvent(Ljavafx/event/Event;Ljavafx/event/EventDispatchChain;)Ljavafx/event/Event; (44 bytes) @ 0x000000011147b304 [0x000000011147b040+0x2c4]
J 2342 C1 com.sun.javafx.event.EventDispatchChainImpl.dispatchEvent(Ljavafx/event/Event;)Ljavafx/event/Event; (101 bytes) @ 0x00000001114e17ac [0x00000001114e1600+0x1ac]
J 2187 C1 com.sun.javafx.event.BasicEventDispatcher.dispatchEvent(Ljavafx/event/Event;Ljavafx/event/EventDispatchChain;)Ljavafx/event/Event; (44 bytes) @ 0x000000011147b21c [0x000000011147b040+0x1dc]
J 2342 C1 com.sun.javafx.event.EventDispatchChainImpl.dispatchEvent(Ljavafx/event/Event;)Ljavafx/event/Event; (101 bytes) @ 0x00000001114e17ac [0x00000001114e1600+0x1ac]
J 2187 C1 com.sun.javafx.event.BasicEventDispatcher.dispatchEvent(Ljavafx/event/Event;Ljavafx/event/EventDispatchChain;)Ljavafx/event/Event; (44 bytes) @ 0x000000011147b21c [0x000000011147b040+0x1dc]
J 2342 C1 com.sun.javafx.event.EventDispatchChainImpl.dispatchEvent(Ljavafx/event/Event;)Ljavafx/event/Event; (101 bytes) @ 0x00000001114e17ac [0x00000001114e1600+0x1ac]
J 2187 C1 com.sun.javafx.event.BasicEventDispatcher.dispatchEvent(Ljavafx/event/Event;Ljavafx/event/EventDispatchChain;)Ljavafx/event/Event; (44 bytes) @ 0x000000011147b21c [0x000000011147b040+0x1dc]
J 2342 C1 com.sun.javafx.event.EventDispatchChainImpl.dispatchEvent(Ljavafx/event/Event;)Ljavafx/event/Event; (101 bytes) @ 0x00000001114e17ac [0x00000001114e1600+0x1ac]
J 2187 C1 com.sun.javafx.event.BasicEventDispatcher.dispatchEvent(Ljavafx/event/Event;Ljavafx/event/EventDispatchChain;)Ljavafx/event/Event; (44 bytes) @ 0x000000011147b21c [0x000000011147b040+0x1dc]
J 2342 C1 com.sun.javafx.event.EventDispatchChainImpl.dispatchEvent(Ljavafx/event/Event;)Ljavafx/event/Event; (101 bytes) @ 0x00000001114e17ac [0x00000001114e1600+0x1ac]
J 2187 C1 com.sun.javafx.event.BasicEventDispatcher.dispatchEvent(Ljavafx/event/Event;Ljavafx/event/EventDispatchChain;)Ljavafx/event/Event; (44 bytes) @ 0x000000011147b21c [0x000000011147b040+0x1dc]
J 2342 C1 com.sun.javafx.event.EventDispatchChainImpl.dispatchEvent(Ljavafx/event/Event;)Ljavafx/event/Event; (101 bytes) @ 0x00000001114e17ac [0x00000001114e1600+0x1ac]
j  com.sun.javafx.event.EventUtil.fireEventImpl(Ljavafx/event/EventDispatchChain;Ljavafx/event/EventTarget;Ljavafx/event/Event;)Ljavafx/event/Event;+10
j  com.sun.javafx.event.EventUtil.fireEvent(Ljavafx/event/EventTarget;Ljavafx/event/Event;)Ljavafx/event/Event;+46
j  javafx.event.Event.fireEvent(Ljavafx/event/EventTarget;Ljavafx/event/Event;)V+30
j  javafx.scene.Scene$MouseHandler.process(Ljavafx/scene/input/MouseEvent;Z)V+498
j  javafx.scene.Scene$MouseHandler.access$1800(Ljavafx/scene/Scene$MouseHandler;Ljavafx/scene/input/MouseEvent;Z)V+3
j  javafx.scene.Scene.impl_processMouseEvent(Ljavafx/scene/input/MouseEvent;)V+6
j  javafx.scene.Scene$ScenePeerListener.mouseEvent(Ljavafx/event/EventType;DDDDLjavafx/scene/input/MouseButton;ZZZZZZZZZ)V+46
j  com.sun.javafx.tk.quantum.GlassViewEventHandler$MouseEventNotification.run()Ljava/lang/Void;+422
j  com.sun.javafx.tk.quantum.GlassViewEventHandler$MouseEventNotification.run()Ljava/lang/Object;+1
v  ~StubRoutines::call_stub
J 2361  java.security.AccessController.doPrivileged(Ljava/security/PrivilegedAction;Ljava/security/AccessControlContext;)Ljava/lang/Object; (0 bytes) @ 0x00000001114e8ee3 [0x00000001114e8e80+0x63]
j  com.sun.javafx.tk.quantum.GlassViewEventHandler.handleMouseEvent(Lcom/sun/glass/ui/View;JIIIIIIIZZ)V+108
j  com.sun.glass.ui.View.handleMouseEvent(JIIIIIIIZZ)V+30
j  com.sun.glass.ui.View.notifyMouse(IIIIIIIZZ)V+181
v  ~StubRoutines::call_stub

---------------  P R O C E S S  ---------------

Java Threads: ( => current thread )
  0x00007fa1c419b000 JavaThread "Prism Font Disposer" daemon [_thread_blocked, id=54039, stack(0x00000001373d9000,0x00000001374d9000)]
  0x00007fa1c3c34800 JavaThread "Java2D Queue Flusher" daemon [_thread_blocked, id=54791, stack(0x0000000135c89000,0x0000000135d89000)]
  0x00007fa1c528e800 JavaThread "Java2D Disposer" daemon [_thread_blocked, id=52779, stack(0x0000000135b86000,0x0000000135c86000)]
  0x00007fa1c403c800 JavaThread "JavaFX-Launcher" [_thread_blocked, id=51203, stack(0x00000001327c1000,0x00000001328c1000)]
  0x00007fa1c4039800 JavaThread "Thread-3" daemon [_thread_in_native, id=38403, stack(0x000000012ee9a000,0x000000012ef1a000)]
=>0x00007fa1c509f800 JavaThread "JavaFX Application Thread" [_thread_in_native, id=3335, stack(0x00007fff50793000,0x00007fff50f93000)]
  0x00007fa1c30ec800 JavaThread "Thread-1" daemon [_thread_blocked, id=28419, stack(0x000000012dfaa000,0x000000012e0aa000)]
  0x00007fa1c30e1800 JavaThread "QuantumRenderer-0" daemon [_thread_blocked, id=23299, stack(0x000000012d2c1000,0x000000012d3c1000)]
  0x00007fa1c3831800 JavaThread "Service Thread" daemon [_thread_blocked, id=22275, stack(0x000000012cfcb000,0x000000012d0cb000)]
  0x00007fa1c580b000 JavaThread "C1 CompilerThread3" daemon [_thread_blocked, id=21763, stack(0x000000012cec8000,0x000000012cfc8000)]
  0x00007fa1c6000000 JavaThread "C2 CompilerThread2" daemon [_thread_blocked, id=21251, stack(0x000000012cdc5000,0x000000012cec5000)]
  0x00007fa1c5011000 JavaThread "C2 CompilerThread1" daemon [_thread_blocked, id=20739, stack(0x000000012ccc2000,0x000000012cdc2000)]
  0x00007fa1c3827000 JavaThread "C2 CompilerThread0" daemon [_thread_blocked, id=20227, stack(0x000000012cbbf000,0x000000012ccbf000)]
  0x00007fa1c300b800 JavaThread "Signal Dispatcher" daemon [_thread_blocked, id=19715, stack(0x000000012cabc000,0x000000012cbbc000)]
  0x00007fa1c5009000 JavaThread "Finalizer" daemon [_thread_blocked, id=14595, stack(0x000000012c86c000,0x000000012c96c000)]
  0x00007fa1c5008000 JavaThread "Reference Handler" daemon [_thread_blocked, id=14083, stack(0x000000012c769000,0x000000012c869000)]
  0x00007fa1c3000800 JavaThread "main" [_thread_blocked, id=6403, stack(0x0000000110cc1000,0x0000000110dc1000)]

Other Threads:
  0x00007fa1c5809800 VMThread [stack: 0x000000012c666000,0x000000012c766000] [id=13571]
  0x00007fa1c3832800 WatcherThread [stack: 0x000000012d0ce000,0x000000012d1ce000] [id=22787]

VM state:not at safepoint (normal execution)

VM Mutex/Monitor currently owned by a thread: None

Heap:
 PSYoungGen      total 28160K, used 23680K [0x000000076ab00000, 0x000000076d200000, 0x00000007c0000000)
  eden space 25600K, 92% used [0x000000076ab00000,0x000000076c2203b8,0x000000076c400000)
  from space 2560K, 0% used [0x000000076cf80000,0x000000076cf80000,0x000000076d200000)
  to   space 4096K, 0% used [0x000000076ca00000,0x000000076ca00000,0x000000076ce00000)
 ParOldGen       total 13824K, used 9700K [0x00000006c0000000, 0x00000006c0d80000, 0x000000076ab00000)
  object space 13824K, 70% used [0x00000006c0000000,0x00000006c09792e8,0x00000006c0d80000)
 Metaspace       used 22738K, capacity 22958K, committed 23168K, reserved 1069056K
  class space    used 3320K, capacity 3418K, committed 3456K, reserved 1048576K

Card table byte_map: [0x0000000120183000,0x0000000120984000] byte_map_base: 0x000000011cb83000

Marking Bits: (ParMarkBitMap*) 0x00000001106660a0
 Begin Bits: [0x00000001216f2000, 0x00000001256f2000)
 End Bits:   [0x00000001256f2000, 0x00000001296f2000)

Polling page: 0x000000010edc3000

CodeCache: size=245760Kb used=9350Kb max_used=9362Kb free=236409Kb
 bounds [0x0000000110dc3000, 0x00000001116f3000, 0x000000011fdc3000]
 total_blobs=3851 nmethods=2958 adapters=808
 compilation: enabled

Compilation events (10 events):
Event: 4.866 Thread 0x00007fa1c3827000 nmethod 2955 0x00000001116e5b90 code [0x00000001116e5ce0, 0x00000001116e5d98]
Event: 4.867 Thread 0x00007fa1c580b000 2956 %     3       org.jblas.FloatMatrix::toArray2 @ 25 (58 bytes)
Event: 4.867 Thread 0x00007fa1c580b000 nmethod 2956% 0x00000001116eb690 code [0x00000001116eb840, 0x00000001116ebcd0]
Event: 4.867 Thread 0x00007fa1c580b000 2957       3       org.jblas.FloatMatrix::toArray2 (58 bytes)
Event: 4.867 Thread 0x00007fa1c580b000 nmethod 2957 0x00000001116eadd0 code [0x00000001116eaf60, 0x00000001116eb390]
Event: 4.867 Thread 0x00007fa1c6000000 2958 %     4       org.jblas.FloatMatrix::toArray2 @ 25 (58 bytes)
Event: 4.869 Thread 0x00007fa1c580b000 2959 %     3       berlin.iconn.rbm.cl.CLFloatMatrix::array2DTo1D @ 22 (55 bytes)
Event: 4.869 Thread 0x00007fa1c580b000 nmethod 2959% 0x00000001116ea490 code [0x00000001116ea620, 0x00000001116eaa50]
Event: 4.869 Thread 0x00007fa1c580b000 2960       3       berlin.iconn.rbm.cl.CLFloatMatrix::array2DTo1D (55 bytes)
Event: 4.869 Thread 0x00007fa1c580b000 nmethod 2960 0x00000001116e9d10 code [0x00000001116e9ea0, 0x00000001116ea230]

GC Heap History (10 events):
Event: 1.237 GC heap before
{Heap before GC invocations=12 (full 0):
 PSYoungGen      total 15360K, used 14384K [0x000000076ab00000, 0x000000076c400000, 0x00000007c0000000)
  eden space 13312K, 100% used [0x000000076ab00000,0x000000076b800000,0x000000076b800000)
  from space 2048K, 52% used [0x000000076b800000,0x000000076b90c030,0x000000076ba00000)
  to   space 2048K, 0% used [0x000000076c200000,0x000000076c200000,0x000000076c400000)
 ParOldGen       total 260608K, used 4206K [0x00000006c0000000, 0x00000006cfe80000, 0x000000076ab00000)
  object space 260608K, 1% used [0x00000006c0000000,0x00000006c041b9a8,0x00000006cfe80000)
 Metaspace       used 16121K, capacity 16332K, committed 16640K, reserved 1062912K
  class space    used 2208K, capacity 2287K, committed 2304K, reserved 1048576K
Event: 1.239 GC heap after
Heap after GC invocations=12 (full 0):
 PSYoungGen      total 23552K, used 451K [0x000000076ab00000, 0x000000076c400000, 0x00000007c0000000)
  eden space 21504K, 0% used [0x000000076ab00000,0x000000076ab00000,0x000000076c000000)
  from space 2048K, 22% used [0x000000076c200000,0x000000076c270c30,0x000000076c400000)
  to   space 2048K, 0% used [0x000000076c000000,0x000000076c000000,0x000000076c200000)
 ParOldGen       total 260608K, used 4990K [0x00000006c0000000, 0x00000006cfe80000, 0x000000076ab00000)
  object space 260608K, 1% used [0x00000006c0000000,0x00000006c04df9b8,0x00000006cfe80000)
 Metaspace       used 16121K, capacity 16332K, committed 16640K, reserved 1062912K
  class space    used 2208K, capacity 2287K, committed 2304K, reserved 1048576K
}
Event: 2.001 GC heap before
{Heap before GC invocations=13 (full 0):
 PSYoungGen      total 23552K, used 21748K [0x000000076ab00000, 0x000000076c400000, 0x00000007c0000000)
  eden space 21504K, 99% used [0x000000076ab00000,0x000000076bfcc430,0x000000076c000000)
  from space 2048K, 22% used [0x000000076c200000,0x000000076c270c30,0x000000076c400000)
  to   space 2048K, 0% used [0x000000076c000000,0x000000076c000000,0x000000076c200000)
 ParOldGen       total 260608K, used 4990K [0x00000006c0000000, 0x00000006cfe80000, 0x000000076ab00000)
  object space 260608K, 1% used [0x00000006c0000000,0x00000006c04df9b8,0x00000006cfe80000)
 Metaspace       used 20898K, capacity 21132K, committed 21296K, reserved 1067008K
  class space    used 3109K, capacity 3183K, committed 3200K, reserved 1048576K
Event: 2.004 GC heap after
Heap after GC invocations=13 (full 0):
 PSYoungGen      total 23552K, used 2048K [0x000000076ab00000, 0x000000076d200000, 0x00000007c0000000)
  eden space 21504K, 0% used [0x000000076ab00000,0x000000076ab00000,0x000000076c000000)
  from space 2048K, 100% used [0x000000076c000000,0x000000076c200000,0x000000076c200000)
  to   space 2560K, 0% used [0x000000076cf80000,0x000000076cf80000,0x000000076d200000)
 ParOldGen       total 260608K, used 5813K [0x00000006c0000000, 0x00000006cfe80000, 0x000000076ab00000)
  object space 260608K, 2% used [0x00000006c0000000,0x00000006c05ad768,0x00000006cfe80000)
 Metaspace       used 20898K, capacity 21132K, committed 21296K, reserved 1067008K
  class space    used 3109K, capacity 3183K, committed 3200K, reserved 1048576K
}
Event: 2.004 GC heap before
{Heap before GC invocations=14 (full 1):
 PSYoungGen      total 23552K, used 2048K [0x000000076ab00000, 0x000000076d200000, 0x00000007c0000000)
  eden space 21504K, 0% used [0x000000076ab00000,0x000000076ab00000,0x000000076c000000)
  from space 2048K, 100% used [0x000000076c000000,0x000000076c200000,0x000000076c200000)
  to   space 2560K, 0% used [0x000000076cf80000,0x000000076cf80000,0x000000076d200000)
 ParOldGen       total 260608K, used 5813K [0x00000006c0000000, 0x00000006cfe80000, 0x000000076ab00000)
  object space 260608K, 2% used [0x00000006c0000000,0x00000006c05ad768,0x00000006cfe80000)
 Metaspace       used 20898K, capacity 21132K, committed 21296K, reserved 1067008K
  class space    used 3109K, capacity 3183K, committed 3200K, reserved 1048576K
Event: 2.060 GC heap after
Heap after GC invocations=14 (full 1):
 PSYoungGen      total 23552K, used 0K [0x000000076ab00000, 0x000000076d200000, 0x00000007c0000000)
  eden space 21504K, 0% used [0x000000076ab00000,0x000000076ab00000,0x000000076c000000)
  from space 2048K, 0% used [0x000000076c000000,0x000000076c000000,0x000000076c200000)
  to   space 2560K, 0% used [0x000000076cf80000,0x000000076cf80000,0x000000076d200000)
 ParOldGen       total 9728K, used 6993K [0x00000006c0000000, 0x00000006c0980000, 0x000000076ab00000)
  object space 9728K, 71% used [0x00000006c0000000,0x00000006c06d45f0,0x00000006c0980000)
 Metaspace       used 20898K, capacity 21132K, committed 21296K, reserved 1067008K
  class space    used 3109K, capacity 3183K, committed 3200K, reserved 1048576K
}
Event: 3.625 GC heap before
{Heap before GC invocations=15 (full 1):
 PSYoungGen      total 23552K, used 21504K [0x000000076ab00000, 0x000000076d200000, 0x00000007c0000000)
  eden space 21504K, 100% used [0x000000076ab00000,0x000000076c000000,0x000000076c000000)
  from space 2048K, 0% used [0x000000076c000000,0x000000076c000000,0x000000076c200000)
  to   space 2560K, 0% used [0x000000076cf80000,0x000000076cf80000,0x000000076d200000)
 ParOldGen       total 9728K, used 6993K [0x00000006c0000000, 0x00000006c0980000, 0x000000076ab00000)
  object space 9728K, 71% used [0x00000006c0000000,0x00000006c06d45f0,0x00000006c0980000)
 Metaspace       used 22098K, capacity 22288K, committed 22656K, reserved 1069056K
  class space    used 3263K, capacity 3349K, committed 3456K, reserved 1048576K
Event: 3.628 GC heap after
Heap after GC invocations=15 (full 1):
 PSYoungGen      total 28160K, used 2528K [0x000000076ab00000, 0x000000076d200000, 0x00000007c0000000)
  eden space 25600K, 0% used [0x000000076ab00000,0x000000076ab00000,0x000000076c400000)
  from space 2560K, 98% used [0x000000076cf80000,0x000000076d1f8010,0x000000076d200000)
  to   space 4096K, 0% used [0x000000076ca00000,0x000000076ca00000,0x000000076ce00000)
 ParOldGen       total 9728K, used 9344K [0x00000006c0000000, 0x00000006c0980000, 0x000000076ab00000)
  object space 9728K, 96% used [0x00000006c0000000,0x00000006c09203e0,0x00000006c0980000)
 Metaspace       used 22098K, capacity 22288K, committed 22656K, reserved 1069056K
  class space    used 3263K, capacity 3349K, committed 3456K, reserved 1048576K
}
Event: 3.628 GC heap before
{Heap before GC invocations=16 (full 2):
 PSYoungGen      total 28160K, used 2528K [0x000000076ab00000, 0x000000076d200000, 0x00000007c0000000)
  eden space 25600K, 0% used [0x000000076ab00000,0x000000076ab00000,0x000000076c400000)
  from space 2560K, 98% used [0x000000076cf80000,0x000000076d1f8010,0x000000076d200000)
  to   space 4096K, 0% used [0x000000076ca00000,0x000000076ca00000,0x000000076ce00000)
 ParOldGen       total 9728K, used 9344K [0x00000006c0000000, 0x00000006c0980000, 0x000000076ab00000)
  object space 9728K, 96% used [0x00000006c0000000,0x00000006c09203e0,0x00000006c0980000)
 Metaspace       used 22098K, capacity 22288K, committed 22656K, reserved 1069056K
  class space    used 3263K, capacity 3349K, committed 3456K, reserved 1048576K
Event: 3.652 GC heap after
Heap after GC invocations=16 (full 2):
 PSYoungGen      total 28160K, used 0K [0x000000076ab00000, 0x000000076d200000, 0x00000007c0000000)
  eden space 25600K, 0% used [0x000000076ab00000,0x000000076ab00000,0x000000076c400000)
  from space 2560K, 0% used [0x000000076cf80000,0x000000076cf80000,0x000000076d200000)
  to   space 4096K, 0% used [0x000000076ca00000,0x000000076ca00000,0x000000076ce00000)
 ParOldGen       total 13824K, used 9700K [0x00000006c0000000, 0x00000006c0d80000, 0x000000076ab00000)
  object space 13824K, 70% used [0x00000006c0000000,0x00000006c09792e8,0x00000006c0d80000)
 Metaspace       used 22098K, capacity 22288K, committed 22656K, reserved 1069056K
  class space    used 3263K, capacity 3349K, committed 3456K, reserved 1048576K
}

Deoptimization events (10 events):
Event: 3.114 Thread 0x00007fa1c509f800 Uncommon trap: reason=bimorphic action=maybe_recompile pc=0x00000001114add34 method=javafx.beans.property.BooleanPropertyBase.get()Z @ 23
Event: 3.114 Thread 0x00007fa1c509f800 Uncommon trap: reason=bimorphic action=maybe_recompile pc=0x00000001114add34 method=javafx.beans.property.BooleanPropertyBase.get()Z @ 23
Event: 3.128 Thread 0x00007fa1c509f800 Uncommon trap: reason=class_check action=maybe_recompile pc=0x00000001114965e0 method=javafx.scene.Node.updateLocalToParentTransform()V @ 11
Event: 3.743 Thread 0x00007fa1c509f800 Uncommon trap: reason=array_check action=maybe_recompile pc=0x00000001114d3ee4 method=com.sun.javafx.css.SimpleSelector.applies(Ljavafx/css/Styleable;[Ljava/util/Set;I)Z @ 37
Event: 3.743 Thread 0x00007fa1c509f800 Uncommon trap: reason=array_check action=maybe_recompile pc=0x00000001114d3ee4 method=com.sun.javafx.css.SimpleSelector.applies(Ljavafx/css/Styleable;[Ljava/util/Set;I)Z @ 37
Event: 3.743 Thread 0x00007fa1c509f800 Uncommon trap: reason=array_check action=maybe_recompile pc=0x00000001114d3ee4 method=com.sun.javafx.css.SimpleSelector.applies(Ljavafx/css/Styleable;[Ljava/util/Set;I)Z @ 37
Event: 3.743 Thread 0x00007fa1c509f800 Uncommon trap: reason=array_check action=maybe_recompile pc=0x00000001114d3ee4 method=com.sun.javafx.css.SimpleSelector.applies(Ljavafx/css/Styleable;[Ljava/util/Set;I)Z @ 37
Event: 3.762 Thread 0x00007fa1c509f800 Uncommon trap: reason=unreached action=reinterpret pc=0x000000011139f3ec method=com.sun.javafx.css.ParsedValueImpl.containsFontRelativeSize(Ljavafx/css/ParsedValue;Z)Z @ 56
Event: 3.771 Thread 0x00007fa1c509f800 Uncommon trap: reason=unreached action=reinterpret pc=0x00000001115ed044 method=javafx.scene.Parent.setChildDirty(Ljavafx/scene/Node;Z)V @ 22
Event: 4.722 Thread 0x00007fa1c509f800 Uncommon trap: reason=unreached action=reinterpret pc=0x00000001115f61fc method=javafx.scene.Parent.setChildDirty(Ljavafx/scene/Node;Z)V @ 22

Internal exceptions (10 events):
Event: 4.838 Thread 0x00007fa1c509f800 Exception <a 'java/security/PrivilegedActionException'> (0x000000076beb1140) thrown at [/HUDSON/workspace/8-2-build-macosx-x86_64/jdk8u5/2488/hotspot/src/share/vm/prims/jvm.cpp, line 1248]
Event: 4.840 Thread 0x00007fa1c509f800 Exception <a 'java/security/PrivilegedActionException'> (0x000000076beb6088) thrown at [/HUDSON/workspace/8-2-build-macosx-x86_64/jdk8u5/2488/hotspot/src/share/vm/prims/jvm.cpp, line 1248]
Event: 4.842 Thread 0x00007fa1c509f800 Exception <a 'java/security/PrivilegedActionException'> (0x000000076bf21248) thrown at [/HUDSON/workspace/8-2-build-macosx-x86_64/jdk8u5/2488/hotspot/src/share/vm/prims/jvm.cpp, line 1248]
Event: 4.845 Thread 0x00007fa1c509f800 Exception <a 'java/security/PrivilegedActionException'> (0x000000076bf253b8) thrown at [/HUDSON/workspace/8-2-build-macosx-x86_64/jdk8u5/2488/hotspot/src/share/vm/prims/jvm.cpp, line 1248]
Event: 4.862 Thread 0x00007fa1c509f800 Exception <a 'java/security/PrivilegedActionException'> (0x000000076bf2ac60) thrown at [/HUDSON/workspace/8-2-build-macosx-x86_64/jdk8u5/2488/hotspot/src/share/vm/prims/jvm.cpp, line 1248]
Event: 4.862 Thread 0x00007fa1c509f800 Exception <a 'java/security/PrivilegedActionException'> (0x000000076bf3f150) thrown at [/HUDSON/workspace/8-2-build-macosx-x86_64/jdk8u5/2488/hotspot/src/share/vm/prims/jvm.cpp, line 1248]
Event: 4.862 Thread 0x00007fa1c509f800 Exception <a 'java/security/PrivilegedActionException'> (0x000000076bf43850) thrown at [/HUDSON/workspace/8-2-build-macosx-x86_64/jdk8u5/2488/hotspot/src/share/vm/prims/jvm.cpp, line 1248]
Event: 4.863 Thread 0x00007fa1c509f800 Exception <a 'java/security/PrivilegedActionException'> (0x000000076bf480d0) thrown at [/HUDSON/workspace/8-2-build-macosx-x86_64/jdk8u5/2488/hotspot/src/share/vm/prims/jvm.cpp, line 1248]
Event: 4.863 Thread 0x00007fa1c509f800 Exception <a 'java/security/PrivilegedActionException'> (0x000000076bf4c958) thrown at [/HUDSON/workspace/8-2-build-macosx-x86_64/jdk8u5/2488/hotspot/src/share/vm/prims/jvm.cpp, line 1248]
Event: 4.864 Thread 0x00007fa1c509f800 Exception <a 'java/security/PrivilegedActionException'> (0x000000076bf508c0) thrown at [/HUDSON/workspace/8-2-build-macosx-x86_64/jdk8u5/2488/hotspot/src/share/vm/prims/jvm.cpp, line 1248]

Events (10 events):
Event: 4.862 loading class org/jblas/exceptions/LapackArgumentException
Event: 4.862 loading class org/jblas/exceptions/LapackArgumentException done
Event: 4.862 loading class org/jblas/exceptions/LapackException
Event: 4.862 loading class org/jblas/exceptions/LapackException done
Event: 4.863 loading class org/jblas/exceptions/LapackSingularityException
Event: 4.863 loading class org/jblas/exceptions/LapackSingularityException done
Event: 4.863 loading class org/jblas/exceptions/LapackConvergenceException
Event: 4.863 loading class org/jblas/exceptions/LapackConvergenceException done
Event: 4.864 loading class org/jblas/JavaBlas
Event: 4.864 loading class org/jblas/JavaBlas done


Dynamic libraries:
0x0000000009208000 	/System/Library/Frameworks/Cocoa.framework/Versions/A/Cocoa
0x0000000009208000 	/System/Library/Frameworks/Security.framework/Versions/A/Security
0x0000000009208000 	/System/Library/Frameworks/ApplicationServices.framework/Versions/A/ApplicationServices
0x0000000009208000 	/usr/lib/libz.1.dylib
0x0000000009208000 	/usr/lib/libSystem.B.dylib
0x0000000009208000 	/usr/lib/libobjc.A.dylib
0x0000000009208000 	/System/Library/Frameworks/CoreFoundation.framework/Versions/A/CoreFoundation
0x0000000009208000 	/System/Library/Frameworks/Foundation.framework/Versions/C/Foundation
0x0000000009208000 	/System/Library/Frameworks/AppKit.framework/Versions/C/AppKit
0x0000000009208000 	/System/Library/Frameworks/CoreData.framework/Versions/A/CoreData
0x0000000009208000 	/System/Library/PrivateFrameworks/RemoteViewServices.framework/Versions/A/RemoteViewServices
0x0000000009208000 	/System/Library/Frameworks/AudioToolbox.framework/Versions/A/AudioToolbox
0x0000000009208000 	/System/Library/Frameworks/AudioUnit.framework/Versions/A/AudioUnit
0x0000000009208000 	/System/Library/PrivateFrameworks/DataDetectorsCore.framework/Versions/A/DataDetectorsCore
0x0000000009208000 	/System/Library/PrivateFrameworks/DesktopServicesPriv.framework/Versions/A/DesktopServicesPriv
0x0000000009208000 	/System/Library/Frameworks/Carbon.framework/Versions/A/Frameworks/HIToolbox.framework/Versions/A/HIToolbox
0x0000000009208000 	/System/Library/Frameworks/QuartzCore.framework/Versions/A/QuartzCore
0x0000000009208000 	/System/Library/Frameworks/Carbon.framework/Versions/A/Frameworks/SpeechRecognition.framework/Versions/A/SpeechRecognition
0x0000000009208000 	/usr/lib/libauto.dylib
0x0000000009208000 	/usr/lib/libicucore.A.dylib
0x0000000009208000 	/usr/lib/libxml2.2.dylib
0x0000000009208000 	/System/Library/PrivateFrameworks/CoreUI.framework/Versions/A/CoreUI
0x0000000009208000 	/System/Library/Frameworks/CoreAudio.framework/Versions/A/CoreAudio
0x0000000009208000 	/System/Library/Frameworks/DiskArbitration.framework/Versions/A/DiskArbitration
0x0000000009208000 	/usr/lib/liblangid.dylib
0x0000000009208000 	/System/Library/PrivateFrameworks/MultitouchSupport.framework/Versions/A/MultitouchSupport
0x0000000009208000 	/System/Library/Frameworks/IOKit.framework/Versions/A/IOKit
0x0000000009208000 	/usr/lib/libDiagnosticMessagesClient.dylib
0x0000000009208000 	/System/Library/Frameworks/CoreServices.framework/Versions/A/CoreServices
0x0000000009208000 	/System/Library/PrivateFrameworks/PerformanceAnalysis.framework/Versions/A/PerformanceAnalysis
0x0000000009208000 	/System/Library/PrivateFrameworks/GenerationalStorage.framework/Versions/A/GenerationalStorage
0x0000000009208000 	/System/Library/Frameworks/OpenGL.framework/Versions/A/OpenGL
0x0000000009208000 	/System/Library/PrivateFrameworks/Sharing.framework/Versions/A/Sharing
0x0000000009208000 	/System/Library/Frameworks/ImageIO.framework/Versions/A/ImageIO
0x0000000009208000 	/System/Library/Frameworks/CoreText.framework/Versions/A/CoreText
0x0000000009208000 	/System/Library/Frameworks/CoreGraphics.framework/Versions/A/CoreGraphics
0x0000000009208000 	/System/Library/PrivateFrameworks/Backup.framework/Versions/A/Backup
0x0000000009208000 	/System/Library/Frameworks/CFNetwork.framework/Versions/A/CFNetwork
0x0000000009208000 	/System/Library/Frameworks/SystemConfiguration.framework/Versions/A/SystemConfiguration
0x0000000009208000 	/usr/lib/libCRFSuite.dylib
0x0000000009208000 	/usr/lib/libc++.1.dylib
0x0000000009208000 	/usr/lib/libc++abi.dylib
0x0000000009208000 	/usr/lib/system/libcache.dylib
0x0000000009208000 	/usr/lib/system/libcommonCrypto.dylib
0x0000000009208000 	/usr/lib/system/libcompiler_rt.dylib
0x0000000009208000 	/usr/lib/system/libcopyfile.dylib
0x0000000009208000 	/usr/lib/system/libcorecrypto.dylib
0x0000000009208000 	/usr/lib/system/libdispatch.dylib
0x0000000009208000 	/usr/lib/system/libdyld.dylib
0x0000000009208000 	/usr/lib/system/libkeymgr.dylib
0x0000000009208000 	/usr/lib/system/liblaunch.dylib
0x0000000009208000 	/usr/lib/system/libmacho.dylib
0x0000000009208000 	/usr/lib/system/libquarantine.dylib
0x0000000009208000 	/usr/lib/system/libremovefile.dylib
0x0000000009208000 	/usr/lib/system/libsystem_asl.dylib
0x0000000009208000 	/usr/lib/system/libsystem_blocks.dylib
0x0000000009208000 	/usr/lib/system/libsystem_c.dylib
0x0000000009208000 	/usr/lib/system/libsystem_configuration.dylib
0x0000000009208000 	/usr/lib/system/libsystem_dnssd.dylib
0x0000000009208000 	/usr/lib/system/libsystem_info.dylib
0x0000000009208000 	/usr/lib/system/libsystem_kernel.dylib
0x0000000009208000 	/usr/lib/system/libsystem_m.dylib
0x0000000009208000 	/usr/lib/system/libsystem_malloc.dylib
0x0000000009208000 	/usr/lib/system/libsystem_network.dylib
0x0000000009208000 	/usr/lib/system/libsystem_notify.dylib
0x0000000009208000 	/usr/lib/system/libsystem_platform.dylib
0x0000000009208000 	/usr/lib/system/libsystem_pthread.dylib
0x0000000009208000 	/usr/lib/system/libsystem_sandbox.dylib
0x0000000009208000 	/usr/lib/system/libsystem_stats.dylib
0x0000000009208000 	/usr/lib/system/libunc.dylib
0x0000000009208000 	/usr/lib/system/libunwind.dylib
0x0000000009208000 	/usr/lib/system/libxpc.dylib
0x0000000009208000 	/usr/lib/libbsm.0.dylib
0x0000000009208000 	/usr/lib/libsqlite3.dylib
0x0000000009208000 	/usr/lib/libxar.1.dylib
0x0000000009208000 	/usr/lib/libpam.2.dylib
0x0000000009208000 	/usr/lib/libOpenScriptingUtil.dylib
0x0000000009208000 	/usr/lib/libbz2.1.0.dylib
0x0000000009208000 	/System/Library/Frameworks/CoreServices.framework/Versions/A/Frameworks/CarbonCore.framework/Versions/A/CarbonCore
0x0000000009208000 	/System/Library/Frameworks/CoreServices.framework/Versions/A/Frameworks/Metadata.framework/Versions/A/Metadata
0x0000000009208000 	/System/Library/Frameworks/CoreServices.framework/Versions/A/Frameworks/OSServices.framework/Versions/A/OSServices
0x0000000009208000 	/System/Library/Frameworks/CoreServices.framework/Versions/A/Frameworks/SearchKit.framework/Versions/A/SearchKit
0x0000000009208000 	/System/Library/Frameworks/CoreServices.framework/Versions/A/Frameworks/AE.framework/Versions/A/AE
0x0000000009208000 	/System/Library/Frameworks/CoreServices.framework/Versions/A/Frameworks/LaunchServices.framework/Versions/A/LaunchServices
0x0000000009208000 	/System/Library/Frameworks/CoreServices.framework/Versions/A/Frameworks/DictionaryServices.framework/Versions/A/DictionaryServices
0x0000000009208000 	/System/Library/Frameworks/NetFS.framework/Versions/A/NetFS
0x0000000009208000 	/usr/lib/system/libkxld.dylib
0x0000000009208000 	/System/Library/PrivateFrameworks/NetAuth.framework/Versions/A/NetAuth
0x0000000009208000 	/System/Library/PrivateFrameworks/TCC.framework/Versions/A/TCC
0x0000000009208000 	/System/Library/Frameworks/OpenDirectory.framework/Versions/A/Frameworks/CFOpenDirectory.framework/Versions/A/CFOpenDirectory
0x0000000009208000 	/System/Library/Frameworks/ServiceManagement.framework/Versions/A/ServiceManagement
0x0000000009208000 	/usr/lib/libxslt.1.dylib
0x0000000009208000 	/System/Library/Frameworks/Carbon.framework/Versions/A/Frameworks/Ink.framework/Versions/A/Ink
0x0000000009208000 	/System/Library/Frameworks/ApplicationServices.framework/Versions/A/Frameworks/ATS.framework/Versions/A/ATS
0x0000000009208000 	/System/Library/Frameworks/ApplicationServices.framework/Versions/A/Frameworks/ColorSync.framework/Versions/A/ColorSync
0x0000000009208000 	/System/Library/Frameworks/ApplicationServices.framework/Versions/A/Frameworks/HIServices.framework/Versions/A/HIServices
0x0000000009208000 	/System/Library/Frameworks/ApplicationServices.framework/Versions/A/Frameworks/LangAnalysis.framework/Versions/A/LangAnalysis
0x0000000009208000 	/System/Library/Frameworks/ApplicationServices.framework/Versions/A/Frameworks/PrintCore.framework/Versions/A/PrintCore
0x0000000009208000 	/System/Library/Frameworks/ApplicationServices.framework/Versions/A/Frameworks/QD.framework/Versions/A/QD
0x0000000009208000 	/System/Library/Frameworks/ApplicationServices.framework/Versions/A/Frameworks/SpeechSynthesis.framework/Versions/A/SpeechSynthesis
0x0000000009208000 	/System/Library/Frameworks/IOSurface.framework/Versions/A/IOSurface
0x0000000009208000 	/System/Library/Frameworks/Accelerate.framework/Versions/A/Accelerate
0x0000000009208000 	/System/Library/Frameworks/Accelerate.framework/Versions/A/Frameworks/vImage.framework/Versions/A/vImage
0x0000000009208000 	/System/Library/Frameworks/Accelerate.framework/Versions/A/Frameworks/vecLib.framework/Versions/A/vecLib
0x0000000009208000 	/System/Library/Frameworks/Accelerate.framework/Versions/A/Frameworks/vecLib.framework/Versions/A/libvDSP.dylib
0x0000000009208000 	/System/Library/Frameworks/Accelerate.framework/Versions/A/Frameworks/vecLib.framework/Versions/A/libvMisc.dylib
0x0000000009208000 	/System/Library/Frameworks/Accelerate.framework/Versions/A/Frameworks/vecLib.framework/Versions/A/libLAPACK.dylib
0x0000000009208000 	/System/Library/Frameworks/Accelerate.framework/Versions/A/Frameworks/vecLib.framework/Versions/A/libBLAS.dylib
0x0000000009208000 	/System/Library/Frameworks/ApplicationServices.framework/Versions/A/Frameworks/ATS.framework/Versions/A/Resources/libFontParser.dylib
0x0000000009208000 	/System/Library/Frameworks/ApplicationServices.framework/Versions/A/Frameworks/ATS.framework/Versions/A/Resources/libFontRegistry.dylib
0x0000000009208000 	/System/Library/Frameworks/ImageIO.framework/Versions/A/Resources/libJPEG.dylib
0x0000000009208000 	/System/Library/Frameworks/ImageIO.framework/Versions/A/Resources/libTIFF.dylib
0x0000000009208000 	/System/Library/Frameworks/ImageIO.framework/Versions/A/Resources/libPng.dylib
0x0000000009208000 	/System/Library/Frameworks/ImageIO.framework/Versions/A/Resources/libGIF.dylib
0x0000000009208000 	/System/Library/Frameworks/ImageIO.framework/Versions/A/Resources/libJP2.dylib
0x0000000009208000 	/System/Library/Frameworks/ImageIO.framework/Versions/A/Resources/libRadiance.dylib
0x0000000009208000 	/usr/lib/libcups.2.dylib
0x0000000009208000 	/System/Library/Frameworks/Kerberos.framework/Versions/A/Kerberos
0x0000000009208000 	/System/Library/Frameworks/GSS.framework/Versions/A/GSS
0x0000000009208000 	/usr/lib/libresolv.9.dylib
0x0000000009208000 	/usr/lib/libiconv.2.dylib
0x0000000009208000 	/System/Library/PrivateFrameworks/Heimdal.framework/Versions/A/Heimdal
0x0000000009208000 	/System/Library/PrivateFrameworks/TrustEvaluationAgent.framework/Versions/A/TrustEvaluationAgent
0x0000000009208000 	/usr/lib/libheimdal-asn1.dylib
0x0000000009208000 	/System/Library/Frameworks/OpenDirectory.framework/Versions/A/OpenDirectory
0x0000000009208000 	/System/Library/PrivateFrameworks/CommonAuth.framework/Versions/A/CommonAuth
0x0000000009208000 	/System/Library/Frameworks/SecurityFoundation.framework/Versions/A/SecurityFoundation
0x0000000009208000 	/System/Library/PrivateFrameworks/Bom.framework/Versions/A/Bom
0x0000000009208000 	/System/Library/Frameworks/CoreVideo.framework/Versions/A/CoreVideo
0x0000000009208000 	/System/Library/Frameworks/QuartzCore.framework/Versions/A/Frameworks/CoreImage.framework/Versions/A/CoreImage
0x0000000009208000 	/System/Library/Frameworks/QuartzCore.framework/Versions/A/Frameworks/ScalableUserInterface.framework/Versions/A/ScalableUserInterface
0x0000000009208000 	/System/Library/Frameworks/OpenGL.framework/Versions/A/Libraries/libGLU.dylib
0x0000000009208000 	/System/Library/Frameworks/OpenGL.framework/Versions/A/Libraries/libGFXShared.dylib
0x0000000009208000 	/System/Library/Frameworks/OpenGL.framework/Versions/A/Libraries/libGL.dylib
0x0000000009208000 	/System/Library/Frameworks/OpenGL.framework/Versions/A/Libraries/libGLImage.dylib
0x0000000009208000 	/System/Library/Frameworks/OpenGL.framework/Versions/A/Libraries/libCVMSPluginSupport.dylib
0x0000000009208000 	/System/Library/Frameworks/OpenGL.framework/Versions/A/Libraries/libCoreVMClient.dylib
0x0000000009208000 	/System/Library/PrivateFrameworks/FaceCore.framework/Versions/A/FaceCore
0x0000000009208000 	/System/Library/PrivateFrameworks/CrashReporterSupport.framework/Versions/A/CrashReporterSupport
0x0000000009208000 	/System/Library/Frameworks/OpenCL.framework/Versions/A/OpenCL
0x0000000009208000 	/System/Library/PrivateFrameworks/AppleFSCompression.framework/Versions/A/AppleFSCompression
0x0000000009208000 	/System/Library/PrivateFrameworks/Ubiquity.framework/Versions/A/Ubiquity
0x0000000009208000 	/System/Library/PrivateFrameworks/IconServices.framework/Versions/A/IconServices
0x0000000009208000 	/System/Library/PrivateFrameworks/ChunkingLibrary.framework/Versions/A/ChunkingLibrary
0x0000000009208000 	/System/Library/PrivateFrameworks/CoreSymbolication.framework/Versions/A/CoreSymbolication
0x0000000009208000 	/System/Library/PrivateFrameworks/Symbolication.framework/Versions/A/Symbolication
0x0000000009208000 	/System/Library/PrivateFrameworks/DebugSymbols.framework/Versions/A/DebugSymbols
0x000000010fe00000 	/Library/Java/JavaVirtualMachines/jdk1.8.0_05.jdk/Contents/Home/jre/lib/server/libjvm.dylib
0x0000000009208000 	/usr/lib/libstdc++.6.dylib
0x000000010ed81000 	/Library/Java/JavaVirtualMachines/jdk1.8.0_05.jdk/Contents/Home/jre/lib/libverify.dylib
0x000000010ed8f000 	/Library/Java/JavaVirtualMachines/jdk1.8.0_05.jdk/Contents/Home/jre/lib/libjava.dylib
0x000000010edcd000 	/Library/Java/JavaVirtualMachines/jdk1.8.0_05.jdk/Contents/Home/jre/lib/libzip.dylib
0x000000012c96e000 	/System/Library/Frameworks/JavaVM.framework/Frameworks/JavaRuntimeSupport.framework/JavaRuntimeSupport
0x000000012c986000 	/System/Library/Frameworks/JavaVM.framework/Versions/A/Frameworks/JavaNativeFoundation.framework/Versions/A/JavaNativeFoundation
0x000000012c99b000 	/System/Library/Frameworks/JavaVM.framework/Versions/A/JavaVM
0x0000000009208000 	/System/Library/Frameworks/Carbon.framework/Versions/A/Carbon
0x000000012c9a8000 	/System/Library/PrivateFrameworks/JavaLaunching.framework/Versions/A/JavaLaunching
0x0000000009208000 	/System/Library/Frameworks/Carbon.framework/Versions/A/Frameworks/CommonPanels.framework/Versions/A/CommonPanels
0x0000000009208000 	/System/Library/Frameworks/Carbon.framework/Versions/A/Frameworks/Help.framework/Versions/A/Help
0x0000000009208000 	/System/Library/Frameworks/Carbon.framework/Versions/A/Frameworks/ImageCapture.framework/Versions/A/ImageCapture
0x0000000009208000 	/System/Library/Frameworks/Carbon.framework/Versions/A/Frameworks/OpenScripting.framework/Versions/A/OpenScripting
0x0000000009208000 	/System/Library/Frameworks/Carbon.framework/Versions/A/Frameworks/Print.framework/Versions/A/Print
0x0000000009208000 	/System/Library/Frameworks/Carbon.framework/Versions/A/Frameworks/SecurityHI.framework/Versions/A/SecurityHI
0x000000012d3c3000 	/Library/Java/JavaVirtualMachines/jdk1.8.0_05.jdk/Contents/Home/jre/lib/libprism_es2.dylib
0x0000000009208000 	/System/Library/Frameworks/OpenGL.framework/Versions/A/Resources/GLEngine.bundle/GLEngine
0x0000000009208000 	/System/Library/Frameworks/OpenGL.framework/Versions/A/Libraries/libGLProgrammability.dylib
0x0000000000000000 	/System/Library/Extensions/AppleIntelHD5000GraphicsGLDriver.bundle/Contents/MacOS/AppleIntelHD5000GraphicsGLDriver
0x0000000009208000 	/System/Library/PrivateFrameworks/IOAccelerator.framework/Versions/A/IOAccelerator
0x0000000009208000 	/System/Library/PrivateFrameworks/GPUSupport.framework/Versions/A/Libraries/libGPUSupportMercury.dylib
0x0000000000000000 	/System/Library/Extensions/GeForceGLDriver.bundle/Contents/MacOS/GeForceGLDriver
0x0000000009208000 	/System/Library/Extensions/GeForceGLDriver.bundle/Contents/MacOS/libclh.dylib
0x0000000009208000 	/System/Library/Frameworks/OpenGL.framework/Versions/A/Resources/GLRendererFloat.bundle/GLRendererFloat
0x0000000009208000 	/System/Library/Frameworks/OpenCL.framework/Versions/A/Libraries/libcldcpuengine.dylib
0x0000000009208000 	/System/Library/PrivateFrameworks/DiskImages.framework/Versions/A/DiskImages
0x0000000009208000 	/System/Library/Frameworks/DiscRecording.framework/Versions/A/DiscRecording
0x0000000009208000 	/usr/lib/libcsfde.dylib
0x0000000009208000 	/usr/lib/libcurl.4.dylib
0x0000000009208000 	/System/Library/PrivateFrameworks/MediaKit.framework/Versions/A/MediaKit
0x0000000009208000 	/usr/lib/libCoreStorage.dylib
0x0000000009208000 	/System/Library/PrivateFrameworks/EFILogin.framework/Versions/A/EFILogin
0x0000000009208000 	/usr/lib/libutil.dylib
0x0000000009208000 	/System/Library/PrivateFrameworks/AOSNotification.framework/Versions/A/AOSNotification
0x0000000009208000 	/System/Library/Frameworks/LDAP.framework/Versions/A/LDAP
0x0000000009208000 	/usr/lib/libsasl2.2.dylib
0x0000000009208000 	/usr/lib/libcrypto.0.9.8.dylib
0x0000000009208000 	/usr/lib/libssl.0.9.8.dylib
0x000000012da96000 	/Library/Java/JavaVirtualMachines/jdk1.8.0_05.jdk/Contents/Home/jre/lib/libglass.dylib
0x0000000009208000 	/System/Library/PrivateFrameworks/CoreServicesInternal.framework/Versions/A/CoreServicesInternal
0x0000000009208000 	/System/Library/PrivateFrameworks/Librarian.framework/Versions/A/Librarian
0x000000012e54c000 	/System/Library/CoreServices/RawCamera.bundle/Contents/MacOS/RawCamera
0x0000000009208000 	/System/Library/Frameworks/CoreGraphics.framework/Versions/A/Resources/libCGCMS.A.dylib
0x0000000009208000 	/System/Library/Frameworks/CoreGraphics.framework/Versions/A/Resources/libRIP.A.dylib
0x0000000009208000 	/System/Library/PrivateFrameworks/FamilyControls.framework/Versions/A/FamilyControls
0x0000000009208000 	/System/Library/PrivateFrameworks/CommerceKit.framework/Versions/A/Frameworks/CommerceCore.framework/Versions/A/CommerceCore
0x0000000009208000 	/System/Library/PrivateFrameworks/SystemAdministration.framework/Versions/A/SystemAdministration
0x0000000009208000 	/System/Library/Frameworks/DirectoryService.framework/Versions/A/DirectoryService
0x0000000009208000 	/System/Library/PrivateFrameworks/LoginUIKit.framework/Versions/A/Frameworks/LoginUICore.framework/Versions/A/LoginUICore
0x0000000009208000 	/usr/lib/libodfde.dylib
0x00000001328e3000 	/Library/Java/JavaVirtualMachines/jdk1.8.0_05.jdk/Contents/Home/jre/lib/libnet.dylib
0x0000000132941000 	/Library/Java/JavaVirtualMachines/jdk1.8.0_05.jdk/Contents/Home/jre/lib/libnio.dylib
0x0000000132950000 	/private/var/folders/6_/dwl33j_96fx59rqzfyy775dm0000gn/T/jogamp_0000/file_cache/jln7139886244869963075/jln870831114652501369/libgluegen-rt.jnilib
0x0000000132955000 	/private/var/folders/6_/dwl33j_96fx59rqzfyy775dm0000gn/T/jogamp_0000/file_cache/jln7139886244869963075/jln870831114652501369/libjocl.dylib
0x0000000135173000 	/Library/Java/JavaVirtualMachines/jdk1.8.0_05.jdk/Contents/Home/jre/lib/libjavafx_font.dylib
0x0000000009208000 	/System/Library/Frameworks/CoreGraphics.framework/Versions/A/Resources/libCGXType.A.dylib
0x000000012e0ac000 	/Library/Java/JavaVirtualMachines/jdk1.8.0_05.jdk/Contents/Home/jre/lib/libawt.dylib
0x0000000135807000 	/Library/Java/JavaVirtualMachines/jdk1.8.0_05.jdk/Contents/Home/jre/lib/./libmlib_image.dylib
0x00000001358d3000 	/Library/Java/JavaVirtualMachines/jdk1.8.0_05.jdk/Contents/Home/jre/lib/libawt_lwawt.dylib
0x000000012e15b000 	/Library/Java/JavaVirtualMachines/jdk1.8.0_05.jdk/Contents/Home/jre/lib/./libosxapp.dylib
0x0000000009208000 	/System/Library/Frameworks/ExceptionHandling.framework/Versions/A/ExceptionHandling
0x000000012e177000 	/Library/Java/JavaVirtualMachines/jdk1.8.0_05.jdk/Contents/Home/jre/lib/libjpeg.dylib
0x00000001329bf000 	/Library/Java/JavaVirtualMachines/jdk1.8.0_05.jdk/Contents/Home/jre/lib/libfontmanager.dylib
0x0000000132afe000 	cl_kernels
0x00000001398d0000 	/System/Library/Frameworks/OpenCL.framework/Versions/A/Libraries/ImageFormats/unorm8_bgra.dylib
0x0000000139c97000 	cl_kernels
0x0000000139c9c000 	cl_kernels
0x0000000139ca1000 	cl_kernels
0x0000000139ca4000 	/System/Library/Frameworks/OpenCL.framework/Versions/A/Libraries/ImageFormats/unorm8_argb.dylib
0x0000000132d58000 	/Library/Java/JavaVirtualMachines/jdk1.8.0_05.jdk/Contents/Home/jre/lib/libprism_common.dylib

VM Arguments:
java_command: berlin.iconn.rbm.main.FXMain
java_class_path (initial): /Users/Radek/git/rbmtools/target/classes:/Users/Radek/.m2/repository/junit/junit/3.8.1/junit-3.8.1.jar:/Users/Radek/.m2/repository/org/apache/commons/commons-lang3/3.3.1/commons-lang3-3.3.1.jar:/Users/Radek/.m2/repository/org/jblas/WorkingJBlas/1.2.3/WorkingJBlas-1.2.3.jar:/Users/Radek/.m2/repository/net/sf/trove4j/trove4j/3.0.3/trove4j-3.0.3.jar:/Users/Radek/.m2/repository/gluegen/gluegen-rt/1.0/gluegen-rt-1.0.jar:/Users/Radek/.m2/repository/gluegen/gluegen-rt-natives-linux-amd64/1.0/gluegen-rt-natives-linux-amd64-1.0.jar:/Users/Radek/.m2/repository/gluegen/gluegen-rt-natives-macosx-universal/1.0/gluegen-rt-natives-macosx-universal-1.0.jar:/Users/Radek/.m2/repository/gluegen/gluegen-rt-natives-windows-amd64/1.0/gluegen-rt-natives-windows-amd64-1.0.jar:/Users/Radek/.m2/repository/jocl/jocl/1.0/jocl-1.0.jar:/Users/Radek/.m2/repository/jocl/jocl-natives-linux-amd64/1.0/jocl-natives-linux-amd64-1.0.jar:/Users/Radek/.m2/repository/jocl/jocl-natives-macosx-universal/1.0/jocl-natives-macosx-universal-1.0.jar:/Users/Radek/.m2/repository/jocl/jocl-natives-windows-amd64/1.0/jocl-natives-windows-amd64-1.0.jar
Launcher Type: SUN_STANDARD

Environment Variables:
JAVA_HOME=/Library/Java/JavaVirtualMachines/jdk1.8.0_05.jdk/Contents/Home
PATH=/usr/bin:/bin:/usr/sbin:/sbin
LD_LIBRARY_PATH=/Library/Java/JavaVirtualMachines/jdk1.8.0_05.jdk/Contents/Home/jre/lib/amd64:/Library/Java/JavaVirtualMachines/jdk1.8.0_05.jdk/Contents/Home/jre/lib/i386:
SHELL=/bin/bash
DISPLAY=/tmp/launch-nJukxd/org.macosforge.xquartz:0
DYLD_LIBRARY_PATH=/Applications/NetBeans/NetBeans 8.0.app/Contents/Resources/NetBeans/webcommon/bin:

Signal Handlers:
SIGSEGV: [libjvm.dylib+0x55f7df], sa_mask[0]=0xfffefeff, sa_flags=0x00000043
SIGBUS: [libjvm.dylib+0x55f7df], sa_mask[0]=0xfffefeff, sa_flags=0x00000042
SIGFPE: [libjvm.dylib+0x442cfa], sa_mask[0]=0xfffefeff, sa_flags=0x00000042
SIGPIPE: [libjvm.dylib+0x442cfa], sa_mask[0]=0xfffefeff, sa_flags=0x00000042
SIGXFSZ: [libjvm.dylib+0x442cfa], sa_mask[0]=0xfffefeff, sa_flags=0x00000042
SIGILL: [libjvm.dylib+0x442cfa], sa_mask[0]=0xfffefeff, sa_flags=0x00000042
SIGUSR1: SIG_DFL, sa_mask[0]=0x00000000, sa_flags=0x00000002
SIGUSR2: [libjvm.dylib+0x442818], sa_mask[0]=0x00000004, sa_flags=0x00000042
SIGHUP: [libjvm.dylib+0x440ba5], sa_mask[0]=0xfffefeff, sa_flags=0x00000042
SIGINT: SIG_IGN, sa_mask[0]=0x00000000, sa_flags=0x00000000
SIGTERM: [libjvm.dylib+0x440ba5], sa_mask[0]=0xfffefeff, sa_flags=0x00000042
SIGQUIT: [libjvm.dylib+0x440ba5], sa_mask[0]=0xfffefeff, sa_flags=0x00000042


---------------  S Y S T E M  ---------------

OS:Bsduname:Darwin 13.1.0 Darwin Kernel Version 13.1.0: Wed Apr  2 23:52:02 PDT 2014; root:xnu-2422.92.1~2/RELEASE_X86_64 x86_64
rlimit: STACK 8192k, CORE 0k, NPROC 709, NOFILE 10240, AS infinity
load average:4.20 3.61 3.50

CPU:total 8 (4 cores per cpu, 2 threads per core) family 6 model 70 stepping 1, cmov, cx8, fxsr, mmx, sse, sse2, sse3, ssse3, sse4.1, sse4.2, popcnt, avx, avx2, aes, clmul, erms, ht, tsc, tscinvbit

Memory: 4k page, physical 16777216k(23904k free)

/proc/meminfo:


vm_info: Java HotSpot(TM) 64-Bit Server VM (25.5-b02) for bsd-amd64 JRE (1.8.0_05-b13), built on Mar 18 2014 00:36:13 by "java_re" with gcc 4.2.1 (Based on Apple Inc. build 5658) (LLVM build 2336.11.00)

time: Wed May 21 22:54:47 2014
elapsed time: 4 seconds

