#
# A fatal error has been detected by the Java Runtime Environment:
#
#  SIGSEGV (0xb) at pc=0x00007fff88d46a13, pid=5686, tid=3335
#
# JRE version: Java(TM) SE Runtime Environment (8.0_05-b13) (build 1.8.0_05-b13)
# Java VM: Java HotSpot(TM) 64-Bit Server VM (25.5-b02 mixed mode bsd-amd64 compressed oops)
# Problematic frame:
# C  [libc++abi.dylib+0x25a13]  __dynamic_cast+0x29
#
# Failed to write core dump. Core dumps have been disabled. To enable core dumping, try "ulimit -c unlimited" before starting Java again
#
# If you would like to submit a bug report, please visit:
#   http://bugreport.sun.com/bugreport/crash.jsp
# The crash happened outside the Java Virtual Machine in native code.
# See problematic frame for where to report the bug.
#

---------------  T H R E A D  ---------------

Current thread (0x00007fca34041000):  JavaThread "JavaFX Application Thread" [_thread_in_native, id=3335, stack(0x00007fff58762000,0x00007fff58f62000)]

siginfo:si_signo=SIGSEGV: si_errno=0, si_code=1 (SEGV_MAPERR), si_addr=0xfffffffefffffff8

Registers:
RAX=0xffffffff00000008, RBX=0x00007fff772a4c10, RCX=0xffffffffffffffff, RDX=0x00007fff772a4c10
RSP=0x00007fff58f5ad20, RBP=0x00007fff58f5adc0, RSI=0x00007fff772a9650, RDI=0x00007fca32c1a990
R8 =0x000000076b447928, R9 =0x00007fff873766d8, R10=0x000000076b447928, R11=0x0000000000000000
R12=0x0000000000000000, R13=0x000000076b447928, R14=0x00007fca32c1a990, R15=0x00007fff58f5ae30
RIP=0x00007fff88d46a13, EFLAGS=0x0000000000010202, ERR=0x0000000000000004
  TRAPNO=0x000000000000000e

Top of Stack: (sp=0x00007fff58f5ad20)
0x00007fff58f5ad20:   00007fff58f5aee0 000000012253d668
0x00007fff58f5ad30:   00007fca32c1a990 00007fff772a9650
0x00007fff58f5ad40:   ffffffffffffffff 00007fff58f5ad90
0x00007fff58f5ad50:   00007fff58f5ad90 00007fff58f5b080
0x00007fff58f5ad60:   00007fff58f5ad80 0000000107251c63
0x00007fff58f5ad70:   00007fff58f5ada0 00007fff58f5ad90
0x00007fff58f5ad80:   00007fff58f5adc0 00000001071a7ab5
0x00007fff58f5ad90:   00007fff58f5ade0 00007fca32c1a990
0x00007fff58f5ada0:   0000000000000000 000000076b447928
0x00007fff58f5adb0:   00007fca32c1a990 00007fff58f5ae30
0x00007fff58f5adc0:   00007fff58f5ade0 00007fff8736f2d8
0x00007fff58f5add0:   0000000000000000 00007fca32c1a990
0x00007fff58f5ade0:   00007fff58f5ae10 00007fff8737051a
0x00007fff58f5adf0:   00007fca32c1a990 0000000000000001
0x00007fff58f5ae00:   0000000000000000 00000000000771c0
0x00007fff58f5ae10:   00007fff58f5ae60 00007fff87376708
0x00007fff58f5ae20:   00007fca0000000b 00007fff58f5b008
0x00007fff58f5ae30:   0000000000000001 00007fff58f5b030
0x00007fff58f5ae40:   0000000000000000 000000012253d668
0x00007fff58f5ae50:   00007fff58f5b001 0000000000000000
0x00007fff58f5ae60:   00007fff58f5af20 000000012a95c121
0x00007fff58f5ae70:   000000002253d668 00007fff873766d8
0x00007fff58f5ae80:   000000076b447928 000000012253d668
0x00007fff58f5ae90:   00007fff58f5b080 000000076b447928
0x00007fff58f5aea0:   0000000000000000 00007fff873766d8
0x00007fff58f5aeb0:   00007fff873766d8 0000000000f5b080
0x00007fff58f5aec0:   00007fff58f5b030 0000000001000001
0x00007fff58f5aed0:   0000000000000000 00000000000771c0
0x00007fff58f5aee0:   0000000000000001 00007fca32c1a990
0x00007fff58f5aef0:   00007fff58f5b080 00007fca340411e0
0x00007fff58f5af00:   000000012253d668 0000000000000000
0x00007fff58f5af10:   00007fff58f5b080 00007fca34041000 

Instructions: (pc=0x00007fff88d46a13)
0x00007fff88d469f3:   55 41 54 53 48 83 ec 78 48 89 4d 80 48 89 d3 48
0x00007fff88d46a03:   89 b5 78 ff ff ff 48 89 bd 70 ff ff ff 48 8b 07
0x00007fff88d46a13:   48 8b 50 f0 48 01 fa 48 89 95 68 ff ff ff 4c 8b
0x00007fff88d46a23:   78 f8 48 89 5d 88 48 89 7d 90 48 89 75 98 48 89 

Register to memory mapping:

RAX=0xffffffff00000008 is an unknown value
RBX=0x00007fff772a4c10: <offset 0xeff41c10> in /System/Library/Frameworks/OpenCL.framework/Versions/A/OpenCL at 0x00007fff87363000
RCX=0xffffffffffffffff is an unknown value
RDX=0x00007fff772a4c10: <offset 0xeff41c10> in /System/Library/Frameworks/OpenCL.framework/Versions/A/OpenCL at 0x00007fff87363000
RSP=0x00007fff58f5ad20 is pointing into the stack for thread: 0x00007fca34041000
RBP=0x00007fff58f5adc0 is pointing into the stack for thread: 0x00007fca34041000
RSI=0x00007fff772a9650: <offset 0xeff46650> in /System/Library/Frameworks/OpenCL.framework/Versions/A/OpenCL at 0x00007fff87363000
RDI=0x00007fca32c1a990 is an unknown value
R8 =0x000000076b447928 is an oop

[error occurred during error reporting (printing register info), id 0xb]

Stack: [0x00007fff58762000,0x00007fff58f62000],  sp=0x00007fff58f5ad20,  free space=8163k
Native frames: (J=compiled Java code, j=interpreted, Vv=VM code, C=native code)
C  [libc++abi.dylib+0x25a13]  __dynamic_cast+0x29
C  [OpenCL+0xc2d8]  clLogMessagesToStderrAPPLE+0x1ac
C  [OpenCL+0xd51a]  clGetExtensionFunctionAddressForPlatform+0x866
C  [OpenCL+0x13708]  clCreateBuffer+0x30
C  [libjocl.dylib+0x2121]  Java_com_jogamp_opencl_llb_impl_CLAbstractImpl_dispatch_1clCreateBuffer1__JJJLjava_lang_Object_2IZLjava_lang_Object_2IZJ+0x1b1
j  com.jogamp.opencl.llb.impl.CLAbstractImpl.dispatch_clCreateBuffer1(JJJLjava/lang/Object;IZLjava/lang/Object;IZJ)J+0
j  com.jogamp.opencl.llb.impl.CLAbstractImpl.clCreateBuffer(JJJLjava/nio/Buffer;[II)J+138
j  com.jogamp.opencl.CLBuffer.create(Lcom/jogamp/opencl/CLContext;Ljava/nio/Buffer;I)Lcom/jogamp/opencl/CLBuffer;+68
j  com.jogamp.opencl.CLContext.createBuffer(Ljava/nio/Buffer;I)Lcom/jogamp/opencl/CLBuffer;+3
j  com.jogamp.opencl.CLContext.createBuffer(Ljava/nio/Buffer;[Lcom/jogamp/opencl/CLMemory$Mem;)Lcom/jogamp/opencl/CLBuffer;+6
j  com.jogamp.opencl.CLContext.createFloatBuffer(I[Lcom/jogamp/opencl/CLMemory$Mem;)Lcom/jogamp/opencl/CLBuffer;+6
j  berlin.iconn.rbm.cl.CLFloatMatrix.<init>(II[F)V+69
j  berlin.iconn.rbm.cl.CLFloatMatrix.<init>([[F)V+11
j  berlin.iconn.rbm.rbm.RBMCL.<init>(IIFLberlin/iconn/rbm/logistic/ILogistic;ZI[[F)V+203
j  berlin.iconn.rbm.rbm.RBMTrainer.createRBMForTemporaryUse(Lberlin/iconn/rbm/settings/RBMSettingsController;)Lberlin/iconn/rbm/rbm/IRBM;+110
j  berlin.iconn.rbm.rbm.RBMTrainer.getHiddenSingleRBM(Lberlin/iconn/rbm/settings/RBMSettingsController;[[FZ)[[F+8
j  berlin.iconn.rbm.rbm.RBMTrainer.getHiddenSingleRBM(Lberlin/iconn/rbm/settings/RBMSettingsController;[[F)[[F+23
j  berlin.iconn.rbm.rbm.RBMTrainer.updateRBMs(Lberlin/iconn/rbm/main/BenchmarkModel;)V+155
j  berlin.iconn.rbm.rbm.RBMTrainer.trainAllRBMs(Lberlin/iconn/rbm/main/BenchmarkModel;)V+19
j  berlin.iconn.rbm.main.BenchmarkModel.trainRBMs()V+5
j  berlin.iconn.rbm.main.BenchmarkController.btn_trainAllAction(Ljavafx/event/ActionEvent;)V+4
v  ~StubRoutines::call_stub
V  [libjvm.dylib+0x2c5186]
V  [libjvm.dylib+0x489f3c]
V  [libjvm.dylib+0x48a454]
V  [libjvm.dylib+0x312600]
J 788  sun.reflect.NativeMethodAccessorImpl.invoke0(Ljava/lang/reflect/Method;Ljava/lang/Object;[Ljava/lang/Object;)Ljava/lang/Object; (0 bytes) @ 0x0000000109132b2d [0x0000000109132a40+0xed]
J 787 C1 sun.reflect.NativeMethodAccessorImpl.invoke(Ljava/lang/Object;[Ljava/lang/Object;)Ljava/lang/Object; (104 bytes) @ 0x000000010913ed14 [0x000000010913db80+0x1194]
J 738 C1 sun.reflect.DelegatingMethodAccessorImpl.invoke(Ljava/lang/Object;[Ljava/lang/Object;)Ljava/lang/Object; (10 bytes) @ 0x0000000109117244 [0x0000000109117140+0x104]
J 737 C1 java.lang.reflect.Method.invoke(Ljava/lang/Object;[Ljava/lang/Object;)Ljava/lang/Object; (62 bytes) @ 0x0000000109117974 [0x0000000109117600+0x374]
J 837 C1 sun.reflect.GeneratedMethodAccessor1.invoke(Ljava/lang/Object;[Ljava/lang/Object;)Ljava/lang/Object; (65 bytes) @ 0x0000000109178d74 [0x00000001091789c0+0x3b4]
J 738 C1 sun.reflect.DelegatingMethodAccessorImpl.invoke(Ljava/lang/Object;[Ljava/lang/Object;)Ljava/lang/Object; (10 bytes) @ 0x0000000109117244 [0x0000000109117140+0x104]
J 737 C1 java.lang.reflect.Method.invoke(Ljava/lang/Object;[Ljava/lang/Object;)Ljava/lang/Object; (62 bytes) @ 0x0000000109117974 [0x0000000109117600+0x374]
J 794 C1 sun.reflect.misc.MethodUtil.invoke(Ljava/lang/reflect/Method;Ljava/lang/Object;[Ljava/lang/Object;)Ljava/lang/Object; (111 bytes) @ 0x000000010913c7d4 [0x000000010913c300+0x4d4]
j  javafx.fxml.FXMLLoader$MethodHandler.invoke([Ljava/lang/Object;)V+19
j  javafx.fxml.FXMLLoader$ControllerMethodEventHandler.handle(Ljavafx/event/Event;)V+12
j  com.sun.javafx.event.CompositeEventHandler.dispatchBubblingEvent(Ljavafx/event/Event;)V+51
J 2777 C1 com.sun.javafx.event.EventHandlerManager.dispatchBubblingEvent(Ljavafx/event/Event;)Ljavafx/event/Event; (23 bytes) @ 0x00000001096c00fc [0x00000001096bfae0+0x61c]
j  com.sun.javafx.event.CompositeEventDispatcher.dispatchBubblingEvent(Ljavafx/event/Event;)Ljavafx/event/Event;+11
J 2250 C1 com.sun.javafx.event.BasicEventDispatcher.dispatchEvent(Ljavafx/event/Event;Ljavafx/event/EventDispatchChain;)Ljavafx/event/Event; (44 bytes) @ 0x00000001094d6f84 [0x00000001094d6cc0+0x2c4]
J 2367 C1 com.sun.javafx.event.EventDispatchChainImpl.dispatchEvent(Ljavafx/event/Event;)Ljavafx/event/Event; (101 bytes) @ 0x000000010953356c [0x00000001095333c0+0x1ac]
J 2250 C1 com.sun.javafx.event.BasicEventDispatcher.dispatchEvent(Ljavafx/event/Event;Ljavafx/event/EventDispatchChain;)Ljavafx/event/Event; (44 bytes) @ 0x00000001094d6e9c [0x00000001094d6cc0+0x1dc]
J 2367 C1 com.sun.javafx.event.EventDispatchChainImpl.dispatchEvent(Ljavafx/event/Event;)Ljavafx/event/Event; (101 bytes) @ 0x000000010953356c [0x00000001095333c0+0x1ac]
J 2250 C1 com.sun.javafx.event.BasicEventDispatcher.dispatchEvent(Ljavafx/event/Event;Ljavafx/event/EventDispatchChain;)Ljavafx/event/Event; (44 bytes) @ 0x00000001094d6e9c [0x00000001094d6cc0+0x1dc]
J 2367 C1 com.sun.javafx.event.EventDispatchChainImpl.dispatchEvent(Ljavafx/event/Event;)Ljavafx/event/Event; (101 bytes) @ 0x000000010953356c [0x00000001095333c0+0x1ac]
J 2250 C1 com.sun.javafx.event.BasicEventDispatcher.dispatchEvent(Ljavafx/event/Event;Ljavafx/event/EventDispatchChain;)Ljavafx/event/Event; (44 bytes) @ 0x00000001094d6e9c [0x00000001094d6cc0+0x1dc]
J 2367 C1 com.sun.javafx.event.EventDispatchChainImpl.dispatchEvent(Ljavafx/event/Event;)Ljavafx/event/Event; (101 bytes) @ 0x000000010953356c [0x00000001095333c0+0x1ac]
J 2250 C1 com.sun.javafx.event.BasicEventDispatcher.dispatchEvent(Ljavafx/event/Event;Ljavafx/event/EventDispatchChain;)Ljavafx/event/Event; (44 bytes) @ 0x00000001094d6e9c [0x00000001094d6cc0+0x1dc]
J 2367 C1 com.sun.javafx.event.EventDispatchChainImpl.dispatchEvent(Ljavafx/event/Event;)Ljavafx/event/Event; (101 bytes) @ 0x000000010953356c [0x00000001095333c0+0x1ac]
J 2250 C1 com.sun.javafx.event.BasicEventDispatcher.dispatchEvent(Ljavafx/event/Event;Ljavafx/event/EventDispatchChain;)Ljavafx/event/Event; (44 bytes) @ 0x00000001094d6e9c [0x00000001094d6cc0+0x1dc]
J 2367 C1 com.sun.javafx.event.EventDispatchChainImpl.dispatchEvent(Ljavafx/event/Event;)Ljavafx/event/Event; (101 bytes) @ 0x000000010953356c [0x00000001095333c0+0x1ac]
j  com.sun.javafx.event.EventUtil.fireEventImpl(Ljavafx/event/EventDispatchChain;Ljavafx/event/EventTarget;Ljavafx/event/Event;)Ljavafx/event/Event;+10
j  com.sun.javafx.event.EventUtil.fireEvent(Ljavafx/event/EventTarget;Ljavafx/event/Event;)Ljavafx/event/Event;+37
j  javafx.event.Event.fireEvent(Ljavafx/event/EventTarget;Ljavafx/event/Event;)V+30
j  javafx.scene.Node.fireEvent(Ljavafx/event/Event;)V+86
j  javafx.scene.control.Button.fire()V+15
j  com.sun.javafx.scene.control.behavior.ButtonBehavior.mouseReleased(Ljavafx/scene/input/MouseEvent;)V+23
j  com.sun.javafx.scene.control.skin.BehaviorSkinBase$1.handle(Ljavafx/scene/input/MouseEvent;)V+83
j  com.sun.javafx.scene.control.skin.BehaviorSkinBase$1.handle(Ljavafx/event/Event;)V+5
j  com.sun.javafx.event.CompositeEventHandler$NormalEventHandlerRecord.handleBubblingEvent(Ljavafx/event/Event;)V+5
j  com.sun.javafx.event.CompositeEventHandler.dispatchBubblingEvent(Ljavafx/event/Event;)V+28
J 2777 C1 com.sun.javafx.event.EventHandlerManager.dispatchBubblingEvent(Ljavafx/event/Event;)Ljavafx/event/Event; (23 bytes) @ 0x00000001096c00fc [0x00000001096bfae0+0x61c]
j  com.sun.javafx.event.CompositeEventDispatcher.dispatchBubblingEvent(Ljavafx/event/Event;)Ljavafx/event/Event;+11
J 2250 C1 com.sun.javafx.event.BasicEventDispatcher.dispatchEvent(Ljavafx/event/Event;Ljavafx/event/EventDispatchChain;)Ljavafx/event/Event; (44 bytes) @ 0x00000001094d6f84 [0x00000001094d6cc0+0x2c4]
J 2367 C1 com.sun.javafx.event.EventDispatchChainImpl.dispatchEvent(Ljavafx/event/Event;)Ljavafx/event/Event; (101 bytes) @ 0x000000010953356c [0x00000001095333c0+0x1ac]
J 2250 C1 com.sun.javafx.event.BasicEventDispatcher.dispatchEvent(Ljavafx/event/Event;Ljavafx/event/EventDispatchChain;)Ljavafx/event/Event; (44 bytes) @ 0x00000001094d6e9c [0x00000001094d6cc0+0x1dc]
J 2367 C1 com.sun.javafx.event.EventDispatchChainImpl.dispatchEvent(Ljavafx/event/Event;)Ljavafx/event/Event; (101 bytes) @ 0x000000010953356c [0x00000001095333c0+0x1ac]
J 2250 C1 com.sun.javafx.event.BasicEventDispatcher.dispatchEvent(Ljavafx/event/Event;Ljavafx/event/EventDispatchChain;)Ljavafx/event/Event; (44 bytes) @ 0x00000001094d6e9c [0x00000001094d6cc0+0x1dc]
J 2367 C1 com.sun.javafx.event.EventDispatchChainImpl.dispatchEvent(Ljavafx/event/Event;)Ljavafx/event/Event; (101 bytes) @ 0x000000010953356c [0x00000001095333c0+0x1ac]
J 2250 C1 com.sun.javafx.event.BasicEventDispatcher.dispatchEvent(Ljavafx/event/Event;Ljavafx/event/EventDispatchChain;)Ljavafx/event/Event; (44 bytes) @ 0x00000001094d6e9c [0x00000001094d6cc0+0x1dc]
J 2367 C1 com.sun.javafx.event.EventDispatchChainImpl.dispatchEvent(Ljavafx/event/Event;)Ljavafx/event/Event; (101 bytes) @ 0x000000010953356c [0x00000001095333c0+0x1ac]
J 2250 C1 com.sun.javafx.event.BasicEventDispatcher.dispatchEvent(Ljavafx/event/Event;Ljavafx/event/EventDispatchChain;)Ljavafx/event/Event; (44 bytes) @ 0x00000001094d6e9c [0x00000001094d6cc0+0x1dc]
J 2367 C1 com.sun.javafx.event.EventDispatchChainImpl.dispatchEvent(Ljavafx/event/Event;)Ljavafx/event/Event; (101 bytes) @ 0x000000010953356c [0x00000001095333c0+0x1ac]
J 2250 C1 com.sun.javafx.event.BasicEventDispatcher.dispatchEvent(Ljavafx/event/Event;Ljavafx/event/EventDispatchChain;)Ljavafx/event/Event; (44 bytes) @ 0x00000001094d6e9c [0x00000001094d6cc0+0x1dc]
J 2367 C1 com.sun.javafx.event.EventDispatchChainImpl.dispatchEvent(Ljavafx/event/Event;)Ljavafx/event/Event; (101 bytes) @ 0x000000010953356c [0x00000001095333c0+0x1ac]
j  com.sun.javafx.event.EventUtil.fireEventImpl(Ljavafx/event/EventDispatchChain;Ljavafx/event/EventTarget;Ljavafx/event/Event;)Ljavafx/event/Event;+10
j  com.sun.javafx.event.EventUtil.fireEvent(Ljavafx/event/EventTarget;Ljavafx/event/Event;)Ljavafx/event/Event;+46
j  javafx.event.Event.fireEvent(Ljavafx/event/EventTarget;Ljavafx/event/Event;)V+30
j  javafx.scene.Scene$MouseHandler.process(Ljavafx/scene/input/MouseEvent;Z)V+498
j  javafx.scene.Scene$MouseHandler.access$1800(Ljavafx/scene/Scene$MouseHandler;Ljavafx/scene/input/MouseEvent;Z)V+3
j  javafx.scene.Scene.impl_processMouseEvent(Ljavafx/scene/input/MouseEvent;)V+6
j  javafx.scene.Scene$ScenePeerListener.mouseEvent(Ljavafx/event/EventType;DDDDLjavafx/scene/input/MouseButton;ZZZZZZZZZ)V+46
j  com.sun.javafx.tk.quantum.GlassViewEventHandler$MouseEventNotification.run()Ljava/lang/Void;+422
j  com.sun.javafx.tk.quantum.GlassViewEventHandler$MouseEventNotification.run()Ljava/lang/Object;+1
v  ~StubRoutines::call_stub
V  [libjvm.dylib+0x2c5186]
V  [libjvm.dylib+0x31a912]
J 2344  java.security.AccessController.doPrivileged(Ljava/security/PrivilegedAction;Ljava/security/AccessControlContext;)Ljava/lang/Object; (0 bytes) @ 0x0000000109524255 [0x0000000109524180+0xd5]
j  com.sun.javafx.tk.quantum.GlassViewEventHandler.handleMouseEvent(Lcom/sun/glass/ui/View;JIIIIIIIZZ)V+108
j  com.sun.glass.ui.View.handleMouseEvent(JIIIIIIIZZ)V+30
j  com.sun.glass.ui.View.notifyMouse(IIIIIIIZZ)V+181
v  ~StubRoutines::call_stub
V  [libjvm.dylib+0x2c5186]
V  [libjvm.dylib+0x2f9ff0]
V  [libjvm.dylib+0x2ecc84]
C  [libglass.dylib+0x25644]  -[GlassViewDelegate sendJavaMouseEvent:]+0x794
C  [AppKit+0x226145]  -[NSWindow sendEvent:]+0x30d
C  [libglass.dylib+0x28340]  -[GlassWindow_Normal sendEvent:]+0x70
C  [AppKit+0x1c75d4]  -[NSApplication sendEvent:]+0x7e5
C  [AppKit+0x17a19]  -[NSApplication run]+0x286
...<more frames>...

Java frames: (J=compiled Java code, j=interpreted, Vv=VM code)
j  com.jogamp.opencl.llb.impl.CLAbstractImpl.dispatch_clCreateBuffer1(JJJLjava/lang/Object;IZLjava/lang/Object;IZJ)J+0
j  com.jogamp.opencl.llb.impl.CLAbstractImpl.clCreateBuffer(JJJLjava/nio/Buffer;[II)J+138
j  com.jogamp.opencl.CLBuffer.create(Lcom/jogamp/opencl/CLContext;Ljava/nio/Buffer;I)Lcom/jogamp/opencl/CLBuffer;+68
j  com.jogamp.opencl.CLContext.createBuffer(Ljava/nio/Buffer;I)Lcom/jogamp/opencl/CLBuffer;+3
j  com.jogamp.opencl.CLContext.createBuffer(Ljava/nio/Buffer;[Lcom/jogamp/opencl/CLMemory$Mem;)Lcom/jogamp/opencl/CLBuffer;+6
j  com.jogamp.opencl.CLContext.createFloatBuffer(I[Lcom/jogamp/opencl/CLMemory$Mem;)Lcom/jogamp/opencl/CLBuffer;+6
j  berlin.iconn.rbm.cl.CLFloatMatrix.<init>(II[F)V+69
j  berlin.iconn.rbm.cl.CLFloatMatrix.<init>([[F)V+11
j  berlin.iconn.rbm.rbm.RBMCL.<init>(IIFLberlin/iconn/rbm/logistic/ILogistic;ZI[[F)V+203
j  berlin.iconn.rbm.rbm.RBMTrainer.createRBMForTemporaryUse(Lberlin/iconn/rbm/settings/RBMSettingsController;)Lberlin/iconn/rbm/rbm/IRBM;+110
j  berlin.iconn.rbm.rbm.RBMTrainer.getHiddenSingleRBM(Lberlin/iconn/rbm/settings/RBMSettingsController;[[FZ)[[F+8
j  berlin.iconn.rbm.rbm.RBMTrainer.getHiddenSingleRBM(Lberlin/iconn/rbm/settings/RBMSettingsController;[[F)[[F+23
j  berlin.iconn.rbm.rbm.RBMTrainer.updateRBMs(Lberlin/iconn/rbm/main/BenchmarkModel;)V+155
j  berlin.iconn.rbm.rbm.RBMTrainer.trainAllRBMs(Lberlin/iconn/rbm/main/BenchmarkModel;)V+19
j  berlin.iconn.rbm.main.BenchmarkModel.trainRBMs()V+5
j  berlin.iconn.rbm.main.BenchmarkController.btn_trainAllAction(Ljavafx/event/ActionEvent;)V+4
v  ~StubRoutines::call_stub
J 788  sun.reflect.NativeMethodAccessorImpl.invoke0(Ljava/lang/reflect/Method;Ljava/lang/Object;[Ljava/lang/Object;)Ljava/lang/Object; (0 bytes) @ 0x0000000109132ab7 [0x0000000109132a40+0x77]
J 787 C1 sun.reflect.NativeMethodAccessorImpl.invoke(Ljava/lang/Object;[Ljava/lang/Object;)Ljava/lang/Object; (104 bytes) @ 0x000000010913ed14 [0x000000010913db80+0x1194]
J 738 C1 sun.reflect.DelegatingMethodAccessorImpl.invoke(Ljava/lang/Object;[Ljava/lang/Object;)Ljava/lang/Object; (10 bytes) @ 0x0000000109117244 [0x0000000109117140+0x104]
J 737 C1 java.lang.reflect.Method.invoke(Ljava/lang/Object;[Ljava/lang/Object;)Ljava/lang/Object; (62 bytes) @ 0x0000000109117974 [0x0000000109117600+0x374]
J 837 C1 sun.reflect.GeneratedMethodAccessor1.invoke(Ljava/lang/Object;[Ljava/lang/Object;)Ljava/lang/Object; (65 bytes) @ 0x0000000109178d74 [0x00000001091789c0+0x3b4]
J 738 C1 sun.reflect.DelegatingMethodAccessorImpl.invoke(Ljava/lang/Object;[Ljava/lang/Object;)Ljava/lang/Object; (10 bytes) @ 0x0000000109117244 [0x0000000109117140+0x104]
J 737 C1 java.lang.reflect.Method.invoke(Ljava/lang/Object;[Ljava/lang/Object;)Ljava/lang/Object; (62 bytes) @ 0x0000000109117974 [0x0000000109117600+0x374]
J 794 C1 sun.reflect.misc.MethodUtil.invoke(Ljava/lang/reflect/Method;Ljava/lang/Object;[Ljava/lang/Object;)Ljava/lang/Object; (111 bytes) @ 0x000000010913c7d4 [0x000000010913c300+0x4d4]
j  javafx.fxml.FXMLLoader$MethodHandler.invoke([Ljava/lang/Object;)V+19
j  javafx.fxml.FXMLLoader$ControllerMethodEventHandler.handle(Ljavafx/event/Event;)V+12
j  com.sun.javafx.event.CompositeEventHandler.dispatchBubblingEvent(Ljavafx/event/Event;)V+51
J 2777 C1 com.sun.javafx.event.EventHandlerManager.dispatchBubblingEvent(Ljavafx/event/Event;)Ljavafx/event/Event; (23 bytes) @ 0x00000001096c00fc [0x00000001096bfae0+0x61c]
j  com.sun.javafx.event.CompositeEventDispatcher.dispatchBubblingEvent(Ljavafx/event/Event;)Ljavafx/event/Event;+11
J 2250 C1 com.sun.javafx.event.BasicEventDispatcher.dispatchEvent(Ljavafx/event/Event;Ljavafx/event/EventDispatchChain;)Ljavafx/event/Event; (44 bytes) @ 0x00000001094d6f84 [0x00000001094d6cc0+0x2c4]
J 2367 C1 com.sun.javafx.event.EventDispatchChainImpl.dispatchEvent(Ljavafx/event/Event;)Ljavafx/event/Event; (101 bytes) @ 0x000000010953356c [0x00000001095333c0+0x1ac]
J 2250 C1 com.sun.javafx.event.BasicEventDispatcher.dispatchEvent(Ljavafx/event/Event;Ljavafx/event/EventDispatchChain;)Ljavafx/event/Event; (44 bytes) @ 0x00000001094d6e9c [0x00000001094d6cc0+0x1dc]
J 2367 C1 com.sun.javafx.event.EventDispatchChainImpl.dispatchEvent(Ljavafx/event/Event;)Ljavafx/event/Event; (101 bytes) @ 0x000000010953356c [0x00000001095333c0+0x1ac]
J 2250 C1 com.sun.javafx.event.BasicEventDispatcher.dispatchEvent(Ljavafx/event/Event;Ljavafx/event/EventDispatchChain;)Ljavafx/event/Event; (44 bytes) @ 0x00000001094d6e9c [0x00000001094d6cc0+0x1dc]
J 2367 C1 com.sun.javafx.event.EventDispatchChainImpl.dispatchEvent(Ljavafx/event/Event;)Ljavafx/event/Event; (101 bytes) @ 0x000000010953356c [0x00000001095333c0+0x1ac]
J 2250 C1 com.sun.javafx.event.BasicEventDispatcher.dispatchEvent(Ljavafx/event/Event;Ljavafx/event/EventDispatchChain;)Ljavafx/event/Event; (44 bytes) @ 0x00000001094d6e9c [0x00000001094d6cc0+0x1dc]
J 2367 C1 com.sun.javafx.event.EventDispatchChainImpl.dispatchEvent(Ljavafx/event/Event;)Ljavafx/event/Event; (101 bytes) @ 0x000000010953356c [0x00000001095333c0+0x1ac]
J 2250 C1 com.sun.javafx.event.BasicEventDispatcher.dispatchEvent(Ljavafx/event/Event;Ljavafx/event/EventDispatchChain;)Ljavafx/event/Event; (44 bytes) @ 0x00000001094d6e9c [0x00000001094d6cc0+0x1dc]
J 2367 C1 com.sun.javafx.event.EventDispatchChainImpl.dispatchEvent(Ljavafx/event/Event;)Ljavafx/event/Event; (101 bytes) @ 0x000000010953356c [0x00000001095333c0+0x1ac]
J 2250 C1 com.sun.javafx.event.BasicEventDispatcher.dispatchEvent(Ljavafx/event/Event;Ljavafx/event/EventDispatchChain;)Ljavafx/event/Event; (44 bytes) @ 0x00000001094d6e9c [0x00000001094d6cc0+0x1dc]
J 2367 C1 com.sun.javafx.event.EventDispatchChainImpl.dispatchEvent(Ljavafx/event/Event;)Ljavafx/event/Event; (101 bytes) @ 0x000000010953356c [0x00000001095333c0+0x1ac]
j  com.sun.javafx.event.EventUtil.fireEventImpl(Ljavafx/event/EventDispatchChain;Ljavafx/event/EventTarget;Ljavafx/event/Event;)Ljavafx/event/Event;+10
j  com.sun.javafx.event.EventUtil.fireEvent(Ljavafx/event/EventTarget;Ljavafx/event/Event;)Ljavafx/event/Event;+37
j  javafx.event.Event.fireEvent(Ljavafx/event/EventTarget;Ljavafx/event/Event;)V+30
j  javafx.scene.Node.fireEvent(Ljavafx/event/Event;)V+86
j  javafx.scene.control.Button.fire()V+15
j  com.sun.javafx.scene.control.behavior.ButtonBehavior.mouseReleased(Ljavafx/scene/input/MouseEvent;)V+23
j  com.sun.javafx.scene.control.skin.BehaviorSkinBase$1.handle(Ljavafx/scene/input/MouseEvent;)V+83
j  com.sun.javafx.scene.control.skin.BehaviorSkinBase$1.handle(Ljavafx/event/Event;)V+5
j  com.sun.javafx.event.CompositeEventHandler$NormalEventHandlerRecord.handleBubblingEvent(Ljavafx/event/Event;)V+5
j  com.sun.javafx.event.CompositeEventHandler.dispatchBubblingEvent(Ljavafx/event/Event;)V+28
J 2777 C1 com.sun.javafx.event.EventHandlerManager.dispatchBubblingEvent(Ljavafx/event/Event;)Ljavafx/event/Event; (23 bytes) @ 0x00000001096c00fc [0x00000001096bfae0+0x61c]
j  com.sun.javafx.event.CompositeEventDispatcher.dispatchBubblingEvent(Ljavafx/event/Event;)Ljavafx/event/Event;+11
J 2250 C1 com.sun.javafx.event.BasicEventDispatcher.dispatchEvent(Ljavafx/event/Event;Ljavafx/event/EventDispatchChain;)Ljavafx/event/Event; (44 bytes) @ 0x00000001094d6f84 [0x00000001094d6cc0+0x2c4]
J 2367 C1 com.sun.javafx.event.EventDispatchChainImpl.dispatchEvent(Ljavafx/event/Event;)Ljavafx/event/Event; (101 bytes) @ 0x000000010953356c [0x00000001095333c0+0x1ac]
J 2250 C1 com.sun.javafx.event.BasicEventDispatcher.dispatchEvent(Ljavafx/event/Event;Ljavafx/event/EventDispatchChain;)Ljavafx/event/Event; (44 bytes) @ 0x00000001094d6e9c [0x00000001094d6cc0+0x1dc]
J 2367 C1 com.sun.javafx.event.EventDispatchChainImpl.dispatchEvent(Ljavafx/event/Event;)Ljavafx/event/Event; (101 bytes) @ 0x000000010953356c [0x00000001095333c0+0x1ac]
J 2250 C1 com.sun.javafx.event.BasicEventDispatcher.dispatchEvent(Ljavafx/event/Event;Ljavafx/event/EventDispatchChain;)Ljavafx/event/Event; (44 bytes) @ 0x00000001094d6e9c [0x00000001094d6cc0+0x1dc]
J 2367 C1 com.sun.javafx.event.EventDispatchChainImpl.dispatchEvent(Ljavafx/event/Event;)Ljavafx/event/Event; (101 bytes) @ 0x000000010953356c [0x00000001095333c0+0x1ac]
J 2250 C1 com.sun.javafx.event.BasicEventDispatcher.dispatchEvent(Ljavafx/event/Event;Ljavafx/event/EventDispatchChain;)Ljavafx/event/Event; (44 bytes) @ 0x00000001094d6e9c [0x00000001094d6cc0+0x1dc]
J 2367 C1 com.sun.javafx.event.EventDispatchChainImpl.dispatchEvent(Ljavafx/event/Event;)Ljavafx/event/Event; (101 bytes) @ 0x000000010953356c [0x00000001095333c0+0x1ac]
J 2250 C1 com.sun.javafx.event.BasicEventDispatcher.dispatchEvent(Ljavafx/event/Event;Ljavafx/event/EventDispatchChain;)Ljavafx/event/Event; (44 bytes) @ 0x00000001094d6e9c [0x00000001094d6cc0+0x1dc]
J 2367 C1 com.sun.javafx.event.EventDispatchChainImpl.dispatchEvent(Ljavafx/event/Event;)Ljavafx/event/Event; (101 bytes) @ 0x000000010953356c [0x00000001095333c0+0x1ac]
J 2250 C1 com.sun.javafx.event.BasicEventDispatcher.dispatchEvent(Ljavafx/event/Event;Ljavafx/event/EventDispatchChain;)Ljavafx/event/Event; (44 bytes) @ 0x00000001094d6e9c [0x00000001094d6cc0+0x1dc]
J 2367 C1 com.sun.javafx.event.EventDispatchChainImpl.dispatchEvent(Ljavafx/event/Event;)Ljavafx/event/Event; (101 bytes) @ 0x000000010953356c [0x00000001095333c0+0x1ac]
j  com.sun.javafx.event.EventUtil.fireEventImpl(Ljavafx/event/EventDispatchChain;Ljavafx/event/EventTarget;Ljavafx/event/Event;)Ljavafx/event/Event;+10
j  com.sun.javafx.event.EventUtil.fireEvent(Ljavafx/event/EventTarget;Ljavafx/event/Event;)Ljavafx/event/Event;+46
j  javafx.event.Event.fireEvent(Ljavafx/event/EventTarget;Ljavafx/event/Event;)V+30
j  javafx.scene.Scene$MouseHandler.process(Ljavafx/scene/input/MouseEvent;Z)V+498
j  javafx.scene.Scene$MouseHandler.access$1800(Ljavafx/scene/Scene$MouseHandler;Ljavafx/scene/input/MouseEvent;Z)V+3
j  javafx.scene.Scene.impl_processMouseEvent(Ljavafx/scene/input/MouseEvent;)V+6
j  javafx.scene.Scene$ScenePeerListener.mouseEvent(Ljavafx/event/EventType;DDDDLjavafx/scene/input/MouseButton;ZZZZZZZZZ)V+46
j  com.sun.javafx.tk.quantum.GlassViewEventHandler$MouseEventNotification.run()Ljava/lang/Void;+422
j  com.sun.javafx.tk.quantum.GlassViewEventHandler$MouseEventNotification.run()Ljava/lang/Object;+1
v  ~StubRoutines::call_stub
J 2344  java.security.AccessController.doPrivileged(Ljava/security/PrivilegedAction;Ljava/security/AccessControlContext;)Ljava/lang/Object; (0 bytes) @ 0x00000001095241e3 [0x0000000109524180+0x63]
j  com.sun.javafx.tk.quantum.GlassViewEventHandler.handleMouseEvent(Lcom/sun/glass/ui/View;JIIIIIIIZZ)V+108
j  com.sun.glass.ui.View.handleMouseEvent(JIIIIIIIZZ)V+30
j  com.sun.glass.ui.View.notifyMouse(IIIIIIIZZ)V+181
v  ~StubRoutines::call_stub

---------------  P R O C E S S  ---------------

Java Threads: ( => current thread )
  0x00007fca35a6c000 JavaThread "Prism Font Disposer" daemon [_thread_blocked, id=54807, stack(0x000000012f41d000,0x000000012f51d000)]
  0x00007fca35aaf000 JavaThread "Java2D Queue Flusher" daemon [_thread_blocked, id=55559, stack(0x000000012dce8000,0x000000012dde8000)]
  0x00007fca3680f800 JavaThread "Java2D Disposer" daemon [_thread_blocked, id=53547, stack(0x000000012db52000,0x000000012dc52000)]
  0x00007fca348dc800 JavaThread "Thread-4" daemon [_thread_in_native, id=38915, stack(0x0000000129597000,0x0000000129617000)]
  0x00007fca35840800 JavaThread "JavaFX-Launcher" [_thread_blocked, id=51971, stack(0x000000012a77a000,0x000000012a87a000)]
=>0x00007fca34041000 JavaThread "JavaFX Application Thread" [_thread_in_native, id=3335, stack(0x00007fff58762000,0x00007fff58f62000)]
  0x00007fca36811000 JavaThread "Thread-1" daemon [_thread_blocked, id=28419, stack(0x0000000126137000,0x0000000126237000)]
  0x00007fca34014800 JavaThread "QuantumRenderer-0" daemon [_thread_blocked, id=23299, stack(0x00000001252f2000,0x00000001253f2000)]
  0x00007fca3483e000 JavaThread "Service Thread" daemon [_thread_blocked, id=22275, stack(0x0000000124ffc000,0x00000001250fc000)]
  0x00007fca3483b000 JavaThread "C1 CompilerThread3" daemon [_thread_blocked, id=21763, stack(0x0000000124ef9000,0x0000000124ff9000)]
  0x00007fca3483a000 JavaThread "C2 CompilerThread2" daemon [_thread_blocked, id=21251, stack(0x0000000124df6000,0x0000000124ef6000)]
  0x00007fca34837800 JavaThread "C2 CompilerThread1" daemon [_thread_blocked, id=20739, stack(0x0000000124cf3000,0x0000000124df3000)]
  0x00007fca34838800 JavaThread "C2 CompilerThread0" daemon [_thread_blocked, id=20227, stack(0x0000000124bf0000,0x0000000124cf0000)]
  0x00007fca34837000 JavaThread "Signal Dispatcher" daemon [_thread_blocked, id=19715, stack(0x0000000124aed000,0x0000000124bed000)]
  0x00007fca35800000 JavaThread "Finalizer" daemon [_thread_blocked, id=14595, stack(0x00000001248a9000,0x00000001249a9000)]
  0x00007fca33812800 JavaThread "Reference Handler" daemon [_thread_blocked, id=14083, stack(0x00000001247a6000,0x00000001248a6000)]
  0x00007fca34800800 JavaThread "main" [_thread_blocked, id=6403, stack(0x0000000107c73000,0x0000000107d73000)]

Other Threads:
  0x00007fca3380e000 VMThread [stack: 0x00000001246a3000,0x00000001247a3000] [id=13571]
  0x00007fca34866000 WatcherThread [stack: 0x00000001250ff000,0x00000001251ff000] [id=22787]

VM state:not at safepoint (normal execution)

VM Mutex/Monitor currently owned by a thread: None

Heap:
 PSYoungGen      total 37888K, used 10199K [0x000000076ab00000, 0x000000076e280000, 0x00000007c0000000)
  eden space 34816K, 29% used [0x000000076ab00000,0x000000076b4f5fb0,0x000000076cd00000)
  from space 3072K, 0% used [0x000000076cd00000,0x000000076cd00000,0x000000076d000000)
  to   space 3584K, 0% used [0x000000076df00000,0x000000076df00000,0x000000076e280000)
 ParOldGen       total 13824K, used 9747K [0x00000006c0000000, 0x00000006c0d80000, 0x000000076ab00000)
  object space 13824K, 70% used [0x00000006c0000000,0x00000006c0984fe8,0x00000006c0d80000)
 Metaspace       used 22726K, capacity 22958K, committed 23168K, reserved 1069056K
  class space    used 3319K, capacity 3418K, committed 3456K, reserved 1048576K

Card table byte_map: [0x00000001181c0000,0x00000001189c1000] byte_map_base: 0x0000000114bc0000

Marking Bits: (ParMarkBitMap*) 0x00000001076020a0
 Begin Bits: [0x000000011972f000, 0x000000011d72f000)
 End Bits:   [0x000000011d72f000, 0x000000012172f000)

Polling page: 0x0000000107db7000

CodeCache: size=245760Kb used=9335Kb max_used=9347Kb free=236424Kb
 bounds [0x0000000108e00000, 0x0000000109730000, 0x0000000117e00000]
 total_blobs=3822 nmethods=2929 adapters=808
 compilation: enabled

Compilation events (10 events):
Event: 5.901 Thread 0x00007fca34837800 nmethod 2926 0x000000010971ec90 code [0x000000010971ede0, 0x000000010971ee98]
Event: 5.903 Thread 0x00007fca3483b000 2927 %     3       org.jblas.FloatMatrix::toArray2 @ 25 (58 bytes)
Event: 5.903 Thread 0x00007fca3483b000 nmethod 2927% 0x0000000109724790 code [0x0000000109724940, 0x0000000109724dd0]
Event: 5.903 Thread 0x00007fca3483b000 2928       3       org.jblas.FloatMatrix::toArray2 (58 bytes)
Event: 5.904 Thread 0x00007fca3483b000 nmethod 2928 0x0000000109723ed0 code [0x0000000109724060, 0x0000000109724490]
Event: 5.904 Thread 0x00007fca3483a000 2929 %     4       org.jblas.FloatMatrix::toArray2 @ 25 (58 bytes)
Event: 5.905 Thread 0x00007fca3483b000 2930 %     3       berlin.iconn.rbm.cl.CLFloatMatrix::array2DTo1D @ 22 (55 bytes)
Event: 5.905 Thread 0x00007fca3483b000 nmethod 2930% 0x0000000109723590 code [0x0000000109723720, 0x0000000109723b50]
Event: 5.905 Thread 0x00007fca3483b000 2931       3       berlin.iconn.rbm.cl.CLFloatMatrix::array2DTo1D (55 bytes)
Event: 5.906 Thread 0x00007fca3483b000 nmethod 2931 0x0000000109722e10 code [0x0000000109722fa0, 0x0000000109723330]

GC Heap History (10 events):
Event: 2.278 GC heap before
{Heap before GC invocations=13 (full 0):
 PSYoungGen      total 23552K, used 21953K [0x000000076ab00000, 0x000000076c400000, 0x00000007c0000000)
  eden space 21504K, 100% used [0x000000076ab00000,0x000000076c000000,0x000000076c000000)
  from space 2048K, 21% used [0x000000076c200000,0x000000076c270410,0x000000076c400000)
  to   space 2048K, 0% used [0x000000076c000000,0x000000076c000000,0x000000076c200000)
 ParOldGen       total 260608K, used 4934K [0x00000006c0000000, 0x00000006cfe80000, 0x000000076ab00000)
  object space 260608K, 1% used [0x00000006c0000000,0x00000006c04d18e8,0x00000006cfe80000)
 Metaspace       used 20900K, capacity 21132K, committed 21296K, reserved 1067008K
  class space    used 3109K, capacity 3183K, committed 3200K, reserved 1048576K
Event: 2.282 GC heap after
Heap after GC invocations=13 (full 0):
 PSYoungGen      total 23552K, used 2048K [0x000000076ab00000, 0x000000076d300000, 0x00000007c0000000)
  eden space 21504K, 0% used [0x000000076ab00000,0x000000076ab00000,0x000000076c000000)
  from space 2048K, 100% used [0x000000076c000000,0x000000076c200000,0x000000076c200000)
  to   space 3072K, 0% used [0x000000076d000000,0x000000076d000000,0x000000076d300000)
 ParOldGen       total 260608K, used 5861K [0x00000006c0000000, 0x00000006cfe80000, 0x000000076ab00000)
  object space 260608K, 2% used [0x00000006c0000000,0x00000006c05b9698,0x00000006cfe80000)
 Metaspace       used 20900K, capacity 21132K, committed 21296K, reserved 1067008K
  class space    used 3109K, capacity 3183K, committed 3200K, reserved 1048576K
}
Event: 2.288 GC heap before
{Heap before GC invocations=14 (full 0):
 PSYoungGen      total 23552K, used 2553K [0x000000076ab00000, 0x000000076d300000, 0x00000007c0000000)
  eden space 21504K, 2% used [0x000000076ab00000,0x000000076ab7e4b0,0x000000076c000000)
  from space 2048K, 100% used [0x000000076c000000,0x000000076c200000,0x000000076c200000)
  to   space 3072K, 0% used [0x000000076d000000,0x000000076d000000,0x000000076d300000)
 ParOldGen       total 260608K, used 5861K [0x00000006c0000000, 0x00000006cfe80000, 0x000000076ab00000)
  object space 260608K, 2% used [0x00000006c0000000,0x00000006c05b9698,0x00000006cfe80000)
 Metaspace       used 20902K, capacity 21132K, committed 21296K, reserved 1067008K
  class space    used 3109K, capacity 3183K, committed 3200K, reserved 1048576K
Event: 2.290 GC heap after
Heap after GC invocations=14 (full 0):
 PSYoungGen      total 37888K, used 224K [0x000000076ab00000, 0x000000076d300000, 0x00000007c0000000)
  eden space 34816K, 0% used [0x000000076ab00000,0x000000076ab00000,0x000000076cd00000)
  from space 3072K, 7% used [0x000000076d000000,0x000000076d038000,0x000000076d300000)
  to   space 3072K, 0% used [0x000000076cd00000,0x000000076cd00000,0x000000076d000000)
 ParOldGen       total 260608K, used 7926K [0x00000006c0000000, 0x00000006cfe80000, 0x000000076ab00000)
  object space 260608K, 3% used [0x00000006c0000000,0x00000006c07bdb08,0x00000006cfe80000)
 Metaspace       used 20902K, capacity 21132K, committed 21296K, reserved 1067008K
  class space    used 3109K, capacity 3183K, committed 3200K, reserved 1048576K
}
Event: 2.290 GC heap before
{Heap before GC invocations=15 (full 1):
 PSYoungGen      total 37888K, used 224K [0x000000076ab00000, 0x000000076d300000, 0x00000007c0000000)
  eden space 34816K, 0% used [0x000000076ab00000,0x000000076ab00000,0x000000076cd00000)
  from space 3072K, 7% used [0x000000076d000000,0x000000076d038000,0x000000076d300000)
  to   space 3072K, 0% used [0x000000076cd00000,0x000000076cd00000,0x000000076d000000)
 ParOldGen       total 260608K, used 7926K [0x00000006c0000000, 0x00000006cfe80000, 0x000000076ab00000)
  object space 260608K, 3% used [0x00000006c0000000,0x00000006c07bdb08,0x00000006cfe80000)
 Metaspace       used 20902K, capacity 21132K, committed 21296K, reserved 1067008K
  class space    used 3109K, capacity 3183K, committed 3200K, reserved 1048576K
Event: 2.339 GC heap after
Heap after GC invocations=15 (full 1):
 PSYoungGen      total 37888K, used 0K [0x000000076ab00000, 0x000000076d300000, 0x00000007c0000000)
  eden space 34816K, 0% used [0x000000076ab00000,0x000000076ab00000,0x000000076cd00000)
  from space 3072K, 0% used [0x000000076d000000,0x000000076d000000,0x000000076d300000)
  to   space 3072K, 0% used [0x000000076cd00000,0x000000076cd00000,0x000000076d000000)
 ParOldGen       total 10240K, used 6990K [0x00000006c0000000, 0x00000006c0a00000, 0x000000076ab00000)
  object space 10240K, 68% used [0x00000006c0000000,0x00000006c06d3b98,0x00000006c0a00000)
 Metaspace       used 20902K, capacity 21132K, committed 21296K, reserved 1067008K
  class space    used 3109K, capacity 3183K, committed 3200K, reserved 1048576K
}
Event: 4.649 GC heap before
{Heap before GC invocations=16 (full 1):
 PSYoungGen      total 37888K, used 34816K [0x000000076ab00000, 0x000000076d300000, 0x00000007c0000000)
  eden space 34816K, 100% used [0x000000076ab00000,0x000000076cd00000,0x000000076cd00000)
  from space 3072K, 0% used [0x000000076d000000,0x000000076d000000,0x000000076d300000)
  to   space 3072K, 0% used [0x000000076cd00000,0x000000076cd00000,0x000000076d000000)
 ParOldGen       total 10240K, used 6990K [0x00000006c0000000, 0x00000006c0a00000, 0x000000076ab00000)
  object space 10240K, 68% used [0x00000006c0000000,0x00000006c06d3b98,0x00000006c0a00000)
 Metaspace       used 22205K, capacity 22446K, committed 22656K, reserved 1069056K
  class space    used 3269K, capacity 3354K, committed 3456K, reserved 1048576K
Event: 4.652 GC heap after
Heap after GC invocations=16 (full 1):
 PSYoungGen      total 37888K, used 2880K [0x000000076ab00000, 0x000000076e280000, 0x00000007c0000000)
  eden space 34816K, 0% used [0x000000076ab00000,0x000000076ab00000,0x000000076cd00000)
  from space 3072K, 93% used [0x000000076cd00000,0x000000076cfd0010,0x000000076d000000)
  to   space 3584K, 0% used [0x000000076df00000,0x000000076df00000,0x000000076e280000)
 ParOldGen       total 10240K, used 9046K [0x00000006c0000000, 0x00000006c0a00000, 0x000000076ab00000)
  object space 10240K, 88% used [0x00000006c0000000,0x00000006c08d5ba8,0x00000006c0a00000)
 Metaspace       used 22205K, capacity 22446K, committed 22656K, reserved 1069056K
  class space    used 3269K, capacity 3354K, committed 3456K, reserved 1048576K
}
Event: 4.652 GC heap before
{Heap before GC invocations=17 (full 2):
 PSYoungGen      total 37888K, used 2880K [0x000000076ab00000, 0x000000076e280000, 0x00000007c0000000)
  eden space 34816K, 0% used [0x000000076ab00000,0x000000076ab00000,0x000000076cd00000)
  from space 3072K, 93% used [0x000000076cd00000,0x000000076cfd0010,0x000000076d000000)
  to   space 3584K, 0% used [0x000000076df00000,0x000000076df00000,0x000000076e280000)
 ParOldGen       total 10240K, used 9046K [0x00000006c0000000, 0x00000006c0a00000, 0x000000076ab00000)
  object space 10240K, 88% used [0x00000006c0000000,0x00000006c08d5ba8,0x00000006c0a00000)
 Metaspace       used 22205K, capacity 22446K, committed 22656K, reserved 1069056K
  class space    used 3269K, capacity 3354K, committed 3456K, reserved 1048576K
Event: 4.715 GC heap after
Heap after GC invocations=17 (full 2):
 PSYoungGen      total 37888K, used 0K [0x000000076ab00000, 0x000000076e280000, 0x00000007c0000000)
  eden space 34816K, 0% used [0x000000076ab00000,0x000000076ab00000,0x000000076cd00000)
  from space 3072K, 0% used [0x000000076cd00000,0x000000076cd00000,0x000000076d000000)
  to   space 3584K, 0% used [0x000000076df00000,0x000000076df00000,0x000000076e280000)
 ParOldGen       total 13824K, used 9747K [0x00000006c0000000, 0x00000006c0d80000, 0x000000076ab00000)
  object space 13824K, 70% used [0x00000006c0000000,0x00000006c0984fe8,0x00000006c0d80000)
 Metaspace       used 22205K, capacity 22446K, committed 22656K, reserved 1069056K
  class space    used 3269K, capacity 3354K, committed 3456K, reserved 1048576K
}

Deoptimization events (10 events):
Event: 3.820 Thread 0x00007fca34041000 Uncommon trap: reason=bimorphic action=maybe_recompile pc=0x00000001094d93f4 method=javafx.beans.property.BooleanPropertyBase.get()Z @ 23
Event: 3.820 Thread 0x00007fca34041000 Uncommon trap: reason=bimorphic action=maybe_recompile pc=0x00000001094d93f4 method=javafx.beans.property.BooleanPropertyBase.get()Z @ 23
Event: 3.823 Thread 0x00007fca34041000 Uncommon trap: reason=bimorphic action=maybe_recompile pc=0x00000001094d93f4 method=javafx.beans.property.BooleanPropertyBase.get()Z @ 23
Event: 3.835 Thread 0x00007fca34041000 Uncommon trap: reason=array_check action=maybe_recompile pc=0x00000001095135e4 method=com.sun.javafx.css.SimpleSelector.applies(Ljavafx/css/Styleable;[Ljava/util/Set;I)Z @ 37
Event: 3.835 Thread 0x00007fca34041000 Uncommon trap: reason=array_check action=maybe_recompile pc=0x00000001095135e4 method=com.sun.javafx.css.SimpleSelector.applies(Ljavafx/css/Styleable;[Ljava/util/Set;I)Z @ 37
Event: 3.835 Thread 0x00007fca34041000 Uncommon trap: reason=array_check action=maybe_recompile pc=0x00000001095135e4 method=com.sun.javafx.css.SimpleSelector.applies(Ljavafx/css/Styleable;[Ljava/util/Set;I)Z @ 37
Event: 3.835 Thread 0x00007fca34041000 Uncommon trap: reason=array_check action=maybe_recompile pc=0x00000001095135e4 method=com.sun.javafx.css.SimpleSelector.applies(Ljavafx/css/Styleable;[Ljava/util/Set;I)Z @ 37
Event: 3.837 Thread 0x00007fca34041000 Uncommon trap: reason=class_check action=maybe_recompile pc=0x00000001094e0120 method=javafx.scene.Node.updateLocalToParentTransform()V @ 11
Event: 4.757 Thread 0x00007fca34041000 Uncommon trap: reason=unreached action=reinterpret pc=0x00000001093eb7e8 method=com.sun.javafx.css.ParsedValueImpl.containsFontRelativeSize(Ljavafx/css/ParsedValue;Z)Z @ 56
Event: 5.816 Thread 0x00007fca34041000 Uncommon trap: reason=unreached action=reinterpret pc=0x000000010963c384 method=javafx.scene.Parent.setChildDirty(Ljavafx/scene/Node;Z)V @ 22

Internal exceptions (10 events):
Event: 5.874 Thread 0x00007fca34041000 Exception <a 'java/security/PrivilegedActionException'> (0x000000076b09e210) thrown at [/HUDSON/workspace/8-2-build-macosx-x86_64/jdk8u5/2488/hotspot/src/share/vm/prims/jvm.cpp, line 1248]
Event: 5.876 Thread 0x00007fca34041000 Exception <a 'java/security/PrivilegedActionException'> (0x000000076b0a3158) thrown at [/HUDSON/workspace/8-2-build-macosx-x86_64/jdk8u5/2488/hotspot/src/share/vm/prims/jvm.cpp, line 1248]
Event: 5.878 Thread 0x00007fca34041000 Exception <a 'java/security/PrivilegedActionException'> (0x000000076b0ce978) thrown at [/HUDSON/workspace/8-2-build-macosx-x86_64/jdk8u5/2488/hotspot/src/share/vm/prims/jvm.cpp, line 1248]
Event: 5.881 Thread 0x00007fca34041000 Exception <a 'java/security/PrivilegedActionException'> (0x000000076b0d2ae8) thrown at [/HUDSON/workspace/8-2-build-macosx-x86_64/jdk8u5/2488/hotspot/src/share/vm/prims/jvm.cpp, line 1248]
Event: 5.897 Thread 0x00007fca34041000 Exception <a 'java/security/PrivilegedActionException'> (0x000000076b0d8390) thrown at [/HUDSON/workspace/8-2-build-macosx-x86_64/jdk8u5/2488/hotspot/src/share/vm/prims/jvm.cpp, line 1248]
Event: 5.898 Thread 0x00007fca34041000 Exception <a 'java/security/PrivilegedActionException'> (0x000000076b0e3c08) thrown at [/HUDSON/workspace/8-2-build-macosx-x86_64/jdk8u5/2488/hotspot/src/share/vm/prims/jvm.cpp, line 1248]
Event: 5.898 Thread 0x00007fca34041000 Exception <a 'java/security/PrivilegedActionException'> (0x000000076b348740) thrown at [/HUDSON/workspace/8-2-build-macosx-x86_64/jdk8u5/2488/hotspot/src/share/vm/prims/jvm.cpp, line 1248]
Event: 5.898 Thread 0x00007fca34041000 Exception <a 'java/security/PrivilegedActionException'> (0x000000076b34cfc0) thrown at [/HUDSON/workspace/8-2-build-macosx-x86_64/jdk8u5/2488/hotspot/src/share/vm/prims/jvm.cpp, line 1248]
Event: 5.898 Thread 0x00007fca34041000 Exception <a 'java/security/PrivilegedActionException'> (0x000000076b351858) thrown at [/HUDSON/workspace/8-2-build-macosx-x86_64/jdk8u5/2488/hotspot/src/share/vm/prims/jvm.cpp, line 1248]
Event: 5.899 Thread 0x00007fca34041000 Exception <a 'java/security/PrivilegedActionException'> (0x000000076b3557b0) thrown at [/HUDSON/workspace/8-2-build-macosx-x86_64/jdk8u5/2488/hotspot/src/share/vm/prims/jvm.cpp, line 1248]

Events (10 events):
Event: 5.898 loading class org/jblas/exceptions/LapackArgumentException
Event: 5.898 loading class org/jblas/exceptions/LapackArgumentException done
Event: 5.898 loading class org/jblas/exceptions/LapackException
Event: 5.898 loading class org/jblas/exceptions/LapackException done
Event: 5.898 loading class org/jblas/exceptions/LapackConvergenceException
Event: 5.898 loading class org/jblas/exceptions/LapackConvergenceException done
Event: 5.898 loading class org/jblas/exceptions/LapackSingularityException
Event: 5.898 loading class org/jblas/exceptions/LapackSingularityException done
Event: 5.899 loading class org/jblas/JavaBlas
Event: 5.899 loading class org/jblas/JavaBlas done


Dynamic libraries:
0x0000000007291000 	/System/Library/Frameworks/Cocoa.framework/Versions/A/Cocoa
0x0000000007291000 	/System/Library/Frameworks/Security.framework/Versions/A/Security
0x0000000007291000 	/System/Library/Frameworks/ApplicationServices.framework/Versions/A/ApplicationServices
0x0000000007291000 	/usr/lib/libz.1.dylib
0x0000000007291000 	/usr/lib/libSystem.B.dylib
0x0000000007291000 	/usr/lib/libobjc.A.dylib
0x0000000007291000 	/System/Library/Frameworks/CoreFoundation.framework/Versions/A/CoreFoundation
0x0000000007291000 	/System/Library/Frameworks/Foundation.framework/Versions/C/Foundation
0x0000000007291000 	/System/Library/Frameworks/AppKit.framework/Versions/C/AppKit
0x0000000007291000 	/System/Library/Frameworks/CoreData.framework/Versions/A/CoreData
0x0000000007291000 	/System/Library/PrivateFrameworks/RemoteViewServices.framework/Versions/A/RemoteViewServices
0x0000000007291000 	/System/Library/Frameworks/AudioToolbox.framework/Versions/A/AudioToolbox
0x0000000007291000 	/System/Library/Frameworks/AudioUnit.framework/Versions/A/AudioUnit
0x0000000007291000 	/System/Library/PrivateFrameworks/DataDetectorsCore.framework/Versions/A/DataDetectorsCore
0x0000000007291000 	/System/Library/PrivateFrameworks/DesktopServicesPriv.framework/Versions/A/DesktopServicesPriv
0x0000000007291000 	/System/Library/Frameworks/Carbon.framework/Versions/A/Frameworks/HIToolbox.framework/Versions/A/HIToolbox
0x0000000007291000 	/System/Library/Frameworks/QuartzCore.framework/Versions/A/QuartzCore
0x0000000007291000 	/System/Library/Frameworks/Carbon.framework/Versions/A/Frameworks/SpeechRecognition.framework/Versions/A/SpeechRecognition
0x0000000007291000 	/usr/lib/libauto.dylib
0x0000000007291000 	/usr/lib/libicucore.A.dylib
0x0000000007291000 	/usr/lib/libxml2.2.dylib
0x0000000007291000 	/System/Library/PrivateFrameworks/CoreUI.framework/Versions/A/CoreUI
0x0000000007291000 	/System/Library/Frameworks/CoreAudio.framework/Versions/A/CoreAudio
0x0000000007291000 	/System/Library/Frameworks/DiskArbitration.framework/Versions/A/DiskArbitration
0x0000000007291000 	/usr/lib/liblangid.dylib
0x0000000007291000 	/System/Library/PrivateFrameworks/MultitouchSupport.framework/Versions/A/MultitouchSupport
0x0000000007291000 	/System/Library/Frameworks/IOKit.framework/Versions/A/IOKit
0x0000000007291000 	/usr/lib/libDiagnosticMessagesClient.dylib
0x0000000007291000 	/System/Library/Frameworks/CoreServices.framework/Versions/A/CoreServices
0x0000000007291000 	/System/Library/PrivateFrameworks/PerformanceAnalysis.framework/Versions/A/PerformanceAnalysis
0x0000000007291000 	/System/Library/PrivateFrameworks/GenerationalStorage.framework/Versions/A/GenerationalStorage
0x0000000007291000 	/System/Library/Frameworks/OpenGL.framework/Versions/A/OpenGL
0x0000000007291000 	/System/Library/PrivateFrameworks/Sharing.framework/Versions/A/Sharing
0x0000000007291000 	/System/Library/Frameworks/ImageIO.framework/Versions/A/ImageIO
0x0000000007291000 	/System/Library/Frameworks/CoreText.framework/Versions/A/CoreText
0x0000000007291000 	/System/Library/Frameworks/CoreGraphics.framework/Versions/A/CoreGraphics
0x0000000007291000 	/System/Library/PrivateFrameworks/Backup.framework/Versions/A/Backup
0x0000000007291000 	/System/Library/Frameworks/CFNetwork.framework/Versions/A/CFNetwork
0x0000000007291000 	/System/Library/Frameworks/SystemConfiguration.framework/Versions/A/SystemConfiguration
0x0000000007291000 	/usr/lib/libCRFSuite.dylib
0x0000000007291000 	/usr/lib/libc++.1.dylib
0x0000000007291000 	/usr/lib/libc++abi.dylib
0x0000000007291000 	/usr/lib/system/libcache.dylib
0x0000000007291000 	/usr/lib/system/libcommonCrypto.dylib
0x0000000007291000 	/usr/lib/system/libcompiler_rt.dylib
0x0000000007291000 	/usr/lib/system/libcopyfile.dylib
0x0000000007291000 	/usr/lib/system/libcorecrypto.dylib
0x0000000007291000 	/usr/lib/system/libdispatch.dylib
0x0000000007291000 	/usr/lib/system/libdyld.dylib
0x0000000007291000 	/usr/lib/system/libkeymgr.dylib
0x0000000007291000 	/usr/lib/system/liblaunch.dylib
0x0000000007291000 	/usr/lib/system/libmacho.dylib
0x0000000007291000 	/usr/lib/system/libquarantine.dylib
0x0000000007291000 	/usr/lib/system/libremovefile.dylib
0x0000000007291000 	/usr/lib/system/libsystem_asl.dylib
0x0000000007291000 	/usr/lib/system/libsystem_blocks.dylib
0x0000000007291000 	/usr/lib/system/libsystem_c.dylib
0x0000000007291000 	/usr/lib/system/libsystem_configuration.dylib
0x0000000007291000 	/usr/lib/system/libsystem_dnssd.dylib
0x0000000007291000 	/usr/lib/system/libsystem_info.dylib
0x0000000007291000 	/usr/lib/system/libsystem_kernel.dylib
0x0000000007291000 	/usr/lib/system/libsystem_m.dylib
0x0000000007291000 	/usr/lib/system/libsystem_malloc.dylib
0x0000000007291000 	/usr/lib/system/libsystem_network.dylib
0x0000000007291000 	/usr/lib/system/libsystem_notify.dylib
0x0000000007291000 	/usr/lib/system/libsystem_platform.dylib
0x0000000007291000 	/usr/lib/system/libsystem_pthread.dylib
0x0000000007291000 	/usr/lib/system/libsystem_sandbox.dylib
0x0000000007291000 	/usr/lib/system/libsystem_stats.dylib
0x0000000007291000 	/usr/lib/system/libunc.dylib
0x0000000007291000 	/usr/lib/system/libunwind.dylib
0x0000000007291000 	/usr/lib/system/libxpc.dylib
0x0000000007291000 	/usr/lib/libbsm.0.dylib
0x0000000007291000 	/usr/lib/libsqlite3.dylib
0x0000000007291000 	/usr/lib/libxar.1.dylib
0x0000000007291000 	/usr/lib/libpam.2.dylib
0x0000000007291000 	/usr/lib/libOpenScriptingUtil.dylib
0x0000000007291000 	/usr/lib/libbz2.1.0.dylib
0x0000000007291000 	/System/Library/Frameworks/CoreServices.framework/Versions/A/Frameworks/CarbonCore.framework/Versions/A/CarbonCore
0x0000000007291000 	/System/Library/Frameworks/CoreServices.framework/Versions/A/Frameworks/Metadata.framework/Versions/A/Metadata
0x0000000007291000 	/System/Library/Frameworks/CoreServices.framework/Versions/A/Frameworks/OSServices.framework/Versions/A/OSServices
0x0000000007291000 	/System/Library/Frameworks/CoreServices.framework/Versions/A/Frameworks/SearchKit.framework/Versions/A/SearchKit
0x0000000007291000 	/System/Library/Frameworks/CoreServices.framework/Versions/A/Frameworks/AE.framework/Versions/A/AE
0x0000000007291000 	/System/Library/Frameworks/CoreServices.framework/Versions/A/Frameworks/LaunchServices.framework/Versions/A/LaunchServices
0x0000000007291000 	/System/Library/Frameworks/CoreServices.framework/Versions/A/Frameworks/DictionaryServices.framework/Versions/A/DictionaryServices
0x0000000007291000 	/System/Library/Frameworks/NetFS.framework/Versions/A/NetFS
0x0000000007291000 	/usr/lib/system/libkxld.dylib
0x0000000007291000 	/System/Library/PrivateFrameworks/NetAuth.framework/Versions/A/NetAuth
0x0000000007291000 	/System/Library/PrivateFrameworks/TCC.framework/Versions/A/TCC
0x0000000007291000 	/System/Library/Frameworks/OpenDirectory.framework/Versions/A/Frameworks/CFOpenDirectory.framework/Versions/A/CFOpenDirectory
0x0000000007291000 	/System/Library/Frameworks/ServiceManagement.framework/Versions/A/ServiceManagement
0x0000000007291000 	/usr/lib/libxslt.1.dylib
0x0000000007291000 	/System/Library/Frameworks/Carbon.framework/Versions/A/Frameworks/Ink.framework/Versions/A/Ink
0x0000000007291000 	/System/Library/Frameworks/ApplicationServices.framework/Versions/A/Frameworks/ATS.framework/Versions/A/ATS
0x0000000007291000 	/System/Library/Frameworks/ApplicationServices.framework/Versions/A/Frameworks/ColorSync.framework/Versions/A/ColorSync
0x0000000007291000 	/System/Library/Frameworks/ApplicationServices.framework/Versions/A/Frameworks/HIServices.framework/Versions/A/HIServices
0x0000000007291000 	/System/Library/Frameworks/ApplicationServices.framework/Versions/A/Frameworks/LangAnalysis.framework/Versions/A/LangAnalysis
0x0000000007291000 	/System/Library/Frameworks/ApplicationServices.framework/Versions/A/Frameworks/PrintCore.framework/Versions/A/PrintCore
0x0000000007291000 	/System/Library/Frameworks/ApplicationServices.framework/Versions/A/Frameworks/QD.framework/Versions/A/QD
0x0000000007291000 	/System/Library/Frameworks/ApplicationServices.framework/Versions/A/Frameworks/SpeechSynthesis.framework/Versions/A/SpeechSynthesis
0x0000000007291000 	/System/Library/Frameworks/IOSurface.framework/Versions/A/IOSurface
0x0000000007291000 	/System/Library/Frameworks/Accelerate.framework/Versions/A/Accelerate
0x0000000007291000 	/System/Library/Frameworks/Accelerate.framework/Versions/A/Frameworks/vImage.framework/Versions/A/vImage
0x0000000007291000 	/System/Library/Frameworks/Accelerate.framework/Versions/A/Frameworks/vecLib.framework/Versions/A/vecLib
0x0000000007291000 	/System/Library/Frameworks/Accelerate.framework/Versions/A/Frameworks/vecLib.framework/Versions/A/libvDSP.dylib
0x0000000007291000 	/System/Library/Frameworks/Accelerate.framework/Versions/A/Frameworks/vecLib.framework/Versions/A/libvMisc.dylib
0x0000000007291000 	/System/Library/Frameworks/Accelerate.framework/Versions/A/Frameworks/vecLib.framework/Versions/A/libLAPACK.dylib
0x0000000007291000 	/System/Library/Frameworks/Accelerate.framework/Versions/A/Frameworks/vecLib.framework/Versions/A/libBLAS.dylib
0x0000000007291000 	/System/Library/Frameworks/ApplicationServices.framework/Versions/A/Frameworks/ATS.framework/Versions/A/Resources/libFontParser.dylib
0x0000000007291000 	/System/Library/Frameworks/ApplicationServices.framework/Versions/A/Frameworks/ATS.framework/Versions/A/Resources/libFontRegistry.dylib
0x0000000007291000 	/System/Library/Frameworks/ImageIO.framework/Versions/A/Resources/libJPEG.dylib
0x0000000007291000 	/System/Library/Frameworks/ImageIO.framework/Versions/A/Resources/libTIFF.dylib
0x0000000007291000 	/System/Library/Frameworks/ImageIO.framework/Versions/A/Resources/libPng.dylib
0x0000000007291000 	/System/Library/Frameworks/ImageIO.framework/Versions/A/Resources/libGIF.dylib
0x0000000007291000 	/System/Library/Frameworks/ImageIO.framework/Versions/A/Resources/libJP2.dylib
0x0000000007291000 	/System/Library/Frameworks/ImageIO.framework/Versions/A/Resources/libRadiance.dylib
0x0000000007291000 	/usr/lib/libcups.2.dylib
0x0000000007291000 	/System/Library/Frameworks/Kerberos.framework/Versions/A/Kerberos
0x0000000007291000 	/System/Library/Frameworks/GSS.framework/Versions/A/GSS
0x0000000007291000 	/usr/lib/libresolv.9.dylib
0x0000000007291000 	/usr/lib/libiconv.2.dylib
0x0000000007291000 	/System/Library/PrivateFrameworks/Heimdal.framework/Versions/A/Heimdal
0x0000000007291000 	/System/Library/PrivateFrameworks/TrustEvaluationAgent.framework/Versions/A/TrustEvaluationAgent
0x0000000007291000 	/usr/lib/libheimdal-asn1.dylib
0x0000000007291000 	/System/Library/Frameworks/OpenDirectory.framework/Versions/A/OpenDirectory
0x0000000007291000 	/System/Library/PrivateFrameworks/CommonAuth.framework/Versions/A/CommonAuth
0x0000000007291000 	/System/Library/Frameworks/SecurityFoundation.framework/Versions/A/SecurityFoundation
0x0000000007291000 	/System/Library/PrivateFrameworks/Bom.framework/Versions/A/Bom
0x0000000007291000 	/System/Library/Frameworks/CoreVideo.framework/Versions/A/CoreVideo
0x0000000007291000 	/System/Library/Frameworks/QuartzCore.framework/Versions/A/Frameworks/CoreImage.framework/Versions/A/CoreImage
0x0000000007291000 	/System/Library/Frameworks/QuartzCore.framework/Versions/A/Frameworks/ScalableUserInterface.framework/Versions/A/ScalableUserInterface
0x0000000007291000 	/System/Library/Frameworks/OpenGL.framework/Versions/A/Libraries/libGLU.dylib
0x0000000007291000 	/System/Library/Frameworks/OpenGL.framework/Versions/A/Libraries/libGFXShared.dylib
0x0000000007291000 	/System/Library/Frameworks/OpenGL.framework/Versions/A/Libraries/libGL.dylib
0x0000000007291000 	/System/Library/Frameworks/OpenGL.framework/Versions/A/Libraries/libGLImage.dylib
0x0000000007291000 	/System/Library/Frameworks/OpenGL.framework/Versions/A/Libraries/libCVMSPluginSupport.dylib
0x0000000007291000 	/System/Library/Frameworks/OpenGL.framework/Versions/A/Libraries/libCoreVMClient.dylib
0x0000000007291000 	/System/Library/PrivateFrameworks/FaceCore.framework/Versions/A/FaceCore
0x0000000007291000 	/System/Library/PrivateFrameworks/CrashReporterSupport.framework/Versions/A/CrashReporterSupport
0x0000000007291000 	/System/Library/Frameworks/OpenCL.framework/Versions/A/OpenCL
0x0000000007291000 	/System/Library/PrivateFrameworks/AppleFSCompression.framework/Versions/A/AppleFSCompression
0x0000000007291000 	/System/Library/PrivateFrameworks/Ubiquity.framework/Versions/A/Ubiquity
0x0000000007291000 	/System/Library/PrivateFrameworks/IconServices.framework/Versions/A/IconServices
0x0000000007291000 	/System/Library/PrivateFrameworks/ChunkingLibrary.framework/Versions/A/ChunkingLibrary
0x0000000007291000 	/System/Library/PrivateFrameworks/CoreSymbolication.framework/Versions/A/CoreSymbolication
0x0000000007291000 	/System/Library/PrivateFrameworks/Symbolication.framework/Versions/A/Symbolication
0x0000000007291000 	/System/Library/PrivateFrameworks/DebugSymbols.framework/Versions/A/DebugSymbols
0x0000000106d9c000 	/Library/Java/JavaVirtualMachines/jdk1.8.0_05.jdk/Contents/Home/jre/lib/server/libjvm.dylib
0x0000000007291000 	/usr/lib/libstdc++.6.dylib
0x0000000107d75000 	/Library/Java/JavaVirtualMachines/jdk1.8.0_05.jdk/Contents/Home/jre/lib/libverify.dylib
0x0000000107d83000 	/Library/Java/JavaVirtualMachines/jdk1.8.0_05.jdk/Contents/Home/jre/lib/libjava.dylib
0x0000000107dc1000 	/Library/Java/JavaVirtualMachines/jdk1.8.0_05.jdk/Contents/Home/jre/lib/libzip.dylib
0x00000001249ab000 	/System/Library/Frameworks/JavaVM.framework/Frameworks/JavaRuntimeSupport.framework/JavaRuntimeSupport
0x00000001249c3000 	/System/Library/Frameworks/JavaVM.framework/Versions/A/Frameworks/JavaNativeFoundation.framework/Versions/A/JavaNativeFoundation
0x0000000107df3000 	/System/Library/Frameworks/JavaVM.framework/Versions/A/JavaVM
0x0000000007291000 	/System/Library/Frameworks/Carbon.framework/Versions/A/Carbon
0x00000001249d8000 	/System/Library/PrivateFrameworks/JavaLaunching.framework/Versions/A/JavaLaunching
0x0000000007291000 	/System/Library/Frameworks/Carbon.framework/Versions/A/Frameworks/CommonPanels.framework/Versions/A/CommonPanels
0x0000000007291000 	/System/Library/Frameworks/Carbon.framework/Versions/A/Frameworks/Help.framework/Versions/A/Help
0x0000000007291000 	/System/Library/Frameworks/Carbon.framework/Versions/A/Frameworks/ImageCapture.framework/Versions/A/ImageCapture
0x0000000007291000 	/System/Library/Frameworks/Carbon.framework/Versions/A/Frameworks/OpenScripting.framework/Versions/A/OpenScripting
0x0000000007291000 	/System/Library/Frameworks/Carbon.framework/Versions/A/Frameworks/Print.framework/Versions/A/Print
0x0000000007291000 	/System/Library/Frameworks/Carbon.framework/Versions/A/Frameworks/SecurityHI.framework/Versions/A/SecurityHI
0x00000001253f4000 	/Library/Java/JavaVirtualMachines/jdk1.8.0_05.jdk/Contents/Home/jre/lib/libprism_es2.dylib
0x000000012544d000 	/System/Library/Frameworks/OpenGL.framework/Resources/GLEngine.bundle/GLEngine
0x0000000007291000 	/System/Library/Frameworks/OpenGL.framework/Versions/A/Libraries/libGLProgrammability.dylib
0x0000000000000000 	/System/Library/Extensions/AppleIntelHD5000GraphicsGLDriver.bundle/Contents/MacOS/AppleIntelHD5000GraphicsGLDriver
0x0000000007291000 	/System/Library/PrivateFrameworks/IOAccelerator.framework/Versions/A/IOAccelerator
0x0000000007291000 	/System/Library/PrivateFrameworks/GPUSupport.framework/Versions/A/Libraries/libGPUSupportMercury.dylib
0x0000000000000000 	/System/Library/Extensions/GeForceGLDriver.bundle/Contents/MacOS/GeForceGLDriver
0x0000000007291000 	/System/Library/Extensions/GeForceGLDriver.bundle/Contents/MacOS/libclh.dylib
0x0000000125e2d000 	/System/Library/Frameworks/OpenGL.framework/Resources//GLRendererFloat.bundle/GLRendererFloat
0x0000000007291000 	/System/Library/Frameworks/OpenCL.framework/Versions/A/Libraries/libcldcpuengine.dylib
0x0000000007291000 	/System/Library/PrivateFrameworks/DiskImages.framework/Versions/A/DiskImages
0x0000000007291000 	/System/Library/Frameworks/DiscRecording.framework/Versions/A/DiscRecording
0x0000000007291000 	/usr/lib/libcsfde.dylib
0x0000000007291000 	/usr/lib/libcurl.4.dylib
0x0000000007291000 	/System/Library/PrivateFrameworks/MediaKit.framework/Versions/A/MediaKit
0x0000000007291000 	/usr/lib/libCoreStorage.dylib
0x0000000007291000 	/System/Library/PrivateFrameworks/EFILogin.framework/Versions/A/EFILogin
0x0000000007291000 	/usr/lib/libutil.dylib
0x0000000007291000 	/System/Library/PrivateFrameworks/AOSNotification.framework/Versions/A/AOSNotification
0x0000000007291000 	/System/Library/Frameworks/LDAP.framework/Versions/A/LDAP
0x0000000007291000 	/usr/lib/libsasl2.2.dylib
0x0000000007291000 	/usr/lib/libcrypto.0.9.8.dylib
0x0000000007291000 	/usr/lib/libssl.0.9.8.dylib
0x00000001260cc000 	/Library/Java/JavaVirtualMachines/jdk1.8.0_05.jdk/Contents/Home/jre/lib/libglass.dylib
0x0000000007291000 	/System/Library/PrivateFrameworks/CoreServicesInternal.framework/Versions/A/CoreServicesInternal
0x0000000007291000 	/System/Library/PrivateFrameworks/Librarian.framework/Versions/A/Librarian
0x0000000007291000 	/System/Library/CoreServices/RawCamera.bundle/Contents/MacOS/RawCamera
0x0000000127957000 	/System/Library/Frameworks/CoreGraphics.framework/Versions/A/Resources/libCGCMS.A.dylib
0x0000000127968000 	/System/Library/Frameworks/CoreGraphics.framework/Versions/A/Resources/libRIP.A.dylib
0x0000000007291000 	/System/Library/PrivateFrameworks/FamilyControls.framework/Versions/A/FamilyControls
0x0000000007291000 	/System/Library/PrivateFrameworks/CommerceKit.framework/Versions/A/Frameworks/CommerceCore.framework/Versions/A/CommerceCore
0x0000000007291000 	/System/Library/PrivateFrameworks/SystemAdministration.framework/Versions/A/SystemAdministration
0x0000000007291000 	/System/Library/Frameworks/DirectoryService.framework/Versions/A/DirectoryService
0x0000000007291000 	/System/Library/PrivateFrameworks/LoginUIKit.framework/Versions/A/Frameworks/LoginUICore.framework/Versions/A/LoginUICore
0x0000000007291000 	/usr/lib/libodfde.dylib
0x000000012a8e7000 	/Library/Java/JavaVirtualMachines/jdk1.8.0_05.jdk/Contents/Home/jre/lib/libnet.dylib
0x000000012a945000 	/Library/Java/JavaVirtualMachines/jdk1.8.0_05.jdk/Contents/Home/jre/lib/libnio.dylib
0x000000012a955000 	/private/var/folders/6_/dwl33j_96fx59rqzfyy775dm0000gn/T/jogamp_0000/file_cache/jln2589019505392290490/jln3208165721430411107/libgluegen-rt.jnilib
0x000000012a95a000 	/private/var/folders/6_/dwl33j_96fx59rqzfyy775dm0000gn/T/jogamp_0000/file_cache/jln2589019505392290490/jln3208165721430411107/libjocl.dylib
0x000000012d143000 	/Library/Java/JavaVirtualMachines/jdk1.8.0_05.jdk/Contents/Home/jre/lib/libjavafx_font.dylib
0x000000012d14d000 	/System/Library/Frameworks/CoreGraphics.framework/Versions/A/Resources/libCGXType.A.dylib
0x00000001279e4000 	/Library/Java/JavaVirtualMachines/jdk1.8.0_05.jdk/Contents/Home/jre/lib/libawt.dylib
0x000000012ab8b000 	/Library/Java/JavaVirtualMachines/jdk1.8.0_05.jdk/Contents/Home/jre/lib/./libmlib_image.dylib
0x000000012d6cb000 	/Library/Java/JavaVirtualMachines/jdk1.8.0_05.jdk/Contents/Home/jre/lib/libawt_lwawt.dylib
0x000000012ac57000 	/Library/Java/JavaVirtualMachines/jdk1.8.0_05.jdk/Contents/Home/jre/lib/./libosxapp.dylib
0x0000000007291000 	/System/Library/Frameworks/ExceptionHandling.framework/Versions/A/ExceptionHandling
0x000000012dc54000 	/Library/Java/JavaVirtualMachines/jdk1.8.0_05.jdk/Contents/Home/jre/lib/libjpeg.dylib
0x000000012dc81000 	/Library/Java/JavaVirtualMachines/jdk1.8.0_05.jdk/Contents/Home/jre/lib/libfontmanager.dylib
0x000000013197d000 	cl_kernels
0x0000000131980000 	/System/Library/Frameworks/OpenCL.framework/Versions/A/Libraries/ImageFormats/unorm8_bgra.dylib
0x000000013196e000 	cl_kernels
0x0000000131974000 	cl_kernels
0x0000000131d44000 	cl_kernels
0x0000000131d47000 	/System/Library/Frameworks/OpenCL.framework/Versions/A/Libraries/ImageFormats/unorm8_argb.dylib
0x0000000131ec3000 	/Library/Java/JavaVirtualMachines/jdk1.8.0_05.jdk/Contents/Home/jre/lib/libprism_common.dylib

VM Arguments:
java_command: berlin.iconn.rbm.main.FXMain
java_class_path (initial): /Users/Radek/git/rbmtools/target/classes:/Users/Radek/.m2/repository/junit/junit/3.8.1/junit-3.8.1.jar:/Users/Radek/.m2/repository/org/apache/commons/commons-lang3/3.3.1/commons-lang3-3.3.1.jar:/Users/Radek/.m2/repository/org/jblas/WorkingJBlas/1.2.3/WorkingJBlas-1.2.3.jar:/Users/Radek/.m2/repository/net/sf/trove4j/trove4j/3.0.3/trove4j-3.0.3.jar:/Users/Radek/.m2/repository/gluegen/gluegen-rt/1.0/gluegen-rt-1.0.jar:/Users/Radek/.m2/repository/gluegen/gluegen-rt-natives-linux-amd64/1.0/gluegen-rt-natives-linux-amd64-1.0.jar:/Users/Radek/.m2/repository/gluegen/gluegen-rt-natives-macosx-universal/1.0/gluegen-rt-natives-macosx-universal-1.0.jar:/Users/Radek/.m2/repository/gluegen/gluegen-rt-natives-windows-amd64/1.0/gluegen-rt-natives-windows-amd64-1.0.jar:/Users/Radek/.m2/repository/jocl/jocl/1.0/jocl-1.0.jar:/Users/Radek/.m2/repository/jocl/jocl-natives-linux-amd64/1.0/jocl-natives-linux-amd64-1.0.jar:/Users/Radek/.m2/repository/jocl/jocl-natives-macosx-universal/1.0/jocl-natives-macosx-universal-1.0.jar:/Users/Radek/.m2/repository/jocl/jocl-natives-windows-amd64/1.0/jocl-natives-windows-amd64-1.0.jar
Launcher Type: SUN_STANDARD

Environment Variables:
JAVA_HOME=/Library/Java/JavaVirtualMachines/jdk1.8.0_05.jdk/Contents/Home
PATH=/usr/bin:/bin:/usr/sbin:/sbin
LD_LIBRARY_PATH=/Library/Java/JavaVirtualMachines/jdk1.8.0_05.jdk/Contents/Home/jre/lib/amd64:/Library/Java/JavaVirtualMachines/jdk1.8.0_05.jdk/Contents/Home/jre/lib/i386:
SHELL=/bin/bash
DISPLAY=/tmp/launch-4gQzMd/org.macosforge.xquartz:0
DYLD_LIBRARY_PATH=/Applications/NetBeans/NetBeans 8.0.app/Contents/Resources/NetBeans/webcommon/bin:

Signal Handlers:
SIGSEGV: [libjvm.dylib+0x55f7df], sa_mask[0]=0xfffefeff, sa_flags=0x00000043
SIGBUS: [libjvm.dylib+0x55f7df], sa_mask[0]=0xfffefeff, sa_flags=0x00000042
SIGFPE: [libjvm.dylib+0x442cfa], sa_mask[0]=0xfffefeff, sa_flags=0x00000042
SIGPIPE: [libjvm.dylib+0x442cfa], sa_mask[0]=0xfffefeff, sa_flags=0x00000042
SIGXFSZ: [libjvm.dylib+0x442cfa], sa_mask[0]=0xfffefeff, sa_flags=0x00000042
SIGILL: [libjvm.dylib+0x442cfa], sa_mask[0]=0xfffefeff, sa_flags=0x00000042
SIGUSR1: SIG_DFL, sa_mask[0]=0x00000000, sa_flags=0x00000002
SIGUSR2: [libjvm.dylib+0x442818], sa_mask[0]=0x00000004, sa_flags=0x00000042
SIGHUP: [libjvm.dylib+0x440ba5], sa_mask[0]=0xfffefeff, sa_flags=0x00000042
SIGINT: SIG_IGN, sa_mask[0]=0x00000000, sa_flags=0x00000000
SIGTERM: [libjvm.dylib+0x440ba5], sa_mask[0]=0xfffefeff, sa_flags=0x00000042
SIGQUIT: [libjvm.dylib+0x440ba5], sa_mask[0]=0xfffefeff, sa_flags=0x00000042


---------------  S Y S T E M  ---------------

OS:Bsduname:Darwin 13.2.0 Darwin Kernel Version 13.2.0: Thu Apr 17 23:03:13 PDT 2014; root:xnu-2422.100.13~1/RELEASE_X86_64 x86_64
rlimit: STACK 8192k, CORE 0k, NPROC 709, NOFILE 10240, AS infinity
load average:1.42 1.41 1.58

CPU:total 8 (4 cores per cpu, 2 threads per core) family 6 model 70 stepping 1, cmov, cx8, fxsr, mmx, sse, sse2, sse3, ssse3, sse4.1, sse4.2, popcnt, avx, avx2, aes, clmul, erms, ht, tsc, tscinvbit

Memory: 4k page, physical 16777216k(2129024k free)

/proc/meminfo:


vm_info: Java HotSpot(TM) 64-Bit Server VM (25.5-b02) for bsd-amd64 JRE (1.8.0_05-b13), built on Mar 18 2014 00:36:13 by "java_re" with gcc 4.2.1 (Based on Apple Inc. build 5658) (LLVM build 2336.11.00)

time: Thu May 22 12:52:23 2014
elapsed time: 5 seconds

