#
# A fatal error has been detected by the Java Runtime Environment:
#
#  SIGSEGV (0xb) at pc=0x00007fff88d46a13, pid=6648, tid=3335
#
# JRE version: Java(TM) SE Runtime Environment (8.0_05-b13) (build 1.8.0_05-b13)
# Java VM: Java HotSpot(TM) 64-Bit Server VM (25.5-b02 mixed mode bsd-amd64 compressed oops)
# Problematic frame:
# C  [libc++abi.dylib+0x25a13]  __dynamic_cast+0x29
#
# Failed to write core dump. Core dumps have been disabled. To enable core dumping, try "ulimit -c unlimited" before starting Java again
#
# If you would like to submit a bug report, please visit:
#   http://bugreport.sun.com/bugreport/crash.jsp
# The crash happened outside the Java Virtual Machine in native code.
# See problematic frame for where to report the bug.
#

---------------  T H R E A D  ---------------

Current thread (0x00007fc9010e0000):  JavaThread "JavaFX Application Thread" [_thread_in_native, id=3335, stack(0x00007fff5a151000,0x00007fff5a951000)]

siginfo:si_signo=SIGSEGV: si_errno=0, si_code=1 (SEGV_MAPERR), si_addr=0xfffffffefffffff3

Registers:
RAX=0xffffffff00000003, RBX=0x00007fff772a4c10, RCX=0xffffffffffffffff, RDX=0x00007fff772a4c10
RSP=0x00007fff5a949dc0, RBP=0x00007fff5a949e60, RSI=0x00007fff772a9650, RDI=0x00007fc900d7f600
R8 =0x000000076c287a48, R9 =0x00007fff873766d8, R10=0x000000076c287a48, R11=0x0000000000000000
R12=0x0000000000000000, R13=0x000000076c287a48, R14=0x00007fc900d7f600, R15=0x00007fff5a949ed0
RIP=0x00007fff88d46a13, EFLAGS=0x0000000000010206, ERR=0x0000000000000004
  TRAPNO=0x000000000000000e

Top of Stack: (sp=0x00007fff5a949dc0)
0x00007fff5a949dc0:   00007fff5a949f80 0000000120b34668
0x00007fff5a949dd0:   00007fc900d7f600 00007fff772a9650
0x00007fff5a949de0:   ffffffffffffffff 00007fff5a949e30
0x00007fff5a949df0:   00007fff5a949e30 00007fff5a94a120
0x00007fff5a949e00:   00007fff5a949e20 00000001068b5c63
0x00007fff5a949e10:   00007fff5a949e40 00007fff5a949e30
0x00007fff5a949e20:   00007fff5a949e60 000000010680bab5
0x00007fff5a949e30:   00007fff5a949e80 00007fc900d7f600
0x00007fff5a949e40:   0000000000000000 000000076c287a48
0x00007fff5a949e50:   00007fc900d7f600 00007fff5a949ed0
0x00007fff5a949e60:   00007fff5a949e80 00007fff8736f2d8
0x00007fff5a949e70:   0000000000000000 00007fc900d7f600
0x00007fff5a949e80:   00007fff5a949eb0 00007fff8737051a
0x00007fff5a949e90:   00007fc900d7f600 0000000000000001
0x00007fff5a949ea0:   0000000000000000 0000000000162050
0x00007fff5a949eb0:   00007fff5a949f00 00007fff87376708
0x00007fff5a949ec0:   ffffffff0000000b 00007fff5a94a0a8
0x00007fff5a949ed0:   0000000000000001 00007fff5a94a0d0
0x00007fff5a949ee0:   0000000000000000 0000000120b34668
0x00007fff5a949ef0:   00007fff5a94a101 0000000000000000
0x00007fff5a949f00:   00007fff5a949fc0 0000000128f6d121
0x00007fff5a949f10:   0000000020b34668 00007fff873766d8
0x00007fff5a949f20:   000000076c287a48 0000000120b34668
0x00007fff5a949f30:   00007fff5a94a120 000000076c287a48
0x00007fff5a949f40:   0000000000000000 00007fff873766d8
0x00007fff5a949f50:   00007fff873766d8 000000000094a120
0x00007fff5a949f60:   00007fff5a94a0d0 0000000001000001
0x00007fff5a949f70:   0000000000000000 0000000000162050
0x00007fff5a949f80:   0000000000000001 00007fc900d7f600
0x00007fff5a949f90:   00007fff5a94a120 00007fc9010e01e0
0x00007fff5a949fa0:   0000000120b34668 0000000000000000
0x00007fff5a949fb0:   00007fff5a94a120 00007fc9010e0000 

Instructions: (pc=0x00007fff88d46a13)
0x00007fff88d469f3:   55 41 54 53 48 83 ec 78 48 89 4d 80 48 89 d3 48
0x00007fff88d46a03:   89 b5 78 ff ff ff 48 89 bd 70 ff ff ff 48 8b 07
0x00007fff88d46a13:   48 8b 50 f0 48 01 fa 48 89 95 68 ff ff ff 4c 8b
0x00007fff88d46a23:   78 f8 48 89 5d 88 48 89 7d 90 48 89 75 98 48 89 

Register to memory mapping:

RAX=0xffffffff00000003 is an unknown value
RBX=0x00007fff772a4c10: <offset 0xeff41c10> in /System/Library/Frameworks/OpenCL.framework/Versions/A/OpenCL at 0x00007fff87363000
RCX=0xffffffffffffffff is an unknown value
RDX=0x00007fff772a4c10: <offset 0xeff41c10> in /System/Library/Frameworks/OpenCL.framework/Versions/A/OpenCL at 0x00007fff87363000
RSP=0x00007fff5a949dc0 is pointing into the stack for thread: 0x00007fc9010e0000
RBP=0x00007fff5a949e60 is pointing into the stack for thread: 0x00007fc9010e0000
RSI=0x00007fff772a9650: <offset 0xeff46650> in /System/Library/Frameworks/OpenCL.framework/Versions/A/OpenCL at 0x00007fff87363000
RDI=0x00007fc900d7f600 is an unknown value
R8 =0x000000076c287a48 is an oop
[B 
 - klass: {type array byte}
 - length: 3
R9 =0x00007fff873766d8: clCreateBuffer+0 in /System/Library/Frameworks/OpenCL.framework/Versions/A/OpenCL at 0x00007fff87363000
R10=0x000000076c287a48 is an oop
[B 
 - klass: {type array byte}
 - length: 3
R11=0x0000000000000000 is an unknown value
R12=0x0000000000000000 is an unknown value
R13=0x000000076c287a48 is an oop
[B 
 - klass: {type array byte}
 - length: 3
R14=0x00007fc900d7f600 is an unknown value
R15=0x00007fff5a949ed0 is pointing into the stack for thread: 0x00007fc9010e0000


Stack: [0x00007fff5a151000,0x00007fff5a951000],  sp=0x00007fff5a949dc0,  free space=8163k
Native frames: (J=compiled Java code, j=interpreted, Vv=VM code, C=native code)
C  [libc++abi.dylib+0x25a13]  __dynamic_cast+0x29
C  [OpenCL+0xc2d8]  clLogMessagesToStderrAPPLE+0x1ac
C  [OpenCL+0xd51a]  clGetExtensionFunctionAddressForPlatform+0x866
C  [OpenCL+0x13708]  clCreateBuffer+0x30
C  [libjocl.dylib+0x2121]  Java_com_jogamp_opencl_llb_impl_CLAbstractImpl_dispatch_1clCreateBuffer1__JJJLjava_lang_Object_2IZLjava_lang_Object_2IZJ+0x1b1
j  com.jogamp.opencl.llb.impl.CLAbstractImpl.dispatch_clCreateBuffer1(JJJLjava/lang/Object;IZLjava/lang/Object;IZJ)J+0
j  com.jogamp.opencl.llb.impl.CLAbstractImpl.clCreateBuffer(JJJLjava/nio/Buffer;[II)J+138
j  com.jogamp.opencl.CLBuffer.create(Lcom/jogamp/opencl/CLContext;Ljava/nio/Buffer;I)Lcom/jogamp/opencl/CLBuffer;+68
j  com.jogamp.opencl.CLContext.createBuffer(Ljava/nio/Buffer;I)Lcom/jogamp/opencl/CLBuffer;+3
j  com.jogamp.opencl.CLContext.createBuffer(Ljava/nio/Buffer;[Lcom/jogamp/opencl/CLMemory$Mem;)Lcom/jogamp/opencl/CLBuffer;+6
j  com.jogamp.opencl.CLContext.createFloatBuffer(I[Lcom/jogamp/opencl/CLMemory$Mem;)Lcom/jogamp/opencl/CLBuffer;+6
j  berlin.iconn.rbm.cl.CLFloatMatrix.<init>(II[F)V+69
j  berlin.iconn.rbm.cl.CLFloatMatrix.<init>([[F)V+11
j  berlin.iconn.rbm.rbm.RBMCL.<init>(IIFLberlin/iconn/rbm/logistic/ILogistic;ZI[[F)V+203
j  berlin.iconn.rbm.rbm.RBMTrainer.createRBMForTemporaryUse(Lberlin/iconn/rbm/settings/RBMSettingsController;)Lberlin/iconn/rbm/rbm/IRBM;+110
j  berlin.iconn.rbm.rbm.RBMTrainer.getHiddenSingleRBM(Lberlin/iconn/rbm/settings/RBMSettingsController;[[FZ)[[F+8
j  berlin.iconn.rbm.rbm.RBMTrainer.getHiddenSingleRBM(Lberlin/iconn/rbm/settings/RBMSettingsController;[[F)[[F+23
j  berlin.iconn.rbm.rbm.RBMTrainer.updateRBMs(Lberlin/iconn/rbm/main/BenchmarkModel;)V+155
j  berlin.iconn.rbm.main.BenchmarkModel.globalUpdate()V+5
j  berlin.iconn.rbm.main.BenchmarkModel.setRgb(Z)V+28
j  berlin.iconn.rbm.main.BenchmarkController.cbx_RGBAction(Ljavafx/event/ActionEvent;)V+11
v  ~StubRoutines::call_stub
V  [libjvm.dylib+0x2c5186]  JavaCalls::call_helper(JavaValue*, methodHandle*, JavaCallArguments*, Thread*)+0x6ae
V  [libjvm.dylib+0x489f3c]  Reflection::invoke(instanceKlassHandle, methodHandle, Handle, bool, objArrayHandle, BasicType, objArrayHandle, bool, Thread*)+0xdf8
V  [libjvm.dylib+0x48a454]  Reflection::invoke_method(oopDesc*, Handle, objArrayHandle, Thread*)+0x16c
V  [libjvm.dylib+0x312600]  JVM_InvokeMethod+0x166
J 771  sun.reflect.NativeMethodAccessorImpl.invoke0(Ljava/lang/reflect/Method;Ljava/lang/Object;[Ljava/lang/Object;)Ljava/lang/Object; (0 bytes) @ 0x0000000107725c6d [0x0000000107725b80+0xed]
J 770 C1 sun.reflect.NativeMethodAccessorImpl.invoke(Ljava/lang/Object;[Ljava/lang/Object;)Ljava/lang/Object; (104 bytes) @ 0x0000000107724e94 [0x0000000107723d00+0x1194]
J 721 C1 sun.reflect.DelegatingMethodAccessorImpl.invoke(Ljava/lang/Object;[Ljava/lang/Object;)Ljava/lang/Object; (10 bytes) @ 0x00000001076f5904 [0x00000001076f5800+0x104]
J 720 C1 java.lang.reflect.Method.invoke(Ljava/lang/Object;[Ljava/lang/Object;)Ljava/lang/Object; (62 bytes) @ 0x00000001076f5334 [0x00000001076f4fc0+0x374]
J 818 C1 sun.reflect.GeneratedMethodAccessor1.invoke(Ljava/lang/Object;[Ljava/lang/Object;)Ljava/lang/Object; (65 bytes) @ 0x000000010775fd74 [0x000000010775f9c0+0x3b4]
J 721 C1 sun.reflect.DelegatingMethodAccessorImpl.invoke(Ljava/lang/Object;[Ljava/lang/Object;)Ljava/lang/Object; (10 bytes) @ 0x00000001076f5904 [0x00000001076f5800+0x104]
J 720 C1 java.lang.reflect.Method.invoke(Ljava/lang/Object;[Ljava/lang/Object;)Ljava/lang/Object; (62 bytes) @ 0x00000001076f5334 [0x00000001076f4fc0+0x374]
J 775 C1 sun.reflect.misc.MethodUtil.invoke(Ljava/lang/reflect/Method;Ljava/lang/Object;[Ljava/lang/Object;)Ljava/lang/Object; (111 bytes) @ 0x000000010772cb94 [0x000000010772c6c0+0x4d4]
j  javafx.fxml.FXMLLoader$MethodHandler.invoke([Ljava/lang/Object;)V+19
j  javafx.fxml.FXMLLoader$ControllerMethodEventHandler.handle(Ljavafx/event/Event;)V+12
j  com.sun.javafx.event.CompositeEventHandler.dispatchBubblingEvent(Ljavafx/event/Event;)V+51
J 2436 C1 com.sun.javafx.event.EventHandlerManager.dispatchBubblingEvent(Ljavafx/event/Event;)Ljavafx/event/Event; (23 bytes) @ 0x0000000107b709fc [0x0000000107b703e0+0x61c]
J 2438 C1 com.sun.javafx.event.CompositeEventDispatcher.dispatchBubblingEvent(Ljavafx/event/Event;)Ljavafx/event/Event; (35 bytes) @ 0x0000000107b713d4 [0x0000000107b71220+0x1b4]
J 2244 C1 com.sun.javafx.event.BasicEventDispatcher.dispatchEvent(Ljavafx/event/Event;Ljavafx/event/EventDispatchChain;)Ljavafx/event/Event; (44 bytes) @ 0x0000000107aea184 [0x0000000107ae9ec0+0x2c4]
J 2215 C1 com.sun.javafx.event.EventDispatchChainImpl.dispatchEvent(Ljavafx/event/Event;)Ljavafx/event/Event; (101 bytes) @ 0x0000000107ad98ac [0x0000000107ad9700+0x1ac]
J 2244 C1 com.sun.javafx.event.BasicEventDispatcher.dispatchEvent(Ljavafx/event/Event;Ljavafx/event/EventDispatchChain;)Ljavafx/event/Event; (44 bytes) @ 0x0000000107aea09c [0x0000000107ae9ec0+0x1dc]
J 2215 C1 com.sun.javafx.event.EventDispatchChainImpl.dispatchEvent(Ljavafx/event/Event;)Ljavafx/event/Event; (101 bytes) @ 0x0000000107ad98ac [0x0000000107ad9700+0x1ac]
J 2244 C1 com.sun.javafx.event.BasicEventDispatcher.dispatchEvent(Ljavafx/event/Event;Ljavafx/event/EventDispatchChain;)Ljavafx/event/Event; (44 bytes) @ 0x0000000107aea09c [0x0000000107ae9ec0+0x1dc]
J 2215 C1 com.sun.javafx.event.EventDispatchChainImpl.dispatchEvent(Ljavafx/event/Event;)Ljavafx/event/Event; (101 bytes) @ 0x0000000107ad98ac [0x0000000107ad9700+0x1ac]
J 2244 C1 com.sun.javafx.event.BasicEventDispatcher.dispatchEvent(Ljavafx/event/Event;Ljavafx/event/EventDispatchChain;)Ljavafx/event/Event; (44 bytes) @ 0x0000000107aea09c [0x0000000107ae9ec0+0x1dc]
J 2215 C1 com.sun.javafx.event.EventDispatchChainImpl.dispatchEvent(Ljavafx/event/Event;)Ljavafx/event/Event; (101 bytes) @ 0x0000000107ad98ac [0x0000000107ad9700+0x1ac]
J 2244 C1 com.sun.javafx.event.BasicEventDispatcher.dispatchEvent(Ljavafx/event/Event;Ljavafx/event/EventDispatchChain;)Ljavafx/event/Event; (44 bytes) @ 0x0000000107aea09c [0x0000000107ae9ec0+0x1dc]
J 2215 C1 com.sun.javafx.event.EventDispatchChainImpl.dispatchEvent(Ljavafx/event/Event;)Ljavafx/event/Event; (101 bytes) @ 0x0000000107ad98ac [0x0000000107ad9700+0x1ac]
J 2244 C1 com.sun.javafx.event.BasicEventDispatcher.dispatchEvent(Ljavafx/event/Event;Ljavafx/event/EventDispatchChain;)Ljavafx/event/Event; (44 bytes) @ 0x0000000107aea09c [0x0000000107ae9ec0+0x1dc]
J 2215 C1 com.sun.javafx.event.EventDispatchChainImpl.dispatchEvent(Ljavafx/event/Event;)Ljavafx/event/Event; (101 bytes) @ 0x0000000107ad98ac [0x0000000107ad9700+0x1ac]
j  com.sun.javafx.event.EventUtil.fireEventImpl(Ljavafx/event/EventDispatchChain;Ljavafx/event/EventTarget;Ljavafx/event/Event;)Ljavafx/event/Event;+10
j  com.sun.javafx.event.EventUtil.fireEvent(Ljavafx/event/EventTarget;Ljavafx/event/Event;)Ljavafx/event/Event;+37
j  javafx.event.Event.fireEvent(Ljavafx/event/EventTarget;Ljavafx/event/Event;)V+30
j  javafx.scene.Node.fireEvent(Ljavafx/event/Event;)V+86
j  javafx.scene.control.CheckBox.fire()V+107
j  com.sun.javafx.scene.control.behavior.ButtonBehavior.mouseReleased(Ljavafx/scene/input/MouseEvent;)V+23
j  com.sun.javafx.scene.control.skin.BehaviorSkinBase$1.handle(Ljavafx/scene/input/MouseEvent;)V+83
j  com.sun.javafx.scene.control.skin.BehaviorSkinBase$1.handle(Ljavafx/event/Event;)V+5
j  com.sun.javafx.event.CompositeEventHandler$NormalEventHandlerRecord.handleBubblingEvent(Ljavafx/event/Event;)V+5
j  com.sun.javafx.event.CompositeEventHandler.dispatchBubblingEvent(Ljavafx/event/Event;)V+28
J 2436 C1 com.sun.javafx.event.EventHandlerManager.dispatchBubblingEvent(Ljavafx/event/Event;)Ljavafx/event/Event; (23 bytes) @ 0x0000000107b709fc [0x0000000107b703e0+0x61c]
J 2438 C1 com.sun.javafx.event.CompositeEventDispatcher.dispatchBubblingEvent(Ljavafx/event/Event;)Ljavafx/event/Event; (35 bytes) @ 0x0000000107b713d4 [0x0000000107b71220+0x1b4]
J 2244 C1 com.sun.javafx.event.BasicEventDispatcher.dispatchEvent(Ljavafx/event/Event;Ljavafx/event/EventDispatchChain;)Ljavafx/event/Event; (44 bytes) @ 0x0000000107aea184 [0x0000000107ae9ec0+0x2c4]
J 2215 C1 com.sun.javafx.event.EventDispatchChainImpl.dispatchEvent(Ljavafx/event/Event;)Ljavafx/event/Event; (101 bytes) @ 0x0000000107ad98ac [0x0000000107ad9700+0x1ac]
J 2244 C1 com.sun.javafx.event.BasicEventDispatcher.dispatchEvent(Ljavafx/event/Event;Ljavafx/event/EventDispatchChain;)Ljavafx/event/Event; (44 bytes) @ 0x0000000107aea09c [0x0000000107ae9ec0+0x1dc]
J 2215 C1 com.sun.javafx.event.EventDispatchChainImpl.dispatchEvent(Ljavafx/event/Event;)Ljavafx/event/Event; (101 bytes) @ 0x0000000107ad98ac [0x0000000107ad9700+0x1ac]
J 2244 C1 com.sun.javafx.event.BasicEventDispatcher.dispatchEvent(Ljavafx/event/Event;Ljavafx/event/EventDispatchChain;)Ljavafx/event/Event; (44 bytes) @ 0x0000000107aea09c [0x0000000107ae9ec0+0x1dc]
J 2215 C1 com.sun.javafx.event.EventDispatchChainImpl.dispatchEvent(Ljavafx/event/Event;)Ljavafx/event/Event; (101 bytes) @ 0x0000000107ad98ac [0x0000000107ad9700+0x1ac]
J 2244 C1 com.sun.javafx.event.BasicEventDispatcher.dispatchEvent(Ljavafx/event/Event;Ljavafx/event/EventDispatchChain;)Ljavafx/event/Event; (44 bytes) @ 0x0000000107aea09c [0x0000000107ae9ec0+0x1dc]
J 2215 C1 com.sun.javafx.event.EventDispatchChainImpl.dispatchEvent(Ljavafx/event/Event;)Ljavafx/event/Event; (101 bytes) @ 0x0000000107ad98ac [0x0000000107ad9700+0x1ac]
J 2244 C1 com.sun.javafx.event.BasicEventDispatcher.dispatchEvent(Ljavafx/event/Event;Ljavafx/event/EventDispatchChain;)Ljavafx/event/Event; (44 bytes) @ 0x0000000107aea09c [0x0000000107ae9ec0+0x1dc]
J 2215 C1 com.sun.javafx.event.EventDispatchChainImpl.dispatchEvent(Ljavafx/event/Event;)Ljavafx/event/Event; (101 bytes) @ 0x0000000107ad98ac [0x0000000107ad9700+0x1ac]
J 2244 C1 com.sun.javafx.event.BasicEventDispatcher.dispatchEvent(Ljavafx/event/Event;Ljavafx/event/EventDispatchChain;)Ljavafx/event/Event; (44 bytes) @ 0x0000000107aea09c [0x0000000107ae9ec0+0x1dc]
J 2215 C1 com.sun.javafx.event.EventDispatchChainImpl.dispatchEvent(Ljavafx/event/Event;)Ljavafx/event/Event; (101 bytes) @ 0x0000000107ad98ac [0x0000000107ad9700+0x1ac]
j  com.sun.javafx.event.EventUtil.fireEventImpl(Ljavafx/event/EventDispatchChain;Ljavafx/event/EventTarget;Ljavafx/event/Event;)Ljavafx/event/Event;+10
j  com.sun.javafx.event.EventUtil.fireEvent(Ljavafx/event/EventTarget;Ljavafx/event/Event;)Ljavafx/event/Event;+46
j  javafx.event.Event.fireEvent(Ljavafx/event/EventTarget;Ljavafx/event/Event;)V+30
j  javafx.scene.Scene$MouseHandler.process(Ljavafx/scene/input/MouseEvent;Z)V+498
j  javafx.scene.Scene$MouseHandler.access$1800(Ljavafx/scene/Scene$MouseHandler;Ljavafx/scene/input/MouseEvent;Z)V+3
j  javafx.scene.Scene.impl_processMouseEvent(Ljavafx/scene/input/MouseEvent;)V+6
j  javafx.scene.Scene$ScenePeerListener.mouseEvent(Ljavafx/event/EventType;DDDDLjavafx/scene/input/MouseButton;ZZZZZZZZZ)V+46
j  com.sun.javafx.tk.quantum.GlassViewEventHandler$MouseEventNotification.run()Ljava/lang/Void;+422
j  com.sun.javafx.tk.quantum.GlassViewEventHandler$MouseEventNotification.run()Ljava/lang/Object;+1
v  ~StubRoutines::call_stub
V  [libjvm.dylib+0x2c5186]  JavaCalls::call_helper(JavaValue*, methodHandle*, JavaCallArguments*, Thread*)+0x6ae
V  [libjvm.dylib+0x31a912]  JVM_DoPrivileged+0x4b6
J 2242  java.security.AccessController.doPrivileged(Ljava/security/PrivilegedAction;Ljava/security/AccessControlContext;)Ljava/lang/Object; (0 bytes) @ 0x0000000107aeb195 [0x0000000107aeb0c0+0xd5]
j  com.sun.javafx.tk.quantum.GlassViewEventHandler.handleMouseEvent(Lcom/sun/glass/ui/View;JIIIIIIIZZ)V+108
j  com.sun.glass.ui.View.handleMouseEvent(JIIIIIIIZZ)V+30
j  com.sun.glass.ui.View.notifyMouse(IIIIIIIZZ)V+181
v  ~StubRoutines::call_stub
V  [libjvm.dylib+0x2c5186]  JavaCalls::call_helper(JavaValue*, methodHandle*, JavaCallArguments*, Thread*)+0x6ae
V  [libjvm.dylib+0x2f9ff0]  jni_invoke_nonstatic(JNIEnv_*, JavaValue*, _jobject*, JNICallType, _jmethodID*, JNI_ArgumentPusher*, Thread*)+0x2fb
V  [libjvm.dylib+0x2ecc84]  jni_CallVoidMethod+0x16b
C  [libglass.dylib+0x25644]  -[GlassViewDelegate sendJavaMouseEvent:]+0x794
C  [AppKit+0x226145]  -[NSWindow sendEvent:]+0x30d
C  [libglass.dylib+0x28340]  -[GlassWindow_Normal sendEvent:]+0x70
C  [AppKit+0x1c75d4]  -[NSApplication sendEvent:]+0x7e5
C  [AppKit+0x17a19]  -[NSApplication run]+0x286
...<more frames>...

Java frames: (J=compiled Java code, j=interpreted, Vv=VM code)
j  com.jogamp.opencl.llb.impl.CLAbstractImpl.dispatch_clCreateBuffer1(JJJLjava/lang/Object;IZLjava/lang/Object;IZJ)J+0
j  com.jogamp.opencl.llb.impl.CLAbstractImpl.clCreateBuffer(JJJLjava/nio/Buffer;[II)J+138
j  com.jogamp.opencl.CLBuffer.create(Lcom/jogamp/opencl/CLContext;Ljava/nio/Buffer;I)Lcom/jogamp/opencl/CLBuffer;+68
j  com.jogamp.opencl.CLContext.createBuffer(Ljava/nio/Buffer;I)Lcom/jogamp/opencl/CLBuffer;+3
j  com.jogamp.opencl.CLContext.createBuffer(Ljava/nio/Buffer;[Lcom/jogamp/opencl/CLMemory$Mem;)Lcom/jogamp/opencl/CLBuffer;+6
j  com.jogamp.opencl.CLContext.createFloatBuffer(I[Lcom/jogamp/opencl/CLMemory$Mem;)Lcom/jogamp/opencl/CLBuffer;+6
j  berlin.iconn.rbm.cl.CLFloatMatrix.<init>(II[F)V+69
j  berlin.iconn.rbm.cl.CLFloatMatrix.<init>([[F)V+11
j  berlin.iconn.rbm.rbm.RBMCL.<init>(IIFLberlin/iconn/rbm/logistic/ILogistic;ZI[[F)V+203
j  berlin.iconn.rbm.rbm.RBMTrainer.createRBMForTemporaryUse(Lberlin/iconn/rbm/settings/RBMSettingsController;)Lberlin/iconn/rbm/rbm/IRBM;+110
j  berlin.iconn.rbm.rbm.RBMTrainer.getHiddenSingleRBM(Lberlin/iconn/rbm/settings/RBMSettingsController;[[FZ)[[F+8
j  berlin.iconn.rbm.rbm.RBMTrainer.getHiddenSingleRBM(Lberlin/iconn/rbm/settings/RBMSettingsController;[[F)[[F+23
j  berlin.iconn.rbm.rbm.RBMTrainer.updateRBMs(Lberlin/iconn/rbm/main/BenchmarkModel;)V+155
j  berlin.iconn.rbm.main.BenchmarkModel.globalUpdate()V+5
j  berlin.iconn.rbm.main.BenchmarkModel.setRgb(Z)V+28
j  berlin.iconn.rbm.main.BenchmarkController.cbx_RGBAction(Ljavafx/event/ActionEvent;)V+11
v  ~StubRoutines::call_stub
J 771  sun.reflect.NativeMethodAccessorImpl.invoke0(Ljava/lang/reflect/Method;Ljava/lang/Object;[Ljava/lang/Object;)Ljava/lang/Object; (0 bytes) @ 0x0000000107725bf7 [0x0000000107725b80+0x77]
J 770 C1 sun.reflect.NativeMethodAccessorImpl.invoke(Ljava/lang/Object;[Ljava/lang/Object;)Ljava/lang/Object; (104 bytes) @ 0x0000000107724e94 [0x0000000107723d00+0x1194]
J 721 C1 sun.reflect.DelegatingMethodAccessorImpl.invoke(Ljava/lang/Object;[Ljava/lang/Object;)Ljava/lang/Object; (10 bytes) @ 0x00000001076f5904 [0x00000001076f5800+0x104]
J 720 C1 java.lang.reflect.Method.invoke(Ljava/lang/Object;[Ljava/lang/Object;)Ljava/lang/Object; (62 bytes) @ 0x00000001076f5334 [0x00000001076f4fc0+0x374]
J 818 C1 sun.reflect.GeneratedMethodAccessor1.invoke(Ljava/lang/Object;[Ljava/lang/Object;)Ljava/lang/Object; (65 bytes) @ 0x000000010775fd74 [0x000000010775f9c0+0x3b4]
J 721 C1 sun.reflect.DelegatingMethodAccessorImpl.invoke(Ljava/lang/Object;[Ljava/lang/Object;)Ljava/lang/Object; (10 bytes) @ 0x00000001076f5904 [0x00000001076f5800+0x104]
J 720 C1 java.lang.reflect.Method.invoke(Ljava/lang/Object;[Ljava/lang/Object;)Ljava/lang/Object; (62 bytes) @ 0x00000001076f5334 [0x00000001076f4fc0+0x374]
J 775 C1 sun.reflect.misc.MethodUtil.invoke(Ljava/lang/reflect/Method;Ljava/lang/Object;[Ljava/lang/Object;)Ljava/lang/Object; (111 bytes) @ 0x000000010772cb94 [0x000000010772c6c0+0x4d4]
j  javafx.fxml.FXMLLoader$MethodHandler.invoke([Ljava/lang/Object;)V+19
j  javafx.fxml.FXMLLoader$ControllerMethodEventHandler.handle(Ljavafx/event/Event;)V+12
j  com.sun.javafx.event.CompositeEventHandler.dispatchBubblingEvent(Ljavafx/event/Event;)V+51
J 2436 C1 com.sun.javafx.event.EventHandlerManager.dispatchBubblingEvent(Ljavafx/event/Event;)Ljavafx/event/Event; (23 bytes) @ 0x0000000107b709fc [0x0000000107b703e0+0x61c]
J 2438 C1 com.sun.javafx.event.CompositeEventDispatcher.dispatchBubblingEvent(Ljavafx/event/Event;)Ljavafx/event/Event; (35 bytes) @ 0x0000000107b713d4 [0x0000000107b71220+0x1b4]
J 2244 C1 com.sun.javafx.event.BasicEventDispatcher.dispatchEvent(Ljavafx/event/Event;Ljavafx/event/EventDispatchChain;)Ljavafx/event/Event; (44 bytes) @ 0x0000000107aea184 [0x0000000107ae9ec0+0x2c4]
J 2215 C1 com.sun.javafx.event.EventDispatchChainImpl.dispatchEvent(Ljavafx/event/Event;)Ljavafx/event/Event; (101 bytes) @ 0x0000000107ad98ac [0x0000000107ad9700+0x1ac]
J 2244 C1 com.sun.javafx.event.BasicEventDispatcher.dispatchEvent(Ljavafx/event/Event;Ljavafx/event/EventDispatchChain;)Ljavafx/event/Event; (44 bytes) @ 0x0000000107aea09c [0x0000000107ae9ec0+0x1dc]
J 2215 C1 com.sun.javafx.event.EventDispatchChainImpl.dispatchEvent(Ljavafx/event/Event;)Ljavafx/event/Event; (101 bytes) @ 0x0000000107ad98ac [0x0000000107ad9700+0x1ac]
J 2244 C1 com.sun.javafx.event.BasicEventDispatcher.dispatchEvent(Ljavafx/event/Event;Ljavafx/event/EventDispatchChain;)Ljavafx/event/Event; (44 bytes) @ 0x0000000107aea09c [0x0000000107ae9ec0+0x1dc]
J 2215 C1 com.sun.javafx.event.EventDispatchChainImpl.dispatchEvent(Ljavafx/event/Event;)Ljavafx/event/Event; (101 bytes) @ 0x0000000107ad98ac [0x0000000107ad9700+0x1ac]
J 2244 C1 com.sun.javafx.event.BasicEventDispatcher.dispatchEvent(Ljavafx/event/Event;Ljavafx/event/EventDispatchChain;)Ljavafx/event/Event; (44 bytes) @ 0x0000000107aea09c [0x0000000107ae9ec0+0x1dc]
J 2215 C1 com.sun.javafx.event.EventDispatchChainImpl.dispatchEvent(Ljavafx/event/Event;)Ljavafx/event/Event; (101 bytes) @ 0x0000000107ad98ac [0x0000000107ad9700+0x1ac]
J 2244 C1 com.sun.javafx.event.BasicEventDispatcher.dispatchEvent(Ljavafx/event/Event;Ljavafx/event/EventDispatchChain;)Ljavafx/event/Event; (44 bytes) @ 0x0000000107aea09c [0x0000000107ae9ec0+0x1dc]
J 2215 C1 com.sun.javafx.event.EventDispatchChainImpl.dispatchEvent(Ljavafx/event/Event;)Ljavafx/event/Event; (101 bytes) @ 0x0000000107ad98ac [0x0000000107ad9700+0x1ac]
J 2244 C1 com.sun.javafx.event.BasicEventDispatcher.dispatchEvent(Ljavafx/event/Event;Ljavafx/event/EventDispatchChain;)Ljavafx/event/Event; (44 bytes) @ 0x0000000107aea09c [0x0000000107ae9ec0+0x1dc]
J 2215 C1 com.sun.javafx.event.EventDispatchChainImpl.dispatchEvent(Ljavafx/event/Event;)Ljavafx/event/Event; (101 bytes) @ 0x0000000107ad98ac [0x0000000107ad9700+0x1ac]
j  com.sun.javafx.event.EventUtil.fireEventImpl(Ljavafx/event/EventDispatchChain;Ljavafx/event/EventTarget;Ljavafx/event/Event;)Ljavafx/event/Event;+10
j  com.sun.javafx.event.EventUtil.fireEvent(Ljavafx/event/EventTarget;Ljavafx/event/Event;)Ljavafx/event/Event;+37
j  javafx.event.Event.fireEvent(Ljavafx/event/EventTarget;Ljavafx/event/Event;)V+30
j  javafx.scene.Node.fireEvent(Ljavafx/event/Event;)V+86
j  javafx.scene.control.CheckBox.fire()V+107
j  com.sun.javafx.scene.control.behavior.ButtonBehavior.mouseReleased(Ljavafx/scene/input/MouseEvent;)V+23
j  com.sun.javafx.scene.control.skin.BehaviorSkinBase$1.handle(Ljavafx/scene/input/MouseEvent;)V+83
j  com.sun.javafx.scene.control.skin.BehaviorSkinBase$1.handle(Ljavafx/event/Event;)V+5
j  com.sun.javafx.event.CompositeEventHandler$NormalEventHandlerRecord.handleBubblingEvent(Ljavafx/event/Event;)V+5
j  com.sun.javafx.event.CompositeEventHandler.dispatchBubblingEvent(Ljavafx/event/Event;)V+28
J 2436 C1 com.sun.javafx.event.EventHandlerManager.dispatchBubblingEvent(Ljavafx/event/Event;)Ljavafx/event/Event; (23 bytes) @ 0x0000000107b709fc [0x0000000107b703e0+0x61c]
J 2438 C1 com.sun.javafx.event.CompositeEventDispatcher.dispatchBubblingEvent(Ljavafx/event/Event;)Ljavafx/event/Event; (35 bytes) @ 0x0000000107b713d4 [0x0000000107b71220+0x1b4]
J 2244 C1 com.sun.javafx.event.BasicEventDispatcher.dispatchEvent(Ljavafx/event/Event;Ljavafx/event/EventDispatchChain;)Ljavafx/event/Event; (44 bytes) @ 0x0000000107aea184 [0x0000000107ae9ec0+0x2c4]
J 2215 C1 com.sun.javafx.event.EventDispatchChainImpl.dispatchEvent(Ljavafx/event/Event;)Ljavafx/event/Event; (101 bytes) @ 0x0000000107ad98ac [0x0000000107ad9700+0x1ac]
J 2244 C1 com.sun.javafx.event.BasicEventDispatcher.dispatchEvent(Ljavafx/event/Event;Ljavafx/event/EventDispatchChain;)Ljavafx/event/Event; (44 bytes) @ 0x0000000107aea09c [0x0000000107ae9ec0+0x1dc]
J 2215 C1 com.sun.javafx.event.EventDispatchChainImpl.dispatchEvent(Ljavafx/event/Event;)Ljavafx/event/Event; (101 bytes) @ 0x0000000107ad98ac [0x0000000107ad9700+0x1ac]
J 2244 C1 com.sun.javafx.event.BasicEventDispatcher.dispatchEvent(Ljavafx/event/Event;Ljavafx/event/EventDispatchChain;)Ljavafx/event/Event; (44 bytes) @ 0x0000000107aea09c [0x0000000107ae9ec0+0x1dc]
J 2215 C1 com.sun.javafx.event.EventDispatchChainImpl.dispatchEvent(Ljavafx/event/Event;)Ljavafx/event/Event; (101 bytes) @ 0x0000000107ad98ac [0x0000000107ad9700+0x1ac]
J 2244 C1 com.sun.javafx.event.BasicEventDispatcher.dispatchEvent(Ljavafx/event/Event;Ljavafx/event/EventDispatchChain;)Ljavafx/event/Event; (44 bytes) @ 0x0000000107aea09c [0x0000000107ae9ec0+0x1dc]
J 2215 C1 com.sun.javafx.event.EventDispatchChainImpl.dispatchEvent(Ljavafx/event/Event;)Ljavafx/event/Event; (101 bytes) @ 0x0000000107ad98ac [0x0000000107ad9700+0x1ac]
J 2244 C1 com.sun.javafx.event.BasicEventDispatcher.dispatchEvent(Ljavafx/event/Event;Ljavafx/event/EventDispatchChain;)Ljavafx/event/Event; (44 bytes) @ 0x0000000107aea09c [0x0000000107ae9ec0+0x1dc]
J 2215 C1 com.sun.javafx.event.EventDispatchChainImpl.dispatchEvent(Ljavafx/event/Event;)Ljavafx/event/Event; (101 bytes) @ 0x0000000107ad98ac [0x0000000107ad9700+0x1ac]
J 2244 C1 com.sun.javafx.event.BasicEventDispatcher.dispatchEvent(Ljavafx/event/Event;Ljavafx/event/EventDispatchChain;)Ljavafx/event/Event; (44 bytes) @ 0x0000000107aea09c [0x0000000107ae9ec0+0x1dc]
J 2215 C1 com.sun.javafx.event.EventDispatchChainImpl.dispatchEvent(Ljavafx/event/Event;)Ljavafx/event/Event; (101 bytes) @ 0x0000000107ad98ac [0x0000000107ad9700+0x1ac]
j  com.sun.javafx.event.EventUtil.fireEventImpl(Ljavafx/event/EventDispatchChain;Ljavafx/event/EventTarget;Ljavafx/event/Event;)Ljavafx/event/Event;+10
j  com.sun.javafx.event.EventUtil.fireEvent(Ljavafx/event/EventTarget;Ljavafx/event/Event;)Ljavafx/event/Event;+46
j  javafx.event.Event.fireEvent(Ljavafx/event/EventTarget;Ljavafx/event/Event;)V+30
j  javafx.scene.Scene$MouseHandler.process(Ljavafx/scene/input/MouseEvent;Z)V+498
j  javafx.scene.Scene$MouseHandler.access$1800(Ljavafx/scene/Scene$MouseHandler;Ljavafx/scene/input/MouseEvent;Z)V+3
j  javafx.scene.Scene.impl_processMouseEvent(Ljavafx/scene/input/MouseEvent;)V+6
j  javafx.scene.Scene$ScenePeerListener.mouseEvent(Ljavafx/event/EventType;DDDDLjavafx/scene/input/MouseButton;ZZZZZZZZZ)V+46
j  com.sun.javafx.tk.quantum.GlassViewEventHandler$MouseEventNotification.run()Ljava/lang/Void;+422
j  com.sun.javafx.tk.quantum.GlassViewEventHandler$MouseEventNotification.run()Ljava/lang/Object;+1
v  ~StubRoutines::call_stub
J 2242  java.security.AccessController.doPrivileged(Ljava/security/PrivilegedAction;Ljava/security/AccessControlContext;)Ljava/lang/Object; (0 bytes) @ 0x0000000107aeb123 [0x0000000107aeb0c0+0x63]
j  com.sun.javafx.tk.quantum.GlassViewEventHandler.handleMouseEvent(Lcom/sun/glass/ui/View;JIIIIIIIZZ)V+108
j  com.sun.glass.ui.View.handleMouseEvent(JIIIIIIIZZ)V+30
j  com.sun.glass.ui.View.notifyMouse(IIIIIIIZZ)V+181
v  ~StubRoutines::call_stub

---------------  P R O C E S S  ---------------

Java Threads: ( => current thread )
  0x00007fc901288000 JavaThread "Prism Font Disposer" daemon [_thread_blocked, id=55315, stack(0x000000012d9dc000,0x000000012dadc000)]
  0x00007fc902232800 JavaThread "Java2D Queue Flusher" daemon [_thread_blocked, id=55559, stack(0x000000012c329000,0x000000012c429000)]
  0x00007fc902a0d800 JavaThread "Java2D Disposer" daemon [_thread_blocked, id=53291, stack(0x000000012c1c0000,0x000000012c2c0000)]
  0x00007fc9010f5800 JavaThread "JavaFX-Launcher" [_thread_blocked, id=51715, stack(0x0000000128d8b000,0x0000000128e8b000)]
  0x00007fc9020fe000 JavaThread "Thread-3" daemon [_thread_in_native, id=38915, stack(0x0000000127ba8000,0x0000000127c28000)]
=>0x00007fc9010e0000 JavaThread "JavaFX Application Thread" [_thread_in_native, id=3335, stack(0x00007fff5a151000,0x00007fff5a951000)]
  0x00007fc90281d000 JavaThread "Thread-1" daemon [_thread_blocked, id=28675, stack(0x0000000124748000,0x0000000124848000)]
  0x00007fc9010b3800 JavaThread "QuantumRenderer-0" daemon [_thread_blocked, id=23299, stack(0x0000000123903000,0x0000000123a03000)]
  0x00007fc90201c000 JavaThread "Service Thread" daemon [_thread_blocked, id=22275, stack(0x000000012360e000,0x000000012370e000)]
  0x00007fc904001000 JavaThread "C1 CompilerThread3" daemon [_thread_blocked, id=21763, stack(0x000000012350b000,0x000000012360b000)]
  0x00007fc904000000 JavaThread "C2 CompilerThread2" daemon [_thread_blocked, id=21251, stack(0x0000000123408000,0x0000000123508000)]
  0x00007fc901856000 JavaThread "C2 CompilerThread1" daemon [_thread_blocked, id=20739, stack(0x0000000123305000,0x0000000123405000)]
  0x00007fc90100e000 JavaThread "C2 CompilerThread0" daemon [_thread_blocked, id=20227, stack(0x0000000123202000,0x0000000123302000)]
  0x00007fc902029000 JavaThread "Signal Dispatcher" daemon [_thread_blocked, id=19715, stack(0x00000001230ff000,0x00000001231ff000)]
  0x00007fc90100c000 JavaThread "Finalizer" daemon [_thread_blocked, id=14595, stack(0x0000000122ec8000,0x0000000122fc8000)]
  0x00007fc901854800 JavaThread "Reference Handler" daemon [_thread_blocked, id=14083, stack(0x0000000122dc5000,0x0000000122ec5000)]
  0x00007fc902801000 JavaThread "main" [_thread_blocked, id=6403, stack(0x00000001072c1000,0x00000001073c1000)]

Other Threads:
  0x00007fc901850000 VMThread [stack: 0x0000000122cc2000,0x0000000122dc2000] [id=13571]
  0x00007fc90100a000 WatcherThread [stack: 0x0000000123711000,0x0000000123811000] [id=22787]

VM state:not at safepoint (normal execution)

VM Mutex/Monitor currently owned by a thread: None

Heap:
 PSYoungGen      total 31744K, used 27292K [0x000000076ab00000, 0x000000076d000000, 0x00000007c0000000)
  eden space 30208K, 86% used [0x000000076ab00000,0x000000076c45fda0,0x000000076c880000)
  from space 1536K, 85% used [0x000000076cb80000,0x000000076ccc7510,0x000000076cd00000)
  to   space 2560K, 0% used [0x000000076cd80000,0x000000076cd80000,0x000000076d000000)
 ParOldGen       total 14336K, used 9682K [0x00000006c0000000, 0x00000006c0e00000, 0x000000076ab00000)
  object space 14336K, 67% used [0x00000006c0000000,0x00000006c0974bd8,0x00000006c0e00000)
 Metaspace       used 22769K, capacity 23022K, committed 23168K, reserved 1069056K
  class space    used 3318K, capacity 3418K, committed 3456K, reserved 1048576K

Card table byte_map: [0x00000001167b7000,0x0000000116fb8000] byte_map_base: 0x00000001131b7000

Marking Bits: (ParMarkBitMap*) 0x0000000106c660a0
 Begin Bits: [0x0000000117d26000, 0x000000011bd26000)
 End Bits:   [0x000000011bd26000, 0x000000011fd26000)

Polling page: 0x00000001053d1000

CodeCache: size=245760Kb used=9570Kb max_used=9582Kb free=236189Kb
 bounds [0x00000001073f7000, 0x0000000107d67000, 0x00000001163f7000]
 total_blobs=3892 nmethods=2999 adapters=808
 compilation: enabled

Compilation events (10 events):
Event: 5.365 Thread 0x00007fc904001000 nmethod 2996% 0x0000000107d54ad0 code [0x0000000107d54c80, 0x0000000107d55110]
Event: 5.365 Thread 0x00007fc904001000 2997       3       org.jblas.FloatMatrix::toArray2 (58 bytes)
Event: 5.365 Thread 0x00007fc904001000 nmethod 2997 0x0000000107d54210 code [0x0000000107d543a0, 0x0000000107d547d0]
Event: 5.366 Thread 0x00007fc90100e000 2998 %     4       org.jblas.FloatMatrix::toArray2 @ 25 (58 bytes)
Event: 5.369 Thread 0x00007fc90100e000 nmethod 2998% 0x0000000107d57250 code [0x0000000107d573c0, 0x0000000107d57778]
Event: 5.370 Thread 0x00007fc904001000 2999 %     3       berlin.iconn.rbm.cl.CLFloatMatrix::array2DTo1D @ 22 (55 bytes)
Event: 5.370 Thread 0x00007fc904001000 nmethod 2999% 0x0000000107d538d0 code [0x0000000107d53a60, 0x0000000107d53e90]
Event: 5.370 Thread 0x00007fc904001000 3000       3       berlin.iconn.rbm.cl.CLFloatMatrix::array2DTo1D (55 bytes)
Event: 5.370 Thread 0x00007fc904001000 nmethod 3000 0x0000000107d53150 code [0x0000000107d532e0, 0x0000000107d53670]
Event: 5.370 Thread 0x00007fc904000000 3001 %     4       berlin.iconn.rbm.cl.CLFloatMatrix::array2DTo1D @ 22 (55 bytes)

GC Heap History (10 events):
Event: 1.359 GC heap before
{Heap before GC invocations=13 (full 0):
 PSYoungGen      total 23552K, used 21743K [0x000000076ab00000, 0x000000076c400000, 0x00000007c0000000)
  eden space 21504K, 98% used [0x000000076ab00000,0x000000076bfb3248,0x000000076c000000)
  from space 2048K, 26% used [0x000000076c200000,0x000000076c288c30,0x000000076c400000)
  to   space 2048K, 0% used [0x000000076c000000,0x000000076c000000,0x000000076c200000)
 ParOldGen       total 260608K, used 5008K [0x00000006c0000000, 0x00000006cfe80000, 0x000000076ab00000)
  object space 260608K, 1% used [0x00000006c0000000,0x00000006c04e4030,0x00000006cfe80000)
 Metaspace       used 20875K, capacity 21068K, committed 21296K, reserved 1067008K
  class space    used 3110K, capacity 3183K, committed 3200K, reserved 1048576K
Event: 1.362 GC heap after
Heap after GC invocations=13 (full 0):
 PSYoungGen      total 23552K, used 2048K [0x000000076ab00000, 0x000000076d200000, 0x00000007c0000000)
  eden space 21504K, 0% used [0x000000076ab00000,0x000000076ab00000,0x000000076c000000)
  from space 2048K, 100% used [0x000000076c000000,0x000000076c200000,0x000000076c200000)
  to   space 2560K, 0% used [0x000000076cf80000,0x000000076cf80000,0x000000076d200000)
 ParOldGen       total 260608K, used 5772K [0x00000006c0000000, 0x00000006cfe80000, 0x000000076ab00000)
  object space 260608K, 2% used [0x00000006c0000000,0x00000006c05a3360,0x00000006cfe80000)
 Metaspace       used 20875K, capacity 21068K, committed 21296K, reserved 1067008K
  class space    used 3110K, capacity 3183K, committed 3200K, reserved 1048576K
}
Event: 1.362 GC heap before
{Heap before GC invocations=14 (full 1):
 PSYoungGen      total 23552K, used 2048K [0x000000076ab00000, 0x000000076d200000, 0x00000007c0000000)
  eden space 21504K, 0% used [0x000000076ab00000,0x000000076ab00000,0x000000076c000000)
  from space 2048K, 100% used [0x000000076c000000,0x000000076c200000,0x000000076c200000)
  to   space 2560K, 0% used [0x000000076cf80000,0x000000076cf80000,0x000000076d200000)
 ParOldGen       total 260608K, used 5772K [0x00000006c0000000, 0x00000006cfe80000, 0x000000076ab00000)
  object space 260608K, 2% used [0x00000006c0000000,0x00000006c05a3360,0x00000006cfe80000)
 Metaspace       used 20875K, capacity 21068K, committed 21296K, reserved 1067008K
  class space    used 3110K, capacity 3183K, committed 3200K, reserved 1048576K
Event: 1.411 GC heap after
Heap after GC invocations=14 (full 1):
 PSYoungGen      total 23552K, used 0K [0x000000076ab00000, 0x000000076d200000, 0x00000007c0000000)
  eden space 21504K, 0% used [0x000000076ab00000,0x000000076ab00000,0x000000076c000000)
  from space 2048K, 0% used [0x000000076c000000,0x000000076c000000,0x000000076c200000)
  to   space 2560K, 0% used [0x000000076cf80000,0x000000076cf80000,0x000000076d200000)
 ParOldGen       total 9728K, used 6953K [0x00000006c0000000, 0x00000006c0980000, 0x000000076ab00000)
  object space 9728K, 71% used [0x00000006c0000000,0x00000006c06ca668,0x00000006c0980000)
 Metaspace       used 20875K, capacity 21068K, committed 21296K, reserved 1067008K
  class space    used 3110K, capacity 3183K, committed 3200K, reserved 1048576K
}
Event: 4.400 GC heap before
{Heap before GC invocations=15 (full 1):
 PSYoungGen      total 23552K, used 21504K [0x000000076ab00000, 0x000000076d200000, 0x00000007c0000000)
  eden space 21504K, 100% used [0x000000076ab00000,0x000000076c000000,0x000000076c000000)
  from space 2048K, 0% used [0x000000076c000000,0x000000076c000000,0x000000076c200000)
  to   space 2560K, 0% used [0x000000076cf80000,0x000000076cf80000,0x000000076d200000)
 ParOldGen       total 9728K, used 6953K [0x00000006c0000000, 0x00000006c0980000, 0x000000076ab00000)
  object space 9728K, 71% used [0x00000006c0000000,0x00000006c06ca668,0x00000006c0980000)
 Metaspace       used 22139K, capacity 22416K, committed 22656K, reserved 1069056K
  class space    used 3262K, capacity 3349K, committed 3456K, reserved 1048576K
Event: 4.403 GC heap after
Heap after GC invocations=15 (full 1):
 PSYoungGen      total 26112K, used 832K [0x000000076ab00000, 0x000000076d080000, 0x00000007c0000000)
  eden space 25088K, 0% used [0x000000076ab00000,0x000000076ab00000,0x000000076c380000)
  from space 1024K, 81% used [0x000000076cf80000,0x000000076d050000,0x000000076d080000)
  to   space 2560K, 0% used [0x000000076cb80000,0x000000076cb80000,0x000000076ce00000)
 ParOldGen       total 12288K, used 11057K [0x00000006c0000000, 0x00000006c0c00000, 0x000000076ab00000)
  object space 12288K, 89% used [0x00000006c0000000,0x00000006c0acc688,0x00000006c0c00000)
 Metaspace       used 22139K, capacity 22416K, committed 22656K, reserved 1069056K
  class space    used 3262K, capacity 3349K, committed 3456K, reserved 1048576K
}
Event: 4.403 GC heap before
{Heap before GC invocations=16 (full 2):
 PSYoungGen      total 26112K, used 832K [0x000000076ab00000, 0x000000076d080000, 0x00000007c0000000)
  eden space 25088K, 0% used [0x000000076ab00000,0x000000076ab00000,0x000000076c380000)
  from space 1024K, 81% used [0x000000076cf80000,0x000000076d050000,0x000000076d080000)
  to   space 2560K, 0% used [0x000000076cb80000,0x000000076cb80000,0x000000076ce00000)
 ParOldGen       total 12288K, used 11057K [0x00000006c0000000, 0x00000006c0c00000, 0x000000076ab00000)
  object space 12288K, 89% used [0x00000006c0000000,0x00000006c0acc688,0x00000006c0c00000)
 Metaspace       used 22139K, capacity 22416K, committed 22656K, reserved 1069056K
  class space    used 3262K, capacity 3349K, committed 3456K, reserved 1048576K
Event: 4.424 GC heap after
Heap after GC invocations=16 (full 2):
 PSYoungGen      total 26112K, used 0K [0x000000076ab00000, 0x000000076d080000, 0x00000007c0000000)
  eden space 25088K, 0% used [0x000000076ab00000,0x000000076ab00000,0x000000076c380000)
  from space 1024K, 0% used [0x000000076cf80000,0x000000076cf80000,0x000000076d080000)
  to   space 2560K, 0% used [0x000000076cb80000,0x000000076cb80000,0x000000076ce00000)
 ParOldGen       total 14336K, used 9674K [0x00000006c0000000, 0x00000006c0e00000, 0x000000076ab00000)
  object space 14336K, 67% used [0x00000006c0000000,0x00000006c0972bd8,0x00000006c0e00000)
 Metaspace       used 22139K, capacity 22416K, committed 22656K, reserved 1069056K
  class space    used 3262K, capacity 3349K, committed 3456K, reserved 1048576K
}
Event: 5.244 GC heap before
{Heap before GC invocations=17 (full 2):
 PSYoungGen      total 26112K, used 25088K [0x000000076ab00000, 0x000000076d080000, 0x00000007c0000000)
  eden space 25088K, 100% used [0x000000076ab00000,0x000000076c380000,0x000000076c380000)
  from space 1024K, 0% used [0x000000076cf80000,0x000000076cf80000,0x000000076d080000)
  to   space 2560K, 0% used [0x000000076cb80000,0x000000076cb80000,0x000000076ce00000)
 ParOldGen       total 14336K, used 9674K [0x00000006c0000000, 0x00000006c0e00000, 0x000000076ab00000)
  object space 14336K, 67% used [0x00000006c0000000,0x00000006c0972bd8,0x00000006c0e00000)
 Metaspace       used 22572K, capacity 22798K, committed 23168K, reserved 1069056K
  class space    used 3309K, capacity 3386K, committed 3456K, reserved 1048576K
Event: 5.246 GC heap after
Heap after GC invocations=17 (full 2):
 PSYoungGen      total 31744K, used 1309K [0x000000076ab00000, 0x000000076d000000, 0x00000007c0000000)
  eden space 30208K, 0% used [0x000000076ab00000,0x000000076ab00000,0x000000076c880000)
  from space 1536K, 85% used [0x000000076cb80000,0x000000076ccc7510,0x000000076cd00000)
  to   space 2560K, 0% used [0x000000076cd80000,0x000000076cd80000,0x000000076d000000)
 ParOldGen       total 14336K, used 9682K [0x00000006c0000000, 0x00000006c0e00000, 0x000000076ab00000)
  object space 14336K, 67% used [0x00000006c0000000,0x00000006c0974bd8,0x00000006c0e00000)
 Metaspace       used 22572K, capacity 22798K, committed 23168K, reserved 1069056K
  class space    used 3309K, capacity 3386K, committed 3456K, reserved 1048576K
}

Deoptimization events (10 events):
Event: 3.837 Thread 0x00007fc9010e0000 Uncommon trap: reason=bimorphic action=maybe_recompile pc=0x0000000107b19334 method=javafx.beans.property.BooleanPropertyBase.get()Z @ 23
Event: 3.837 Thread 0x00007fc9010e0000 Uncommon trap: reason=bimorphic action=maybe_recompile pc=0x0000000107b19334 method=javafx.beans.property.BooleanPropertyBase.get()Z @ 23
Event: 3.838 Thread 0x00007fc9010e0000 Uncommon trap: reason=bimorphic action=maybe_recompile pc=0x0000000107b19334 method=javafx.beans.property.BooleanPropertyBase.get()Z @ 23
Event: 3.838 Thread 0x00007fc9010e0000 Uncommon trap: reason=bimorphic action=maybe_recompile pc=0x0000000107b19334 method=javafx.beans.property.BooleanPropertyBase.get()Z @ 23
Event: 3.849 Thread 0x00007fc9010e0000 Uncommon trap: reason=array_check action=maybe_recompile pc=0x0000000107b2a644 method=com.sun.javafx.css.SimpleSelector.applies(Ljavafx/css/Styleable;[Ljava/util/Set;I)Z @ 37
Event: 3.849 Thread 0x00007fc9010e0000 Uncommon trap: reason=array_check action=maybe_recompile pc=0x0000000107b2a644 method=com.sun.javafx.css.SimpleSelector.applies(Ljavafx/css/Styleable;[Ljava/util/Set;I)Z @ 37
Event: 3.849 Thread 0x00007fc9010e0000 Uncommon trap: reason=array_check action=maybe_recompile pc=0x0000000107b2a644 method=com.sun.javafx.css.SimpleSelector.applies(Ljavafx/css/Styleable;[Ljava/util/Set;I)Z @ 37
Event: 3.849 Thread 0x00007fc9010e0000 Uncommon trap: reason=array_check action=maybe_recompile pc=0x0000000107b2a644 method=com.sun.javafx.css.SimpleSelector.applies(Ljavafx/css/Styleable;[Ljava/util/Set;I)Z @ 37
Event: 3.851 Thread 0x00007fc9010e0000 Uncommon trap: reason=class_check action=maybe_recompile pc=0x0000000107ada1a0 method=javafx.scene.Node.updateLocalToParentTransform()V @ 11
Event: 4.523 Thread 0x00007fc9010e0000 Uncommon trap: reason=unreached action=reinterpret pc=0x00000001079da5e4 method=com.sun.javafx.css.ParsedValueImpl.containsFontRelativeSize(Ljavafx/css/ParsedValue;Z)Z @ 56

Internal exceptions (10 events):
Event: 5.320 Thread 0x00007fc9010e0000 Exception <a 'java/security/PrivilegedActionException'> (0x000000076bb4fd10) thrown at [/HUDSON/workspace/8-2-build-macosx-x86_64/jdk8u5/2488/hotspot/src/share/vm/prims/jvm.cpp, line 1248]
Event: 5.322 Thread 0x00007fc9010e0000 Exception <a 'java/security/PrivilegedActionException'> (0x000000076bb54c58) thrown at [/HUDSON/workspace/8-2-build-macosx-x86_64/jdk8u5/2488/hotspot/src/share/vm/prims/jvm.cpp, line 1248]
Event: 5.323 Thread 0x00007fc9010e0000 Exception <a 'java/security/PrivilegedActionException'> (0x000000076bb73620) thrown at [/HUDSON/workspace/8-2-build-macosx-x86_64/jdk8u5/2488/hotspot/src/share/vm/prims/jvm.cpp, line 1248]
Event: 5.326 Thread 0x00007fc9010e0000 Exception <a 'java/security/PrivilegedActionException'> (0x000000076bb84678) thrown at [/HUDSON/workspace/8-2-build-macosx-x86_64/jdk8u5/2488/hotspot/src/share/vm/prims/jvm.cpp, line 1248]
Event: 5.359 Thread 0x00007fc9010e0000 Exception <a 'java/security/PrivilegedActionException'> (0x000000076bb8b7a0) thrown at [/HUDSON/workspace/8-2-build-macosx-x86_64/jdk8u5/2488/hotspot/src/share/vm/prims/jvm.cpp, line 1248]
Event: 5.360 Thread 0x00007fc9010e0000 Exception <a 'java/security/PrivilegedActionException'> (0x000000076bb9fc90) thrown at [/HUDSON/workspace/8-2-build-macosx-x86_64/jdk8u5/2488/hotspot/src/share/vm/prims/jvm.cpp, line 1248]
Event: 5.360 Thread 0x00007fc9010e0000 Exception <a 'java/security/PrivilegedActionException'> (0x000000076bba4390) thrown at [/HUDSON/workspace/8-2-build-macosx-x86_64/jdk8u5/2488/hotspot/src/share/vm/prims/jvm.cpp, line 1248]
Event: 5.360 Thread 0x00007fc9010e0000 Exception <a 'java/security/PrivilegedActionException'> (0x000000076bba8c10) thrown at [/HUDSON/workspace/8-2-build-macosx-x86_64/jdk8u5/2488/hotspot/src/share/vm/prims/jvm.cpp, line 1248]
Event: 5.361 Thread 0x00007fc9010e0000 Exception <a 'java/security/PrivilegedActionException'> (0x000000076bbad4a8) thrown at [/HUDSON/workspace/8-2-build-macosx-x86_64/jdk8u5/2488/hotspot/src/share/vm/prims/jvm.cpp, line 1248]
Event: 5.361 Thread 0x00007fc9010e0000 Exception <a 'java/security/PrivilegedActionException'> (0x000000076bbb1400) thrown at [/HUDSON/workspace/8-2-build-macosx-x86_64/jdk8u5/2488/hotspot/src/share/vm/prims/jvm.cpp, line 1248]

Events (10 events):
Event: 5.360 loading class org/jblas/exceptions/LapackArgumentException
Event: 5.360 loading class org/jblas/exceptions/LapackArgumentException done
Event: 5.360 loading class org/jblas/exceptions/LapackException
Event: 5.360 loading class org/jblas/exceptions/LapackException done
Event: 5.360 loading class org/jblas/exceptions/LapackConvergenceException
Event: 5.360 loading class org/jblas/exceptions/LapackConvergenceException done
Event: 5.361 loading class org/jblas/exceptions/LapackSingularityException
Event: 5.361 loading class org/jblas/exceptions/LapackSingularityException done
Event: 5.361 loading class org/jblas/JavaBlas
Event: 5.361 loading class org/jblas/JavaBlas done


Dynamic libraries:
0x0000000007291000 	/System/Library/Frameworks/Cocoa.framework/Versions/A/Cocoa
0x0000000007291000 	/System/Library/Frameworks/Security.framework/Versions/A/Security
0x0000000007291000 	/System/Library/Frameworks/ApplicationServices.framework/Versions/A/ApplicationServices
0x0000000007291000 	/usr/lib/libz.1.dylib
0x0000000007291000 	/usr/lib/libSystem.B.dylib
0x0000000007291000 	/usr/lib/libobjc.A.dylib
0x0000000007291000 	/System/Library/Frameworks/CoreFoundation.framework/Versions/A/CoreFoundation
0x0000000007291000 	/System/Library/Frameworks/Foundation.framework/Versions/C/Foundation
0x0000000007291000 	/System/Library/Frameworks/AppKit.framework/Versions/C/AppKit
0x0000000007291000 	/System/Library/Frameworks/CoreData.framework/Versions/A/CoreData
0x0000000007291000 	/System/Library/PrivateFrameworks/RemoteViewServices.framework/Versions/A/RemoteViewServices
0x0000000007291000 	/System/Library/Frameworks/AudioToolbox.framework/Versions/A/AudioToolbox
0x0000000007291000 	/System/Library/Frameworks/AudioUnit.framework/Versions/A/AudioUnit
0x0000000007291000 	/System/Library/PrivateFrameworks/DataDetectorsCore.framework/Versions/A/DataDetectorsCore
0x0000000007291000 	/System/Library/PrivateFrameworks/DesktopServicesPriv.framework/Versions/A/DesktopServicesPriv
0x0000000007291000 	/System/Library/Frameworks/Carbon.framework/Versions/A/Frameworks/HIToolbox.framework/Versions/A/HIToolbox
0x0000000007291000 	/System/Library/Frameworks/QuartzCore.framework/Versions/A/QuartzCore
0x0000000007291000 	/System/Library/Frameworks/Carbon.framework/Versions/A/Frameworks/SpeechRecognition.framework/Versions/A/SpeechRecognition
0x0000000007291000 	/usr/lib/libauto.dylib
0x0000000007291000 	/usr/lib/libicucore.A.dylib
0x0000000007291000 	/usr/lib/libxml2.2.dylib
0x0000000007291000 	/System/Library/PrivateFrameworks/CoreUI.framework/Versions/A/CoreUI
0x0000000007291000 	/System/Library/Frameworks/CoreAudio.framework/Versions/A/CoreAudio
0x0000000007291000 	/System/Library/Frameworks/DiskArbitration.framework/Versions/A/DiskArbitration
0x0000000007291000 	/usr/lib/liblangid.dylib
0x0000000007291000 	/System/Library/PrivateFrameworks/MultitouchSupport.framework/Versions/A/MultitouchSupport
0x0000000007291000 	/System/Library/Frameworks/IOKit.framework/Versions/A/IOKit
0x0000000007291000 	/usr/lib/libDiagnosticMessagesClient.dylib
0x0000000007291000 	/System/Library/Frameworks/CoreServices.framework/Versions/A/CoreServices
0x0000000007291000 	/System/Library/PrivateFrameworks/PerformanceAnalysis.framework/Versions/A/PerformanceAnalysis
0x0000000007291000 	/System/Library/PrivateFrameworks/GenerationalStorage.framework/Versions/A/GenerationalStorage
0x0000000007291000 	/System/Library/Frameworks/OpenGL.framework/Versions/A/OpenGL
0x0000000007291000 	/System/Library/PrivateFrameworks/Sharing.framework/Versions/A/Sharing
0x0000000007291000 	/System/Library/Frameworks/ImageIO.framework/Versions/A/ImageIO
0x0000000007291000 	/System/Library/Frameworks/CoreText.framework/Versions/A/CoreText
0x0000000007291000 	/System/Library/Frameworks/CoreGraphics.framework/Versions/A/CoreGraphics
0x0000000007291000 	/System/Library/PrivateFrameworks/Backup.framework/Versions/A/Backup
0x0000000007291000 	/System/Library/Frameworks/CFNetwork.framework/Versions/A/CFNetwork
0x0000000007291000 	/System/Library/Frameworks/SystemConfiguration.framework/Versions/A/SystemConfiguration
0x0000000007291000 	/usr/lib/libCRFSuite.dylib
0x0000000007291000 	/usr/lib/libc++.1.dylib
0x0000000007291000 	/usr/lib/libc++abi.dylib
0x0000000007291000 	/usr/lib/system/libcache.dylib
0x0000000007291000 	/usr/lib/system/libcommonCrypto.dylib
0x0000000007291000 	/usr/lib/system/libcompiler_rt.dylib
0x0000000007291000 	/usr/lib/system/libcopyfile.dylib
0x0000000007291000 	/usr/lib/system/libcorecrypto.dylib
0x0000000007291000 	/usr/lib/system/libdispatch.dylib
0x0000000007291000 	/usr/lib/system/libdyld.dylib
0x0000000007291000 	/usr/lib/system/libkeymgr.dylib
0x0000000007291000 	/usr/lib/system/liblaunch.dylib
0x0000000007291000 	/usr/lib/system/libmacho.dylib
0x0000000007291000 	/usr/lib/system/libquarantine.dylib
0x0000000007291000 	/usr/lib/system/libremovefile.dylib
0x0000000007291000 	/usr/lib/system/libsystem_asl.dylib
0x0000000007291000 	/usr/lib/system/libsystem_blocks.dylib
0x0000000007291000 	/usr/lib/system/libsystem_c.dylib
0x0000000007291000 	/usr/lib/system/libsystem_configuration.dylib
0x0000000007291000 	/usr/lib/system/libsystem_dnssd.dylib
0x0000000007291000 	/usr/lib/system/libsystem_info.dylib
0x0000000007291000 	/usr/lib/system/libsystem_kernel.dylib
0x0000000007291000 	/usr/lib/system/libsystem_m.dylib
0x0000000007291000 	/usr/lib/system/libsystem_malloc.dylib
0x0000000007291000 	/usr/lib/system/libsystem_network.dylib
0x0000000007291000 	/usr/lib/system/libsystem_notify.dylib
0x0000000007291000 	/usr/lib/system/libsystem_platform.dylib
0x0000000007291000 	/usr/lib/system/libsystem_pthread.dylib
0x0000000007291000 	/usr/lib/system/libsystem_sandbox.dylib
0x0000000007291000 	/usr/lib/system/libsystem_stats.dylib
0x0000000007291000 	/usr/lib/system/libunc.dylib
0x0000000007291000 	/usr/lib/system/libunwind.dylib
0x0000000007291000 	/usr/lib/system/libxpc.dylib
0x0000000007291000 	/usr/lib/libbsm.0.dylib
0x0000000007291000 	/usr/lib/libsqlite3.dylib
0x0000000007291000 	/usr/lib/libxar.1.dylib
0x0000000007291000 	/usr/lib/libpam.2.dylib
0x0000000007291000 	/usr/lib/libOpenScriptingUtil.dylib
0x0000000007291000 	/usr/lib/libbz2.1.0.dylib
0x0000000007291000 	/System/Library/Frameworks/CoreServices.framework/Versions/A/Frameworks/CarbonCore.framework/Versions/A/CarbonCore
0x0000000007291000 	/System/Library/Frameworks/CoreServices.framework/Versions/A/Frameworks/Metadata.framework/Versions/A/Metadata
0x0000000007291000 	/System/Library/Frameworks/CoreServices.framework/Versions/A/Frameworks/OSServices.framework/Versions/A/OSServices
0x0000000007291000 	/System/Library/Frameworks/CoreServices.framework/Versions/A/Frameworks/SearchKit.framework/Versions/A/SearchKit
0x0000000007291000 	/System/Library/Frameworks/CoreServices.framework/Versions/A/Frameworks/AE.framework/Versions/A/AE
0x0000000007291000 	/System/Library/Frameworks/CoreServices.framework/Versions/A/Frameworks/LaunchServices.framework/Versions/A/LaunchServices
0x0000000007291000 	/System/Library/Frameworks/CoreServices.framework/Versions/A/Frameworks/DictionaryServices.framework/Versions/A/DictionaryServices
0x0000000007291000 	/System/Library/Frameworks/NetFS.framework/Versions/A/NetFS
0x0000000007291000 	/usr/lib/system/libkxld.dylib
0x0000000007291000 	/System/Library/PrivateFrameworks/NetAuth.framework/Versions/A/NetAuth
0x0000000007291000 	/System/Library/PrivateFrameworks/TCC.framework/Versions/A/TCC
0x0000000007291000 	/System/Library/Frameworks/OpenDirectory.framework/Versions/A/Frameworks/CFOpenDirectory.framework/Versions/A/CFOpenDirectory
0x0000000007291000 	/System/Library/Frameworks/ServiceManagement.framework/Versions/A/ServiceManagement
0x0000000007291000 	/usr/lib/libxslt.1.dylib
0x0000000007291000 	/System/Library/Frameworks/Carbon.framework/Versions/A/Frameworks/Ink.framework/Versions/A/Ink
0x0000000007291000 	/System/Library/Frameworks/ApplicationServices.framework/Versions/A/Frameworks/ATS.framework/Versions/A/ATS
0x0000000007291000 	/System/Library/Frameworks/ApplicationServices.framework/Versions/A/Frameworks/ColorSync.framework/Versions/A/ColorSync
0x0000000007291000 	/System/Library/Frameworks/ApplicationServices.framework/Versions/A/Frameworks/HIServices.framework/Versions/A/HIServices
0x0000000007291000 	/System/Library/Frameworks/ApplicationServices.framework/Versions/A/Frameworks/LangAnalysis.framework/Versions/A/LangAnalysis
0x0000000007291000 	/System/Library/Frameworks/ApplicationServices.framework/Versions/A/Frameworks/PrintCore.framework/Versions/A/PrintCore
0x0000000007291000 	/System/Library/Frameworks/ApplicationServices.framework/Versions/A/Frameworks/QD.framework/Versions/A/QD
0x0000000007291000 	/System/Library/Frameworks/ApplicationServices.framework/Versions/A/Frameworks/SpeechSynthesis.framework/Versions/A/SpeechSynthesis
0x0000000007291000 	/System/Library/Frameworks/IOSurface.framework/Versions/A/IOSurface
0x0000000007291000 	/System/Library/Frameworks/Accelerate.framework/Versions/A/Accelerate
0x0000000007291000 	/System/Library/Frameworks/Accelerate.framework/Versions/A/Frameworks/vImage.framework/Versions/A/vImage
0x0000000007291000 	/System/Library/Frameworks/Accelerate.framework/Versions/A/Frameworks/vecLib.framework/Versions/A/vecLib
0x0000000007291000 	/System/Library/Frameworks/Accelerate.framework/Versions/A/Frameworks/vecLib.framework/Versions/A/libvDSP.dylib
0x0000000007291000 	/System/Library/Frameworks/Accelerate.framework/Versions/A/Frameworks/vecLib.framework/Versions/A/libvMisc.dylib
0x0000000007291000 	/System/Library/Frameworks/Accelerate.framework/Versions/A/Frameworks/vecLib.framework/Versions/A/libLAPACK.dylib
0x0000000007291000 	/System/Library/Frameworks/Accelerate.framework/Versions/A/Frameworks/vecLib.framework/Versions/A/libBLAS.dylib
0x0000000007291000 	/System/Library/Frameworks/ApplicationServices.framework/Versions/A/Frameworks/ATS.framework/Versions/A/Resources/libFontParser.dylib
0x0000000007291000 	/System/Library/Frameworks/ApplicationServices.framework/Versions/A/Frameworks/ATS.framework/Versions/A/Resources/libFontRegistry.dylib
0x0000000007291000 	/System/Library/Frameworks/ImageIO.framework/Versions/A/Resources/libJPEG.dylib
0x0000000007291000 	/System/Library/Frameworks/ImageIO.framework/Versions/A/Resources/libTIFF.dylib
0x0000000007291000 	/System/Library/Frameworks/ImageIO.framework/Versions/A/Resources/libPng.dylib
0x0000000007291000 	/System/Library/Frameworks/ImageIO.framework/Versions/A/Resources/libGIF.dylib
0x0000000007291000 	/System/Library/Frameworks/ImageIO.framework/Versions/A/Resources/libJP2.dylib
0x0000000007291000 	/System/Library/Frameworks/ImageIO.framework/Versions/A/Resources/libRadiance.dylib
0x0000000007291000 	/usr/lib/libcups.2.dylib
0x0000000007291000 	/System/Library/Frameworks/Kerberos.framework/Versions/A/Kerberos
0x0000000007291000 	/System/Library/Frameworks/GSS.framework/Versions/A/GSS
0x0000000007291000 	/usr/lib/libresolv.9.dylib
0x0000000007291000 	/usr/lib/libiconv.2.dylib
0x0000000007291000 	/System/Library/PrivateFrameworks/Heimdal.framework/Versions/A/Heimdal
0x0000000007291000 	/System/Library/PrivateFrameworks/TrustEvaluationAgent.framework/Versions/A/TrustEvaluationAgent
0x0000000007291000 	/usr/lib/libheimdal-asn1.dylib
0x0000000007291000 	/System/Library/Frameworks/OpenDirectory.framework/Versions/A/OpenDirectory
0x0000000007291000 	/System/Library/PrivateFrameworks/CommonAuth.framework/Versions/A/CommonAuth
0x0000000007291000 	/System/Library/Frameworks/SecurityFoundation.framework/Versions/A/SecurityFoundation
0x0000000007291000 	/System/Library/PrivateFrameworks/Bom.framework/Versions/A/Bom
0x0000000007291000 	/System/Library/Frameworks/CoreVideo.framework/Versions/A/CoreVideo
0x0000000007291000 	/System/Library/Frameworks/QuartzCore.framework/Versions/A/Frameworks/CoreImage.framework/Versions/A/CoreImage
0x0000000007291000 	/System/Library/Frameworks/QuartzCore.framework/Versions/A/Frameworks/ScalableUserInterface.framework/Versions/A/ScalableUserInterface
0x0000000007291000 	/System/Library/Frameworks/OpenGL.framework/Versions/A/Libraries/libGLU.dylib
0x0000000007291000 	/System/Library/Frameworks/OpenGL.framework/Versions/A/Libraries/libGFXShared.dylib
0x0000000007291000 	/System/Library/Frameworks/OpenGL.framework/Versions/A/Libraries/libGL.dylib
0x0000000007291000 	/System/Library/Frameworks/OpenGL.framework/Versions/A/Libraries/libGLImage.dylib
0x0000000007291000 	/System/Library/Frameworks/OpenGL.framework/Versions/A/Libraries/libCVMSPluginSupport.dylib
0x0000000007291000 	/System/Library/Frameworks/OpenGL.framework/Versions/A/Libraries/libCoreVMClient.dylib
0x0000000007291000 	/System/Library/PrivateFrameworks/FaceCore.framework/Versions/A/FaceCore
0x0000000007291000 	/System/Library/PrivateFrameworks/CrashReporterSupport.framework/Versions/A/CrashReporterSupport
0x0000000007291000 	/System/Library/Frameworks/OpenCL.framework/Versions/A/OpenCL
0x0000000007291000 	/System/Library/PrivateFrameworks/AppleFSCompression.framework/Versions/A/AppleFSCompression
0x0000000007291000 	/System/Library/PrivateFrameworks/Ubiquity.framework/Versions/A/Ubiquity
0x0000000007291000 	/System/Library/PrivateFrameworks/IconServices.framework/Versions/A/IconServices
0x0000000007291000 	/System/Library/PrivateFrameworks/ChunkingLibrary.framework/Versions/A/ChunkingLibrary
0x0000000007291000 	/System/Library/PrivateFrameworks/CoreSymbolication.framework/Versions/A/CoreSymbolication
0x0000000007291000 	/System/Library/PrivateFrameworks/Symbolication.framework/Versions/A/Symbolication
0x0000000007291000 	/System/Library/PrivateFrameworks/DebugSymbols.framework/Versions/A/DebugSymbols
0x0000000106400000 	/Library/Java/JavaVirtualMachines/jdk1.8.0_05.jdk/Contents/Home/jre/lib/server/libjvm.dylib
0x0000000007291000 	/usr/lib/libstdc++.6.dylib
0x00000001053c3000 	/Library/Java/JavaVirtualMachines/jdk1.8.0_05.jdk/Contents/Home/jre/lib/libverify.dylib
0x00000001073c3000 	/Library/Java/JavaVirtualMachines/jdk1.8.0_05.jdk/Contents/Home/jre/lib/libjava.dylib
0x00000001053db000 	/Library/Java/JavaVirtualMachines/jdk1.8.0_05.jdk/Contents/Home/jre/lib/libzip.dylib
0x00000001053e5000 	/System/Library/Frameworks/JavaVM.framework/Frameworks/JavaRuntimeSupport.framework/JavaRuntimeSupport
0x0000000122fca000 	/System/Library/Frameworks/JavaVM.framework/Versions/A/Frameworks/JavaNativeFoundation.framework/Versions/A/JavaNativeFoundation
0x0000000122fdf000 	/System/Library/Frameworks/JavaVM.framework/Versions/A/JavaVM
0x0000000007291000 	/System/Library/Frameworks/Carbon.framework/Versions/A/Carbon
0x0000000122fec000 	/System/Library/PrivateFrameworks/JavaLaunching.framework/Versions/A/JavaLaunching
0x0000000007291000 	/System/Library/Frameworks/Carbon.framework/Versions/A/Frameworks/CommonPanels.framework/Versions/A/CommonPanels
0x0000000007291000 	/System/Library/Frameworks/Carbon.framework/Versions/A/Frameworks/Help.framework/Versions/A/Help
0x0000000007291000 	/System/Library/Frameworks/Carbon.framework/Versions/A/Frameworks/ImageCapture.framework/Versions/A/ImageCapture
0x0000000007291000 	/System/Library/Frameworks/Carbon.framework/Versions/A/Frameworks/OpenScripting.framework/Versions/A/OpenScripting
0x0000000007291000 	/System/Library/Frameworks/Carbon.framework/Versions/A/Frameworks/Print.framework/Versions/A/Print
0x0000000007291000 	/System/Library/Frameworks/Carbon.framework/Versions/A/Frameworks/SecurityHI.framework/Versions/A/SecurityHI
0x0000000123a05000 	/Library/Java/JavaVirtualMachines/jdk1.8.0_05.jdk/Contents/Home/jre/lib/libprism_es2.dylib
0x0000000123a5e000 	/System/Library/Frameworks/OpenGL.framework/Resources/GLEngine.bundle/GLEngine
0x0000000007291000 	/System/Library/Frameworks/OpenGL.framework/Versions/A/Libraries/libGLProgrammability.dylib
0x0000000000000000 	/System/Library/Extensions/AppleIntelHD5000GraphicsGLDriver.bundle/Contents/MacOS/AppleIntelHD5000GraphicsGLDriver
0x0000000007291000 	/System/Library/PrivateFrameworks/IOAccelerator.framework/Versions/A/IOAccelerator
0x0000000007291000 	/System/Library/PrivateFrameworks/GPUSupport.framework/Versions/A/Libraries/libGPUSupportMercury.dylib
0x0000000000000000 	/System/Library/Extensions/GeForceGLDriver.bundle/Contents/MacOS/GeForceGLDriver
0x0000000007291000 	/System/Library/Extensions/GeForceGLDriver.bundle/Contents/MacOS/libclh.dylib
0x000000012443e000 	/System/Library/Frameworks/OpenGL.framework/Resources//GLRendererFloat.bundle/GLRendererFloat
0x0000000007291000 	/System/Library/Frameworks/OpenCL.framework/Versions/A/Libraries/libcldcpuengine.dylib
0x0000000007291000 	/System/Library/PrivateFrameworks/DiskImages.framework/Versions/A/DiskImages
0x0000000007291000 	/System/Library/Frameworks/DiscRecording.framework/Versions/A/DiscRecording
0x0000000007291000 	/usr/lib/libcsfde.dylib
0x0000000007291000 	/usr/lib/libcurl.4.dylib
0x0000000007291000 	/System/Library/PrivateFrameworks/MediaKit.framework/Versions/A/MediaKit
0x0000000007291000 	/usr/lib/libCoreStorage.dylib
0x0000000007291000 	/System/Library/PrivateFrameworks/EFILogin.framework/Versions/A/EFILogin
0x0000000007291000 	/usr/lib/libutil.dylib
0x0000000007291000 	/System/Library/PrivateFrameworks/AOSNotification.framework/Versions/A/AOSNotification
0x0000000007291000 	/System/Library/Frameworks/LDAP.framework/Versions/A/LDAP
0x0000000007291000 	/usr/lib/libsasl2.2.dylib
0x0000000007291000 	/usr/lib/libcrypto.0.9.8.dylib
0x0000000007291000 	/usr/lib/libssl.0.9.8.dylib
0x00000001246dd000 	/Library/Java/JavaVirtualMachines/jdk1.8.0_05.jdk/Contents/Home/jre/lib/libglass.dylib
0x0000000007291000 	/System/Library/PrivateFrameworks/CoreServicesInternal.framework/Versions/A/CoreServicesInternal
0x0000000007291000 	/System/Library/PrivateFrameworks/Librarian.framework/Versions/A/Librarian
0x0000000007291000 	/System/Library/CoreServices/RawCamera.bundle/Contents/MacOS/RawCamera
0x0000000125f68000 	/System/Library/Frameworks/CoreGraphics.framework/Versions/A/Resources/libCGCMS.A.dylib
0x0000000125f79000 	/System/Library/Frameworks/CoreGraphics.framework/Versions/A/Resources/libRIP.A.dylib
0x0000000007291000 	/System/Library/PrivateFrameworks/FamilyControls.framework/Versions/A/FamilyControls
0x0000000007291000 	/System/Library/PrivateFrameworks/CommerceKit.framework/Versions/A/Frameworks/CommerceCore.framework/Versions/A/CommerceCore
0x0000000007291000 	/System/Library/PrivateFrameworks/SystemAdministration.framework/Versions/A/SystemAdministration
0x0000000007291000 	/System/Library/Frameworks/DirectoryService.framework/Versions/A/DirectoryService
0x0000000007291000 	/System/Library/PrivateFrameworks/LoginUIKit.framework/Versions/A/Frameworks/LoginUICore.framework/Versions/A/LoginUICore
0x0000000007291000 	/usr/lib/libodfde.dylib
0x0000000128ef8000 	/Library/Java/JavaVirtualMachines/jdk1.8.0_05.jdk/Contents/Home/jre/lib/libnet.dylib
0x0000000128f56000 	/Library/Java/JavaVirtualMachines/jdk1.8.0_05.jdk/Contents/Home/jre/lib/libnio.dylib
0x0000000128f66000 	/private/var/folders/6_/dwl33j_96fx59rqzfyy775dm0000gn/T/jogamp_0000/file_cache/jln5737867996382053529/jln7298647241332733331/libgluegen-rt.jnilib
0x0000000128f6b000 	/private/var/folders/6_/dwl33j_96fx59rqzfyy775dm0000gn/T/jogamp_0000/file_cache/jln5737867996382053529/jln7298647241332733331/libjocl.dylib
0x000000012b767000 	/Library/Java/JavaVirtualMachines/jdk1.8.0_05.jdk/Contents/Home/jre/lib/libjavafx_font.dylib
0x000000012b771000 	/System/Library/Frameworks/CoreGraphics.framework/Versions/A/Resources/libCGXType.A.dylib
0x0000000125fb3000 	/Library/Java/JavaVirtualMachines/jdk1.8.0_05.jdk/Contents/Home/jre/lib/libawt.dylib
0x000000012bdea000 	/Library/Java/JavaVirtualMachines/jdk1.8.0_05.jdk/Contents/Home/jre/lib/./libmlib_image.dylib
0x000000012bf0d000 	/Library/Java/JavaVirtualMachines/jdk1.8.0_05.jdk/Contents/Home/jre/lib/libawt_lwawt.dylib
0x0000000126062000 	/Library/Java/JavaVirtualMachines/jdk1.8.0_05.jdk/Contents/Home/jre/lib/./libosxapp.dylib
0x0000000007291000 	/System/Library/Frameworks/ExceptionHandling.framework/Versions/A/ExceptionHandling
0x000000012607e000 	/Library/Java/JavaVirtualMachines/jdk1.8.0_05.jdk/Contents/Home/jre/lib/libjpeg.dylib
0x000000012c2c2000 	/Library/Java/JavaVirtualMachines/jdk1.8.0_05.jdk/Contents/Home/jre/lib/libfontmanager.dylib
0x000000012f8c5000 	cl_kernels
0x000000012f8c8000 	/System/Library/Frameworks/OpenCL.framework/Versions/A/Libraries/ImageFormats/unorm8_bgra.dylib
0x000000012f8b6000 	cl_kernels
0x00000001300c5000 	cl_kernels
0x00000001300b9000 	cl_kernels
0x00000001300c8000 	/System/Library/Frameworks/OpenCL.framework/Versions/A/Libraries/ImageFormats/unorm8_argb.dylib
0x0000000129296000 	/Library/Java/JavaVirtualMachines/jdk1.8.0_05.jdk/Contents/Home/jre/lib/libprism_common.dylib

VM Arguments:
java_command: berlin.iconn.rbm.main.FXMain
java_class_path (initial): /Users/Radek/git/rbmtools/target/classes:/Users/Radek/.m2/repository/junit/junit/3.8.1/junit-3.8.1.jar:/Users/Radek/.m2/repository/org/apache/commons/commons-lang3/3.3.1/commons-lang3-3.3.1.jar:/Users/Radek/.m2/repository/org/jblas/WorkingJBlas/1.2.3/WorkingJBlas-1.2.3.jar:/Users/Radek/.m2/repository/net/sf/trove4j/trove4j/3.0.3/trove4j-3.0.3.jar:/Users/Radek/.m2/repository/gluegen/gluegen-rt/1.0/gluegen-rt-1.0.jar:/Users/Radek/.m2/repository/gluegen/gluegen-rt-natives-linux-amd64/1.0/gluegen-rt-natives-linux-amd64-1.0.jar:/Users/Radek/.m2/repository/gluegen/gluegen-rt-natives-macosx-universal/1.0/gluegen-rt-natives-macosx-universal-1.0.jar:/Users/Radek/.m2/repository/gluegen/gluegen-rt-natives-windows-amd64/1.0/gluegen-rt-natives-windows-amd64-1.0.jar:/Users/Radek/.m2/repository/jocl/jocl/1.0/jocl-1.0.jar:/Users/Radek/.m2/repository/jocl/jocl-natives-linux-amd64/1.0/jocl-natives-linux-amd64-1.0.jar:/Users/Radek/.m2/repository/jocl/jocl-natives-macosx-universal/1.0/jocl-natives-macosx-universal-1.0.jar:/Users/Radek/.m2/repository/jocl/jocl-natives-windows-amd64/1.0/jocl-natives-windows-amd64-1.0.jar
Launcher Type: SUN_STANDARD

Environment Variables:
JAVA_HOME=/Library/Java/JavaVirtualMachines/jdk1.8.0_05.jdk/Contents/Home
PATH=/usr/bin:/bin:/usr/sbin:/sbin
LD_LIBRARY_PATH=/Library/Java/JavaVirtualMachines/jdk1.8.0_05.jdk/Contents/Home/jre/lib/amd64:/Library/Java/JavaVirtualMachines/jdk1.8.0_05.jdk/Contents/Home/jre/lib/i386:
SHELL=/bin/bash
DISPLAY=/tmp/launch-4gQzMd/org.macosforge.xquartz:0
DYLD_LIBRARY_PATH=/Applications/NetBeans/NetBeans 8.0.app/Contents/Resources/NetBeans/webcommon/bin:

Signal Handlers:
SIGSEGV: [libjvm.dylib+0x55f7df], sa_mask[0]=0xfffefeff, sa_flags=0x00000043
SIGBUS: [libjvm.dylib+0x55f7df], sa_mask[0]=0xfffefeff, sa_flags=0x00000042
SIGFPE: [libjvm.dylib+0x442cfa], sa_mask[0]=0xfffefeff, sa_flags=0x00000042
SIGPIPE: [libjvm.dylib+0x442cfa], sa_mask[0]=0xfffefeff, sa_flags=0x00000042
SIGXFSZ: [libjvm.dylib+0x442cfa], sa_mask[0]=0xfffefeff, sa_flags=0x00000042
SIGILL: [libjvm.dylib+0x442cfa], sa_mask[0]=0xfffefeff, sa_flags=0x00000042
SIGUSR1: SIG_DFL, sa_mask[0]=0x00000000, sa_flags=0x00000002
SIGUSR2: [libjvm.dylib+0x442818], sa_mask[0]=0x00000004, sa_flags=0x00000042
SIGHUP: [libjvm.dylib+0x440ba5], sa_mask[0]=0xfffefeff, sa_flags=0x00000042
SIGINT: SIG_IGN, sa_mask[0]=0x00000000, sa_flags=0x00000000
SIGTERM: [libjvm.dylib+0x440ba5], sa_mask[0]=0xfffefeff, sa_flags=0x00000042
SIGQUIT: [libjvm.dylib+0x440ba5], sa_mask[0]=0xfffefeff, sa_flags=0x00000042


---------------  S Y S T E M  ---------------

OS:Bsduname:Darwin 13.2.0 Darwin Kernel Version 13.2.0: Thu Apr 17 23:03:13 PDT 2014; root:xnu-2422.100.13~1/RELEASE_X86_64 x86_64
rlimit: STACK 8192k, CORE 0k, NPROC 709, NOFILE 10240, AS infinity
load average:2.46 2.54 2.47

CPU:total 8 (4 cores per cpu, 2 threads per core) family 6 model 70 stepping 1, cmov, cx8, fxsr, mmx, sse, sse2, sse3, ssse3, sse4.1, sse4.2, popcnt, avx, avx2, aes, clmul, erms, ht, tsc, tscinvbit

Memory: 4k page, physical 16777216k(14268k free)

/proc/meminfo:


vm_info: Java HotSpot(TM) 64-Bit Server VM (25.5-b02) for bsd-amd64 JRE (1.8.0_05-b13), built on Mar 18 2014 00:36:13 by "java_re" with gcc 4.2.1 (Based on Apple Inc. build 5658) (LLVM build 2336.11.00)

time: Thu May 22 14:40:33 2014
elapsed time: 5 seconds

